2025-05-21 18:01:42,470 - DEBUG - х░ЭшпХшО╖хПЦщФБф╗ехИЭхзЛхМЦч║┐чиЛц▒ая╝Мх╜УхЙНч║┐чиЛ: MainThread
2025-05-21 18:01:42,470 - DEBUG - щЗКцФ╛щФБя╝Мх╜УхЙНч║┐чиЛ: MainThread
2025-05-21 18:01:42,471 - INFO - тЬЕ цШах░ДцЦЗф╗╢хКаш╜╜цИРхКЯ
2025-05-21 18:01:42,600 - INFO - тЬЕ цЦЗф╗╢щкМшпБщАЪш┐З
2025-05-21 18:01:42,734 - INFO - ЁЯФи х╝АхзЛхдДчРЖх╖еф╜Ьшби [CREATED]
2025-05-21 18:01:42,734 - DEBUG - ЁЯУЛ х╝АхзЛшзгцЮРцЦЗф╗╢d:\pyscript\SNT\snt\250520_PendingPoSnt.xlsx
2025-05-21 18:01:42,751 - DEBUG - хо╜цЭ╛цибх╝Пф┐ЭчХЩя╝Ичмм11шбМя╝Йя╝МщГихИЖч╝║хд▒хнЧцо╡я╝Ъpo
2025-05-21 18:01:42,751 - DEBUG - хо╜цЭ╛цибх╝Пф┐ЭчХЩя╝Ичмм15шбМя╝Йя╝МщГихИЖч╝║хд▒хнЧцо╡я╝Ъpo
2025-05-21 18:01:42,766 - INFO - ЁЯУе х╖▓хКаш╜╜ 186 цЭбцЬЙцХИхЯ║хЗЖцХ░цНо
2025-05-21 18:01:42,766 - INFO - ЁЯФД цнгхЬихдДчРЖ [response] цЦЗф╗╢хд╣хЖЕцХ░цНо...
2025-05-21 18:01:42,767 - DEBUG - ЁЯУЛ х╝АхзЛшзгцЮРцЦЗф╗╢d:\pyscript\SNT\res\250520_PendingPoSnt Allen Yvie.xlsx
2025-05-21 18:01:42,770 - DEBUG - хо╜цЭ╛цибх╝Пф┐ЭчХЩя╝Ичмм2шбМя╝Йя╝МщГихИЖч╝║хд▒хнЧцо╡я╝Ъfwd_feedback
2025-05-21 18:01:42,770 - DEBUG - хо╜цЭ╛цибх╝Пф┐ЭчХЩя╝Ичмм3шбМя╝Йя╝МщГихИЖч╝║хд▒хнЧцо╡я╝ЪREMARK
2025-05-21 18:01:42,771 - DEBUG - хо╜цЭ╛цибх╝Пф┐ЭчХЩя╝Ичмм4шбМя╝Йя╝МщГихИЖч╝║хд▒хнЧцо╡я╝ЪREMARK
2025-05-21 18:01:42,771 - DEBUG - хо╜цЭ╛цибх╝Пф┐ЭчХЩя╝Ичмм5шбМя╝Йя╝МщГихИЖч╝║хд▒хнЧцо╡я╝ЪREMARK
2025-05-21 18:01:42,771 - DEBUG - хо╜цЭ╛цибх╝Пф┐ЭчХЩя╝Ичмм6шбМя╝Йя╝МщГихИЖч╝║хд▒хнЧцо╡я╝ЪREMARK
2025-05-21 18:01:42,771 - DEBUG - хо╜цЭ╛цибх╝Пф┐ЭчХЩя╝Ичмм7шбМя╝Йя╝МщГихИЖч╝║хд▒хнЧцо╡я╝ЪREMARK
2025-05-21 18:01:42,771 - DEBUG - хо╜цЭ╛цибх╝Пф┐ЭчХЩя╝Ичмм8шбМя╝Йя╝МщГихИЖч╝║хд▒хнЧцо╡я╝ЪREMARK
2025-05-21 18:01:42,772 - DEBUG - хо╜цЭ╛цибх╝Пф┐ЭчХЩя╝Ичмм9шбМя╝Йя╝МщГихИЖч╝║хд▒хнЧцо╡я╝ЪREMARK
2025-05-21 18:01:42,772 - DEBUG - хо╜цЭ╛цибх╝Пф┐ЭчХЩя╝Ичмм10шбМя╝Йя╝МщГихИЖч╝║хд▒хнЧцо╡я╝ЪREMARK
2025-05-21 18:01:42,772 - DEBUG - хо╜цЭ╛цибх╝Пф┐ЭчХЩя╝Ичмм11шбМя╝Йя╝МщГихИЖч╝║хд▒хнЧцо╡я╝ЪREMARK
2025-05-21 18:01:42,772 - DEBUG - хо╜цЭ╛цибх╝Пф┐ЭчХЩя╝Ичмм12шбМя╝Йя╝МщГихИЖч╝║хд▒хнЧцо╡я╝ЪREMARK
2025-05-21 18:01:42,772 - DEBUG - хо╜цЭ╛цибх╝Пф┐ЭчХЩя╝Ичмм13шбМя╝Йя╝МщГихИЖч╝║хд▒хнЧцо╡я╝ЪREMARK
2025-05-21 18:01:42,772 - DEBUG - хо╜цЭ╛цибх╝Пф┐ЭчХЩя╝Ичмм14шбМя╝Йя╝МщГихИЖч╝║хд▒хнЧцо╡я╝ЪREMARK
2025-05-21 18:01:42,772 - DEBUG - хо╜цЭ╛цибх╝Пф┐ЭчХЩя╝Ичмм15шбМя╝Йя╝МщГихИЖч╝║хд▒хнЧцо╡я╝ЪREMARK
2025-05-21 18:01:42,773 - DEBUG - хо╜цЭ╛цибх╝Пф┐ЭчХЩя╝Ичмм16шбМя╝Йя╝МщГихИЖч╝║хд▒хнЧцо╡я╝ЪREMARK
2025-05-21 18:01:42,773 - DEBUG - хо╜цЭ╛цибх╝Пф┐ЭчХЩя╝Ичмм17шбМя╝Йя╝МщГихИЖч╝║хд▒хнЧцо╡я╝ЪREMARK
2025-05-21 18:01:42,773 - DEBUG - хо╜цЭ╛цибх╝Пф┐ЭчХЩя╝Ичмм18шбМя╝Йя╝МщГихИЖч╝║хд▒хнЧцо╡я╝ЪREMARK
2025-05-21 18:01:42,773 - DEBUG - хо╜цЭ╛цибх╝Пф┐ЭчХЩя╝Ичмм19шбМя╝Йя╝МщГихИЖч╝║хд▒хнЧцо╡я╝ЪREMARK
2025-05-21 18:01:42,773 - DEBUG - хо╜цЭ╛цибх╝Пф┐ЭчХЩя╝Ичмм20шбМя╝Йя╝МщГихИЖч╝║хд▒хнЧцо╡я╝ЪREMARK
2025-05-21 18:01:42,773 - DEBUG - хо╜цЭ╛цибх╝Пш╖│ш┐Зя╝Ичмм21шбМя╝Йя╝МхЕищГих┐ЕхблхнЧцо╡ч╝║хд▒
2025-05-21 18:01:42,773 - DEBUG - хо╜цЭ╛цибх╝Пш╖│ш┐Зя╝Ичмм22шбМя╝Йя╝МхЕищГих┐ЕхблхнЧцо╡ч╝║хд▒
2025-05-21 18:01:42,773 - DEBUG - хо╜цЭ╛цибх╝Пш╖│ш┐Зя╝Ичмм23шбМя╝Йя╝МхЕищГих┐ЕхблхнЧцо╡ч╝║хд▒
2025-05-21 18:01:42,774 - DEBUG - хо╜цЭ╛цибх╝Пш╖│ш┐Зя╝Ичмм24шбМя╝Йя╝МхЕищГих┐ЕхблхнЧцо╡ч╝║хд▒
2025-05-21 18:01:42,774 - DEBUG - хо╜цЭ╛цибх╝Пш╖│ш┐Зя╝Ичмм25шбМя╝Йя╝МхЕищГих┐ЕхблхнЧцо╡ч╝║хд▒
2025-05-21 18:01:42,774 - DEBUG - хо╜цЭ╛цибх╝Пш╖│ш┐Зя╝Ичмм26шбМя╝Йя╝МхЕищГих┐ЕхблхнЧцо╡ч╝║хд▒
2025-05-21 18:01:42,774 - DEBUG - хо╜цЭ╛цибх╝Пш╖│ш┐Зя╝Ичмм27шбМя╝Йя╝МхЕищГих┐ЕхблхнЧцо╡ч╝║хд▒
2025-05-21 18:01:42,774 - DEBUG - хо╜цЭ╛цибх╝Пш╖│ш┐Зя╝Ичмм28шбМя╝Йя╝МхЕищГих┐ЕхблхнЧцо╡ч╝║хд▒
2025-05-21 18:01:42,774 - DEBUG - хо╜цЭ╛цибх╝Пш╖│ш┐Зя╝Ичмм29шбМя╝Йя╝МхЕищГих┐ЕхблхнЧцо╡ч╝║хд▒
2025-05-21 18:01:42,774 - DEBUG - хо╜цЭ╛цибх╝Пш╖│ш┐Зя╝Ичмм30шбМя╝Йя╝МхЕищГих┐ЕхблхнЧцо╡ч╝║хд▒
2025-05-21 18:01:42,774 - DEBUG - хо╜цЭ╛цибх╝Пш╖│ш┐Зя╝Ичмм31шбМя╝Йя╝МхЕищГих┐ЕхблхнЧцо╡ч╝║хд▒
2025-05-21 18:01:42,775 - DEBUG - хо╜цЭ╛цибх╝Пш╖│ш┐Зя╝Ичмм32шбМя╝Йя╝МхЕищГих┐ЕхблхнЧцо╡ч╝║хд▒
2025-05-21 18:01:42,775 - DEBUG - хо╜цЭ╛цибх╝Пш╖│ш┐Зя╝Ичмм33шбМя╝Йя╝МхЕищГих┐ЕхблхнЧцо╡ч╝║хд▒
2025-05-21 18:01:42,775 - DEBUG - хо╜цЭ╛цибх╝Пш╖│ш┐Зя╝Ичмм34шбМя╝Йя╝МхЕищГих┐ЕхблхнЧцо╡ч╝║хд▒
2025-05-21 18:01:42,775 - DEBUG - хо╜цЭ╛цибх╝Пш╖│ш┐Зя╝Ичмм35шбМя╝Йя╝МхЕищГих┐ЕхблхнЧцо╡ч╝║хд▒
2025-05-21 18:01:42,776 - DEBUG - хо╜цЭ╛цибх╝Пш╖│ш┐Зя╝Ичмм36шбМя╝Йя╝МхЕищГих┐ЕхблхнЧцо╡ч╝║хд▒
2025-05-21 18:01:42,776 - DEBUG - хо╜цЭ╛цибх╝Пш╖│ш┐Зя╝Ичмм37шбМя╝Йя╝МхЕищГих┐ЕхблхнЧцо╡ч╝║хд▒
2025-05-21 18:01:42,776 - DEBUG - хо╜цЭ╛цибх╝Пш╖│ш┐Зя╝Ичмм38шбМя╝Йя╝МхЕищГих┐ЕхблхнЧцо╡ч╝║хд▒
2025-05-21 18:01:42,776 - DEBUG - хо╜цЭ╛цибх╝Пш╖│ш┐Зя╝Ичмм39шбМя╝Йя╝МхЕищГих┐ЕхблхнЧцо╡ч╝║хд▒
2025-05-21 18:01:42,776 - DEBUG - хо╜цЭ╛цибх╝Пш╖│ш┐Зя╝Ичмм40шбМя╝Йя╝МхЕищГих┐ЕхблхнЧцо╡ч╝║хд▒
2025-05-21 18:01:42,776 - DEBUG - хо╜цЭ╛цибх╝Пш╖│ш┐Зя╝Ичмм41шбМя╝Йя╝МхЕищГих┐ЕхблхнЧцо╡ч╝║хд▒
2025-05-21 18:01:42,776 - DEBUG - хо╜цЭ╛цибх╝Пш╖│ш┐Зя╝Ичмм42шбМя╝Йя╝МхЕищГих┐ЕхблхнЧцо╡ч╝║хд▒
2025-05-21 18:01:42,776 - DEBUG - хо╜цЭ╛цибх╝Пш╖│ш┐Зя╝Ичмм43шбМя╝Йя╝МхЕищГих┐ЕхблхнЧцо╡ч╝║хд▒
2025-05-21 18:01:42,776 - DEBUG - хо╜цЭ╛цибх╝Пш╖│ш┐Зя╝Ичмм44шбМя╝Йя╝МхЕищГих┐ЕхблхнЧцо╡ч╝║хд▒
2025-05-21 18:01:42,776 - DEBUG - хо╜цЭ╛цибх╝Пш╖│ш┐Зя╝Ичмм45шбМя╝Йя╝МхЕищГих┐ЕхблхнЧцо╡ч╝║хд▒
2025-05-21 18:01:42,777 - DEBUG - хо╜цЭ╛цибх╝Пш╖│ш┐Зя╝Ичмм46шбМя╝Йя╝МхЕищГих┐ЕхблхнЧцо╡ч╝║хд▒
2025-05-21 18:01:42,777 - DEBUG - хо╜цЭ╛цибх╝Пш╖│ш┐Зя╝Ичмм47шбМя╝Йя╝МхЕищГих┐ЕхблхнЧцо╡ч╝║хд▒
2025-05-21 18:01:42,777 - DEBUG - хо╜цЭ╛цибх╝Пш╖│ш┐Зя╝Ичмм48шбМя╝Йя╝МхЕищГих┐ЕхблхнЧцо╡ч╝║хд▒
2025-05-21 18:01:42,777 - DEBUG - хо╜цЭ╛цибх╝Пш╖│ш┐Зя╝Ичмм49шбМя╝Йя╝МхЕищГих┐ЕхблхнЧцо╡ч╝║хд▒
2025-05-21 18:01:42,777 - DEBUG - хо╜цЭ╛цибх╝Пш╖│ш┐Зя╝Ичмм50шбМя╝Йя╝МхЕищГих┐ЕхблхнЧцо╡ч╝║хд▒
2025-05-21 18:01:42,777 - DEBUG - хо╜цЭ╛цибх╝Пш╖│ш┐Зя╝Ичмм51шбМя╝Йя╝МхЕищГих┐ЕхблхнЧцо╡ч╝║хд▒
2025-05-21 18:01:42,777 - DEBUG - хо╜цЭ╛цибх╝Пш╖│ш┐Зя╝Ичмм52шбМя╝Йя╝МхЕищГих┐ЕхблхнЧцо╡ч╝║хд▒
2025-05-21 18:01:42,777 - DEBUG - хо╜цЭ╛цибх╝Пш╖│ш┐Зя╝Ичмм53шбМя╝Йя╝МхЕищГих┐ЕхблхнЧцо╡ч╝║хд▒
2025-05-21 18:01:42,777 - DEBUG - хо╜цЭ╛цибх╝Пш╖│ш┐Зя╝Ичмм54шбМя╝Йя╝МхЕищГих┐ЕхблхнЧцо╡ч╝║хд▒
2025-05-21 18:01:42,777 - DEBUG - хо╜цЭ╛цибх╝Пш╖│ш┐Зя╝Ичмм55шбМя╝Йя╝МхЕищГих┐ЕхблхнЧцо╡ч╝║хд▒
2025-05-21 18:01:42,778 - DEBUG - хо╜цЭ╛цибх╝Пш╖│ш┐Зя╝Ичмм56шбМя╝Йя╝МхЕищГих┐ЕхблхнЧцо╡ч╝║хд▒
2025-05-21 18:01:42,778 - DEBUG - хо╜цЭ╛цибх╝Пш╖│ш┐Зя╝Ичмм57шбМя╝Йя╝МхЕищГих┐ЕхблхнЧцо╡ч╝║хд▒
2025-05-21 18:01:42,778 - DEBUG - хо╜цЭ╛цибх╝Пш╖│ш┐Зя╝Ичмм58шбМя╝Йя╝МхЕищГих┐ЕхблхнЧцо╡ч╝║хд▒
2025-05-21 18:01:42,778 - DEBUG - хо╜цЭ╛цибх╝Пш╖│ш┐Зя╝Ичмм59шбМя╝Йя╝МхЕищГих┐ЕхблхнЧцо╡ч╝║хд▒
2025-05-21 18:01:42,778 - DEBUG - хо╜цЭ╛цибх╝Пш╖│ш┐Зя╝Ичмм60шбМя╝Йя╝МхЕищГих┐ЕхблхнЧцо╡ч╝║хд▒
2025-05-21 18:01:42,778 - DEBUG - хо╜цЭ╛цибх╝Пш╖│ш┐Зя╝Ичмм61шбМя╝Йя╝МхЕищГих┐ЕхблхнЧцо╡ч╝║хд▒
2025-05-21 18:01:42,778 - DEBUG - хо╜цЭ╛цибх╝Пш╖│ш┐Зя╝Ичмм62шбМя╝Йя╝МхЕищГих┐ЕхблхнЧцо╡ч╝║хд▒
2025-05-21 18:01:42,778 - DEBUG - хо╜цЭ╛цибх╝Пш╖│ш┐Зя╝Ичмм63шбМя╝Йя╝МхЕищГих┐ЕхблхнЧцо╡ч╝║хд▒
2025-05-21 18:01:42,778 - DEBUG - хо╜цЭ╛цибх╝Пш╖│ш┐Зя╝Ичмм64шбМя╝Йя╝МхЕищГих┐ЕхблхнЧцо╡ч╝║хд▒
2025-05-21 18:01:42,779 - DEBUG - хо╜цЭ╛цибх╝Пш╖│ш┐Зя╝Ичмм65шбМя╝Йя╝МхЕищГих┐ЕхблхнЧцо╡ч╝║хд▒
2025-05-21 18:01:42,779 - DEBUG - хо╜цЭ╛цибх╝Пш╖│ш┐Зя╝Ичмм66шбМя╝Йя╝МхЕищГих┐ЕхблхнЧцо╡ч╝║хд▒
2025-05-21 18:01:42,779 - DEBUG - хо╜цЭ╛цибх╝Пш╖│ш┐Зя╝Ичмм67шбМя╝Йя╝МхЕищГих┐ЕхблхнЧцо╡ч╝║хд▒
2025-05-21 18:01:42,779 - DEBUG - хо╜цЭ╛цибх╝Пш╖│ш┐Зя╝Ичмм68шбМя╝Йя╝МхЕищГих┐ЕхблхнЧцо╡ч╝║хд▒
2025-05-21 18:01:42,779 - DEBUG - хо╜цЭ╛цибх╝Пш╖│ш┐Зя╝Ичмм69шбМя╝Йя╝МхЕищГих┐ЕхблхнЧцо╡ч╝║хд▒
2025-05-21 18:01:42,780 - DEBUG - хо╜цЭ╛цибх╝Пш╖│ш┐Зя╝Ичмм70шбМя╝Йя╝МхЕищГих┐ЕхблхнЧцо╡ч╝║хд▒
2025-05-21 18:01:42,780 - DEBUG - хо╜цЭ╛цибх╝Пш╖│ш┐Зя╝Ичмм71шбМя╝Йя╝МхЕищГих┐ЕхблхнЧцо╡ч╝║хд▒
2025-05-21 18:01:42,780 - DEBUG - хо╜цЭ╛цибх╝Пш╖│ш┐Зя╝Ичмм72шбМя╝Йя╝МхЕищГих┐ЕхблхнЧцо╡ч╝║хд▒
2025-05-21 18:01:42,780 - DEBUG - хо╜цЭ╛цибх╝Пф┐ЭчХЩя╝Ичмм73шбМя╝Йя╝МщГихИЖч╝║хд▒хнЧцо╡я╝ЪREMARK
2025-05-21 18:01:42,780 - DEBUG - хо╜цЭ╛цибх╝Пш╖│ш┐Зя╝Ичмм74шбМя╝Йя╝МхЕищГих┐ЕхблхнЧцо╡ч╝║хд▒
2025-05-21 18:01:42,780 - DEBUG - хо╜цЭ╛цибх╝Пш╖│ш┐Зя╝Ичмм75шбМя╝Йя╝МхЕищГих┐ЕхблхнЧцо╡ч╝║хд▒
2025-05-21 18:01:42,780 - DEBUG - хо╜цЭ╛цибх╝Пш╖│ш┐Зя╝Ичмм76шбМя╝Йя╝МхЕищГих┐ЕхблхнЧцо╡ч╝║хд▒
2025-05-21 18:01:42,781 - DEBUG - хо╜цЭ╛цибх╝Пш╖│ш┐Зя╝Ичмм77шбМя╝Йя╝МхЕищГих┐ЕхблхнЧцо╡ч╝║хд▒
2025-05-21 18:01:42,781 - DEBUG - хо╜цЭ╛цибх╝Пш╖│ш┐Зя╝Ичмм78шбМя╝Йя╝МхЕищГих┐ЕхблхнЧцо╡ч╝║хд▒
2025-05-21 18:01:42,781 - DEBUG - хо╜цЭ╛цибх╝Пш╖│ш┐Зя╝Ичмм79шбМя╝Йя╝МхЕищГих┐ЕхблхнЧцо╡ч╝║хд▒
2025-05-21 18:01:42,781 - DEBUG - хо╜цЭ╛цибх╝Пш╖│ш┐Зя╝Ичмм80шбМя╝Йя╝МхЕищГих┐ЕхблхнЧцо╡ч╝║хд▒
2025-05-21 18:01:42,781 - DEBUG - хо╜цЭ╛цибх╝Пш╖│ш┐Зя╝Ичмм81шбМя╝Йя╝МхЕищГих┐ЕхблхнЧцо╡ч╝║хд▒
2025-05-21 18:01:42,781 - DEBUG - хо╜цЭ╛цибх╝Пш╖│ш┐Зя╝Ичмм82шбМя╝Йя╝МхЕищГих┐ЕхблхнЧцо╡ч╝║хд▒
2025-05-21 18:01:42,781 - DEBUG - хо╜цЭ╛цибх╝Пш╖│ш┐Зя╝Ичмм83шбМя╝Йя╝МхЕищГих┐ЕхблхнЧцо╡ч╝║хд▒
2025-05-21 18:01:42,781 - DEBUG - хо╜цЭ╛цибх╝Пш╖│ш┐Зя╝Ичмм84шбМя╝Йя╝МхЕищГих┐ЕхблхнЧцо╡ч╝║хд▒
2025-05-21 18:01:42,781 - DEBUG - хо╜цЭ╛цибх╝Пш╖│ш┐Зя╝Ичмм85шбМя╝Йя╝МхЕищГих┐ЕхблхнЧцо╡ч╝║хд▒
2025-05-21 18:01:42,781 - DEBUG - хо╜цЭ╛цибх╝Пш╖│ш┐Зя╝Ичмм86шбМя╝Йя╝МхЕищГих┐ЕхблхнЧцо╡ч╝║хд▒
2025-05-21 18:01:42,782 - DEBUG - хо╜цЭ╛цибх╝Пш╖│ш┐Зя╝Ичмм87шбМя╝Йя╝МхЕищГих┐ЕхблхнЧцо╡ч╝║хд▒
2025-05-21 18:01:42,782 - DEBUG - хо╜цЭ╛цибх╝Пш╖│ш┐Зя╝Ичмм88шбМя╝Йя╝МхЕищГих┐ЕхблхнЧцо╡ч╝║хд▒
2025-05-21 18:01:42,782 - DEBUG - хо╜цЭ╛цибх╝Пш╖│ш┐Зя╝Ичмм89шбМя╝Йя╝МхЕищГих┐ЕхблхнЧцо╡ч╝║хд▒
2025-05-21 18:01:42,782 - DEBUG - хо╜цЭ╛цибх╝Пш╖│ш┐Зя╝Ичмм90шбМя╝Йя╝МхЕищГих┐ЕхблхнЧцо╡ч╝║хд▒
2025-05-21 18:01:42,782 - DEBUG - хо╜цЭ╛цибх╝Пш╖│ш┐Зя╝Ичмм91шбМя╝Йя╝МхЕищГих┐ЕхблхнЧцо╡ч╝║хд▒
2025-05-21 18:01:42,782 - DEBUG - хо╜цЭ╛цибх╝Пш╖│ш┐Зя╝Ичмм92шбМя╝Йя╝МхЕищГих┐ЕхблхнЧцо╡ч╝║хд▒
2025-05-21 18:01:42,782 - DEBUG - хо╜цЭ╛цибх╝Пш╖│ш┐Зя╝Ичмм93шбМя╝Йя╝МхЕищГих┐ЕхблхнЧцо╡ч╝║хд▒
2025-05-21 18:01:42,782 - DEBUG - хо╜цЭ╛цибх╝Пш╖│ш┐Зя╝Ичмм94шбМя╝Йя╝МхЕищГих┐ЕхблхнЧцо╡ч╝║хд▒
2025-05-21 18:01:42,783 - DEBUG - хо╜цЭ╛цибх╝Пш╖│ш┐Зя╝Ичмм95шбМя╝Йя╝МхЕищГих┐ЕхблхнЧцо╡ч╝║хд▒
2025-05-21 18:01:42,783 - DEBUG - хо╜цЭ╛цибх╝Пш╖│ш┐Зя╝Ичмм96шбМя╝Йя╝МхЕищГих┐ЕхблхнЧцо╡ч╝║хд▒
2025-05-21 18:01:42,783 - DEBUG - хо╜цЭ╛цибх╝Пш╖│ш┐Зя╝Ичмм97шбМя╝Йя╝МхЕищГих┐ЕхблхнЧцо╡ч╝║хд▒
2025-05-21 18:01:42,783 - DEBUG - хо╜цЭ╛цибх╝Пш╖│ш┐Зя╝Ичмм98шбМя╝Йя╝МхЕищГих┐ЕхблхнЧцо╡ч╝║хд▒
2025-05-21 18:01:42,783 - DEBUG - хо╜цЭ╛цибх╝Пш╖│ш┐Зя╝Ичмм99шбМя╝Йя╝МхЕищГих┐ЕхблхнЧцо╡ч╝║хд▒
2025-05-21 18:01:42,783 - DEBUG - хо╜цЭ╛цибх╝Пш╖│ш┐Зя╝Ичмм100шбМя╝Йя╝МхЕищГих┐ЕхблхнЧцо╡ч╝║хд▒
2025-05-21 18:01:42,783 - DEBUG - хо╜цЭ╛цибх╝Пш╖│ш┐Зя╝Ичмм101шбМя╝Йя╝МхЕищГих┐ЕхблхнЧцо╡ч╝║хд▒
2025-05-21 18:01:42,784 - DEBUG - хо╜цЭ╛цибх╝Пш╖│ш┐Зя╝Ичмм102шбМя╝Йя╝МхЕищГих┐ЕхблхнЧцо╡ч╝║хд▒
2025-05-21 18:01:42,784 - DEBUG - хо╜цЭ╛цибх╝Пш╖│ш┐Зя╝Ичмм103шбМя╝Йя╝МхЕищГих┐ЕхблхнЧцо╡ч╝║хд▒
2025-05-21 18:01:42,784 - DEBUG - хо╜цЭ╛цибх╝Пш╖│ш┐Зя╝Ичмм104шбМя╝Йя╝МхЕищГих┐ЕхблхнЧцо╡ч╝║хд▒
2025-05-21 18:01:42,784 - DEBUG - хо╜цЭ╛цибх╝Пш╖│ш┐Зя╝Ичмм105шбМя╝Йя╝МхЕищГих┐ЕхблхнЧцо╡ч╝║хд▒
2025-05-21 18:01:42,785 - DEBUG - хо╜цЭ╛цибх╝Пш╖│ш┐Зя╝Ичмм106шбМя╝Йя╝МхЕищГих┐ЕхблхнЧцо╡ч╝║хд▒
2025-05-21 18:01:42,785 - DEBUG - хо╜цЭ╛цибх╝Пш╖│ш┐Зя╝Ичмм107шбМя╝Йя╝МхЕищГих┐ЕхблхнЧцо╡ч╝║хд▒
2025-05-21 18:01:42,785 - DEBUG - хо╜цЭ╛цибх╝Пш╖│ш┐Зя╝Ичмм108шбМя╝Йя╝МхЕищГих┐ЕхблхнЧцо╡ч╝║хд▒
2025-05-21 18:01:42,785 - DEBUG - хо╜цЭ╛цибх╝Пш╖│ш┐Зя╝Ичмм109шбМя╝Йя╝МхЕищГих┐ЕхблхнЧцо╡ч╝║хд▒
2025-05-21 18:01:42,785 - DEBUG - хо╜цЭ╛цибх╝Пш╖│ш┐Зя╝Ичмм110шбМя╝Йя╝МхЕищГих┐ЕхблхнЧцо╡ч╝║хд▒
2025-05-21 18:01:42,785 - DEBUG - хо╜цЭ╛цибх╝Пш╖│ш┐Зя╝Ичмм111шбМя╝Йя╝МхЕищГих┐ЕхблхнЧцо╡ч╝║хд▒
2025-05-21 18:01:42,785 - DEBUG - хо╜цЭ╛цибх╝Пш╖│ш┐Зя╝Ичмм112шбМя╝Йя╝МхЕищГих┐ЕхблхнЧцо╡ч╝║хд▒
2025-05-21 18:01:42,785 - DEBUG - хо╜цЭ╛цибх╝Пш╖│ш┐Зя╝Ичмм113шбМя╝Йя╝МхЕищГих┐ЕхблхнЧцо╡ч╝║хд▒
2025-05-21 18:01:42,786 - DEBUG - хо╜цЭ╛цибх╝Пш╖│ш┐Зя╝Ичмм114шбМя╝Йя╝МхЕищГих┐ЕхблхнЧцо╡ч╝║хд▒
2025-05-21 18:01:42,786 - DEBUG - хо╜цЭ╛цибх╝Пш╖│ш┐Зя╝Ичмм115шбМя╝Йя╝МхЕищГих┐ЕхблхнЧцо╡ч╝║хд▒
2025-05-21 18:01:42,786 - DEBUG - хо╜цЭ╛цибх╝Пш╖│ш┐Зя╝Ичмм116шбМя╝Йя╝МхЕищГих┐ЕхблхнЧцо╡ч╝║хд▒
2025-05-21 18:01:42,786 - DEBUG - хо╜цЭ╛цибх╝Пш╖│ш┐Зя╝Ичмм117шбМя╝Йя╝МхЕищГих┐ЕхблхнЧцо╡ч╝║хд▒
2025-05-21 18:01:42,786 - DEBUG - хо╜цЭ╛цибх╝Пш╖│ш┐Зя╝Ичмм118шбМя╝Йя╝МхЕищГих┐ЕхблхнЧцо╡ч╝║хд▒
2025-05-21 18:01:42,786 - DEBUG - хо╜цЭ╛цибх╝Пш╖│ш┐Зя╝Ичмм119шбМя╝Йя╝МхЕищГих┐ЕхблхнЧцо╡ч╝║хд▒
2025-05-21 18:01:42,786 - DEBUG - хо╜цЭ╛цибх╝Пш╖│ш┐Зя╝Ичмм120шбМя╝Йя╝МхЕищГих┐ЕхблхнЧцо╡ч╝║хд▒
2025-05-21 18:01:42,786 - DEBUG - хо╜цЭ╛цибх╝Пш╖│ш┐Зя╝Ичмм121шбМя╝Йя╝МхЕищГих┐ЕхблхнЧцо╡ч╝║хд▒
2025-05-21 18:01:42,787 - DEBUG - хо╜цЭ╛цибх╝Пш╖│ш┐Зя╝Ичмм122шбМя╝Йя╝МхЕищГих┐ЕхблхнЧцо╡ч╝║хд▒
2025-05-21 18:01:42,787 - DEBUG - хо╜цЭ╛цибх╝Пш╖│ш┐Зя╝Ичмм123шбМя╝Йя╝МхЕищГих┐ЕхблхнЧцо╡ч╝║хд▒
2025-05-21 18:01:42,787 - DEBUG - хо╜цЭ╛цибх╝Пш╖│ш┐Зя╝Ичмм124шбМя╝Йя╝МхЕищГих┐ЕхблхнЧцо╡ч╝║хд▒
2025-05-21 18:01:42,787 - DEBUG - хо╜цЭ╛цибх╝Пш╖│ш┐Зя╝Ичмм125шбМя╝Йя╝МхЕищГих┐ЕхблхнЧцо╡ч╝║хд▒
2025-05-21 18:01:42,787 - DEBUG - хо╜цЭ╛цибх╝Пш╖│ш┐Зя╝Ичмм126шбМя╝Йя╝МхЕищГих┐ЕхблхнЧцо╡ч╝║хд▒
2025-05-21 18:01:42,787 - DEBUG - хо╜цЭ╛цибх╝Пш╖│ш┐Зя╝Ичмм127шбМя╝Йя╝МхЕищГих┐ЕхблхнЧцо╡ч╝║хд▒
2025-05-21 18:01:42,787 - DEBUG - хо╜цЭ╛цибх╝Пш╖│ш┐Зя╝Ичмм128шбМя╝Йя╝МхЕищГих┐ЕхблхнЧцо╡ч╝║хд▒
2025-05-21 18:01:42,788 - DEBUG - хо╜цЭ╛цибх╝Пш╖│ш┐Зя╝Ичмм129шбМя╝Йя╝МхЕищГих┐ЕхблхнЧцо╡ч╝║хд▒
2025-05-21 18:01:42,788 - DEBUG - хо╜цЭ╛цибх╝Пш╖│ш┐Зя╝Ичмм130шбМя╝Йя╝МхЕищГих┐ЕхблхнЧцо╡ч╝║хд▒
2025-05-21 18:01:42,788 - DEBUG - хо╜цЭ╛цибх╝Пш╖│ш┐Зя╝Ичмм131шбМя╝Йя╝МхЕищГих┐ЕхблхнЧцо╡ч╝║хд▒
2025-05-21 18:01:42,788 - DEBUG - хо╜цЭ╛цибх╝Пш╖│ш┐Зя╝Ичмм132шбМя╝Йя╝МхЕищГих┐ЕхблхнЧцо╡ч╝║хд▒
2025-05-21 18:01:42,788 - DEBUG - хо╜цЭ╛цибх╝Пш╖│ш┐Зя╝Ичмм133шбМя╝Йя╝МхЕищГих┐ЕхблхнЧцо╡ч╝║хд▒
2025-05-21 18:01:42,788 - DEBUG - хо╜цЭ╛цибх╝Пш╖│ш┐Зя╝Ичмм134шбМя╝Йя╝МхЕищГих┐ЕхблхнЧцо╡ч╝║хд▒
2025-05-21 18:01:42,788 - DEBUG - хо╜цЭ╛цибх╝Пш╖│ш┐Зя╝Ичмм135шбМя╝Йя╝МхЕищГих┐ЕхблхнЧцо╡ч╝║хд▒
2025-05-21 18:01:42,789 - DEBUG - хо╜цЭ╛цибх╝Пш╖│ш┐Зя╝Ичмм136шбМя╝Йя╝МхЕищГих┐ЕхблхнЧцо╡ч╝║хд▒
2025-05-21 18:01:42,789 - DEBUG - хо╜цЭ╛цибх╝Пш╖│ш┐Зя╝Ичмм137шбМя╝Йя╝МхЕищГих┐ЕхблхнЧцо╡ч╝║хд▒
2025-05-21 18:01:42,789 - DEBUG - хо╜цЭ╛цибх╝Пш╖│ш┐Зя╝Ичмм138шбМя╝Йя╝МхЕищГих┐ЕхблхнЧцо╡ч╝║хд▒
2025-05-21 18:01:42,789 - DEBUG - хо╜цЭ╛цибх╝Пш╖│ш┐Зя╝Ичмм139шбМя╝Йя╝МхЕищГих┐ЕхблхнЧцо╡ч╝║хд▒
2025-05-21 18:01:42,789 - DEBUG - хо╜цЭ╛цибх╝Пш╖│ш┐Зя╝Ичмм140шбМя╝Йя╝МхЕищГих┐ЕхблхнЧцо╡ч╝║хд▒
2025-05-21 18:01:42,789 - DEBUG - хо╜цЭ╛цибх╝Пш╖│ш┐Зя╝Ичмм141шбМя╝Йя╝МхЕищГих┐ЕхблхнЧцо╡ч╝║хд▒
2025-05-21 18:01:42,790 - DEBUG - хо╜цЭ╛цибх╝Пш╖│ш┐Зя╝Ичмм142шбМя╝Йя╝МхЕищГих┐ЕхблхнЧцо╡ч╝║хд▒
2025-05-21 18:01:42,790 - DEBUG - хо╜цЭ╛цибх╝Пш╖│ш┐Зя╝Ичмм143шбМя╝Йя╝МхЕищГих┐ЕхблхнЧцо╡ч╝║хд▒
2025-05-21 18:01:42,790 - DEBUG - хо╜цЭ╛цибх╝Пш╖│ш┐Зя╝Ичмм144шбМя╝Йя╝МхЕищГих┐ЕхблхнЧцо╡ч╝║хд▒
2025-05-21 18:01:42,790 - DEBUG - хо╜цЭ╛цибх╝Пш╖│ш┐Зя╝Ичмм145шбМя╝Йя╝МхЕищГих┐ЕхблхнЧцо╡ч╝║хд▒
2025-05-21 18:01:42,791 - DEBUG - хо╜цЭ╛цибх╝Пш╖│ш┐Зя╝Ичмм146шбМя╝Йя╝МхЕищГих┐ЕхблхнЧцо╡ч╝║хд▒
2025-05-21 18:01:42,791 - DEBUG - хо╜цЭ╛цибх╝Пш╖│ш┐Зя╝Ичмм147шбМя╝Йя╝МхЕищГих┐ЕхблхнЧцо╡ч╝║хд▒
2025-05-21 18:01:42,791 - DEBUG - хо╜цЭ╛цибх╝Пш╖│ш┐Зя╝Ичмм148шбМя╝Йя╝МхЕищГих┐ЕхблхнЧцо╡ч╝║хд▒
2025-05-21 18:01:42,791 - DEBUG - хо╜цЭ╛цибх╝Пш╖│ш┐Зя╝Ичмм149шбМя╝Йя╝МхЕищГих┐ЕхблхнЧцо╡ч╝║хд▒
2025-05-21 18:01:42,791 - DEBUG - хо╜цЭ╛цибх╝Пш╖│ш┐Зя╝Ичмм150шбМя╝Йя╝МхЕищГих┐ЕхблхнЧцо╡ч╝║хд▒
2025-05-21 18:01:42,791 - DEBUG - хо╜цЭ╛цибх╝Пш╖│ш┐Зя╝Ичмм151шбМя╝Йя╝МхЕищГих┐ЕхблхнЧцо╡ч╝║хд▒
2025-05-21 18:01:42,791 - DEBUG - хо╜цЭ╛цибх╝Пш╖│ш┐Зя╝Ичмм152шбМя╝Йя╝МхЕищГих┐ЕхблхнЧцо╡ч╝║хд▒
2025-05-21 18:01:42,791 - DEBUG - хо╜цЭ╛цибх╝Пш╖│ш┐Зя╝Ичмм153шбМя╝Йя╝МхЕищГих┐ЕхблхнЧцо╡ч╝║хд▒
2025-05-21 18:01:42,791 - DEBUG - хо╜цЭ╛цибх╝Пш╖│ш┐Зя╝Ичмм154шбМя╝Йя╝МхЕищГих┐ЕхблхнЧцо╡ч╝║хд▒
2025-05-21 18:01:42,791 - DEBUG - хо╜цЭ╛цибх╝Пш╖│ш┐Зя╝Ичмм155шбМя╝Йя╝МхЕищГих┐ЕхблхнЧцо╡ч╝║хд▒
2025-05-21 18:01:42,792 - DEBUG - хо╜цЭ╛цибх╝Пш╖│ш┐Зя╝Ичмм156шбМя╝Йя╝МхЕищГих┐ЕхблхнЧцо╡ч╝║хд▒
2025-05-21 18:01:42,792 - DEBUG - хо╜цЭ╛цибх╝Пш╖│ш┐Зя╝Ичмм157шбМя╝Йя╝МхЕищГих┐ЕхблхнЧцо╡ч╝║хд▒
2025-05-21 18:01:42,792 - DEBUG - хо╜цЭ╛цибх╝Пш╖│ш┐Зя╝Ичмм158шбМя╝Йя╝МхЕищГих┐ЕхблхнЧцо╡ч╝║хд▒
2025-05-21 18:01:42,792 - DEBUG - хо╜цЭ╛цибх╝Пш╖│ш┐Зя╝Ичмм159шбМя╝Йя╝МхЕищГих┐ЕхблхнЧцо╡ч╝║хд▒
2025-05-21 18:01:42,792 - DEBUG - хо╜цЭ╛цибх╝Пш╖│ш┐Зя╝Ичмм160шбМя╝Йя╝МхЕищГих┐ЕхблхнЧцо╡ч╝║хд▒
2025-05-21 18:01:42,792 - DEBUG - хо╜цЭ╛цибх╝Пш╖│ш┐Зя╝Ичмм161шбМя╝Йя╝МхЕищГих┐ЕхблхнЧцо╡ч╝║хд▒
2025-05-21 18:01:42,792 - DEBUG - хо╜цЭ╛цибх╝Пш╖│ш┐Зя╝Ичмм162шбМя╝Йя╝МхЕищГих┐ЕхблхнЧцо╡ч╝║хд▒
2025-05-21 18:01:42,792 - DEBUG - хо╜цЭ╛цибх╝Пш╖│ш┐Зя╝Ичмм163шбМя╝Йя╝МхЕищГих┐ЕхблхнЧцо╡ч╝║хд▒
2025-05-21 18:01:42,792 - DEBUG - хо╜цЭ╛цибх╝Пш╖│ш┐Зя╝Ичмм164шбМя╝Йя╝МхЕищГих┐ЕхблхнЧцо╡ч╝║хд▒
2025-05-21 18:01:42,792 - DEBUG - хо╜цЭ╛цибх╝Пш╖│ш┐Зя╝Ичмм165шбМя╝Йя╝МхЕищГих┐ЕхблхнЧцо╡ч╝║хд▒
2025-05-21 18:01:42,793 - DEBUG - хо╜цЭ╛цибх╝Пш╖│ш┐Зя╝Ичмм166шбМя╝Йя╝МхЕищГих┐ЕхблхнЧцо╡ч╝║хд▒
2025-05-21 18:01:42,793 - DEBUG - хо╜цЭ╛цибх╝Пш╖│ш┐Зя╝Ичмм167шбМя╝Йя╝МхЕищГих┐ЕхблхнЧцо╡ч╝║хд▒
2025-05-21 18:01:42,793 - DEBUG - хо╜цЭ╛цибх╝Пш╖│ш┐Зя╝Ичмм168шбМя╝Йя╝МхЕищГих┐ЕхблхнЧцо╡ч╝║хд▒
2025-05-21 18:01:42,793 - DEBUG - хо╜цЭ╛цибх╝Пш╖│ш┐Зя╝Ичмм169шбМя╝Йя╝МхЕищГих┐ЕхблхнЧцо╡ч╝║хд▒
2025-05-21 18:01:42,793 - DEBUG - хо╜цЭ╛цибх╝Пш╖│ш┐Зя╝Ичмм170шбМя╝Йя╝МхЕищГих┐ЕхблхнЧцо╡ч╝║хд▒
2025-05-21 18:01:42,793 - DEBUG - хо╜цЭ╛цибх╝Пш╖│ш┐Зя╝Ичмм171шбМя╝Йя╝МхЕищГих┐ЕхблхнЧцо╡ч╝║хд▒
2025-05-21 18:01:42,793 - DEBUG - хо╜цЭ╛цибх╝Пш╖│ш┐Зя╝Ичмм172шбМя╝Йя╝МхЕищГих┐ЕхблхнЧцо╡ч╝║хд▒
2025-05-21 18:01:42,794 - DEBUG - хо╜цЭ╛цибх╝Пш╖│ш┐Зя╝Ичмм173шбМя╝Йя╝МхЕищГих┐ЕхблхнЧцо╡ч╝║хд▒
2025-05-21 18:01:42,794 - DEBUG - хо╜цЭ╛цибх╝Пш╖│ш┐Зя╝Ичмм174шбМя╝Йя╝МхЕищГих┐ЕхблхнЧцо╡ч╝║хд▒
2025-05-21 18:01:42,794 - DEBUG - хо╜цЭ╛цибх╝Пш╖│ш┐Зя╝Ичмм175шбМя╝Йя╝МхЕищГих┐ЕхблхнЧцо╡ч╝║хд▒
2025-05-21 18:01:42,794 - DEBUG - хо╜цЭ╛цибх╝Пш╖│ш┐Зя╝Ичмм176шбМя╝Йя╝МхЕищГих┐ЕхблхнЧцо╡ч╝║хд▒
2025-05-21 18:01:42,794 - DEBUG - хо╜цЭ╛цибх╝Пш╖│ш┐Зя╝Ичмм177шбМя╝Йя╝МхЕищГих┐ЕхблхнЧцо╡ч╝║хд▒
2025-05-21 18:01:42,794 - DEBUG - хо╜цЭ╛цибх╝Пш╖│ш┐Зя╝Ичмм178шбМя╝Йя╝МхЕищГих┐ЕхблхнЧцо╡ч╝║хд▒
2025-05-21 18:01:42,794 - DEBUG - хо╜цЭ╛цибх╝Пш╖│ш┐Зя╝Ичмм179шбМя╝Йя╝МхЕищГих┐ЕхблхнЧцо╡ч╝║хд▒
2025-05-21 18:01:42,795 - DEBUG - хо╜цЭ╛цибх╝Пш╖│ш┐Зя╝Ичмм180шбМя╝Йя╝МхЕищГих┐ЕхблхнЧцо╡ч╝║хд▒
2025-05-21 18:01:42,795 - DEBUG - хо╜цЭ╛цибх╝Пш╖│ш┐Зя╝Ичмм181шбМя╝Йя╝МхЕищГих┐ЕхблхнЧцо╡ч╝║хд▒
2025-05-21 18:01:42,795 - DEBUG - хо╜цЭ╛цибх╝Пш╖│ш┐Зя╝Ичмм182шбМя╝Йя╝МхЕищГих┐ЕхблхнЧцо╡ч╝║хд▒
2025-05-21 18:01:42,795 - DEBUG - хо╜цЭ╛цибх╝Пш╖│ш┐Зя╝Ичмм183шбМя╝Йя╝МхЕищГих┐ЕхблхнЧцо╡ч╝║хд▒
2025-05-21 18:01:42,795 - DEBUG - хо╜цЭ╛цибх╝Пш╖│ш┐Зя╝Ичмм184шбМя╝Йя╝МхЕищГих┐ЕхблхнЧцо╡ч╝║хд▒
2025-05-21 18:01:42,795 - DEBUG - хо╜цЭ╛цибх╝Пш╖│ш┐Зя╝Ичмм185шбМя╝Йя╝МхЕищГих┐ЕхблхнЧцо╡ч╝║хд▒
2025-05-21 18:01:42,795 - DEBUG - хо╜цЭ╛цибх╝Пш╖│ш┐Зя╝Ичмм186шбМя╝Йя╝МхЕищГих┐ЕхблхнЧцо╡ч╝║хд▒
2025-05-21 18:01:42,795 - DEBUG - хо╜цЭ╛цибх╝Пш╖│ш┐Зя╝Ичмм187шбМя╝Йя╝МхЕищГих┐ЕхблхнЧцо╡ч╝║хд▒
2025-05-21 18:01:42,795 - DEBUG - ЁЯУЛ х╝АхзЛшзгцЮРцЦЗф╗╢d:\pyscript\SNT\res\250520_PendingPoSnt Sadie Eric.xlsx
2025-05-21 18:01:42,799 - DEBUG - хо╜цЭ╛цибх╝Пш╖│ш┐Зя╝Ичмм2шбМя╝Йя╝МхЕищГих┐ЕхблхнЧцо╡ч╝║хд▒
2025-05-21 18:01:42,799 - DEBUG - хо╜цЭ╛цибх╝Пш╖│ш┐Зя╝Ичмм3шбМя╝Йя╝МхЕищГих┐ЕхблхнЧцо╡ч╝║хд▒
2025-05-21 18:01:42,799 - DEBUG - хо╜цЭ╛цибх╝Пш╖│ш┐Зя╝Ичмм4шбМя╝Йя╝МхЕищГих┐ЕхблхнЧцо╡ч╝║хд▒
2025-05-21 18:01:42,800 - DEBUG - хо╜цЭ╛цибх╝Пш╖│ш┐Зя╝Ичмм5шбМя╝Йя╝МхЕищГих┐ЕхблхнЧцо╡ч╝║хд▒
2025-05-21 18:01:42,800 - DEBUG - хо╜цЭ╛цибх╝Пш╖│ш┐Зя╝Ичмм6шбМя╝Йя╝МхЕищГих┐ЕхблхнЧцо╡ч╝║хд▒
2025-05-21 18:01:42,800 - DEBUG - хо╜цЭ╛цибх╝Пш╖│ш┐Зя╝Ичмм7шбМя╝Йя╝МхЕищГих┐ЕхблхнЧцо╡ч╝║хд▒
2025-05-21 18:01:42,800 - DEBUG - хо╜цЭ╛цибх╝Пш╖│ш┐Зя╝Ичмм8шбМя╝Йя╝МхЕищГих┐ЕхблхнЧцо╡ч╝║хд▒
2025-05-21 18:01:42,800 - DEBUG - хо╜цЭ╛цибх╝Пш╖│ш┐Зя╝Ичмм9шбМя╝Йя╝МхЕищГих┐ЕхблхнЧцо╡ч╝║хд▒
2025-05-21 18:01:42,800 - DEBUG - хо╜цЭ╛цибх╝Пш╖│ш┐Зя╝Ичмм10шбМя╝Йя╝МхЕищГих┐ЕхблхнЧцо╡ч╝║хд▒
2025-05-21 18:01:42,801 - DEBUG - хо╜цЭ╛цибх╝Пш╖│ш┐Зя╝Ичмм11шбМя╝Йя╝МхЕищГих┐ЕхблхнЧцо╡ч╝║хд▒
2025-05-21 18:01:42,801 - DEBUG - хо╜цЭ╛цибх╝Пш╖│ш┐Зя╝Ичмм12шбМя╝Йя╝МхЕищГих┐ЕхблхнЧцо╡ч╝║хд▒
2025-05-21 18:01:42,801 - DEBUG - хо╜цЭ╛цибх╝Пш╖│ш┐Зя╝Ичмм13шбМя╝Йя╝МхЕищГих┐ЕхблхнЧцо╡ч╝║хд▒
2025-05-21 18:01:42,801 - DEBUG - хо╜цЭ╛цибх╝Пш╖│ш┐Зя╝Ичмм14шбМя╝Йя╝МхЕищГих┐ЕхблхнЧцо╡ч╝║хд▒
2025-05-21 18:01:42,801 - DEBUG - хо╜цЭ╛цибх╝Пш╖│ш┐Зя╝Ичмм15шбМя╝Йя╝МхЕищГих┐ЕхблхнЧцо╡ч╝║хд▒
2025-05-21 18:01:42,801 - DEBUG - хо╜цЭ╛цибх╝Пш╖│ш┐Зя╝Ичмм16шбМя╝Йя╝МхЕищГих┐ЕхблхнЧцо╡ч╝║хд▒
2025-05-21 18:01:42,801 - DEBUG - хо╜цЭ╛цибх╝Пш╖│ш┐Зя╝Ичмм17шбМя╝Йя╝МхЕищГих┐ЕхблхнЧцо╡ч╝║хд▒
2025-05-21 18:01:42,801 - DEBUG - хо╜цЭ╛цибх╝Пш╖│ш┐Зя╝Ичмм18шбМя╝Йя╝МхЕищГих┐ЕхблхнЧцо╡ч╝║хд▒
2025-05-21 18:01:42,802 - DEBUG - хо╜цЭ╛цибх╝Пш╖│ш┐Зя╝Ичмм19шбМя╝Йя╝МхЕищГих┐ЕхблхнЧцо╡ч╝║хд▒
2025-05-21 18:01:42,802 - DEBUG - хо╜цЭ╛цибх╝Пш╖│ш┐Зя╝Ичмм20шбМя╝Йя╝МхЕищГих┐ЕхблхнЧцо╡ч╝║хд▒
2025-05-21 18:01:42,802 - DEBUG - хо╜цЭ╛цибх╝Пш╖│ш┐Зя╝Ичмм24шбМя╝Йя╝МхЕищГих┐ЕхблхнЧцо╡ч╝║хд▒
2025-05-21 18:01:42,806 - DEBUG - хо╜цЭ╛цибх╝Пш╖│ш┐Зя╝Ичмм40шбМя╝Йя╝МхЕищГих┐ЕхблхнЧцо╡ч╝║хд▒
2025-05-21 18:01:42,812 - DEBUG - хо╜цЭ╛цибх╝Пш╖│ш┐Зя╝Ичмм73шбМя╝Йя╝МхЕищГих┐ЕхблхнЧцо╡ч╝║хд▒
2025-05-21 18:01:42,812 - DEBUG - хо╜цЭ╛цибх╝Пш╖│ш┐Зя╝Ичмм74шбМя╝Йя╝МхЕищГих┐ЕхблхнЧцо╡ч╝║хд▒
2025-05-21 18:01:42,812 - DEBUG - хо╜цЭ╛цибх╝Пш╖│ш┐Зя╝Ичмм75шбМя╝Йя╝МхЕищГих┐ЕхблхнЧцо╡ч╝║хд▒
2025-05-21 18:01:42,812 - DEBUG - хо╜цЭ╛цибх╝Пш╖│ш┐Зя╝Ичмм76шбМя╝Йя╝МхЕищГих┐ЕхблхнЧцо╡ч╝║хд▒
2025-05-21 18:01:42,812 - DEBUG - хо╜цЭ╛цибх╝Пш╖│ш┐Зя╝Ичмм77шбМя╝Йя╝МхЕищГих┐ЕхблхнЧцо╡ч╝║хд▒
2025-05-21 18:01:42,813 - DEBUG - хо╜цЭ╛цибх╝Пш╖│ш┐Зя╝Ичмм78шбМя╝Йя╝МхЕищГих┐ЕхблхнЧцо╡ч╝║хд▒
2025-05-21 18:01:42,813 - DEBUG - хо╜цЭ╛цибх╝Пш╖│ш┐Зя╝Ичмм79шбМя╝Йя╝МхЕищГих┐ЕхблхнЧцо╡ч╝║хд▒
2025-05-21 18:01:42,813 - DEBUG - хо╜цЭ╛цибх╝Пш╖│ш┐Зя╝Ичмм80шбМя╝Йя╝МхЕищГих┐ЕхблхнЧцо╡ч╝║хд▒
2025-05-21 18:01:42,813 - DEBUG - хо╜цЭ╛цибх╝Пш╖│ш┐Зя╝Ичмм81шбМя╝Йя╝МхЕищГих┐ЕхблхнЧцо╡ч╝║хд▒
2025-05-21 18:01:42,813 - DEBUG - хо╜цЭ╛цибх╝Пш╖│ш┐Зя╝Ичмм82шбМя╝Йя╝МхЕищГих┐ЕхблхнЧцо╡ч╝║хд▒
2025-05-21 18:01:42,813 - DEBUG - хо╜цЭ╛цибх╝Пш╖│ш┐Зя╝Ичмм83шбМя╝Йя╝МхЕищГих┐ЕхблхнЧцо╡ч╝║хд▒
2025-05-21 18:01:42,814 - DEBUG - хо╜цЭ╛цибх╝Пш╖│ш┐Зя╝Ичмм84шбМя╝Йя╝МхЕищГих┐ЕхблхнЧцо╡ч╝║хд▒
2025-05-21 18:01:42,814 - DEBUG - хо╜цЭ╛цибх╝Пш╖│ш┐Зя╝Ичмм85шбМя╝Йя╝МхЕищГих┐ЕхблхнЧцо╡ч╝║хд▒
2025-05-21 18:01:42,814 - DEBUG - хо╜цЭ╛цибх╝Пш╖│ш┐Зя╝Ичмм86шбМя╝Йя╝МхЕищГих┐ЕхблхнЧцо╡ч╝║хд▒
2025-05-21 18:01:42,814 - DEBUG - хо╜цЭ╛цибх╝Пш╖│ш┐Зя╝Ичмм87шбМя╝Йя╝МхЕищГих┐ЕхблхнЧцо╡ч╝║хд▒
2025-05-21 18:01:42,814 - DEBUG - хо╜цЭ╛цибх╝Пш╖│ш┐Зя╝Ичмм88шбМя╝Йя╝МхЕищГих┐ЕхблхнЧцо╡ч╝║хд▒
2025-05-21 18:01:42,814 - DEBUG - хо╜цЭ╛цибх╝Пш╖│ш┐Зя╝Ичмм89шбМя╝Йя╝МхЕищГих┐ЕхблхнЧцо╡ч╝║хд▒
2025-05-21 18:01:42,814 - DEBUG - хо╜цЭ╛цибх╝Пш╖│ш┐Зя╝Ичмм90шбМя╝Йя╝МхЕищГих┐ЕхблхнЧцо╡ч╝║хд▒
2025-05-21 18:01:42,814 - DEBUG - хо╜цЭ╛цибх╝Пш╖│ш┐Зя╝Ичмм91шбМя╝Йя╝МхЕищГих┐ЕхблхнЧцо╡ч╝║хд▒
2025-05-21 18:01:42,814 - DEBUG - хо╜цЭ╛цибх╝Пш╖│ш┐Зя╝Ичмм92шбМя╝Йя╝МхЕищГих┐ЕхблхнЧцо╡ч╝║хд▒
2025-05-21 18:01:42,815 - DEBUG - хо╜цЭ╛цибх╝Пш╖│ш┐Зя╝Ичмм93шбМя╝Йя╝МхЕищГих┐ЕхблхнЧцо╡ч╝║хд▒
2025-05-21 18:01:42,815 - DEBUG - хо╜цЭ╛цибх╝Пш╖│ш┐Зя╝Ичмм94шбМя╝Йя╝МхЕищГих┐ЕхблхнЧцо╡ч╝║хд▒
2025-05-21 18:01:42,815 - DEBUG - хо╜цЭ╛цибх╝Пш╖│ш┐Зя╝Ичмм95шбМя╝Йя╝МхЕищГих┐ЕхблхнЧцо╡ч╝║хд▒
2025-05-21 18:01:42,815 - DEBUG - хо╜цЭ╛цибх╝Пш╖│ш┐Зя╝Ичмм96шбМя╝Йя╝МхЕищГих┐ЕхблхнЧцо╡ч╝║хд▒
2025-05-21 18:01:42,815 - DEBUG - хо╜цЭ╛цибх╝Пш╖│ш┐Зя╝Ичмм97шбМя╝Йя╝МхЕищГих┐ЕхблхнЧцо╡ч╝║хд▒
2025-05-21 18:01:42,815 - DEBUG - хо╜цЭ╛цибх╝Пш╖│ш┐Зя╝Ичмм98шбМя╝Йя╝МхЕищГих┐ЕхблхнЧцо╡ч╝║хд▒
2025-05-21 18:01:42,816 - DEBUG - хо╜цЭ╛цибх╝Пш╖│ш┐Зя╝Ичмм99шбМя╝Йя╝МхЕищГих┐ЕхблхнЧцо╡ч╝║хд▒
2025-05-21 18:01:42,816 - DEBUG - хо╜цЭ╛цибх╝Пш╖│ш┐Зя╝Ичмм100шбМя╝Йя╝МхЕищГих┐ЕхблхнЧцо╡ч╝║хд▒
2025-05-21 18:01:42,816 - DEBUG - хо╜цЭ╛цибх╝Пш╖│ш┐Зя╝Ичмм101шбМя╝Йя╝МхЕищГих┐ЕхблхнЧцо╡ч╝║хд▒
2025-05-21 18:01:42,816 - DEBUG - хо╜цЭ╛цибх╝Пш╖│ш┐Зя╝Ичмм102шбМя╝Йя╝МхЕищГих┐ЕхблхнЧцо╡ч╝║хд▒
2025-05-21 18:01:42,816 - DEBUG - хо╜цЭ╛цибх╝Пш╖│ш┐Зя╝Ичмм103шбМя╝Йя╝МхЕищГих┐ЕхблхнЧцо╡ч╝║хд▒
2025-05-21 18:01:42,816 - DEBUG - хо╜цЭ╛цибх╝Пш╖│ш┐Зя╝Ичмм104шбМя╝Йя╝МхЕищГих┐ЕхблхнЧцо╡ч╝║хд▒
2025-05-21 18:01:42,817 - DEBUG - хо╜цЭ╛цибх╝Пш╖│ш┐Зя╝Ичмм105шбМя╝Йя╝МхЕищГих┐ЕхблхнЧцо╡ч╝║хд▒
2025-05-21 18:01:42,817 - DEBUG - хо╜цЭ╛цибх╝Пш╖│ш┐Зя╝Ичмм106шбМя╝Йя╝МхЕищГих┐ЕхблхнЧцо╡ч╝║хд▒
2025-05-21 18:01:42,817 - DEBUG - хо╜цЭ╛цибх╝Пш╖│ш┐Зя╝Ичмм107шбМя╝Йя╝МхЕищГих┐ЕхблхнЧцо╡ч╝║хд▒
2025-05-21 18:01:42,817 - DEBUG - хо╜цЭ╛цибх╝Пш╖│ш┐Зя╝Ичмм108шбМя╝Йя╝МхЕищГих┐ЕхблхнЧцо╡ч╝║хд▒
2025-05-21 18:01:42,817 - DEBUG - хо╜цЭ╛цибх╝Пш╖│ш┐Зя╝Ичмм109шбМя╝Йя╝МхЕищГих┐ЕхблхнЧцо╡ч╝║хд▒
2025-05-21 18:01:42,817 - DEBUG - хо╜цЭ╛цибх╝Пш╖│ш┐Зя╝Ичмм110шбМя╝Йя╝МхЕищГих┐ЕхблхнЧцо╡ч╝║хд▒
2025-05-21 18:01:42,817 - DEBUG - хо╜цЭ╛цибх╝Пш╖│ш┐Зя╝Ичмм111шбМя╝Йя╝МхЕищГих┐ЕхблхнЧцо╡ч╝║хд▒
2025-05-21 18:01:42,817 - DEBUG - хо╜цЭ╛цибх╝Пш╖│ш┐Зя╝Ичмм112шбМя╝Йя╝МхЕищГих┐ЕхблхнЧцо╡ч╝║хд▒
2025-05-21 18:01:42,817 - DEBUG - хо╜цЭ╛цибх╝Пш╖│ш┐Зя╝Ичмм113шбМя╝Йя╝МхЕищГих┐ЕхблхнЧцо╡ч╝║хд▒
2025-05-21 18:01:42,818 - DEBUG - хо╜цЭ╛цибх╝Пш╖│ш┐Зя╝Ичмм114шбМя╝Йя╝МхЕищГих┐ЕхблхнЧцо╡ч╝║хд▒
2025-05-21 18:01:42,818 - DEBUG - хо╜цЭ╛цибх╝Пш╖│ш┐Зя╝Ичмм115шбМя╝Йя╝МхЕищГих┐ЕхблхнЧцо╡ч╝║хд▒
2025-05-21 18:01:42,818 - DEBUG - хо╜цЭ╛цибх╝Пш╖│ш┐Зя╝Ичмм116шбМя╝Йя╝МхЕищГих┐ЕхблхнЧцо╡ч╝║хд▒
2025-05-21 18:01:42,818 - DEBUG - хо╜цЭ╛цибх╝Пш╖│ш┐Зя╝Ичмм117шбМя╝Йя╝МхЕищГих┐ЕхблхнЧцо╡ч╝║хд▒
2025-05-21 18:01:42,818 - DEBUG - хо╜цЭ╛цибх╝Пш╖│ш┐Зя╝Ичмм118шбМя╝Йя╝МхЕищГих┐ЕхблхнЧцо╡ч╝║хд▒
2025-05-21 18:01:42,818 - DEBUG - хо╜цЭ╛цибх╝Пш╖│ш┐Зя╝Ичмм119шбМя╝Йя╝МхЕищГих┐ЕхблхнЧцо╡ч╝║хд▒
2025-05-21 18:01:42,818 - DEBUG - хо╜цЭ╛цибх╝Пш╖│ш┐Зя╝Ичмм120шбМя╝Йя╝МхЕищГих┐ЕхблхнЧцо╡ч╝║хд▒
2025-05-21 18:01:42,818 - DEBUG - хо╜цЭ╛цибх╝Пш╖│ш┐Зя╝Ичмм121шбМя╝Йя╝МхЕищГих┐ЕхблхнЧцо╡ч╝║хд▒
2025-05-21 18:01:42,818 - DEBUG - хо╜цЭ╛цибх╝Пш╖│ш┐Зя╝Ичмм122шбМя╝Йя╝МхЕищГих┐ЕхблхнЧцо╡ч╝║хд▒
2025-05-21 18:01:42,818 - DEBUG - хо╜цЭ╛цибх╝Пш╖│ш┐Зя╝Ичмм123шбМя╝Йя╝МхЕищГих┐ЕхблхнЧцо╡ч╝║хд▒
2025-05-21 18:01:42,819 - DEBUG - хо╜цЭ╛цибх╝Пш╖│ш┐Зя╝Ичмм124шбМя╝Йя╝МхЕищГих┐ЕхблхнЧцо╡ч╝║хд▒
2025-05-21 18:01:42,819 - DEBUG - хо╜цЭ╛цибх╝Пш╖│ш┐Зя╝Ичмм125шбМя╝Йя╝МхЕищГих┐ЕхблхнЧцо╡ч╝║хд▒
2025-05-21 18:01:42,819 - DEBUG - хо╜цЭ╛цибх╝Пш╖│ш┐Зя╝Ичмм126шбМя╝Йя╝МхЕищГих┐ЕхблхнЧцо╡ч╝║хд▒
2025-05-21 18:01:42,819 - DEBUG - хо╜цЭ╛цибх╝Пш╖│ш┐Зя╝Ичмм127шбМя╝Йя╝МхЕищГих┐ЕхблхнЧцо╡ч╝║хд▒
2025-05-21 18:01:42,819 - DEBUG - хо╜цЭ╛цибх╝Пш╖│ш┐Зя╝Ичмм128шбМя╝Йя╝МхЕищГих┐ЕхблхнЧцо╡ч╝║хд▒
2025-05-21 18:01:42,819 - DEBUG - хо╜цЭ╛цибх╝Пш╖│ш┐Зя╝Ичмм129шбМя╝Йя╝МхЕищГих┐ЕхблхнЧцо╡ч╝║хд▒
2025-05-21 18:01:42,819 - DEBUG - хо╜цЭ╛цибх╝Пш╖│ш┐Зя╝Ичмм130шбМя╝Йя╝МхЕищГих┐ЕхблхнЧцо╡ч╝║хд▒
2025-05-21 18:01:42,820 - DEBUG - хо╜цЭ╛цибх╝Пш╖│ш┐Зя╝Ичмм131шбМя╝Йя╝МхЕищГих┐ЕхблхнЧцо╡ч╝║хд▒
2025-05-21 18:01:42,821 - DEBUG - хо╜цЭ╛цибх╝Пш╖│ш┐Зя╝Ичмм132шбМя╝Йя╝МхЕищГих┐ЕхблхнЧцо╡ч╝║хд▒
2025-05-21 18:01:42,821 - DEBUG - хо╜цЭ╛цибх╝Пш╖│ш┐Зя╝Ичмм133шбМя╝Йя╝МхЕищГих┐ЕхблхнЧцо╡ч╝║хд▒
2025-05-21 18:01:42,821 - DEBUG - хо╜цЭ╛цибх╝Пш╖│ш┐Зя╝Ичмм134шбМя╝Йя╝МхЕищГих┐ЕхблхнЧцо╡ч╝║хд▒
2025-05-21 18:01:42,821 - DEBUG - хо╜цЭ╛цибх╝Пш╖│ш┐Зя╝Ичмм135шбМя╝Йя╝МхЕищГих┐ЕхблхнЧцо╡ч╝║хд▒
2025-05-21 18:01:42,821 - DEBUG - хо╜цЭ╛цибх╝Пш╖│ш┐Зя╝Ичмм136шбМя╝Йя╝МхЕищГих┐ЕхблхнЧцо╡ч╝║хд▒
2025-05-21 18:01:42,822 - DEBUG - хо╜цЭ╛цибх╝Пш╖│ш┐Зя╝Ичмм137шбМя╝Йя╝МхЕищГих┐ЕхблхнЧцо╡ч╝║хд▒
2025-05-21 18:01:42,822 - DEBUG - хо╜цЭ╛цибх╝Пш╖│ш┐Зя╝Ичмм138шбМя╝Йя╝МхЕищГих┐ЕхблхнЧцо╡ч╝║хд▒
2025-05-21 18:01:42,822 - DEBUG - хо╜цЭ╛цибх╝Пш╖│ш┐Зя╝Ичмм139шбМя╝Йя╝МхЕищГих┐ЕхблхнЧцо╡ч╝║хд▒
2025-05-21 18:01:42,822 - DEBUG - хо╜цЭ╛цибх╝Пш╖│ш┐Зя╝Ичмм140шбМя╝Йя╝МхЕищГих┐ЕхблхнЧцо╡ч╝║хд▒
2025-05-21 18:01:42,822 - DEBUG - хо╜цЭ╛цибх╝Пш╖│ш┐Зя╝Ичмм141шбМя╝Йя╝МхЕищГих┐ЕхблхнЧцо╡ч╝║хд▒
2025-05-21 18:01:42,822 - DEBUG - хо╜цЭ╛цибх╝Пш╖│ш┐Зя╝Ичмм142шбМя╝Йя╝МхЕищГих┐ЕхблхнЧцо╡ч╝║хд▒
2025-05-21 18:01:42,822 - DEBUG - хо╜цЭ╛цибх╝Пш╖│ш┐Зя╝Ичмм143шбМя╝Йя╝МхЕищГих┐ЕхблхнЧцо╡ч╝║хд▒
2025-05-21 18:01:42,822 - DEBUG - хо╜цЭ╛цибх╝Пш╖│ш┐Зя╝Ичмм144шбМя╝Йя╝МхЕищГих┐ЕхблхнЧцо╡ч╝║хд▒
2025-05-21 18:01:42,823 - DEBUG - хо╜цЭ╛цибх╝Пш╖│ш┐Зя╝Ичмм145шбМя╝Йя╝МхЕищГих┐ЕхблхнЧцо╡ч╝║хд▒
2025-05-21 18:01:42,823 - DEBUG - хо╜цЭ╛цибх╝Пш╖│ш┐Зя╝Ичмм146шбМя╝Йя╝МхЕищГих┐ЕхблхнЧцо╡ч╝║хд▒
2025-05-21 18:01:42,823 - DEBUG - хо╜цЭ╛цибх╝Пш╖│ш┐Зя╝Ичмм147шбМя╝Йя╝МхЕищГих┐ЕхблхнЧцо╡ч╝║хд▒
2025-05-21 18:01:42,823 - DEBUG - хо╜цЭ╛цибх╝Пш╖│ш┐Зя╝Ичмм148шбМя╝Йя╝МхЕищГих┐ЕхблхнЧцо╡ч╝║хд▒
2025-05-21 18:01:42,823 - DEBUG - хо╜цЭ╛цибх╝Пш╖│ш┐Зя╝Ичмм149шбМя╝Йя╝МхЕищГих┐ЕхблхнЧцо╡ч╝║хд▒
2025-05-21 18:01:42,823 - DEBUG - хо╜цЭ╛цибх╝Пш╖│ш┐Зя╝Ичмм150шбМя╝Йя╝МхЕищГих┐ЕхблхнЧцо╡ч╝║хд▒
2025-05-21 18:01:42,823 - DEBUG - хо╜цЭ╛цибх╝Пш╖│ш┐Зя╝Ичмм151шбМя╝Йя╝МхЕищГих┐ЕхблхнЧцо╡ч╝║хд▒
2025-05-21 18:01:42,823 - DEBUG - хо╜цЭ╛цибх╝Пш╖│ш┐Зя╝Ичмм152шбМя╝Йя╝МхЕищГих┐ЕхблхнЧцо╡ч╝║хд▒
2025-05-21 18:01:42,823 - DEBUG - хо╜цЭ╛цибх╝Пш╖│ш┐Зя╝Ичмм153шбМя╝Йя╝МхЕищГих┐ЕхблхнЧцо╡ч╝║хд▒
2025-05-21 18:01:42,824 - DEBUG - хо╜цЭ╛цибх╝Пш╖│ш┐Зя╝Ичмм154шбМя╝Йя╝МхЕищГих┐ЕхблхнЧцо╡ч╝║хд▒
2025-05-21 18:01:42,824 - DEBUG - хо╜цЭ╛цибх╝Пш╖│ш┐Зя╝Ичмм155шбМя╝Йя╝МхЕищГих┐ЕхблхнЧцо╡ч╝║хд▒
2025-05-21 18:01:42,824 - DEBUG - хо╜цЭ╛цибх╝Пш╖│ш┐Зя╝Ичмм156шбМя╝Йя╝МхЕищГих┐ЕхблхнЧцо╡ч╝║хд▒
2025-05-21 18:01:42,824 - DEBUG - хо╜цЭ╛цибх╝Пш╖│ш┐Зя╝Ичмм157шбМя╝Йя╝МхЕищГих┐ЕхблхнЧцо╡ч╝║хд▒
2025-05-21 18:01:42,824 - DEBUG - хо╜цЭ╛цибх╝Пш╖│ш┐Зя╝Ичмм158шбМя╝Йя╝МхЕищГих┐ЕхблхнЧцо╡ч╝║хд▒
2025-05-21 18:01:42,824 - DEBUG - хо╜цЭ╛цибх╝Пш╖│ш┐Зя╝Ичмм159шбМя╝Йя╝МхЕищГих┐ЕхблхнЧцо╡ч╝║хд▒
2025-05-21 18:01:42,824 - DEBUG - хо╜цЭ╛цибх╝Пш╖│ш┐Зя╝Ичмм160шбМя╝Йя╝МхЕищГих┐ЕхблхнЧцо╡ч╝║хд▒
2025-05-21 18:01:42,824 - DEBUG - хо╜цЭ╛цибх╝Пш╖│ш┐Зя╝Ичмм161шбМя╝Йя╝МхЕищГих┐ЕхблхнЧцо╡ч╝║хд▒
2025-05-21 18:01:42,824 - DEBUG - хо╜цЭ╛цибх╝Пш╖│ш┐Зя╝Ичмм162шбМя╝Йя╝МхЕищГих┐ЕхблхнЧцо╡ч╝║хд▒
2025-05-21 18:01:42,825 - DEBUG - хо╜цЭ╛цибх╝Пш╖│ш┐Зя╝Ичмм163шбМя╝Йя╝МхЕищГих┐ЕхблхнЧцо╡ч╝║хд▒
2025-05-21 18:01:42,825 - DEBUG - хо╜цЭ╛цибх╝Пш╖│ш┐Зя╝Ичмм164шбМя╝Йя╝МхЕищГих┐ЕхблхнЧцо╡ч╝║хд▒
2025-05-21 18:01:42,825 - DEBUG - хо╜цЭ╛цибх╝Пш╖│ш┐Зя╝Ичмм165шбМя╝Йя╝МхЕищГих┐ЕхблхнЧцо╡ч╝║хд▒
2025-05-21 18:01:42,825 - DEBUG - хо╜цЭ╛цибх╝Пш╖│ш┐Зя╝Ичмм166шбМя╝Йя╝МхЕищГих┐ЕхблхнЧцо╡ч╝║хд▒
2025-05-21 18:01:42,826 - DEBUG - хо╜цЭ╛цибх╝Пш╖│ш┐Зя╝Ичмм167шбМя╝Йя╝МхЕищГих┐ЕхблхнЧцо╡ч╝║хд▒
2025-05-21 18:01:42,826 - DEBUG - хо╜цЭ╛цибх╝Пш╖│ш┐Зя╝Ичмм168шбМя╝Йя╝МхЕищГих┐ЕхблхнЧцо╡ч╝║хд▒
2025-05-21 18:01:42,826 - DEBUG - хо╜цЭ╛цибх╝Пш╖│ш┐Зя╝Ичмм169шбМя╝Йя╝МхЕищГих┐ЕхблхнЧцо╡ч╝║хд▒
2025-05-21 18:01:42,826 - DEBUG - хо╜цЭ╛цибх╝Пш╖│ш┐Зя╝Ичмм170шбМя╝Йя╝МхЕищГих┐ЕхблхнЧцо╡ч╝║хд▒
2025-05-21 18:01:42,826 - DEBUG - хо╜цЭ╛цибх╝Пш╖│ш┐Зя╝Ичмм171шбМя╝Йя╝МхЕищГих┐ЕхблхнЧцо╡ч╝║хд▒
2025-05-21 18:01:42,826 - DEBUG - хо╜цЭ╛цибх╝Пш╖│ш┐Зя╝Ичмм172шбМя╝Йя╝МхЕищГих┐ЕхблхнЧцо╡ч╝║хд▒
2025-05-21 18:01:42,826 - DEBUG - хо╜цЭ╛цибх╝Пш╖│ш┐Зя╝Ичмм173шбМя╝Йя╝МхЕищГих┐ЕхблхнЧцо╡ч╝║хд▒
2025-05-21 18:01:42,826 - DEBUG - хо╜цЭ╛цибх╝Пш╖│ш┐Зя╝Ичмм174шбМя╝Йя╝МхЕищГих┐ЕхблхнЧцо╡ч╝║хд▒
2025-05-21 18:01:42,826 - DEBUG - хо╜цЭ╛цибх╝Пш╖│ш┐Зя╝Ичмм175шбМя╝Йя╝МхЕищГих┐ЕхблхнЧцо╡ч╝║хд▒
2025-05-21 18:01:42,827 - DEBUG - хо╜цЭ╛цибх╝Пш╖│ш┐Зя╝Ичмм176шбМя╝Йя╝МхЕищГих┐ЕхблхнЧцо╡ч╝║хд▒
2025-05-21 18:01:42,827 - DEBUG - хо╜цЭ╛цибх╝Пш╖│ш┐Зя╝Ичмм177шбМя╝Йя╝МхЕищГих┐ЕхблхнЧцо╡ч╝║хд▒
2025-05-21 18:01:42,827 - DEBUG - хо╜цЭ╛цибх╝Пш╖│ш┐Зя╝Ичмм178шбМя╝Йя╝МхЕищГих┐ЕхблхнЧцо╡ч╝║хд▒
2025-05-21 18:01:42,827 - DEBUG - хо╜цЭ╛цибх╝Пш╖│ш┐Зя╝Ичмм179шбМя╝Йя╝МхЕищГих┐ЕхблхнЧцо╡ч╝║хд▒
2025-05-21 18:01:42,827 - DEBUG - хо╜цЭ╛цибх╝Пш╖│ш┐Зя╝Ичмм180шбМя╝Йя╝МхЕищГих┐ЕхблхнЧцо╡ч╝║хд▒
2025-05-21 18:01:42,827 - DEBUG - хо╜цЭ╛цибх╝Пш╖│ш┐Зя╝Ичмм181шбМя╝Йя╝МхЕищГих┐ЕхблхнЧцо╡ч╝║хд▒
2025-05-21 18:01:42,827 - DEBUG - хо╜цЭ╛цибх╝Пш╖│ш┐Зя╝Ичмм182шбМя╝Йя╝МхЕищГих┐ЕхблхнЧцо╡ч╝║хд▒
2025-05-21 18:01:42,827 - DEBUG - хо╜цЭ╛цибх╝Пш╖│ш┐Зя╝Ичмм183шбМя╝Йя╝МхЕищГих┐ЕхблхнЧцо╡ч╝║хд▒
2025-05-21 18:01:42,828 - DEBUG - хо╜цЭ╛цибх╝Пш╖│ш┐Зя╝Ичмм184шбМя╝Йя╝МхЕищГих┐ЕхблхнЧцо╡ч╝║хд▒
2025-05-21 18:01:42,828 - DEBUG - хо╜цЭ╛цибх╝Пш╖│ш┐Зя╝Ичмм185шбМя╝Йя╝МхЕищГих┐ЕхблхнЧцо╡ч╝║хд▒
2025-05-21 18:01:42,828 - DEBUG - хо╜цЭ╛цибх╝Пш╖│ш┐Зя╝Ичмм186шбМя╝Йя╝МхЕищГих┐ЕхблхнЧцо╡ч╝║хд▒
2025-05-21 18:01:42,828 - DEBUG - хо╜цЭ╛цибх╝Пш╖│ш┐Зя╝Ичмм187шбМя╝Йя╝МхЕищГих┐ЕхблхнЧцо╡ч╝║хд▒
2025-05-21 18:01:42,828 - DEBUG - ЁЯУЛ х╝АхзЛшзгцЮРцЦЗф╗╢d:\pyscript\SNT\res\SDMC 250520_PendingPoSnt.xlsx
2025-05-21 18:01:42,831 - DEBUG - хо╜цЭ╛цибх╝Пш╖│ш┐Зя╝Ичмм2шбМя╝Йя╝МхЕищГих┐ЕхблхнЧцо╡ч╝║хд▒
2025-05-21 18:01:42,831 - DEBUG - хо╜цЭ╛цибх╝Пш╖│ш┐Зя╝Ичмм3шбМя╝Йя╝МхЕищГих┐ЕхблхнЧцо╡ч╝║хд▒
2025-05-21 18:01:42,831 - DEBUG - хо╜цЭ╛цибх╝Пш╖│ш┐Зя╝Ичмм4шбМя╝Йя╝МхЕищГих┐ЕхблхнЧцо╡ч╝║хд▒
2025-05-21 18:01:42,831 - DEBUG - хо╜цЭ╛цибх╝Пш╖│ш┐Зя╝Ичмм5шбМя╝Йя╝МхЕищГих┐ЕхблхнЧцо╡ч╝║хд▒
2025-05-21 18:01:42,831 - DEBUG - хо╜цЭ╛цибх╝Пш╖│ш┐Зя╝Ичмм6шбМя╝Йя╝МхЕищГих┐ЕхблхнЧцо╡ч╝║хд▒
2025-05-21 18:01:42,831 - DEBUG - хо╜цЭ╛цибх╝Пш╖│ш┐Зя╝Ичмм7шбМя╝Йя╝МхЕищГих┐ЕхблхнЧцо╡ч╝║хд▒
2025-05-21 18:01:42,831 - DEBUG - хо╜цЭ╛цибх╝Пш╖│ш┐Зя╝Ичмм8шбМя╝Йя╝МхЕищГих┐ЕхблхнЧцо╡ч╝║хд▒
2025-05-21 18:01:42,831 - DEBUG - хо╜цЭ╛цибх╝Пш╖│ш┐Зя╝Ичмм9шбМя╝Йя╝МхЕищГих┐ЕхблхнЧцо╡ч╝║хд▒
2025-05-21 18:01:42,832 - DEBUG - хо╜цЭ╛цибх╝Пш╖│ш┐Зя╝Ичмм10шбМя╝Йя╝МхЕищГих┐ЕхблхнЧцо╡ч╝║хд▒
2025-05-21 18:01:42,832 - DEBUG - хо╜цЭ╛цибх╝Пш╖│ш┐Зя╝Ичмм11шбМя╝Йя╝МхЕищГих┐ЕхблхнЧцо╡ч╝║хд▒
2025-05-21 18:01:42,832 - DEBUG - хо╜цЭ╛цибх╝Пш╖│ш┐Зя╝Ичмм12шбМя╝Йя╝МхЕищГих┐ЕхблхнЧцо╡ч╝║хд▒
2025-05-21 18:01:42,832 - DEBUG - хо╜цЭ╛цибх╝Пш╖│ш┐Зя╝Ичмм13шбМя╝Йя╝МхЕищГих┐ЕхблхнЧцо╡ч╝║хд▒
2025-05-21 18:01:42,832 - DEBUG - хо╜цЭ╛цибх╝Пш╖│ш┐Зя╝Ичмм14шбМя╝Йя╝МхЕищГих┐ЕхблхнЧцо╡ч╝║хд▒
2025-05-21 18:01:42,832 - DEBUG - хо╜цЭ╛цибх╝Пш╖│ш┐Зя╝Ичмм15шбМя╝Йя╝МхЕищГих┐ЕхблхнЧцо╡ч╝║хд▒
2025-05-21 18:01:42,832 - DEBUG - хо╜цЭ╛цибх╝Пш╖│ш┐Зя╝Ичмм16шбМя╝Йя╝МхЕищГих┐ЕхблхнЧцо╡ч╝║хд▒
2025-05-21 18:01:42,832 - DEBUG - хо╜цЭ╛цибх╝Пш╖│ш┐Зя╝Ичмм17шбМя╝Йя╝МхЕищГих┐ЕхблхнЧцо╡ч╝║хд▒
2025-05-21 18:01:42,832 - DEBUG - хо╜цЭ╛цибх╝Пш╖│ш┐Зя╝Ичмм18шбМя╝Йя╝МхЕищГих┐ЕхблхнЧцо╡ч╝║хд▒
2025-05-21 18:01:42,833 - DEBUG - хо╜цЭ╛цибх╝Пш╖│ш┐Зя╝Ичмм19шбМя╝Йя╝МхЕищГих┐ЕхблхнЧцо╡ч╝║хд▒
2025-05-21 18:01:42,833 - DEBUG - хо╜цЭ╛цибх╝Пш╖│ш┐Зя╝Ичмм20шбМя╝Йя╝МхЕищГих┐ЕхблхнЧцо╡ч╝║хд▒
2025-05-21 18:01:42,833 - DEBUG - хо╜цЭ╛цибх╝Пш╖│ш┐Зя╝Ичмм21шбМя╝Йя╝МхЕищГих┐ЕхблхнЧцо╡ч╝║хд▒
2025-05-21 18:01:42,833 - DEBUG - хо╜цЭ╛цибх╝Пш╖│ш┐Зя╝Ичмм22шбМя╝Йя╝МхЕищГих┐ЕхблхнЧцо╡ч╝║хд▒
2025-05-21 18:01:42,833 - DEBUG - хо╜цЭ╛цибх╝Пш╖│ш┐Зя╝Ичмм23шбМя╝Йя╝МхЕищГих┐ЕхблхнЧцо╡ч╝║хд▒
2025-05-21 18:01:42,833 - DEBUG - хо╜цЭ╛цибх╝Пш╖│ш┐Зя╝Ичмм24шбМя╝Йя╝МхЕищГих┐ЕхблхнЧцо╡ч╝║хд▒
2025-05-21 18:01:42,833 - DEBUG - хо╜цЭ╛цибх╝Пш╖│ш┐Зя╝Ичмм25шбМя╝Йя╝МхЕищГих┐ЕхблхнЧцо╡ч╝║хд▒
2025-05-21 18:01:42,833 - DEBUG - хо╜цЭ╛цибх╝Пш╖│ш┐Зя╝Ичмм26шбМя╝Йя╝МхЕищГих┐ЕхблхнЧцо╡ч╝║хд▒
2025-05-21 18:01:42,833 - DEBUG - хо╜цЭ╛цибх╝Пш╖│ш┐Зя╝Ичмм27шбМя╝Йя╝МхЕищГих┐ЕхблхнЧцо╡ч╝║хд▒
2025-05-21 18:01:42,834 - DEBUG - хо╜цЭ╛цибх╝Пш╖│ш┐Зя╝Ичмм28шбМя╝Йя╝МхЕищГих┐ЕхблхнЧцо╡ч╝║хд▒
2025-05-21 18:01:42,834 - DEBUG - хо╜цЭ╛цибх╝Пш╖│ш┐Зя╝Ичмм29шбМя╝Йя╝МхЕищГих┐ЕхблхнЧцо╡ч╝║хд▒
2025-05-21 18:01:42,834 - DEBUG - хо╜цЭ╛цибх╝Пш╖│ш┐Зя╝Ичмм30шбМя╝Йя╝МхЕищГих┐ЕхблхнЧцо╡ч╝║хд▒
2025-05-21 18:01:42,834 - DEBUG - хо╜цЭ╛цибх╝Пш╖│ш┐Зя╝Ичмм31шбМя╝Йя╝МхЕищГих┐ЕхблхнЧцо╡ч╝║хд▒
2025-05-21 18:01:42,834 - DEBUG - хо╜цЭ╛цибх╝Пш╖│ш┐Зя╝Ичмм32шбМя╝Йя╝МхЕищГих┐ЕхблхнЧцо╡ч╝║хд▒
2025-05-21 18:01:42,834 - DEBUG - хо╜цЭ╛цибх╝Пш╖│ш┐Зя╝Ичмм33шбМя╝Йя╝МхЕищГих┐ЕхблхнЧцо╡ч╝║хд▒
2025-05-21 18:01:42,834 - DEBUG - хо╜цЭ╛цибх╝Пш╖│ш┐Зя╝Ичмм34шбМя╝Йя╝МхЕищГих┐ЕхблхнЧцо╡ч╝║хд▒
2025-05-21 18:01:42,834 - DEBUG - хо╜цЭ╛цибх╝Пш╖│ш┐Зя╝Ичмм35шбМя╝Йя╝МхЕищГих┐ЕхблхнЧцо╡ч╝║хд▒
2025-05-21 18:01:42,834 - DEBUG - хо╜цЭ╛цибх╝Пш╖│ш┐Зя╝Ичмм36шбМя╝Йя╝МхЕищГих┐ЕхблхнЧцо╡ч╝║хд▒
2025-05-21 18:01:42,835 - DEBUG - хо╜цЭ╛цибх╝Пш╖│ш┐Зя╝Ичмм37шбМя╝Йя╝МхЕищГих┐ЕхблхнЧцо╡ч╝║хд▒
2025-05-21 18:01:42,835 - DEBUG - хо╜цЭ╛цибх╝Пш╖│ш┐Зя╝Ичмм38шбМя╝Йя╝МхЕищГих┐ЕхблхнЧцо╡ч╝║хд▒
2025-05-21 18:01:42,835 - DEBUG - хо╜цЭ╛цибх╝Пш╖│ш┐Зя╝Ичмм39шбМя╝Йя╝МхЕищГих┐ЕхблхнЧцо╡ч╝║хд▒
2025-05-21 18:01:42,836 - DEBUG - хо╜цЭ╛цибх╝Пш╖│ш┐Зя╝Ичмм40шбМя╝Йя╝МхЕищГих┐ЕхблхнЧцо╡ч╝║хд▒
2025-05-21 18:01:42,836 - DEBUG - хо╜цЭ╛цибх╝Пш╖│ш┐Зя╝Ичмм41шбМя╝Йя╝МхЕищГих┐ЕхблхнЧцо╡ч╝║хд▒
2025-05-21 18:01:42,836 - DEBUG - хо╜цЭ╛цибх╝Пш╖│ш┐Зя╝Ичмм42шбМя╝Йя╝МхЕищГих┐ЕхблхнЧцо╡ч╝║хд▒
2025-05-21 18:01:42,836 - DEBUG - хо╜цЭ╛цибх╝Пш╖│ш┐Зя╝Ичмм43шбМя╝Йя╝МхЕищГих┐ЕхблхнЧцо╡ч╝║хд▒
2025-05-21 18:01:42,836 - DEBUG - хо╜цЭ╛цибх╝Пш╖│ш┐Зя╝Ичмм44шбМя╝Йя╝МхЕищГих┐ЕхблхнЧцо╡ч╝║хд▒
2025-05-21 18:01:42,836 - DEBUG - хо╜цЭ╛цибх╝Пш╖│ш┐Зя╝Ичмм45шбМя╝Йя╝МхЕищГих┐ЕхблхнЧцо╡ч╝║хд▒
2025-05-21 18:01:42,836 - DEBUG - хо╜цЭ╛цибх╝Пш╖│ш┐Зя╝Ичмм46шбМя╝Йя╝МхЕищГих┐ЕхблхнЧцо╡ч╝║хд▒
2025-05-21 18:01:42,837 - DEBUG - хо╜цЭ╛цибх╝Пш╖│ш┐Зя╝Ичмм47шбМя╝Йя╝МхЕищГих┐ЕхблхнЧцо╡ч╝║хд▒
2025-05-21 18:01:42,837 - DEBUG - хо╜цЭ╛цибх╝Пш╖│ш┐Зя╝Ичмм48шбМя╝Йя╝МхЕищГих┐ЕхблхнЧцо╡ч╝║хд▒
2025-05-21 18:01:42,837 - DEBUG - хо╜цЭ╛цибх╝Пш╖│ш┐Зя╝Ичмм49шбМя╝Йя╝МхЕищГих┐ЕхблхнЧцо╡ч╝║хд▒
2025-05-21 18:01:42,837 - DEBUG - хо╜цЭ╛цибх╝Пш╖│ш┐Зя╝Ичмм50шбМя╝Йя╝МхЕищГих┐ЕхблхнЧцо╡ч╝║хд▒
2025-05-21 18:01:42,837 - DEBUG - хо╜цЭ╛цибх╝Пш╖│ш┐Зя╝Ичмм51шбМя╝Йя╝МхЕищГих┐ЕхблхнЧцо╡ч╝║хд▒
2025-05-21 18:01:42,837 - DEBUG - хо╜цЭ╛цибх╝Пш╖│ш┐Зя╝Ичмм52шбМя╝Йя╝МхЕищГих┐ЕхблхнЧцо╡ч╝║хд▒
2025-05-21 18:01:42,837 - DEBUG - хо╜цЭ╛цибх╝Пш╖│ш┐Зя╝Ичмм53шбМя╝Йя╝МхЕищГих┐ЕхблхнЧцо╡ч╝║хд▒
2025-05-21 18:01:42,838 - DEBUG - хо╜цЭ╛цибх╝Пш╖│ш┐Зя╝Ичмм54шбМя╝Йя╝МхЕищГих┐ЕхблхнЧцо╡ч╝║хд▒
2025-05-21 18:01:42,838 - DEBUG - хо╜цЭ╛цибх╝Пш╖│ш┐Зя╝Ичмм55шбМя╝Йя╝МхЕищГих┐ЕхблхнЧцо╡ч╝║хд▒
2025-05-21 18:01:42,838 - DEBUG - хо╜цЭ╛цибх╝Пш╖│ш┐Зя╝Ичмм56шбМя╝Йя╝МхЕищГих┐ЕхблхнЧцо╡ч╝║хд▒
2025-05-21 18:01:42,838 - DEBUG - хо╜цЭ╛цибх╝Пш╖│ш┐Зя╝Ичмм57шбМя╝Йя╝МхЕищГих┐ЕхблхнЧцо╡ч╝║хд▒
2025-05-21 18:01:42,838 - DEBUG - хо╜цЭ╛цибх╝Пш╖│ш┐Зя╝Ичмм58шбМя╝Йя╝МхЕищГих┐ЕхблхнЧцо╡ч╝║хд▒
2025-05-21 18:01:42,838 - DEBUG - хо╜цЭ╛цибх╝Пш╖│ш┐Зя╝Ичмм59шбМя╝Йя╝МхЕищГих┐ЕхблхнЧцо╡ч╝║хд▒
2025-05-21 18:01:42,838 - DEBUG - хо╜цЭ╛цибх╝Пш╖│ш┐Зя╝Ичмм60шбМя╝Йя╝МхЕищГих┐ЕхблхнЧцо╡ч╝║хд▒
2025-05-21 18:01:42,838 - DEBUG - хо╜цЭ╛цибх╝Пш╖│ш┐Зя╝Ичмм61шбМя╝Йя╝МхЕищГих┐ЕхблхнЧцо╡ч╝║хд▒
2025-05-21 18:01:42,838 - DEBUG - хо╜цЭ╛цибх╝Пш╖│ш┐Зя╝Ичмм62шбМя╝Йя╝МхЕищГих┐ЕхблхнЧцо╡ч╝║хд▒
2025-05-21 18:01:42,839 - DEBUG - хо╜цЭ╛цибх╝Пш╖│ш┐Зя╝Ичмм63шбМя╝Йя╝МхЕищГих┐ЕхблхнЧцо╡ч╝║хд▒
2025-05-21 18:01:42,839 - DEBUG - хо╜цЭ╛цибх╝Пш╖│ш┐Зя╝Ичмм64шбМя╝Йя╝МхЕищГих┐ЕхблхнЧцо╡ч╝║хд▒
2025-05-21 18:01:42,839 - DEBUG - хо╜цЭ╛цибх╝Пш╖│ш┐Зя╝Ичмм65шбМя╝Йя╝МхЕищГих┐ЕхблхнЧцо╡ч╝║хд▒
2025-05-21 18:01:42,839 - DEBUG - хо╜цЭ╛цибх╝Пш╖│ш┐Зя╝Ичмм66шбМя╝Йя╝МхЕищГих┐ЕхблхнЧцо╡ч╝║хд▒
2025-05-21 18:01:42,839 - DEBUG - хо╜цЭ╛цибх╝Пш╖│ш┐Зя╝Ичмм67шбМя╝Йя╝МхЕищГих┐ЕхблхнЧцо╡ч╝║хд▒
2025-05-21 18:01:42,839 - DEBUG - хо╜цЭ╛цибх╝Пш╖│ш┐Зя╝Ичмм68шбМя╝Йя╝МхЕищГих┐ЕхблхнЧцо╡ч╝║хд▒
2025-05-21 18:01:42,839 - DEBUG - хо╜цЭ╛цибх╝Пш╖│ш┐Зя╝Ичмм69шбМя╝Йя╝МхЕищГих┐ЕхблхнЧцо╡ч╝║хд▒
2025-05-21 18:01:42,839 - DEBUG - хо╜цЭ╛цибх╝Пш╖│ш┐Зя╝Ичмм70шбМя╝Йя╝МхЕищГих┐ЕхблхнЧцо╡ч╝║хд▒
2025-05-21 18:01:42,840 - DEBUG - хо╜цЭ╛цибх╝Пш╖│ш┐Зя╝Ичмм71шбМя╝Йя╝МхЕищГих┐ЕхблхнЧцо╡ч╝║хд▒
2025-05-21 18:01:42,840 - DEBUG - хо╜цЭ╛цибх╝Пш╖│ш┐Зя╝Ичмм72шбМя╝Йя╝МхЕищГих┐ЕхблхнЧцо╡ч╝║хд▒
2025-05-21 18:01:42,840 - DEBUG - хо╜цЭ╛цибх╝Пш╖│ш┐Зя╝Ичмм73шбМя╝Йя╝МхЕищГих┐ЕхблхнЧцо╡ч╝║хд▒
2025-05-21 18:01:42,840 - DEBUG - хо╜цЭ╛цибх╝Пш╖│ш┐Зя╝Ичмм74шбМя╝Йя╝МхЕищГих┐ЕхблхнЧцо╡ч╝║хд▒
2025-05-21 18:01:42,840 - DEBUG - хо╜цЭ╛цибх╝Пш╖│ш┐Зя╝Ичмм75шбМя╝Йя╝МхЕищГих┐ЕхблхнЧцо╡ч╝║хд▒
2025-05-21 18:01:42,840 - DEBUG - хо╜цЭ╛цибх╝Пш╖│ш┐Зя╝Ичмм76шбМя╝Йя╝МхЕищГих┐ЕхблхнЧцо╡ч╝║хд▒
2025-05-21 18:01:42,840 - DEBUG - хо╜цЭ╛цибх╝Пш╖│ш┐Зя╝Ичмм77шбМя╝Йя╝МхЕищГих┐ЕхблхнЧцо╡ч╝║хд▒
2025-05-21 18:01:42,840 - DEBUG - хо╜цЭ╛цибх╝Пш╖│ш┐Зя╝Ичмм78шбМя╝Йя╝МхЕищГих┐ЕхблхнЧцо╡ч╝║хд▒
2025-05-21 18:01:42,840 - DEBUG - хо╜цЭ╛цибх╝Пш╖│ш┐Зя╝Ичмм79шбМя╝Йя╝МхЕищГих┐ЕхблхнЧцо╡ч╝║хд▒
2025-05-21 18:01:42,841 - DEBUG - хо╜цЭ╛цибх╝Пш╖│ш┐Зя╝Ичмм80шбМя╝Йя╝МхЕищГих┐ЕхблхнЧцо╡ч╝║хд▒
2025-05-21 18:01:42,841 - DEBUG - хо╜цЭ╛цибх╝Пш╖│ш┐Зя╝Ичмм81шбМя╝Йя╝МхЕищГих┐ЕхблхнЧцо╡ч╝║хд▒
2025-05-21 18:01:42,841 - DEBUG - хо╜цЭ╛цибх╝Пш╖│ш┐Зя╝Ичмм82шбМя╝Йя╝МхЕищГих┐ЕхблхнЧцо╡ч╝║хд▒
2025-05-21 18:01:42,841 - DEBUG - хо╜цЭ╛цибх╝Пш╖│ш┐Зя╝Ичмм83шбМя╝Йя╝МхЕищГих┐ЕхблхнЧцо╡ч╝║хд▒
2025-05-21 18:01:42,842 - DEBUG - хо╜цЭ╛цибх╝Пш╖│ш┐Зя╝Ичмм84шбМя╝Йя╝МхЕищГих┐ЕхблхнЧцо╡ч╝║хд▒
2025-05-21 18:01:42,842 - DEBUG - хо╜цЭ╛цибх╝Пш╖│ш┐Зя╝Ичмм85шбМя╝Йя╝МхЕищГих┐ЕхблхнЧцо╡ч╝║хд▒
2025-05-21 18:01:42,842 - DEBUG - хо╜цЭ╛цибх╝Пш╖│ш┐Зя╝Ичмм86шбМя╝Йя╝МхЕищГих┐ЕхблхнЧцо╡ч╝║хд▒
2025-05-21 18:01:42,842 - DEBUG - хо╜цЭ╛цибх╝Пш╖│ш┐Зя╝Ичмм87шбМя╝Йя╝МхЕищГих┐ЕхблхнЧцо╡ч╝║хд▒
2025-05-21 18:01:42,842 - DEBUG - хо╜цЭ╛цибх╝Пш╖│ш┐Зя╝Ичмм88шбМя╝Йя╝МхЕищГих┐ЕхблхнЧцо╡ч╝║хд▒
2025-05-21 18:01:42,842 - DEBUG - хо╜цЭ╛цибх╝Пш╖│ш┐Зя╝Ичмм89шбМя╝Йя╝МхЕищГих┐ЕхблхнЧцо╡ч╝║хд▒
2025-05-21 18:01:42,842 - DEBUG - хо╜цЭ╛цибх╝Пш╖│ш┐Зя╝Ичмм90шбМя╝Йя╝МхЕищГих┐ЕхблхнЧцо╡ч╝║хд▒
2025-05-21 18:01:42,842 - DEBUG - хо╜цЭ╛цибх╝Пш╖│ш┐Зя╝Ичмм91шбМя╝Йя╝МхЕищГих┐ЕхблхнЧцо╡ч╝║хд▒
2025-05-21 18:01:42,842 - DEBUG - хо╜цЭ╛цибх╝Пш╖│ш┐Зя╝Ичмм92шбМя╝Йя╝МхЕищГих┐ЕхблхнЧцо╡ч╝║хд▒
2025-05-21 18:01:42,842 - DEBUG - хо╜цЭ╛цибх╝Пш╖│ш┐Зя╝Ичмм93шбМя╝Йя╝МхЕищГих┐ЕхблхнЧцо╡ч╝║хд▒
2025-05-21 18:01:42,843 - DEBUG - хо╜цЭ╛цибх╝Пш╖│ш┐Зя╝Ичмм94шбМя╝Йя╝МхЕищГих┐ЕхблхнЧцо╡ч╝║хд▒
2025-05-21 18:01:42,843 - DEBUG - хо╜цЭ╛цибх╝Пш╖│ш┐Зя╝Ичмм95шбМя╝Йя╝МхЕищГих┐ЕхблхнЧцо╡ч╝║хд▒
2025-05-21 18:01:42,843 - DEBUG - хо╜цЭ╛цибх╝Пш╖│ш┐Зя╝Ичмм96шбМя╝Йя╝МхЕищГих┐ЕхблхнЧцо╡ч╝║хд▒
2025-05-21 18:01:42,843 - DEBUG - хо╜цЭ╛цибх╝Пш╖│ш┐Зя╝Ичмм97шбМя╝Йя╝МхЕищГих┐ЕхблхнЧцо╡ч╝║хд▒
2025-05-21 18:01:42,843 - DEBUG - хо╜цЭ╛цибх╝Пш╖│ш┐Зя╝Ичмм98шбМя╝Йя╝МхЕищГих┐ЕхблхнЧцо╡ч╝║хд▒
2025-05-21 18:01:42,843 - DEBUG - хо╜цЭ╛цибх╝Пш╖│ш┐Зя╝Ичмм99шбМя╝Йя╝МхЕищГих┐ЕхблхнЧцо╡ч╝║хд▒
2025-05-21 18:01:42,843 - DEBUG - хо╜цЭ╛цибх╝Пш╖│ш┐Зя╝Ичмм100шбМя╝Йя╝МхЕищГих┐ЕхблхнЧцо╡ч╝║хд▒
2025-05-21 18:01:42,843 - DEBUG - хо╜цЭ╛цибх╝Пш╖│ш┐Зя╝Ичмм101шбМя╝Йя╝МхЕищГих┐ЕхблхнЧцо╡ч╝║хд▒
2025-05-21 18:01:42,843 - DEBUG - хо╜цЭ╛цибх╝Пш╖│ш┐Зя╝Ичмм102шбМя╝Йя╝МхЕищГих┐ЕхблхнЧцо╡ч╝║хд▒
2025-05-21 18:01:42,844 - DEBUG - хо╜цЭ╛цибх╝Пш╖│ш┐Зя╝Ичмм103шбМя╝Йя╝МхЕищГих┐ЕхблхнЧцо╡ч╝║хд▒
2025-05-21 18:01:42,844 - DEBUG - хо╜цЭ╛цибх╝Пш╖│ш┐Зя╝Ичмм104шбМя╝Йя╝МхЕищГих┐ЕхблхнЧцо╡ч╝║хд▒
2025-05-21 18:01:42,844 - DEBUG - хо╜цЭ╛цибх╝Пш╖│ш┐Зя╝Ичмм105шбМя╝Йя╝МхЕищГих┐ЕхблхнЧцо╡ч╝║хд▒
2025-05-21 18:01:42,844 - DEBUG - хо╜цЭ╛цибх╝Пш╖│ш┐Зя╝Ичмм106шбМя╝Йя╝МхЕищГих┐ЕхблхнЧцо╡ч╝║хд▒
2025-05-21 18:01:42,844 - DEBUG - хо╜цЭ╛цибх╝Пш╖│ш┐Зя╝Ичмм107шбМя╝Йя╝МхЕищГих┐ЕхблхнЧцо╡ч╝║хд▒
2025-05-21 18:01:42,844 - DEBUG - хо╜цЭ╛цибх╝Пш╖│ш┐Зя╝Ичмм108шбМя╝Йя╝МхЕищГих┐ЕхблхнЧцо╡ч╝║хд▒
2025-05-21 18:01:42,844 - DEBUG - хо╜цЭ╛цибх╝Пш╖│ш┐Зя╝Ичмм109шбМя╝Йя╝МхЕищГих┐ЕхблхнЧцо╡ч╝║хд▒
2025-05-21 18:01:42,844 - DEBUG - хо╜цЭ╛цибх╝Пш╖│ш┐Зя╝Ичмм110шбМя╝Йя╝МхЕищГих┐ЕхблхнЧцо╡ч╝║хд▒
2025-05-21 18:01:42,844 - DEBUG - хо╜цЭ╛цибх╝Пш╖│ш┐Зя╝Ичмм111шбМя╝Йя╝МхЕищГих┐ЕхблхнЧцо╡ч╝║хд▒
2025-05-21 18:01:42,844 - DEBUG - хо╜цЭ╛цибх╝Пш╖│ш┐Зя╝Ичмм112шбМя╝Йя╝МхЕищГих┐ЕхблхнЧцо╡ч╝║хд▒
2025-05-21 18:01:42,845 - DEBUG - хо╜цЭ╛цибх╝Пш╖│ш┐Зя╝Ичмм113шбМя╝Йя╝МхЕищГих┐ЕхблхнЧцо╡ч╝║хд▒
2025-05-21 18:01:42,845 - DEBUG - хо╜цЭ╛цибх╝Пш╖│ш┐Зя╝Ичмм114шбМя╝Йя╝МхЕищГих┐ЕхблхнЧцо╡ч╝║хд▒
2025-05-21 18:01:42,845 - DEBUG - хо╜цЭ╛цибх╝Пш╖│ш┐Зя╝Ичмм115шбМя╝Йя╝МхЕищГих┐ЕхблхнЧцо╡ч╝║хд▒
2025-05-21 18:01:42,845 - DEBUG - хо╜цЭ╛цибх╝Пш╖│ш┐Зя╝Ичмм116шбМя╝Йя╝МхЕищГих┐ЕхблхнЧцо╡ч╝║хд▒
2025-05-21 18:01:42,845 - DEBUG - хо╜цЭ╛цибх╝Пш╖│ш┐Зя╝Ичмм117шбМя╝Йя╝МхЕищГих┐ЕхблхнЧцо╡ч╝║хд▒
2025-05-21 18:01:42,845 - DEBUG - хо╜цЭ╛цибх╝Пш╖│ш┐Зя╝Ичмм118шбМя╝Йя╝МхЕищГих┐ЕхблхнЧцо╡ч╝║хд▒
2025-05-21 18:01:42,845 - DEBUG - хо╜цЭ╛цибх╝Пш╖│ш┐Зя╝Ичмм119шбМя╝Йя╝МхЕищГих┐ЕхблхнЧцо╡ч╝║хд▒
2025-05-21 18:01:42,845 - DEBUG - хо╜цЭ╛цибх╝Пш╖│ш┐Зя╝Ичмм120шбМя╝Йя╝МхЕищГих┐ЕхблхнЧцо╡ч╝║хд▒
2025-05-21 18:01:42,846 - DEBUG - хо╜цЭ╛цибх╝Пш╖│ш┐Зя╝Ичмм121шбМя╝Йя╝МхЕищГих┐ЕхблхнЧцо╡ч╝║хд▒
2025-05-21 18:01:42,846 - DEBUG - хо╜цЭ╛цибх╝Пш╖│ш┐Зя╝Ичмм122шбМя╝Йя╝МхЕищГих┐ЕхблхнЧцо╡ч╝║хд▒
2025-05-21 18:01:42,846 - DEBUG - хо╜цЭ╛цибх╝Пш╖│ш┐Зя╝Ичмм123шбМя╝Йя╝МхЕищГих┐ЕхблхнЧцо╡ч╝║хд▒
2025-05-21 18:01:42,846 - DEBUG - хо╜цЭ╛цибх╝Пш╖│ш┐Зя╝Ичмм124шбМя╝Йя╝МхЕищГих┐ЕхблхнЧцо╡ч╝║хд▒
2025-05-21 18:01:42,846 - DEBUG - хо╜цЭ╛цибх╝Пш╖│ш┐Зя╝Ичмм125шбМя╝Йя╝МхЕищГих┐ЕхблхнЧцо╡ч╝║хд▒
2025-05-21 18:01:42,846 - DEBUG - хо╜цЭ╛цибх╝Пш╖│ш┐Зя╝Ичмм126шбМя╝Йя╝МхЕищГих┐ЕхблхнЧцо╡ч╝║хд▒
2025-05-21 18:01:42,847 - DEBUG - хо╜цЭ╛цибх╝Пш╖│ш┐Зя╝Ичмм127шбМя╝Йя╝МхЕищГих┐ЕхблхнЧцо╡ч╝║хд▒
2025-05-21 18:01:42,847 - DEBUG - хо╜цЭ╛цибх╝Пш╖│ш┐Зя╝Ичмм128шбМя╝Йя╝МхЕищГих┐ЕхблхнЧцо╡ч╝║хд▒
2025-05-21 18:01:42,847 - DEBUG - хо╜цЭ╛цибх╝Пш╖│ш┐Зя╝Ичмм129шбМя╝Йя╝МхЕищГих┐ЕхблхнЧцо╡ч╝║хд▒
2025-05-21 18:01:42,847 - DEBUG - хо╜цЭ╛цибх╝Пш╖│ш┐Зя╝Ичмм130шбМя╝Йя╝МхЕищГих┐ЕхблхнЧцо╡ч╝║хд▒
2025-05-21 18:01:42,847 - DEBUG - хо╜цЭ╛цибх╝Пш╖│ш┐Зя╝Ичмм131шбМя╝Йя╝МхЕищГих┐ЕхблхнЧцо╡ч╝║хд▒
2025-05-21 18:01:42,847 - DEBUG - хо╜цЭ╛цибх╝Пш╖│ш┐Зя╝Ичмм132шбМя╝Йя╝МхЕищГих┐ЕхблхнЧцо╡ч╝║хд▒
2025-05-21 18:01:42,847 - DEBUG - хо╜цЭ╛цибх╝Пш╖│ш┐Зя╝Ичмм133шбМя╝Йя╝МхЕищГих┐ЕхблхнЧцо╡ч╝║хд▒
2025-05-21 18:01:42,847 - DEBUG - хо╜цЭ╛цибх╝Пш╖│ш┐Зя╝Ичмм134шбМя╝Йя╝МхЕищГих┐ЕхблхнЧцо╡ч╝║хд▒
2025-05-21 18:01:42,847 - DEBUG - хо╜цЭ╛цибх╝Пш╖│ш┐Зя╝Ичмм135шбМя╝Йя╝МхЕищГих┐ЕхблхнЧцо╡ч╝║хд▒
2025-05-21 18:01:42,848 - DEBUG - хо╜цЭ╛цибх╝Пш╖│ш┐Зя╝Ичмм136шбМя╝Йя╝МхЕищГих┐ЕхблхнЧцо╡ч╝║хд▒
2025-05-21 18:01:42,848 - DEBUG - хо╜цЭ╛цибх╝Пш╖│ш┐Зя╝Ичмм137шбМя╝Йя╝МхЕищГих┐ЕхблхнЧцо╡ч╝║хд▒
2025-05-21 18:01:42,848 - DEBUG - хо╜цЭ╛цибх╝Пш╖│ш┐Зя╝Ичмм138шбМя╝Йя╝МхЕищГих┐ЕхблхнЧцо╡ч╝║хд▒
2025-05-21 18:01:42,848 - DEBUG - хо╜цЭ╛цибх╝Пш╖│ш┐Зя╝Ичмм139шбМя╝Йя╝МхЕищГих┐ЕхблхнЧцо╡ч╝║хд▒
2025-05-21 18:01:42,848 - DEBUG - хо╜цЭ╛цибх╝Пш╖│ш┐Зя╝Ичмм140шбМя╝Йя╝МхЕищГих┐ЕхблхнЧцо╡ч╝║хд▒
2025-05-21 18:01:42,848 - DEBUG - хо╜цЭ╛цибх╝Пш╖│ш┐Зя╝Ичмм141шбМя╝Йя╝МхЕищГих┐ЕхблхнЧцо╡ч╝║хд▒
2025-05-21 18:01:42,848 - DEBUG - хо╜цЭ╛цибх╝Пш╖│ш┐Зя╝Ичмм142шбМя╝Йя╝МхЕищГих┐ЕхблхнЧцо╡ч╝║хд▒
2025-05-21 18:01:42,848 - DEBUG - хо╜цЭ╛цибх╝Пш╖│ш┐Зя╝Ичмм143шбМя╝Йя╝МхЕищГих┐ЕхблхнЧцо╡ч╝║хд▒
2025-05-21 18:01:42,848 - DEBUG - хо╜цЭ╛цибх╝Пш╖│ш┐Зя╝Ичмм144шбМя╝Йя╝МхЕищГих┐ЕхблхнЧцо╡ч╝║хд▒
2025-05-21 18:01:42,848 - DEBUG - хо╜цЭ╛цибх╝Пш╖│ш┐Зя╝Ичмм145шбМя╝Йя╝МхЕищГих┐ЕхблхнЧцо╡ч╝║хд▒
2025-05-21 18:01:42,848 - DEBUG - хо╜цЭ╛цибх╝Пш╖│ш┐Зя╝Ичмм146шбМя╝Йя╝МхЕищГих┐ЕхблхнЧцо╡ч╝║хд▒
2025-05-21 18:01:42,849 - DEBUG - хо╜цЭ╛цибх╝Пш╖│ш┐Зя╝Ичмм147шбМя╝Йя╝МхЕищГих┐ЕхблхнЧцо╡ч╝║хд▒
2025-05-21 18:01:42,849 - DEBUG - хо╜цЭ╛цибх╝Пш╖│ш┐Зя╝Ичмм148шбМя╝Йя╝МхЕищГих┐ЕхблхнЧцо╡ч╝║хд▒
2025-05-21 18:01:42,849 - DEBUG - хо╜цЭ╛цибх╝Пш╖│ш┐Зя╝Ичмм149шбМя╝Йя╝МхЕищГих┐ЕхблхнЧцо╡ч╝║хд▒
2025-05-21 18:01:42,849 - DEBUG - хо╜цЭ╛цибх╝Пш╖│ш┐Зя╝Ичмм150шбМя╝Йя╝МхЕищГих┐ЕхблхнЧцо╡ч╝║хд▒
2025-05-21 18:01:42,849 - DEBUG - хо╜цЭ╛цибх╝Пш╖│ш┐Зя╝Ичмм151шбМя╝Йя╝МхЕищГих┐ЕхблхнЧцо╡ч╝║хд▒
2025-05-21 18:01:42,849 - DEBUG - хо╜цЭ╛цибх╝Пш╖│ш┐Зя╝Ичмм152шбМя╝Йя╝МхЕищГих┐ЕхблхнЧцо╡ч╝║хд▒
2025-05-21 18:01:42,849 - DEBUG - хо╜цЭ╛цибх╝Пш╖│ш┐Зя╝Ичмм153шбМя╝Йя╝МхЕищГих┐ЕхблхнЧцо╡ч╝║хд▒
2025-05-21 18:01:42,849 - DEBUG - хо╜цЭ╛цибх╝Пш╖│ш┐Зя╝Ичмм154шбМя╝Йя╝МхЕищГих┐ЕхблхнЧцо╡ч╝║хд▒
2025-05-21 18:01:42,849 - DEBUG - хо╜цЭ╛цибх╝Пш╖│ш┐Зя╝Ичмм155шбМя╝Йя╝МхЕищГих┐ЕхблхнЧцо╡ч╝║хд▒
2025-05-21 18:01:42,849 - DEBUG - хо╜цЭ╛цибх╝Пш╖│ш┐Зя╝Ичмм156шбМя╝Йя╝МхЕищГих┐ЕхблхнЧцо╡ч╝║хд▒
2025-05-21 18:01:42,850 - DEBUG - хо╜цЭ╛цибх╝Пш╖│ш┐Зя╝Ичмм157шбМя╝Йя╝МхЕищГих┐ЕхблхнЧцо╡ч╝║хд▒
2025-05-21 18:01:42,850 - DEBUG - хо╜цЭ╛цибх╝Пш╖│ш┐Зя╝Ичмм158шбМя╝Йя╝МхЕищГих┐ЕхблхнЧцо╡ч╝║хд▒
2025-05-21 18:01:42,850 - DEBUG - хо╜цЭ╛цибх╝Пш╖│ш┐Зя╝Ичмм159шбМя╝Йя╝МхЕищГих┐ЕхблхнЧцо╡ч╝║хд▒
2025-05-21 18:01:42,850 - DEBUG - хо╜цЭ╛цибх╝Пш╖│ш┐Зя╝Ичмм160шбМя╝Йя╝МхЕищГих┐ЕхблхнЧцо╡ч╝║хд▒
2025-05-21 18:01:42,850 - DEBUG - хо╜цЭ╛цибх╝Пш╖│ш┐Зя╝Ичмм161шбМя╝Йя╝МхЕищГих┐ЕхблхнЧцо╡ч╝║хд▒
2025-05-21 18:01:42,851 - DEBUG - хо╜цЭ╛цибх╝Пш╖│ш┐Зя╝Ичмм162шбМя╝Йя╝МхЕищГих┐ЕхблхнЧцо╡ч╝║хд▒
2025-05-21 18:01:42,851 - DEBUG - хо╜цЭ╛цибх╝Пш╖│ш┐Зя╝Ичмм163шбМя╝Йя╝МхЕищГих┐ЕхблхнЧцо╡ч╝║хд▒
2025-05-21 18:01:42,851 - DEBUG - хо╜цЭ╛цибх╝Пш╖│ш┐Зя╝Ичмм164шбМя╝Йя╝МхЕищГих┐ЕхблхнЧцо╡ч╝║хд▒
2025-05-21 18:01:42,851 - DEBUG - хо╜цЭ╛цибх╝Пш╖│ш┐Зя╝Ичмм165шбМя╝Йя╝МхЕищГих┐ЕхблхнЧцо╡ч╝║хд▒
2025-05-21 18:01:42,851 - DEBUG - хо╜цЭ╛цибх╝Пш╖│ш┐Зя╝Ичмм166шбМя╝Йя╝МхЕищГих┐ЕхблхнЧцо╡ч╝║хд▒
2025-05-21 18:01:42,851 - DEBUG - хо╜цЭ╛цибх╝Пш╖│ш┐Зя╝Ичмм167шбМя╝Йя╝МхЕищГих┐ЕхблхнЧцо╡ч╝║хд▒
2025-05-21 18:01:42,851 - DEBUG - хо╜цЭ╛цибх╝Пш╖│ш┐Зя╝Ичмм168шбМя╝Йя╝МхЕищГих┐ЕхблхнЧцо╡ч╝║хд▒
2025-05-21 18:01:42,851 - DEBUG - хо╜цЭ╛цибх╝Пш╖│ш┐Зя╝Ичмм169шбМя╝Йя╝МхЕищГих┐ЕхблхнЧцо╡ч╝║хд▒
2025-05-21 18:01:42,851 - DEBUG - хо╜цЭ╛цибх╝Пш╖│ш┐Зя╝Ичмм170шбМя╝Йя╝МхЕищГих┐ЕхблхнЧцо╡ч╝║хд▒
2025-05-21 18:01:42,851 - DEBUG - хо╜цЭ╛цибх╝Пш╖│ш┐Зя╝Ичмм171шбМя╝Йя╝МхЕищГих┐ЕхблхнЧцо╡ч╝║хд▒
2025-05-21 18:01:42,851 - DEBUG - хо╜цЭ╛цибх╝Пш╖│ш┐Зя╝Ичмм172шбМя╝Йя╝МхЕищГих┐ЕхблхнЧцо╡ч╝║хд▒
2025-05-21 18:01:42,852 - DEBUG - хо╜цЭ╛цибх╝Пш╖│ш┐Зя╝Ичмм173шбМя╝Йя╝МхЕищГих┐ЕхблхнЧцо╡ч╝║хд▒
2025-05-21 18:01:42,852 - DEBUG - хо╜цЭ╛цибх╝Пш╖│ш┐Зя╝Ичмм174шбМя╝Йя╝МхЕищГих┐ЕхблхнЧцо╡ч╝║хд▒
2025-05-21 18:01:42,852 - DEBUG - хо╜цЭ╛цибх╝Пш╖│ш┐Зя╝Ичмм175шбМя╝Йя╝МхЕищГих┐ЕхблхнЧцо╡ч╝║хд▒
2025-05-21 18:01:42,852 - DEBUG - хо╜цЭ╛цибх╝Пш╖│ш┐Зя╝Ичмм176шбМя╝Йя╝МхЕищГих┐ЕхблхнЧцо╡ч╝║хд▒
2025-05-21 18:01:42,852 - DEBUG - хо╜цЭ╛цибх╝Пш╖│ш┐Зя╝Ичмм177шбМя╝Йя╝МхЕищГих┐ЕхблхнЧцо╡ч╝║хд▒
2025-05-21 18:01:42,852 - DEBUG - хо╜цЭ╛цибх╝Пш╖│ш┐Зя╝Ичмм178шбМя╝Йя╝МхЕищГих┐ЕхблхнЧцо╡ч╝║хд▒
2025-05-21 18:01:42,852 - DEBUG - хо╜цЭ╛цибх╝Пш╖│ш┐Зя╝Ичмм179шбМя╝Йя╝МхЕищГих┐ЕхблхнЧцо╡ч╝║хд▒
2025-05-21 18:01:42,852 - DEBUG - хо╜цЭ╛цибх╝Пш╖│ш┐Зя╝Ичмм180шбМя╝Йя╝МхЕищГих┐ЕхблхнЧцо╡ч╝║хд▒
2025-05-21 18:01:42,852 - DEBUG - хо╜цЭ╛цибх╝Пш╖│ш┐Зя╝Ичмм181шбМя╝Йя╝МхЕищГих┐ЕхблхнЧцо╡ч╝║хд▒
2025-05-21 18:01:42,853 - DEBUG - хо╜цЭ╛цибх╝Пш╖│ш┐Зя╝Ичмм182шбМя╝Йя╝МхЕищГих┐ЕхблхнЧцо╡ч╝║хд▒
2025-05-21 18:01:42,853 - DEBUG - хо╜цЭ╛цибх╝Пш╖│ш┐Зя╝Ичмм183шбМя╝Йя╝МхЕищГих┐ЕхблхнЧцо╡ч╝║хд▒
2025-05-21 18:01:42,853 - DEBUG - хо╜цЭ╛цибх╝Пш╖│ш┐Зя╝Ичмм184шбМя╝Йя╝МхЕищГих┐ЕхблхнЧцо╡ч╝║хд▒
2025-05-21 18:01:42,853 - DEBUG - хо╜цЭ╛цибх╝Пш╖│ш┐Зя╝Ичмм185шбМя╝Йя╝МхЕищГих┐ЕхблхнЧцо╡ч╝║хд▒
2025-05-21 18:01:42,853 - DEBUG - хо╜цЭ╛цибх╝Пш╖│ш┐Зя╝Ичмм186шбМя╝Йя╝МхЕищГих┐ЕхблхнЧцо╡ч╝║хд▒
2025-05-21 18:01:42,853 - DEBUG - хо╜цЭ╛цибх╝Пш╖│ш┐Зя╝Ичмм187шбМя╝Йя╝МхЕищГих┐ЕхблхнЧцо╡ч╝║хд▒
2025-05-21 18:01:42,857 - INFO - тЬЕ х╖еф╜Ьшби [Sheet1] хдДчРЖхоМцИРя╝МхЕ▒цЫ┤цЦ░ 70 шбМцХ░цНо
2025-05-21 18:01:42,857 - INFO - ЁЯФи х╝АхзЛхдДчРЖх╖еф╜Ьшби [COORDINATED]
2025-05-21 18:01:42,857 - DEBUG - ЁЯУЛ х╝АхзЛшзгцЮРцЦЗф╗╢d:\pyscript\SNT\snt\250520_PendingPoSnt.xlsx
2025-05-21 18:01:42,868 - DEBUG - хо╜цЭ╛цибх╝Пф┐ЭчХЩя╝Ичмм88шбМя╝Йя╝МщГихИЖч╝║хд▒хнЧцо╡я╝Ъpo
2025-05-21 18:01:42,871 - INFO - ЁЯУе х╖▓хКаш╜╜ 121 цЭбцЬЙцХИхЯ║хЗЖцХ░цНо
2025-05-21 18:01:42,871 - INFO - ЁЯФД цнгхЬихдДчРЖ [response] цЦЗф╗╢хд╣хЖЕцХ░цНо...
2025-05-21 18:01:42,872 - DEBUG - ЁЯУЛ х╝АхзЛшзгцЮРцЦЗф╗╢d:\pyscript\SNT\res\250520_PendingPoSnt Allen Yvie.xlsx
2025-05-21 18:01:42,875 - DEBUG - хо╜цЭ╛цибх╝Пш╖│ш┐Зя╝Ичмм2шбМя╝Йя╝МхЕищГих┐ЕхблхнЧцо╡ч╝║хд▒
2025-05-21 18:01:42,876 - DEBUG - хо╜цЭ╛цибх╝Пф┐ЭчХЩя╝Ичмм3шбМя╝Йя╝МщГихИЖч╝║хд▒хнЧцо╡я╝ЪREMARK
2025-05-21 18:01:42,876 - DEBUG - хо╜цЭ╛цибх╝Пш╖│ш┐Зя╝Ичмм4шбМя╝Йя╝МхЕищГих┐ЕхблхнЧцо╡ч╝║хд▒
2025-05-21 18:01:42,876 - DEBUG - хо╜цЭ╛цибх╝Пф┐ЭчХЩя╝Ичмм5шбМя╝Йя╝МщГихИЖч╝║хд▒хнЧцо╡я╝ЪREMARK
2025-05-21 18:01:42,876 - DEBUG - хо╜цЭ╛цибх╝Пф┐ЭчХЩя╝Ичмм6шбМя╝Йя╝МщГихИЖч╝║хд▒хнЧцо╡я╝Ъfwd_feedback
2025-05-21 18:01:42,876 - DEBUG - хо╜цЭ╛цибх╝Пф┐ЭчХЩя╝Ичмм7шбМя╝Йя╝МщГихИЖч╝║хд▒хнЧцо╡я╝Ъfwd_feedback
2025-05-21 18:01:42,876 - DEBUG - хо╜цЭ╛цибх╝Пф┐ЭчХЩя╝Ичмм8шбМя╝Йя╝МщГихИЖч╝║хд▒хнЧцо╡я╝ЪREMARK
2025-05-21 18:01:42,876 - DEBUG - хо╜цЭ╛цибх╝Пф┐ЭчХЩя╝Ичмм9шбМя╝Йя╝МщГихИЖч╝║хд▒хнЧцо╡я╝ЪREMARK
2025-05-21 18:01:42,877 - DEBUG - хо╜цЭ╛цибх╝Пф┐ЭчХЩя╝Ичмм10шбМя╝Йя╝МщГихИЖч╝║хд▒хнЧцо╡я╝ЪREMARK
2025-05-21 18:01:42,877 - DEBUG - хо╜цЭ╛цибх╝Пф┐ЭчХЩя╝Ичмм11шбМя╝Йя╝МщГихИЖч╝║хд▒хнЧцо╡я╝Ъfwd_feedback
2025-05-21 18:01:42,877 - DEBUG - хо╜цЭ╛цибх╝Пф┐ЭчХЩя╝Ичмм12шбМя╝Йя╝МщГихИЖч╝║хд▒хнЧцо╡я╝ЪREMARK
2025-05-21 18:01:42,877 - DEBUG - хо╜цЭ╛цибх╝Пф┐ЭчХЩя╝Ичмм13шбМя╝Йя╝МщГихИЖч╝║хд▒хнЧцо╡я╝Ъfwd_feedback
2025-05-21 18:01:42,877 - DEBUG - хо╜цЭ╛цибх╝Пф┐ЭчХЩя╝Ичмм14шбМя╝Йя╝МщГихИЖч╝║хд▒хнЧцо╡я╝ЪREMARK
2025-05-21 18:01:42,877 - DEBUG - хо╜цЭ╛цибх╝Пф┐ЭчХЩя╝Ичмм15шбМя╝Йя╝МщГихИЖч╝║хд▒хнЧцо╡я╝Ъfwd_feedback
2025-05-21 18:01:42,877 - DEBUG - хо╜цЭ╛цибх╝Пф┐ЭчХЩя╝Ичмм16шбМя╝Йя╝МщГихИЖч╝║хд▒хнЧцо╡я╝ЪREMARK
2025-05-21 18:01:42,878 - DEBUG - хо╜цЭ╛цибх╝Пф┐ЭчХЩя╝Ичмм17шбМя╝Йя╝МщГихИЖч╝║хд▒хнЧцо╡я╝ЪREMARK
2025-05-21 18:01:42,878 - DEBUG - хо╜цЭ╛цибх╝Пф┐ЭчХЩя╝Ичмм18шбМя╝Йя╝МщГихИЖч╝║хд▒хнЧцо╡я╝ЪREMARK
2025-05-21 18:01:42,878 - DEBUG - хо╜цЭ╛цибх╝Пф┐ЭчХЩя╝Ичмм19шбМя╝Йя╝МщГихИЖч╝║хд▒хнЧцо╡я╝ЪREMARK
2025-05-21 18:01:42,878 - DEBUG - хо╜цЭ╛цибх╝Пф┐ЭчХЩя╝Ичмм20шбМя╝Йя╝МщГихИЖч╝║хд▒хнЧцо╡я╝Ъfwd_feedback
2025-05-21 18:01:42,878 - DEBUG - хо╜цЭ╛цибх╝Пф┐ЭчХЩя╝Ичмм21шбМя╝Йя╝МщГихИЖч╝║хд▒хнЧцо╡я╝Ъfwd_feedback
2025-05-21 18:01:42,878 - DEBUG - хо╜цЭ╛цибх╝Пф┐ЭчХЩя╝Ичмм22шбМя╝Йя╝МщГихИЖч╝║хд▒хнЧцо╡я╝ЪREMARK
2025-05-21 18:01:42,878 - DEBUG - хо╜цЭ╛цибх╝Пф┐ЭчХЩя╝Ичмм23шбМя╝Йя╝МщГихИЖч╝║хд▒хнЧцо╡я╝ЪREMARK
2025-05-21 18:01:42,879 - DEBUG - хо╜цЭ╛цибх╝Пф┐ЭчХЩя╝Ичмм24шбМя╝Йя╝МщГихИЖч╝║хд▒хнЧцо╡я╝ЪREMARK
2025-05-21 18:01:42,879 - DEBUG - хо╜цЭ╛цибх╝Пф┐ЭчХЩя╝Ичмм25шбМя╝Йя╝МщГихИЖч╝║хд▒хнЧцо╡я╝ЪREMARK
2025-05-21 18:01:42,879 - DEBUG - хо╜цЭ╛цибх╝Пф┐ЭчХЩя╝Ичмм26шбМя╝Йя╝МщГихИЖч╝║хд▒хнЧцо╡я╝ЪREMARK
2025-05-21 18:01:42,879 - DEBUG - хо╜цЭ╛цибх╝Пф┐ЭчХЩя╝Ичмм27шбМя╝Йя╝МщГихИЖч╝║хд▒хнЧцо╡я╝Ъfwd_feedback
2025-05-21 18:01:42,879 - DEBUG - хо╜цЭ╛цибх╝Пш╖│ш┐Зя╝Ичмм28шбМя╝Йя╝МхЕищГих┐ЕхблхнЧцо╡ч╝║хд▒
2025-05-21 18:01:42,879 - DEBUG - хо╜цЭ╛цибх╝Пш╖│ш┐Зя╝Ичмм29шбМя╝Йя╝МхЕищГих┐ЕхблхнЧцо╡ч╝║хд▒
2025-05-21 18:01:42,880 - DEBUG - хо╜цЭ╛цибх╝Пш╖│ш┐Зя╝Ичмм30шбМя╝Йя╝МхЕищГих┐ЕхблхнЧцо╡ч╝║хд▒
2025-05-21 18:01:42,880 - DEBUG - хо╜цЭ╛цибх╝Пш╖│ш┐Зя╝Ичмм31шбМя╝Йя╝МхЕищГих┐ЕхблхнЧцо╡ч╝║хд▒
2025-05-21 18:01:42,880 - DEBUG - хо╜цЭ╛цибх╝Пш╖│ш┐Зя╝Ичмм32шбМя╝Йя╝МхЕищГих┐ЕхблхнЧцо╡ч╝║хд▒
2025-05-21 18:01:42,880 - DEBUG - хо╜цЭ╛цибх╝Пш╖│ш┐Зя╝Ичмм33шбМя╝Йя╝МхЕищГих┐ЕхблхнЧцо╡ч╝║хд▒
2025-05-21 18:01:42,880 - DEBUG - хо╜цЭ╛цибх╝Пш╖│ш┐Зя╝Ичмм34шбМя╝Йя╝МхЕищГих┐ЕхблхнЧцо╡ч╝║хд▒
2025-05-21 18:01:42,880 - DEBUG - хо╜цЭ╛цибх╝Пш╖│ш┐Зя╝Ичмм35шбМя╝Йя╝МхЕищГих┐ЕхблхнЧцо╡ч╝║хд▒
2025-05-21 18:01:42,881 - DEBUG - хо╜цЭ╛цибх╝Пш╖│ш┐Зя╝Ичмм36шбМя╝Йя╝МхЕищГих┐ЕхблхнЧцо╡ч╝║хд▒
2025-05-21 18:01:42,881 - DEBUG - хо╜цЭ╛цибх╝Пш╖│ш┐Зя╝Ичмм37шбМя╝Йя╝МхЕищГих┐ЕхблхнЧцо╡ч╝║хд▒
2025-05-21 18:01:42,881 - DEBUG - хо╜цЭ╛цибх╝Пш╖│ш┐Зя╝Ичмм38шбМя╝Йя╝МхЕищГих┐ЕхблхнЧцо╡ч╝║хд▒
2025-05-21 18:01:42,881 - DEBUG - хо╜цЭ╛цибх╝Пш╖│ш┐Зя╝Ичмм39шбМя╝Йя╝МхЕищГих┐ЕхблхнЧцо╡ч╝║хд▒
2025-05-21 18:01:42,881 - DEBUG - хо╜цЭ╛цибх╝Пш╖│ш┐Зя╝Ичмм40шбМя╝Йя╝МхЕищГих┐ЕхблхнЧцо╡ч╝║хд▒
2025-05-21 18:01:42,881 - DEBUG - хо╜цЭ╛цибх╝Пш╖│ш┐Зя╝Ичмм41шбМя╝Йя╝МхЕищГих┐ЕхблхнЧцо╡ч╝║хд▒
2025-05-21 18:01:42,881 - DEBUG - хо╜цЭ╛цибх╝Пш╖│ш┐Зя╝Ичмм42шбМя╝Йя╝МхЕищГих┐ЕхблхнЧцо╡ч╝║хд▒
2025-05-21 18:01:42,881 - DEBUG - хо╜цЭ╛цибх╝Пш╖│ш┐Зя╝Ичмм43шбМя╝Йя╝МхЕищГих┐ЕхблхнЧцо╡ч╝║хд▒
2025-05-21 18:01:42,881 - DEBUG - хо╜цЭ╛цибх╝Пш╖│ш┐Зя╝Ичмм44шбМя╝Йя╝МхЕищГих┐ЕхблхнЧцо╡ч╝║хд▒
2025-05-21 18:01:42,882 - DEBUG - хо╜цЭ╛цибх╝Пш╖│ш┐Зя╝Ичмм45шбМя╝Йя╝МхЕищГих┐ЕхблхнЧцо╡ч╝║хд▒
2025-05-21 18:01:42,882 - DEBUG - хо╜цЭ╛цибх╝Пш╖│ш┐Зя╝Ичмм46шбМя╝Йя╝МхЕищГих┐ЕхблхнЧцо╡ч╝║хд▒
2025-05-21 18:01:42,882 - DEBUG - хо╜цЭ╛цибх╝Пш╖│ш┐Зя╝Ичмм47шбМя╝Йя╝МхЕищГих┐ЕхблхнЧцо╡ч╝║хд▒
2025-05-21 18:01:42,882 - DEBUG - хо╜цЭ╛цибх╝Пш╖│ш┐Зя╝Ичмм48шбМя╝Йя╝МхЕищГих┐ЕхблхнЧцо╡ч╝║хд▒
2025-05-21 18:01:42,882 - DEBUG - хо╜цЭ╛цибх╝Пш╖│ш┐Зя╝Ичмм49шбМя╝Йя╝МхЕищГих┐ЕхблхнЧцо╡ч╝║хд▒
2025-05-21 18:01:42,882 - DEBUG - хо╜цЭ╛цибх╝Пш╖│ш┐Зя╝Ичмм50шбМя╝Йя╝МхЕищГих┐ЕхблхнЧцо╡ч╝║хд▒
2025-05-21 18:01:42,882 - DEBUG - хо╜цЭ╛цибх╝Пш╖│ш┐Зя╝Ичмм51шбМя╝Йя╝МхЕищГих┐ЕхблхнЧцо╡ч╝║хд▒
2025-05-21 18:01:42,882 - DEBUG - хо╜цЭ╛цибх╝Пш╖│ш┐Зя╝Ичмм52шбМя╝Йя╝МхЕищГих┐ЕхблхнЧцо╡ч╝║хд▒
2025-05-21 18:01:42,882 - DEBUG - хо╜цЭ╛цибх╝Пш╖│ш┐Зя╝Ичмм53шбМя╝Йя╝МхЕищГих┐ЕхблхнЧцо╡ч╝║хд▒
2025-05-21 18:01:42,882 - DEBUG - хо╜цЭ╛цибх╝Пш╖│ш┐Зя╝Ичмм54шбМя╝Йя╝МхЕищГих┐ЕхблхнЧцо╡ч╝║хд▒
2025-05-21 18:01:42,883 - DEBUG - хо╜цЭ╛цибх╝Пш╖│ш┐Зя╝Ичмм55шбМя╝Йя╝МхЕищГих┐ЕхблхнЧцо╡ч╝║хд▒
2025-05-21 18:01:42,883 - DEBUG - хо╜цЭ╛цибх╝Пш╖│ш┐Зя╝Ичмм56шбМя╝Йя╝МхЕищГих┐ЕхблхнЧцо╡ч╝║хд▒
2025-05-21 18:01:42,883 - DEBUG - хо╜цЭ╛цибх╝Пш╖│ш┐Зя╝Ичмм57шбМя╝Йя╝МхЕищГих┐ЕхблхнЧцо╡ч╝║хд▒
2025-05-21 18:01:42,883 - DEBUG - хо╜цЭ╛цибх╝Пш╖│ш┐Зя╝Ичмм58шбМя╝Йя╝МхЕищГих┐ЕхблхнЧцо╡ч╝║хд▒
2025-05-21 18:01:42,883 - DEBUG - хо╜цЭ╛цибх╝Пш╖│ш┐Зя╝Ичмм59шбМя╝Йя╝МхЕищГих┐ЕхблхнЧцо╡ч╝║хд▒
2025-05-21 18:01:42,883 - DEBUG - хо╜цЭ╛цибх╝Пш╖│ш┐Зя╝Ичмм60шбМя╝Йя╝МхЕищГих┐ЕхблхнЧцо╡ч╝║хд▒
2025-05-21 18:01:42,883 - DEBUG - хо╜цЭ╛цибх╝Пш╖│ш┐Зя╝Ичмм61шбМя╝Йя╝МхЕищГих┐ЕхблхнЧцо╡ч╝║хд▒
2025-05-21 18:01:42,883 - DEBUG - хо╜цЭ╛цибх╝Пш╖│ш┐Зя╝Ичмм62шбМя╝Йя╝МхЕищГих┐ЕхблхнЧцо╡ч╝║хд▒
2025-05-21 18:01:42,883 - DEBUG - хо╜цЭ╛цибх╝Пш╖│ш┐Зя╝Ичмм63шбМя╝Йя╝МхЕищГих┐ЕхблхнЧцо╡ч╝║хд▒
2025-05-21 18:01:42,884 - DEBUG - хо╜цЭ╛цибх╝Пш╖│ш┐Зя╝Ичмм64шбМя╝Йя╝МхЕищГих┐ЕхблхнЧцо╡ч╝║хд▒
2025-05-21 18:01:42,884 - DEBUG - хо╜цЭ╛цибх╝Пш╖│ш┐Зя╝Ичмм65шбМя╝Йя╝МхЕищГих┐ЕхблхнЧцо╡ч╝║хд▒
2025-05-21 18:01:42,884 - DEBUG - хо╜цЭ╛цибх╝Пш╖│ш┐Зя╝Ичмм66шбМя╝Йя╝МхЕищГих┐ЕхблхнЧцо╡ч╝║хд▒
2025-05-21 18:01:42,884 - DEBUG - хо╜цЭ╛цибх╝Пш╖│ш┐Зя╝Ичмм67шбМя╝Йя╝МхЕищГих┐ЕхблхнЧцо╡ч╝║хд▒
2025-05-21 18:01:42,885 - DEBUG - хо╜цЭ╛цибх╝Пш╖│ш┐Зя╝Ичмм68шбМя╝Йя╝МхЕищГих┐ЕхблхнЧцо╡ч╝║хд▒
2025-05-21 18:01:42,885 - DEBUG - хо╜цЭ╛цибх╝Пш╖│ш┐Зя╝Ичмм69шбМя╝Йя╝МхЕищГих┐ЕхблхнЧцо╡ч╝║хд▒
2025-05-21 18:01:42,885 - DEBUG - хо╜цЭ╛цибх╝Пш╖│ш┐Зя╝Ичмм70шбМя╝Йя╝МхЕищГих┐ЕхблхнЧцо╡ч╝║хд▒
2025-05-21 18:01:42,885 - DEBUG - хо╜цЭ╛цибх╝Пш╖│ш┐Зя╝Ичмм71шбМя╝Йя╝МхЕищГих┐ЕхблхнЧцо╡ч╝║хд▒
2025-05-21 18:01:42,885 - DEBUG - хо╜цЭ╛цибх╝Пш╖│ш┐Зя╝Ичмм72шбМя╝Йя╝МхЕищГих┐ЕхблхнЧцо╡ч╝║хд▒
2025-05-21 18:01:42,885 - DEBUG - хо╜цЭ╛цибх╝Пш╖│ш┐Зя╝Ичмм73шбМя╝Йя╝МхЕищГих┐ЕхблхнЧцо╡ч╝║хд▒
2025-05-21 18:01:42,885 - DEBUG - хо╜цЭ╛цибх╝Пш╖│ш┐Зя╝Ичмм74шбМя╝Йя╝МхЕищГих┐ЕхблхнЧцо╡ч╝║хд▒
2025-05-21 18:01:42,885 - DEBUG - хо╜цЭ╛цибх╝Пш╖│ш┐Зя╝Ичмм75шбМя╝Йя╝МхЕищГих┐ЕхблхнЧцо╡ч╝║хд▒
2025-05-21 18:01:42,885 - DEBUG - хо╜цЭ╛цибх╝Пш╖│ш┐Зя╝Ичмм76шбМя╝Йя╝МхЕищГих┐ЕхблхнЧцо╡ч╝║хд▒
2025-05-21 18:01:42,885 - DEBUG - хо╜цЭ╛цибх╝Пш╖│ш┐Зя╝Ичмм77шбМя╝Йя╝МхЕищГих┐ЕхблхнЧцо╡ч╝║хд▒
2025-05-21 18:01:42,886 - DEBUG - хо╜цЭ╛цибх╝Пш╖│ш┐Зя╝Ичмм78шбМя╝Йя╝МхЕищГих┐ЕхблхнЧцо╡ч╝║хд▒
2025-05-21 18:01:42,886 - DEBUG - хо╜цЭ╛цибх╝Пш╖│ш┐Зя╝Ичмм79шбМя╝Йя╝МхЕищГих┐ЕхблхнЧцо╡ч╝║хд▒
2025-05-21 18:01:42,886 - DEBUG - хо╜цЭ╛цибх╝Пш╖│ш┐Зя╝Ичмм80шбМя╝Йя╝МхЕищГих┐ЕхблхнЧцо╡ч╝║хд▒
2025-05-21 18:01:42,886 - DEBUG - хо╜цЭ╛цибх╝Пш╖│ш┐Зя╝Ичмм81шбМя╝Йя╝МхЕищГих┐ЕхблхнЧцо╡ч╝║хд▒
2025-05-21 18:01:42,886 - DEBUG - хо╜цЭ╛цибх╝Пш╖│ш┐Зя╝Ичмм82шбМя╝Йя╝МхЕищГих┐ЕхблхнЧцо╡ч╝║хд▒
2025-05-21 18:01:42,886 - DEBUG - хо╜цЭ╛цибх╝Пш╖│ш┐Зя╝Ичмм83шбМя╝Йя╝МхЕищГих┐ЕхблхнЧцо╡ч╝║хд▒
2025-05-21 18:01:42,886 - DEBUG - хо╜цЭ╛цибх╝Пш╖│ш┐Зя╝Ичмм84шбМя╝Йя╝МхЕищГих┐ЕхблхнЧцо╡ч╝║хд▒
2025-05-21 18:01:42,886 - DEBUG - хо╜цЭ╛цибх╝Пф┐ЭчХЩя╝Ичмм85шбМя╝Йя╝МщГихИЖч╝║хд▒хнЧцо╡я╝ЪREMARK
2025-05-21 18:01:42,886 - DEBUG - хо╜цЭ╛цибх╝Пф┐ЭчХЩя╝Ичмм86шбМя╝Йя╝МщГихИЖч╝║хд▒хнЧцо╡я╝Ъfwd_feedback
2025-05-21 18:01:42,887 - DEBUG - хо╜цЭ╛цибх╝Пш╖│ш┐Зя╝Ичмм87шбМя╝Йя╝МхЕищГих┐ЕхблхнЧцо╡ч╝║хд▒
2025-05-21 18:01:42,887 - DEBUG - хо╜цЭ╛цибх╝Пш╖│ш┐Зя╝Ичмм88шбМя╝Йя╝МхЕищГих┐ЕхблхнЧцо╡ч╝║хд▒
2025-05-21 18:01:42,887 - DEBUG - хо╜цЭ╛цибх╝Пш╖│ш┐Зя╝Ичмм89шбМя╝Йя╝МхЕищГих┐ЕхблхнЧцо╡ч╝║хд▒
2025-05-21 18:01:42,887 - DEBUG - хо╜цЭ╛цибх╝Пш╖│ш┐Зя╝Ичмм90шбМя╝Йя╝МхЕищГих┐ЕхблхнЧцо╡ч╝║хд▒
2025-05-21 18:01:42,887 - DEBUG - хо╜цЭ╛цибх╝Пш╖│ш┐Зя╝Ичмм91шбМя╝Йя╝МхЕищГих┐ЕхблхнЧцо╡ч╝║хд▒
2025-05-21 18:01:42,887 - DEBUG - хо╜цЭ╛цибх╝Пш╖│ш┐Зя╝Ичмм92шбМя╝Йя╝МхЕищГих┐ЕхблхнЧцо╡ч╝║хд▒
2025-05-21 18:01:42,887 - DEBUG - хо╜цЭ╛цибх╝Пш╖│ш┐Зя╝Ичмм93шбМя╝Йя╝МхЕищГих┐ЕхблхнЧцо╡ч╝║хд▒
2025-05-21 18:01:42,887 - DEBUG - хо╜цЭ╛цибх╝Пш╖│ш┐Зя╝Ичмм94шбМя╝Йя╝МхЕищГих┐ЕхблхнЧцо╡ч╝║хд▒
2025-05-21 18:01:42,887 - DEBUG - хо╜цЭ╛цибх╝Пш╖│ш┐Зя╝Ичмм95шбМя╝Йя╝МхЕищГих┐ЕхблхнЧцо╡ч╝║хд▒
2025-05-21 18:01:42,888 - DEBUG - хо╜цЭ╛цибх╝Пш╖│ш┐Зя╝Ичмм96шбМя╝Йя╝МхЕищГих┐ЕхблхнЧцо╡ч╝║хд▒
2025-05-21 18:01:42,888 - DEBUG - хо╜цЭ╛цибх╝Пш╖│ш┐Зя╝Ичмм97шбМя╝Йя╝МхЕищГих┐ЕхблхнЧцо╡ч╝║хд▒
2025-05-21 18:01:42,888 - DEBUG - хо╜цЭ╛цибх╝Пш╖│ш┐Зя╝Ичмм98шбМя╝Йя╝МхЕищГих┐ЕхблхнЧцо╡ч╝║хд▒
2025-05-21 18:01:42,888 - DEBUG - хо╜цЭ╛цибх╝Пш╖│ш┐Зя╝Ичмм99шбМя╝Йя╝МхЕищГих┐ЕхблхнЧцо╡ч╝║хд▒
2025-05-21 18:01:42,888 - DEBUG - хо╜цЭ╛цибх╝Пш╖│ш┐Зя╝Ичмм100шбМя╝Йя╝МхЕищГих┐ЕхблхнЧцо╡ч╝║хд▒
2025-05-21 18:01:42,889 - DEBUG - хо╜цЭ╛цибх╝Пш╖│ш┐Зя╝Ичмм101шбМя╝Йя╝МхЕищГих┐ЕхблхнЧцо╡ч╝║хд▒
2025-05-21 18:01:42,889 - DEBUG - хо╜цЭ╛цибх╝Пш╖│ш┐Зя╝Ичмм102шбМя╝Йя╝МхЕищГих┐ЕхблхнЧцо╡ч╝║хд▒
2025-05-21 18:01:42,889 - DEBUG - хо╜цЭ╛цибх╝Пш╖│ш┐Зя╝Ичмм103шбМя╝Йя╝МхЕищГих┐ЕхблхнЧцо╡ч╝║хд▒
2025-05-21 18:01:42,889 - DEBUG - хо╜цЭ╛цибх╝Пш╖│ш┐Зя╝Ичмм104шбМя╝Йя╝МхЕищГих┐ЕхблхнЧцо╡ч╝║хд▒
2025-05-21 18:01:42,889 - DEBUG - хо╜цЭ╛цибх╝Пш╖│ш┐Зя╝Ичмм105шбМя╝Йя╝МхЕищГих┐ЕхблхнЧцо╡ч╝║хд▒
2025-05-21 18:01:42,889 - DEBUG - хо╜цЭ╛цибх╝Пш╖│ш┐Зя╝Ичмм106шбМя╝Йя╝МхЕищГих┐ЕхблхнЧцо╡ч╝║хд▒
2025-05-21 18:01:42,890 - DEBUG - хо╜цЭ╛цибх╝Пш╖│ш┐Зя╝Ичмм107шбМя╝Йя╝МхЕищГих┐ЕхблхнЧцо╡ч╝║хд▒
2025-05-21 18:01:42,890 - DEBUG - хо╜цЭ╛цибх╝Пш╖│ш┐Зя╝Ичмм108шбМя╝Йя╝МхЕищГих┐ЕхблхнЧцо╡ч╝║хд▒
2025-05-21 18:01:42,890 - DEBUG - хо╜цЭ╛цибх╝Пш╖│ш┐Зя╝Ичмм109шбМя╝Йя╝МхЕищГих┐ЕхблхнЧцо╡ч╝║хд▒
2025-05-21 18:01:42,890 - DEBUG - хо╜цЭ╛цибх╝Пш╖│ш┐Зя╝Ичмм110шбМя╝Йя╝МхЕищГих┐ЕхблхнЧцо╡ч╝║хд▒
2025-05-21 18:01:42,890 - DEBUG - хо╜цЭ╛цибх╝Пш╖│ш┐Зя╝Ичмм111шбМя╝Йя╝МхЕищГих┐ЕхблхнЧцо╡ч╝║хд▒
2025-05-21 18:01:42,891 - DEBUG - хо╜цЭ╛цибх╝Пш╖│ш┐Зя╝Ичмм112шбМя╝Йя╝МхЕищГих┐ЕхблхнЧцо╡ч╝║хд▒
2025-05-21 18:01:42,891 - DEBUG - хо╜цЭ╛цибх╝Пш╖│ш┐Зя╝Ичмм113шбМя╝Йя╝МхЕищГих┐ЕхблхнЧцо╡ч╝║хд▒
2025-05-21 18:01:42,891 - DEBUG - хо╜цЭ╛цибх╝Пш╖│ш┐Зя╝Ичмм114шбМя╝Йя╝МхЕищГих┐ЕхблхнЧцо╡ч╝║хд▒
2025-05-21 18:01:42,891 - DEBUG - хо╜цЭ╛цибх╝Пш╖│ш┐Зя╝Ичмм115шбМя╝Йя╝МхЕищГих┐ЕхблхнЧцо╡ч╝║хд▒
2025-05-21 18:01:42,892 - DEBUG - хо╜цЭ╛цибх╝Пш╖│ш┐Зя╝Ичмм116шбМя╝Йя╝МхЕищГих┐ЕхблхнЧцо╡ч╝║хд▒
2025-05-21 18:01:42,892 - DEBUG - хо╜цЭ╛цибх╝Пш╖│ш┐Зя╝Ичмм117шбМя╝Йя╝МхЕищГих┐ЕхблхнЧцо╡ч╝║хд▒
2025-05-21 18:01:42,892 - DEBUG - хо╜цЭ╛цибх╝Пш╖│ш┐Зя╝Ичмм118шбМя╝Йя╝МхЕищГих┐ЕхблхнЧцо╡ч╝║хд▒
2025-05-21 18:01:42,892 - DEBUG - хо╜цЭ╛цибх╝Пш╖│ш┐Зя╝Ичмм119шбМя╝Йя╝МхЕищГих┐ЕхблхнЧцо╡ч╝║хд▒
2025-05-21 18:01:42,892 - DEBUG - хо╜цЭ╛цибх╝Пш╖│ш┐Зя╝Ичмм120шбМя╝Йя╝МхЕищГих┐ЕхблхнЧцо╡ч╝║хд▒
2025-05-21 18:01:42,892 - DEBUG - хо╜цЭ╛цибх╝Пш╖│ш┐Зя╝Ичмм121шбМя╝Йя╝МхЕищГих┐ЕхблхнЧцо╡ч╝║хд▒
2025-05-21 18:01:42,892 - DEBUG - хо╜цЭ╛цибх╝Пш╖│ш┐Зя╝Ичмм122шбМя╝Йя╝МхЕищГих┐ЕхблхнЧцо╡ч╝║хд▒
2025-05-21 18:01:42,892 - DEBUG - - ш╖│ш┐ЗхЕичй║шбМя╝Ичмм123шбМя╝Й
2025-05-21 18:01:42,892 - DEBUG - - ш╖│ш┐ЗхЕичй║шбМя╝Ичмм124шбМя╝Й
2025-05-21 18:01:42,893 - DEBUG - - ш╖│ш┐ЗхЕичй║шбМя╝Ичмм125шбМя╝Й
2025-05-21 18:01:42,893 - DEBUG - - ш╖│ш┐ЗхЕичй║шбМя╝Ичмм126шбМя╝Й
2025-05-21 18:01:42,893 - DEBUG - - ш╖│ш┐ЗхЕичй║шбМя╝Ичмм127шбМя╝Й
2025-05-21 18:01:42,893 - DEBUG - - ш╖│ш┐ЗхЕичй║шбМя╝Ичмм128шбМя╝Й
2025-05-21 18:01:42,893 - DEBUG - - ш╖│ш┐ЗхЕичй║шбМя╝Ичмм129шбМя╝Й
2025-05-21 18:01:42,893 - DEBUG - - ш╖│ш┐ЗхЕичй║шбМя╝Ичмм130шбМя╝Й
2025-05-21 18:01:42,893 - DEBUG - - ш╖│ш┐ЗхЕичй║шбМя╝Ичмм131шбМя╝Й
2025-05-21 18:01:42,893 - DEBUG - - ш╖│ш┐ЗхЕичй║шбМя╝Ичмм132шбМя╝Й
2025-05-21 18:01:42,893 - DEBUG - - ш╖│ш┐ЗхЕичй║шбМя╝Ичмм133шбМя╝Й
2025-05-21 18:01:42,893 - DEBUG - - ш╖│ш┐ЗхЕичй║шбМя╝Ичмм134шбМя╝Й
2025-05-21 18:01:42,893 - DEBUG - - ш╖│ш┐ЗхЕичй║шбМя╝Ичмм135шбМя╝Й
2025-05-21 18:01:42,893 - DEBUG - - ш╖│ш┐ЗхЕичй║шбМя╝Ичмм136шбМя╝Й
2025-05-21 18:01:42,893 - DEBUG - - ш╖│ш┐ЗхЕичй║шбМя╝Ичмм137шбМя╝Й
2025-05-21 18:01:42,894 - DEBUG - ЁЯУЛ х╝АхзЛшзгцЮРцЦЗф╗╢d:\pyscript\SNT\res\250520_PendingPoSnt Sadie Eric.xlsx
2025-05-21 18:01:42,896 - DEBUG - хо╜цЭ╛цибх╝Пш╖│ш┐Зя╝Ичмм2шбМя╝Йя╝МхЕищГих┐ЕхблхнЧцо╡ч╝║хд▒
2025-05-21 18:01:42,897 - DEBUG - хо╜цЭ╛цибх╝Пш╖│ш┐Зя╝Ичмм3шбМя╝Йя╝МхЕищГих┐ЕхблхнЧцо╡ч╝║хд▒
2025-05-21 18:01:42,897 - DEBUG - хо╜цЭ╛цибх╝Пш╖│ш┐Зя╝Ичмм5шбМя╝Йя╝МхЕищГих┐ЕхблхнЧцо╡ч╝║хд▒
2025-05-21 18:01:42,897 - DEBUG - хо╜цЭ╛цибх╝Пш╖│ш┐Зя╝Ичмм6шбМя╝Йя╝МхЕищГих┐ЕхблхнЧцо╡ч╝║хд▒
2025-05-21 18:01:42,897 - DEBUG - хо╜цЭ╛цибх╝Пш╖│ш┐Зя╝Ичмм7шбМя╝Йя╝МхЕищГих┐ЕхблхнЧцо╡ч╝║хд▒
2025-05-21 18:01:42,897 - DEBUG - хо╜цЭ╛цибх╝Пш╖│ш┐Зя╝Ичмм8шбМя╝Йя╝МхЕищГих┐ЕхблхнЧцо╡ч╝║хд▒
2025-05-21 18:01:42,897 - DEBUG - хо╜цЭ╛цибх╝Пш╖│ш┐Зя╝Ичмм9шбМя╝Йя╝МхЕищГих┐ЕхблхнЧцо╡ч╝║хд▒
2025-05-21 18:01:42,897 - DEBUG - хо╜цЭ╛цибх╝Пш╖│ш┐Зя╝Ичмм10шбМя╝Йя╝МхЕищГих┐ЕхблхнЧцо╡ч╝║хд▒
2025-05-21 18:01:42,897 - DEBUG - хо╜цЭ╛цибх╝Пш╖│ш┐Зя╝Ичмм11шбМя╝Йя╝МхЕищГих┐ЕхблхнЧцо╡ч╝║хд▒
2025-05-21 18:01:42,897 - DEBUG - хо╜цЭ╛цибх╝Пш╖│ш┐Зя╝Ичмм12шбМя╝Йя╝МхЕищГих┐ЕхблхнЧцо╡ч╝║хд▒
2025-05-21 18:01:42,898 - DEBUG - хо╜цЭ╛цибх╝Пш╖│ш┐Зя╝Ичмм13шбМя╝Йя╝МхЕищГих┐ЕхблхнЧцо╡ч╝║хд▒
2025-05-21 18:01:42,898 - DEBUG - хо╜цЭ╛цибх╝Пш╖│ш┐Зя╝Ичмм14шбМя╝Йя╝МхЕищГих┐ЕхблхнЧцо╡ч╝║хд▒
2025-05-21 18:01:42,898 - DEBUG - хо╜цЭ╛цибх╝Пш╖│ш┐Зя╝Ичмм15шбМя╝Йя╝МхЕищГих┐ЕхблхнЧцо╡ч╝║хд▒
2025-05-21 18:01:42,898 - DEBUG - хо╜цЭ╛цибх╝Пш╖│ш┐Зя╝Ичмм16шбМя╝Йя╝МхЕищГих┐ЕхблхнЧцо╡ч╝║хд▒
2025-05-21 18:01:42,898 - DEBUG - хо╜цЭ╛цибх╝Пш╖│ш┐Зя╝Ичмм17шбМя╝Йя╝МхЕищГих┐ЕхблхнЧцо╡ч╝║хд▒
2025-05-21 18:01:42,898 - DEBUG - хо╜цЭ╛цибх╝Пш╖│ш┐Зя╝Ичмм18шбМя╝Йя╝МхЕищГих┐ЕхблхнЧцо╡ч╝║хд▒
2025-05-21 18:01:42,898 - DEBUG - хо╜цЭ╛цибх╝Пш╖│ш┐Зя╝Ичмм19шбМя╝Йя╝МхЕищГих┐ЕхблхнЧцо╡ч╝║хд▒
2025-05-21 18:01:42,898 - DEBUG - хо╜цЭ╛цибх╝Пш╖│ш┐Зя╝Ичмм20шбМя╝Йя╝МхЕищГих┐ЕхблхнЧцо╡ч╝║хд▒
2025-05-21 18:01:42,898 - DEBUG - хо╜цЭ╛цибх╝Пш╖│ш┐Зя╝Ичмм21шбМя╝Йя╝МхЕищГих┐ЕхблхнЧцо╡ч╝║хд▒
2025-05-21 18:01:42,898 - DEBUG - хо╜цЭ╛цибх╝Пш╖│ш┐Зя╝Ичмм22шбМя╝Йя╝МхЕищГих┐ЕхблхнЧцо╡ч╝║хд▒
2025-05-21 18:01:42,899 - DEBUG - хо╜цЭ╛цибх╝Пш╖│ш┐Зя╝Ичмм23шбМя╝Йя╝МхЕищГих┐ЕхблхнЧцо╡ч╝║хд▒
2025-05-21 18:01:42,899 - DEBUG - хо╜цЭ╛цибх╝Пш╖│ш┐Зя╝Ичмм24шбМя╝Йя╝МхЕищГих┐ЕхблхнЧцо╡ч╝║хд▒
2025-05-21 18:01:42,899 - DEBUG - хо╜цЭ╛цибх╝Пш╖│ш┐Зя╝Ичмм25шбМя╝Йя╝МхЕищГих┐ЕхблхнЧцо╡ч╝║хд▒
2025-05-21 18:01:42,899 - DEBUG - хо╜цЭ╛цибх╝Пш╖│ш┐Зя╝Ичмм26шбМя╝Йя╝МхЕищГих┐ЕхблхнЧцо╡ч╝║хд▒
2025-05-21 18:01:42,899 - DEBUG - хо╜цЭ╛цибх╝Пш╖│ш┐Зя╝Ичмм27шбМя╝Йя╝МхЕищГих┐ЕхблхнЧцо╡ч╝║хд▒
2025-05-21 18:01:42,900 - DEBUG - хо╜цЭ╛цибх╝Пш╖│ш┐Зя╝Ичмм39шбМя╝Йя╝МхЕищГих┐ЕхблхнЧцо╡ч╝║хд▒
2025-05-21 18:01:42,901 - DEBUG - хо╜цЭ╛цибх╝Пш╖│ш┐Зя╝Ичмм44шбМя╝Йя╝МхЕищГих┐ЕхблхнЧцо╡ч╝║хд▒
2025-05-21 18:01:42,901 - DEBUG - хо╜цЭ╛цибх╝Пш╖│ш┐Зя╝Ичмм47шбМя╝Йя╝МхЕищГих┐ЕхблхнЧцо╡ч╝║хд▒
2025-05-21 18:01:42,902 - DEBUG - хо╜цЭ╛цибх╝Пш╖│ш┐Зя╝Ичмм53шбМя╝Йя╝МхЕищГих┐ЕхблхнЧцо╡ч╝║хд▒
2025-05-21 18:01:42,902 - DEBUG - хо╜цЭ╛цибх╝Пш╖│ш┐Зя╝Ичмм56шбМя╝Йя╝МхЕищГих┐ЕхблхнЧцо╡ч╝║хд▒
2025-05-21 18:01:42,902 - DEBUG - хо╜цЭ╛цибх╝Пш╖│ш┐Зя╝Ичмм57шбМя╝Йя╝МхЕищГих┐ЕхблхнЧцо╡ч╝║хд▒
2025-05-21 18:01:42,903 - DEBUG - хо╜цЭ╛цибх╝Пш╖│ш┐Зя╝Ичмм62шбМя╝Йя╝МхЕищГих┐ЕхблхнЧцо╡ч╝║хд▒
2025-05-21 18:01:42,903 - DEBUG - хо╜цЭ╛цибх╝Пш╖│ш┐Зя╝Ичмм63шбМя╝Йя╝МхЕищГих┐ЕхблхнЧцо╡ч╝║хд▒
2025-05-21 18:01:42,903 - DEBUG - хо╜цЭ╛цибх╝Пш╖│ш┐Зя╝Ичмм65шбМя╝Йя╝МхЕищГих┐ЕхблхнЧцо╡ч╝║хд▒
2025-05-21 18:01:42,904 - DEBUG - хо╜цЭ╛цибх╝Пш╖│ш┐Зя╝Ичмм67шбМя╝Йя╝МхЕищГих┐ЕхблхнЧцо╡ч╝║хд▒
2025-05-21 18:01:42,905 - DEBUG - хо╜цЭ╛цибх╝Пш╖│ш┐Зя╝Ичмм80шбМя╝Йя╝МхЕищГих┐ЕхблхнЧцо╡ч╝║хд▒
2025-05-21 18:01:42,905 - DEBUG - хо╜цЭ╛цибх╝Пш╖│ш┐Зя╝Ичмм85шбМя╝Йя╝МхЕищГих┐ЕхблхнЧцо╡ч╝║хд▒
2025-05-21 18:01:42,905 - DEBUG - хо╜цЭ╛цибх╝Пш╖│ш┐Зя╝Ичмм86шбМя╝Йя╝МхЕищГих┐ЕхблхнЧцо╡ч╝║хд▒
2025-05-21 18:01:42,905 - DEBUG - хо╜цЭ╛цибх╝Пш╖│ш┐Зя╝Ичмм87шбМя╝Йя╝МхЕищГих┐ЕхблхнЧцо╡ч╝║хд▒
2025-05-21 18:01:42,906 - DEBUG - хо╜цЭ╛цибх╝Пш╖│ш┐Зя╝Ичмм88шбМя╝Йя╝МхЕищГих┐ЕхблхнЧцо╡ч╝║хд▒
2025-05-21 18:01:42,906 - DEBUG - хо╜цЭ╛цибх╝Пш╖│ш┐Зя╝Ичмм89шбМя╝Йя╝МхЕищГих┐ЕхблхнЧцо╡ч╝║хд▒
2025-05-21 18:01:42,906 - DEBUG - хо╜цЭ╛цибх╝Пш╖│ш┐Зя╝Ичмм90шбМя╝Йя╝МхЕищГих┐ЕхблхнЧцо╡ч╝║хд▒
2025-05-21 18:01:42,906 - DEBUG - хо╜цЭ╛цибх╝Пш╖│ш┐Зя╝Ичмм91шбМя╝Йя╝МхЕищГих┐ЕхблхнЧцо╡ч╝║хд▒
2025-05-21 18:01:42,906 - DEBUG - хо╜цЭ╛цибх╝Пш╖│ш┐Зя╝Ичмм92шбМя╝Йя╝МхЕищГих┐ЕхблхнЧцо╡ч╝║хд▒
2025-05-21 18:01:42,906 - DEBUG - хо╜цЭ╛цибх╝Пш╖│ш┐Зя╝Ичмм93шбМя╝Йя╝МхЕищГих┐ЕхблхнЧцо╡ч╝║хд▒
2025-05-21 18:01:42,906 - DEBUG - хо╜цЭ╛цибх╝Пш╖│ш┐Зя╝Ичмм94шбМя╝Йя╝МхЕищГих┐ЕхблхнЧцо╡ч╝║хд▒
2025-05-21 18:01:42,906 - DEBUG - хо╜цЭ╛цибх╝Пш╖│ш┐Зя╝Ичмм95шбМя╝Йя╝МхЕищГих┐ЕхблхнЧцо╡ч╝║хд▒
2025-05-21 18:01:42,907 - DEBUG - хо╜цЭ╛цибх╝Пш╖│ш┐Зя╝Ичмм96шбМя╝Йя╝МхЕищГих┐ЕхблхнЧцо╡ч╝║хд▒
2025-05-21 18:01:42,907 - DEBUG - хо╜цЭ╛цибх╝Пш╖│ш┐Зя╝Ичмм97шбМя╝Йя╝МхЕищГих┐ЕхблхнЧцо╡ч╝║хд▒
2025-05-21 18:01:42,907 - DEBUG - хо╜цЭ╛цибх╝Пш╖│ш┐Зя╝Ичмм98шбМя╝Йя╝МхЕищГих┐ЕхблхнЧцо╡ч╝║хд▒
2025-05-21 18:01:42,907 - DEBUG - хо╜цЭ╛цибх╝Пш╖│ш┐Зя╝Ичмм99шбМя╝Йя╝МхЕищГих┐ЕхблхнЧцо╡ч╝║хд▒
2025-05-21 18:01:42,908 - DEBUG - хо╜цЭ╛цибх╝Пш╖│ш┐Зя╝Ичмм100шбМя╝Йя╝МхЕищГих┐ЕхблхнЧцо╡ч╝║хд▒
2025-05-21 18:01:42,908 - DEBUG - хо╜цЭ╛цибх╝Пш╖│ш┐Зя╝Ичмм101шбМя╝Йя╝МхЕищГих┐ЕхблхнЧцо╡ч╝║хд▒
2025-05-21 18:01:42,908 - DEBUG - хо╜цЭ╛цибх╝Пш╖│ш┐Зя╝Ичмм102шбМя╝Йя╝МхЕищГих┐ЕхблхнЧцо╡ч╝║хд▒
2025-05-21 18:01:42,909 - DEBUG - хо╜цЭ╛цибх╝Пш╖│ш┐Зя╝Ичмм103шбМя╝Йя╝МхЕищГих┐ЕхблхнЧцо╡ч╝║хд▒
2025-05-21 18:01:42,909 - DEBUG - хо╜цЭ╛цибх╝Пш╖│ш┐Зя╝Ичмм104шбМя╝Йя╝МхЕищГих┐ЕхблхнЧцо╡ч╝║хд▒
2025-05-21 18:01:42,909 - DEBUG - хо╜цЭ╛цибх╝Пш╖│ш┐Зя╝Ичмм105шбМя╝Йя╝МхЕищГих┐ЕхблхнЧцо╡ч╝║хд▒
2025-05-21 18:01:42,909 - DEBUG - хо╜цЭ╛цибх╝Пш╖│ш┐Зя╝Ичмм106шбМя╝Йя╝МхЕищГих┐ЕхблхнЧцо╡ч╝║хд▒
2025-05-21 18:01:42,909 - DEBUG - хо╜цЭ╛цибх╝Пш╖│ш┐Зя╝Ичмм107шбМя╝Йя╝МхЕищГих┐ЕхблхнЧцо╡ч╝║хд▒
2025-05-21 18:01:42,909 - DEBUG - хо╜цЭ╛цибх╝Пш╖│ш┐Зя╝Ичмм108шбМя╝Йя╝МхЕищГих┐ЕхблхнЧцо╡ч╝║хд▒
2025-05-21 18:01:42,909 - DEBUG - хо╜цЭ╛цибх╝Пш╖│ш┐Зя╝Ичмм109шбМя╝Йя╝МхЕищГих┐ЕхблхнЧцо╡ч╝║хд▒
2025-05-21 18:01:42,909 - DEBUG - хо╜цЭ╛цибх╝Пш╖│ш┐Зя╝Ичмм110шбМя╝Йя╝МхЕищГих┐ЕхблхнЧцо╡ч╝║хд▒
2025-05-21 18:01:42,910 - DEBUG - хо╜цЭ╛цибх╝Пш╖│ш┐Зя╝Ичмм111шбМя╝Йя╝МхЕищГих┐ЕхблхнЧцо╡ч╝║хд▒
2025-05-21 18:01:42,910 - DEBUG - хо╜цЭ╛цибх╝Пш╖│ш┐Зя╝Ичмм112шбМя╝Йя╝МхЕищГих┐ЕхблхнЧцо╡ч╝║хд▒
2025-05-21 18:01:42,910 - DEBUG - хо╜цЭ╛цибх╝Пш╖│ш┐Зя╝Ичмм113шбМя╝Йя╝МхЕищГих┐ЕхблхнЧцо╡ч╝║хд▒
2025-05-21 18:01:42,910 - DEBUG - хо╜цЭ╛цибх╝Пш╖│ш┐Зя╝Ичмм114шбМя╝Йя╝МхЕищГих┐ЕхблхнЧцо╡ч╝║хд▒
2025-05-21 18:01:42,910 - DEBUG - хо╜цЭ╛цибх╝Пш╖│ш┐Зя╝Ичмм115шбМя╝Йя╝МхЕищГих┐ЕхблхнЧцо╡ч╝║хд▒
2025-05-21 18:01:42,910 - DEBUG - хо╜цЭ╛цибх╝Пш╖│ш┐Зя╝Ичмм116шбМя╝Йя╝МхЕищГих┐ЕхблхнЧцо╡ч╝║хд▒
2025-05-21 18:01:42,910 - DEBUG - хо╜цЭ╛цибх╝Пш╖│ш┐Зя╝Ичмм117шбМя╝Йя╝МхЕищГих┐ЕхблхнЧцо╡ч╝║хд▒
2025-05-21 18:01:42,911 - DEBUG - хо╜цЭ╛цибх╝Пш╖│ш┐Зя╝Ичмм118шбМя╝Йя╝МхЕищГих┐ЕхблхнЧцо╡ч╝║хд▒
2025-05-21 18:01:42,911 - DEBUG - хо╜цЭ╛цибх╝Пш╖│ш┐Зя╝Ичмм119шбМя╝Йя╝МхЕищГих┐ЕхблхнЧцо╡ч╝║хд▒
2025-05-21 18:01:42,911 - DEBUG - хо╜цЭ╛цибх╝Пш╖│ш┐Зя╝Ичмм120шбМя╝Йя╝МхЕищГих┐ЕхблхнЧцо╡ч╝║хд▒
2025-05-21 18:01:42,911 - DEBUG - хо╜цЭ╛цибх╝Пш╖│ш┐Зя╝Ичмм121шбМя╝Йя╝МхЕищГих┐ЕхблхнЧцо╡ч╝║хд▒
2025-05-21 18:01:42,911 - DEBUG - хо╜цЭ╛цибх╝Пш╖│ш┐Зя╝Ичмм122шбМя╝Йя╝МхЕищГих┐ЕхблхнЧцо╡ч╝║хд▒
2025-05-21 18:01:42,911 - DEBUG - ЁЯУЛ х╝АхзЛшзгцЮРцЦЗф╗╢d:\pyscript\SNT\res\SDMC 250520_PendingPoSnt.xlsx
2025-05-21 18:01:42,914 - DEBUG - хо╜цЭ╛цибх╝Пш╖│ш┐Зя╝Ичмм2шбМя╝Йя╝МхЕищГих┐ЕхблхнЧцо╡ч╝║хд▒
2025-05-21 18:01:42,914 - DEBUG - хо╜цЭ╛цибх╝Пш╖│ш┐Зя╝Ичмм3шбМя╝Йя╝МхЕищГих┐ЕхблхнЧцо╡ч╝║хд▒
2025-05-21 18:01:42,914 - DEBUG - хо╜цЭ╛цибх╝Пш╖│ш┐Зя╝Ичмм4шбМя╝Йя╝МхЕищГих┐ЕхблхнЧцо╡ч╝║хд▒
2025-05-21 18:01:42,914 - DEBUG - хо╜цЭ╛цибх╝Пш╖│ш┐Зя╝Ичмм5шбМя╝Йя╝МхЕищГих┐ЕхблхнЧцо╡ч╝║хд▒
2025-05-21 18:01:42,914 - DEBUG - хо╜цЭ╛цибх╝Пш╖│ш┐Зя╝Ичмм6шбМя╝Йя╝МхЕищГих┐ЕхблхнЧцо╡ч╝║хд▒
2025-05-21 18:01:42,914 - DEBUG - хо╜цЭ╛цибх╝Пш╖│ш┐Зя╝Ичмм7шбМя╝Йя╝МхЕищГих┐ЕхблхнЧцо╡ч╝║хд▒
2025-05-21 18:01:42,914 - DEBUG - хо╜цЭ╛цибх╝Пш╖│ш┐Зя╝Ичмм8шбМя╝Йя╝МхЕищГих┐ЕхблхнЧцо╡ч╝║хд▒
2025-05-21 18:01:42,914 - DEBUG - хо╜цЭ╛цибх╝Пш╖│ш┐Зя╝Ичмм9шбМя╝Йя╝МхЕищГих┐ЕхблхнЧцо╡ч╝║хд▒
2025-05-21 18:01:42,915 - DEBUG - хо╜цЭ╛цибх╝Пш╖│ш┐Зя╝Ичмм10шбМя╝Йя╝МхЕищГих┐ЕхблхнЧцо╡ч╝║хд▒
2025-05-21 18:01:42,915 - DEBUG - хо╜цЭ╛цибх╝Пш╖│ш┐Зя╝Ичмм11шбМя╝Йя╝МхЕищГих┐ЕхблхнЧцо╡ч╝║хд▒
2025-05-21 18:01:42,915 - DEBUG - хо╜цЭ╛цибх╝Пш╖│ш┐Зя╝Ичмм12шбМя╝Йя╝МхЕищГих┐ЕхблхнЧцо╡ч╝║хд▒
2025-05-21 18:01:42,915 - DEBUG - хо╜цЭ╛цибх╝Пш╖│ш┐Зя╝Ичмм13шбМя╝Йя╝МхЕищГих┐ЕхблхнЧцо╡ч╝║хд▒
2025-05-21 18:01:42,915 - DEBUG - хо╜цЭ╛цибх╝Пш╖│ш┐Зя╝Ичмм14шбМя╝Йя╝МхЕищГих┐ЕхблхнЧцо╡ч╝║хд▒
2025-05-21 18:01:42,915 - DEBUG - хо╜цЭ╛цибх╝Пш╖│ш┐Зя╝Ичмм15шбМя╝Йя╝МхЕищГих┐ЕхблхнЧцо╡ч╝║хд▒
2025-05-21 18:01:42,915 - DEBUG - хо╜цЭ╛цибх╝Пш╖│ш┐Зя╝Ичмм16шбМя╝Йя╝МхЕищГих┐ЕхблхнЧцо╡ч╝║хд▒
2025-05-21 18:01:42,915 - DEBUG - хо╜цЭ╛цибх╝Пш╖│ш┐Зя╝Ичмм17шбМя╝Йя╝МхЕищГих┐ЕхблхнЧцо╡ч╝║хд▒
2025-05-21 18:01:42,915 - DEBUG - хо╜цЭ╛цибх╝Пш╖│ш┐Зя╝Ичмм18шбМя╝Йя╝МхЕищГих┐ЕхблхнЧцо╡ч╝║хд▒
2025-05-21 18:01:42,916 - DEBUG - хо╜цЭ╛цибх╝Пш╖│ш┐Зя╝Ичмм19шбМя╝Йя╝МхЕищГих┐ЕхблхнЧцо╡ч╝║хд▒
2025-05-21 18:01:42,916 - DEBUG - хо╜цЭ╛цибх╝Пш╖│ш┐Зя╝Ичмм20шбМя╝Йя╝МхЕищГих┐ЕхблхнЧцо╡ч╝║хд▒
2025-05-21 18:01:42,916 - DEBUG - хо╜цЭ╛цибх╝Пш╖│ш┐Зя╝Ичмм21шбМя╝Йя╝МхЕищГих┐ЕхблхнЧцо╡ч╝║хд▒
2025-05-21 18:01:42,916 - DEBUG - хо╜цЭ╛цибх╝Пш╖│ш┐Зя╝Ичмм22шбМя╝Йя╝МхЕищГих┐ЕхблхнЧцо╡ч╝║хд▒
2025-05-21 18:01:42,916 - DEBUG - хо╜цЭ╛цибх╝Пш╖│ш┐Зя╝Ичмм23шбМя╝Йя╝МхЕищГих┐ЕхблхнЧцо╡ч╝║хд▒
2025-05-21 18:01:42,916 - DEBUG - хо╜цЭ╛цибх╝Пш╖│ш┐Зя╝Ичмм24шбМя╝Йя╝МхЕищГих┐ЕхблхнЧцо╡ч╝║хд▒
2025-05-21 18:01:42,916 - DEBUG - хо╜цЭ╛цибх╝Пш╖│ш┐Зя╝Ичмм25шбМя╝Йя╝МхЕищГих┐ЕхблхнЧцо╡ч╝║хд▒
2025-05-21 18:01:42,916 - DEBUG - хо╜цЭ╛цибх╝Пш╖│ш┐Зя╝Ичмм26шбМя╝Йя╝МхЕищГих┐ЕхблхнЧцо╡ч╝║хд▒
2025-05-21 18:01:42,916 - DEBUG - хо╜цЭ╛цибх╝Пш╖│ш┐Зя╝Ичмм27шбМя╝Йя╝МхЕищГих┐ЕхблхнЧцо╡ч╝║хд▒
2025-05-21 18:01:42,917 - DEBUG - хо╜цЭ╛цибх╝Пш╖│ш┐Зя╝Ичмм28шбМя╝Йя╝МхЕищГих┐ЕхблхнЧцо╡ч╝║хд▒
2025-05-21 18:01:42,917 - DEBUG - хо╜цЭ╛цибх╝Пш╖│ш┐Зя╝Ичмм29шбМя╝Йя╝МхЕищГих┐ЕхблхнЧцо╡ч╝║хд▒
2025-05-21 18:01:42,917 - DEBUG - хо╜цЭ╛цибх╝Пш╖│ш┐Зя╝Ичмм30шбМя╝Йя╝МхЕищГих┐ЕхблхнЧцо╡ч╝║хд▒
2025-05-21 18:01:42,917 - DEBUG - хо╜цЭ╛цибх╝Пш╖│ш┐Зя╝Ичмм31шбМя╝Йя╝МхЕищГих┐ЕхблхнЧцо╡ч╝║хд▒
2025-05-21 18:01:42,917 - DEBUG - хо╜цЭ╛цибх╝Пш╖│ш┐Зя╝Ичмм32шбМя╝Йя╝МхЕищГих┐ЕхблхнЧцо╡ч╝║хд▒
2025-05-21 18:01:42,917 - DEBUG - хо╜цЭ╛цибх╝Пш╖│ш┐Зя╝Ичмм33шбМя╝Йя╝МхЕищГих┐ЕхблхнЧцо╡ч╝║хд▒
2025-05-21 18:01:42,917 - DEBUG - хо╜цЭ╛цибх╝Пш╖│ш┐Зя╝Ичмм34шбМя╝Йя╝МхЕищГих┐ЕхблхнЧцо╡ч╝║хд▒
2025-05-21 18:01:42,917 - DEBUG - хо╜цЭ╛цибх╝Пш╖│ш┐Зя╝Ичмм35шбМя╝Йя╝МхЕищГих┐ЕхблхнЧцо╡ч╝║хд▒
2025-05-21 18:01:42,917 - DEBUG - хо╜цЭ╛цибх╝Пш╖│ш┐Зя╝Ичмм36шбМя╝Йя╝МхЕищГих┐ЕхблхнЧцо╡ч╝║хд▒
2025-05-21 18:01:42,918 - DEBUG - хо╜цЭ╛цибх╝Пш╖│ш┐Зя╝Ичмм37шбМя╝Йя╝МхЕищГих┐ЕхблхнЧцо╡ч╝║хд▒
2025-05-21 18:01:42,918 - DEBUG - хо╜цЭ╛цибх╝Пш╖│ш┐Зя╝Ичмм38шбМя╝Йя╝МхЕищГих┐ЕхблхнЧцо╡ч╝║хд▒
2025-05-21 18:01:42,918 - DEBUG - хо╜цЭ╛цибх╝Пш╖│ш┐Зя╝Ичмм39шбМя╝Йя╝МхЕищГих┐ЕхблхнЧцо╡ч╝║хд▒
2025-05-21 18:01:42,919 - DEBUG - хо╜цЭ╛цибх╝Пш╖│ш┐Зя╝Ичмм40шбМя╝Йя╝МхЕищГих┐ЕхблхнЧцо╡ч╝║хд▒
2025-05-21 18:01:42,919 - DEBUG - хо╜цЭ╛цибх╝Пш╖│ш┐Зя╝Ичмм41шбМя╝Йя╝МхЕищГих┐ЕхблхнЧцо╡ч╝║хд▒
2025-05-21 18:01:42,919 - DEBUG - хо╜цЭ╛цибх╝Пш╖│ш┐Зя╝Ичмм42шбМя╝Йя╝МхЕищГих┐ЕхблхнЧцо╡ч╝║хд▒
2025-05-21 18:01:42,919 - DEBUG - хо╜цЭ╛цибх╝Пш╖│ш┐Зя╝Ичмм43шбМя╝Йя╝МхЕищГих┐ЕхблхнЧцо╡ч╝║хд▒
2025-05-21 18:01:42,919 - DEBUG - хо╜цЭ╛цибх╝Пш╖│ш┐Зя╝Ичмм44шбМя╝Йя╝МхЕищГих┐ЕхблхнЧцо╡ч╝║хд▒
2025-05-21 18:01:42,919 - DEBUG - хо╜цЭ╛цибх╝Пш╖│ш┐Зя╝Ичмм45шбМя╝Йя╝МхЕищГих┐ЕхблхнЧцо╡ч╝║хд▒
2025-05-21 18:01:42,919 - DEBUG - хо╜цЭ╛цибх╝Пш╖│ш┐Зя╝Ичмм46шбМя╝Йя╝МхЕищГих┐ЕхблхнЧцо╡ч╝║хд▒
2025-05-21 18:01:42,920 - DEBUG - хо╜цЭ╛цибх╝Пш╖│ш┐Зя╝Ичмм47шбМя╝Йя╝МхЕищГих┐ЕхблхнЧцо╡ч╝║хд▒
2025-05-21 18:01:42,920 - DEBUG - хо╜цЭ╛цибх╝Пш╖│ш┐Зя╝Ичмм48шбМя╝Йя╝МхЕищГих┐ЕхблхнЧцо╡ч╝║хд▒
2025-05-21 18:01:42,920 - DEBUG - хо╜цЭ╛цибх╝Пш╖│ш┐Зя╝Ичмм49шбМя╝Йя╝МхЕищГих┐ЕхблхнЧцо╡ч╝║хд▒
2025-05-21 18:01:42,920 - DEBUG - хо╜цЭ╛цибх╝Пш╖│ш┐Зя╝Ичмм50шбМя╝Йя╝МхЕищГих┐ЕхблхнЧцо╡ч╝║хд▒
2025-05-21 18:01:42,920 - DEBUG - хо╜цЭ╛цибх╝Пш╖│ш┐Зя╝Ичмм51шбМя╝Йя╝МхЕищГих┐ЕхблхнЧцо╡ч╝║хд▒
2025-05-21 18:01:42,920 - DEBUG - хо╜цЭ╛цибх╝Пш╖│ш┐Зя╝Ичмм52шбМя╝Йя╝МхЕищГих┐ЕхблхнЧцо╡ч╝║хд▒
2025-05-21 18:01:42,920 - DEBUG - хо╜цЭ╛цибх╝Пш╖│ш┐Зя╝Ичмм53шбМя╝Йя╝МхЕищГих┐ЕхблхнЧцо╡ч╝║хд▒
2025-05-21 18:01:42,921 - DEBUG - хо╜цЭ╛цибх╝Пш╖│ш┐Зя╝Ичмм54шбМя╝Йя╝МхЕищГих┐ЕхблхнЧцо╡ч╝║хд▒
2025-05-21 18:01:42,921 - DEBUG - хо╜цЭ╛цибх╝Пш╖│ш┐Зя╝Ичмм55шбМя╝Йя╝МхЕищГих┐ЕхблхнЧцо╡ч╝║хд▒
2025-05-21 18:01:42,922 - DEBUG - хо╜цЭ╛цибх╝Пш╖│ш┐Зя╝Ичмм56шбМя╝Йя╝МхЕищГих┐ЕхблхнЧцо╡ч╝║хд▒
2025-05-21 18:01:42,922 - DEBUG - хо╜цЭ╛цибх╝Пш╖│ш┐Зя╝Ичмм57шбМя╝Йя╝МхЕищГих┐ЕхблхнЧцо╡ч╝║хд▒
2025-05-21 18:01:42,922 - DEBUG - хо╜цЭ╛цибх╝Пш╖│ш┐Зя╝Ичмм58шбМя╝Йя╝МхЕищГих┐ЕхблхнЧцо╡ч╝║хд▒
2025-05-21 18:01:42,922 - DEBUG - хо╜цЭ╛цибх╝Пш╖│ш┐Зя╝Ичмм59шбМя╝Йя╝МхЕищГих┐ЕхблхнЧцо╡ч╝║хд▒
2025-05-21 18:01:42,922 - DEBUG - хо╜цЭ╛цибх╝Пш╖│ш┐Зя╝Ичмм60шбМя╝Йя╝МхЕищГих┐ЕхблхнЧцо╡ч╝║хд▒
2025-05-21 18:01:42,922 - DEBUG - хо╜цЭ╛цибх╝Пш╖│ш┐Зя╝Ичмм61шбМя╝Йя╝МхЕищГих┐ЕхблхнЧцо╡ч╝║хд▒
2025-05-21 18:01:42,922 - DEBUG - хо╜цЭ╛цибх╝Пш╖│ш┐Зя╝Ичмм62шбМя╝Йя╝МхЕищГих┐ЕхблхнЧцо╡ч╝║хд▒
2025-05-21 18:01:42,922 - DEBUG - хо╜цЭ╛цибх╝Пш╖│ш┐Зя╝Ичмм63шбМя╝Йя╝МхЕищГих┐ЕхблхнЧцо╡ч╝║хд▒
2025-05-21 18:01:42,923 - DEBUG - хо╜цЭ╛цибх╝Пш╖│ш┐Зя╝Ичмм64шбМя╝Йя╝МхЕищГих┐ЕхблхнЧцо╡ч╝║хд▒
2025-05-21 18:01:42,923 - DEBUG - хо╜цЭ╛цибх╝Пш╖│ш┐Зя╝Ичмм65шбМя╝Йя╝МхЕищГих┐ЕхблхнЧцо╡ч╝║хд▒
2025-05-21 18:01:42,923 - DEBUG - хо╜цЭ╛цибх╝Пш╖│ш┐Зя╝Ичмм66шбМя╝Йя╝МхЕищГих┐ЕхблхнЧцо╡ч╝║хд▒
2025-05-21 18:01:42,923 - DEBUG - хо╜цЭ╛цибх╝Пш╖│ш┐Зя╝Ичмм67шбМя╝Йя╝МхЕищГих┐ЕхблхнЧцо╡ч╝║хд▒
2025-05-21 18:01:42,923 - DEBUG - хо╜цЭ╛цибх╝Пш╖│ш┐Зя╝Ичмм68шбМя╝Йя╝МхЕищГих┐ЕхблхнЧцо╡ч╝║хд▒
2025-05-21 18:01:42,923 - DEBUG - хо╜цЭ╛цибх╝Пш╖│ш┐Зя╝Ичмм69шбМя╝Йя╝МхЕищГих┐ЕхблхнЧцо╡ч╝║хд▒
2025-05-21 18:01:42,923 - DEBUG - хо╜цЭ╛цибх╝Пш╖│ш┐Зя╝Ичмм70шбМя╝Йя╝МхЕищГих┐ЕхблхнЧцо╡ч╝║хд▒
2025-05-21 18:01:42,923 - DEBUG - хо╜цЭ╛цибх╝Пш╖│ш┐Зя╝Ичмм71шбМя╝Йя╝МхЕищГих┐ЕхблхнЧцо╡ч╝║хд▒
2025-05-21 18:01:42,924 - DEBUG - хо╜цЭ╛цибх╝Пш╖│ш┐Зя╝Ичмм72шбМя╝Йя╝МхЕищГих┐ЕхблхнЧцо╡ч╝║хд▒
2025-05-21 18:01:42,924 - DEBUG - хо╜цЭ╛цибх╝Пш╖│ш┐Зя╝Ичмм73шбМя╝Йя╝МхЕищГих┐ЕхблхнЧцо╡ч╝║хд▒
2025-05-21 18:01:42,924 - DEBUG - хо╜цЭ╛цибх╝Пш╖│ш┐Зя╝Ичмм74шбМя╝Йя╝МхЕищГих┐ЕхблхнЧцо╡ч╝║хд▒
2025-05-21 18:01:42,924 - DEBUG - хо╜цЭ╛цибх╝Пш╖│ш┐Зя╝Ичмм75шбМя╝Йя╝МхЕищГих┐ЕхблхнЧцо╡ч╝║хд▒
2025-05-21 18:01:42,924 - DEBUG - хо╜цЭ╛цибх╝Пш╖│ш┐Зя╝Ичмм76шбМя╝Йя╝МхЕищГих┐ЕхблхнЧцо╡ч╝║хд▒
2025-05-21 18:01:42,924 - DEBUG - хо╜цЭ╛цибх╝Пш╖│ш┐Зя╝Ичмм77шбМя╝Йя╝МхЕищГих┐ЕхблхнЧцо╡ч╝║хд▒
2025-05-21 18:01:42,925 - DEBUG - хо╜цЭ╛цибх╝Пш╖│ш┐Зя╝Ичмм78шбМя╝Йя╝МхЕищГих┐ЕхблхнЧцо╡ч╝║хд▒
2025-05-21 18:01:42,925 - DEBUG - хо╜цЭ╛цибх╝Пш╖│ш┐Зя╝Ичмм79шбМя╝Йя╝МхЕищГих┐ЕхблхнЧцо╡ч╝║хд▒
2025-05-21 18:01:42,925 - DEBUG - хо╜цЭ╛цибх╝Пш╖│ш┐Зя╝Ичмм80шбМя╝Йя╝МхЕищГих┐ЕхблхнЧцо╡ч╝║хд▒
2025-05-21 18:01:42,925 - DEBUG - хо╜цЭ╛цибх╝Пш╖│ш┐Зя╝Ичмм81шбМя╝Йя╝МхЕищГих┐ЕхблхнЧцо╡ч╝║хд▒
2025-05-21 18:01:42,925 - DEBUG - хо╜цЭ╛цибх╝Пш╖│ш┐Зя╝Ичмм82шбМя╝Йя╝МхЕищГих┐ЕхблхнЧцо╡ч╝║хд▒
2025-05-21 18:01:42,926 - DEBUG - хо╜цЭ╛цибх╝Пш╖│ш┐Зя╝Ичмм83шбМя╝Йя╝МхЕищГих┐ЕхблхнЧцо╡ч╝║хд▒
2025-05-21 18:01:42,926 - DEBUG - хо╜цЭ╛цибх╝Пш╖│ш┐Зя╝Ичмм84шбМя╝Йя╝МхЕищГих┐ЕхблхнЧцо╡ч╝║хд▒
2025-05-21 18:01:42,926 - DEBUG - хо╜цЭ╛цибх╝Пш╖│ш┐Зя╝Ичмм85шбМя╝Йя╝МхЕищГих┐ЕхблхнЧцо╡ч╝║хд▒
2025-05-21 18:01:42,926 - DEBUG - хо╜цЭ╛цибх╝Пш╖│ш┐Зя╝Ичмм86шбМя╝Йя╝МхЕищГих┐ЕхблхнЧцо╡ч╝║хд▒
2025-05-21 18:01:42,926 - DEBUG - хо╜цЭ╛цибх╝Пш╖│ш┐Зя╝Ичмм87шбМя╝Йя╝МхЕищГих┐ЕхблхнЧцо╡ч╝║хд▒
2025-05-21 18:01:42,926 - DEBUG - хо╜цЭ╛цибх╝Пш╖│ш┐Зя╝Ичмм88шбМя╝Йя╝МхЕищГих┐ЕхблхнЧцо╡ч╝║хд▒
2025-05-21 18:01:42,926 - DEBUG - хо╜цЭ╛цибх╝Пш╖│ш┐Зя╝Ичмм89шбМя╝Йя╝МхЕищГих┐ЕхблхнЧцо╡ч╝║хд▒
2025-05-21 18:01:42,926 - DEBUG - хо╜цЭ╛цибх╝Пш╖│ш┐Зя╝Ичмм90шбМя╝Йя╝МхЕищГих┐ЕхблхнЧцо╡ч╝║хд▒
2025-05-21 18:01:42,926 - DEBUG - хо╜цЭ╛цибх╝Пш╖│ш┐Зя╝Ичмм91шбМя╝Йя╝МхЕищГих┐ЕхблхнЧцо╡ч╝║хд▒
2025-05-21 18:01:42,927 - DEBUG - хо╜цЭ╛цибх╝Пш╖│ш┐Зя╝Ичмм92шбМя╝Йя╝МхЕищГих┐ЕхблхнЧцо╡ч╝║хд▒
2025-05-21 18:01:42,927 - DEBUG - хо╜цЭ╛цибх╝Пш╖│ш┐Зя╝Ичмм93шбМя╝Йя╝МхЕищГих┐ЕхблхнЧцо╡ч╝║хд▒
2025-05-21 18:01:42,927 - DEBUG - хо╜цЭ╛цибх╝Пш╖│ш┐Зя╝Ичмм94шбМя╝Йя╝МхЕищГих┐ЕхблхнЧцо╡ч╝║хд▒
2025-05-21 18:01:42,927 - DEBUG - хо╜цЭ╛цибх╝Пш╖│ш┐Зя╝Ичмм95шбМя╝Йя╝МхЕищГих┐ЕхблхнЧцо╡ч╝║хд▒
2025-05-21 18:01:42,927 - DEBUG - хо╜цЭ╛цибх╝Пш╖│ш┐Зя╝Ичмм96шбМя╝Йя╝МхЕищГих┐ЕхблхнЧцо╡ч╝║хд▒
2025-05-21 18:01:42,927 - DEBUG - хо╜цЭ╛цибх╝Пш╖│ш┐Зя╝Ичмм97шбМя╝Йя╝МхЕищГих┐ЕхблхнЧцо╡ч╝║хд▒
2025-05-21 18:01:42,927 - DEBUG - хо╜цЭ╛цибх╝Пш╖│ш┐Зя╝Ичмм98шбМя╝Йя╝МхЕищГих┐ЕхблхнЧцо╡ч╝║хд▒
2025-05-21 18:01:42,927 - DEBUG - хо╜цЭ╛цибх╝Пш╖│ш┐Зя╝Ичмм99шбМя╝Йя╝МхЕищГих┐ЕхблхнЧцо╡ч╝║хд▒
2025-05-21 18:01:42,927 - DEBUG - хо╜цЭ╛цибх╝Пш╖│ш┐Зя╝Ичмм100шбМя╝Йя╝МхЕищГих┐ЕхблхнЧцо╡ч╝║хд▒
2025-05-21 18:01:42,928 - DEBUG - хо╜цЭ╛цибх╝Пш╖│ш┐Зя╝Ичмм101шбМя╝Йя╝МхЕищГих┐ЕхблхнЧцо╡ч╝║хд▒
2025-05-21 18:01:42,928 - DEBUG - хо╜цЭ╛цибх╝Пш╖│ш┐Зя╝Ичмм102шбМя╝Йя╝МхЕищГих┐ЕхблхнЧцо╡ч╝║хд▒
2025-05-21 18:01:42,928 - DEBUG - хо╜цЭ╛цибх╝Пш╖│ш┐Зя╝Ичмм103шбМя╝Йя╝МхЕищГих┐ЕхблхнЧцо╡ч╝║хд▒
2025-05-21 18:01:42,928 - DEBUG - хо╜цЭ╛цибх╝Пш╖│ш┐Зя╝Ичмм104шбМя╝Йя╝МхЕищГих┐ЕхблхнЧцо╡ч╝║хд▒
2025-05-21 18:01:42,928 - DEBUG - хо╜цЭ╛цибх╝Пш╖│ш┐Зя╝Ичмм105шбМя╝Йя╝МхЕищГих┐ЕхблхнЧцо╡ч╝║хд▒
2025-05-21 18:01:42,928 - DEBUG - хо╜цЭ╛цибх╝Пш╖│ш┐Зя╝Ичмм106шбМя╝Йя╝МхЕищГих┐ЕхблхнЧцо╡ч╝║хд▒
2025-05-21 18:01:42,928 - DEBUG - хо╜цЭ╛цибх╝Пш╖│ш┐Зя╝Ичмм107шбМя╝Йя╝МхЕищГих┐ЕхблхнЧцо╡ч╝║хд▒
2025-05-21 18:01:42,928 - DEBUG - хо╜цЭ╛цибх╝Пш╖│ш┐Зя╝Ичмм108шбМя╝Йя╝МхЕищГих┐ЕхблхнЧцо╡ч╝║хд▒
2025-05-21 18:01:42,929 - DEBUG - хо╜цЭ╛цибх╝Пш╖│ш┐Зя╝Ичмм109шбМя╝Йя╝МхЕищГих┐ЕхблхнЧцо╡ч╝║хд▒
2025-05-21 18:01:42,929 - DEBUG - хо╜цЭ╛цибх╝Пш╖│ш┐Зя╝Ичмм110шбМя╝Йя╝МхЕищГих┐ЕхблхнЧцо╡ч╝║хд▒
2025-05-21 18:01:42,929 - DEBUG - хо╜цЭ╛цибх╝Пш╖│ш┐Зя╝Ичмм111шбМя╝Йя╝МхЕищГих┐ЕхблхнЧцо╡ч╝║хд▒
2025-05-21 18:01:42,929 - DEBUG - хо╜цЭ╛цибх╝Пш╖│ш┐Зя╝Ичмм112шбМя╝Йя╝МхЕищГих┐ЕхблхнЧцо╡ч╝║хд▒
2025-05-21 18:01:42,929 - DEBUG - хо╜цЭ╛цибх╝Пш╖│ш┐Зя╝Ичмм113шбМя╝Йя╝МхЕищГих┐ЕхблхнЧцо╡ч╝║хд▒
2025-05-21 18:01:42,929 - DEBUG - хо╜цЭ╛цибх╝Пш╖│ш┐Зя╝Ичмм114шбМя╝Йя╝МхЕищГих┐ЕхблхнЧцо╡ч╝║хд▒
2025-05-21 18:01:42,929 - DEBUG - хо╜цЭ╛цибх╝Пш╖│ш┐Зя╝Ичмм115шбМя╝Йя╝МхЕищГих┐ЕхблхнЧцо╡ч╝║хд▒
2025-05-21 18:01:42,929 - DEBUG - хо╜цЭ╛цибх╝Пш╖│ш┐Зя╝Ичмм116шбМя╝Йя╝МхЕищГих┐ЕхблхнЧцо╡ч╝║хд▒
2025-05-21 18:01:42,930 - DEBUG - хо╜цЭ╛цибх╝Пш╖│ш┐Зя╝Ичмм117шбМя╝Йя╝МхЕищГих┐ЕхблхнЧцо╡ч╝║хд▒
2025-05-21 18:01:42,930 - DEBUG - хо╜цЭ╛цибх╝Пш╖│ш┐Зя╝Ичмм118шбМя╝Йя╝МхЕищГих┐ЕхблхнЧцо╡ч╝║хд▒
2025-05-21 18:01:42,930 - DEBUG - хо╜цЭ╛цибх╝Пш╖│ш┐Зя╝Ичмм119шбМя╝Йя╝МхЕищГих┐ЕхблхнЧцо╡ч╝║хд▒
2025-05-21 18:01:42,930 - DEBUG - хо╜цЭ╛цибх╝Пш╖│ш┐Зя╝Ичмм120шбМя╝Йя╝МхЕищГих┐ЕхблхнЧцо╡ч╝║хд▒
2025-05-21 18:01:42,930 - DEBUG - хо╜цЭ╛цибх╝Пш╖│ш┐Зя╝Ичмм121шбМя╝Йя╝МхЕищГих┐ЕхблхнЧцо╡ч╝║хд▒
2025-05-21 18:01:42,930 - DEBUG - хо╜цЭ╛цибх╝Пш╖│ш┐Зя╝Ичмм122шбМя╝Йя╝МхЕищГих┐ЕхблхнЧцо╡ч╝║хд▒
2025-05-21 18:01:42,934 - INFO - тЬЕ х╖еф╜Ьшби [Sheet1] хдДчРЖхоМцИРя╝МхЕ▒цЫ┤цЦ░ 73 шбМцХ░цНо
2025-05-21 18:01:42,935 - INFO - ЁЯФи х╝АхзЛхдДчРЖх╖еф╜Ьшби [REQUESTED]
2025-05-21 18:01:42,935 - DEBUG - ЁЯУЛ х╝АхзЛшзгцЮРцЦЗф╗╢d:\pyscript\SNT\snt\250520_PendingPoSnt.xlsx
2025-05-21 18:01:42,940 - INFO - ЁЯУе х╖▓хКаш╜╜ 27 цЭбцЬЙцХИхЯ║хЗЖцХ░цНо
2025-05-21 18:01:42,940 - INFO - ЁЯФД цнгхЬихдДчРЖ [response] цЦЗф╗╢хд╣хЖЕцХ░цНо...
2025-05-21 18:01:42,940 - DEBUG - ЁЯУЛ х╝АхзЛшзгцЮРцЦЗф╗╢d:\pyscript\SNT\res\250520_PendingPoSnt Allen Yvie.xlsx
2025-05-21 18:01:42,945 - DEBUG - хо╜цЭ╛цибх╝Пш╖│ш┐Зя╝Ичмм26шбМя╝Йя╝МхЕищГих┐ЕхблхнЧцо╡ч╝║хд▒
2025-05-21 18:01:42,945 - DEBUG - хо╜цЭ╛цибх╝Пш╖│ш┐Зя╝Ичмм27шбМя╝Йя╝МхЕищГих┐ЕхблхнЧцо╡ч╝║хд▒
2025-05-21 18:01:42,945 - DEBUG - хо╜цЭ╛цибх╝Пш╖│ш┐Зя╝Ичмм28шбМя╝Йя╝МхЕищГих┐ЕхблхнЧцо╡ч╝║хд▒
2025-05-21 18:01:42,946 - DEBUG - ЁЯУЛ х╝АхзЛшзгцЮРцЦЗф╗╢d:\pyscript\SNT\res\250520_PendingPoSnt Sadie Eric.xlsx
2025-05-21 18:01:42,949 - DEBUG - хо╜цЭ╛цибх╝Пш╖│ш┐Зя╝Ичмм2шбМя╝Йя╝МхЕищГих┐ЕхблхнЧцо╡ч╝║хд▒
2025-05-21 18:01:42,949 - DEBUG - хо╜цЭ╛цибх╝Пш╖│ш┐Зя╝Ичмм3шбМя╝Йя╝МхЕищГих┐ЕхблхнЧцо╡ч╝║хд▒
2025-05-21 18:01:42,949 - DEBUG - хо╜цЭ╛цибх╝Пш╖│ш┐Зя╝Ичмм4шбМя╝Йя╝МхЕищГих┐ЕхблхнЧцо╡ч╝║хд▒
2025-05-21 18:01:42,949 - DEBUG - хо╜цЭ╛цибх╝Пш╖│ш┐Зя╝Ичмм5шбМя╝Йя╝МхЕищГих┐ЕхблхнЧцо╡ч╝║хд▒
2025-05-21 18:01:42,949 - DEBUG - хо╜цЭ╛цибх╝Пш╖│ш┐Зя╝Ичмм6шбМя╝Йя╝МхЕищГих┐ЕхблхнЧцо╡ч╝║хд▒
2025-05-21 18:01:42,949 - DEBUG - хо╜цЭ╛цибх╝Пш╖│ш┐Зя╝Ичмм7шбМя╝Йя╝МхЕищГих┐ЕхблхнЧцо╡ч╝║хд▒
2025-05-21 18:01:42,949 - DEBUG - хо╜цЭ╛цибх╝Пш╖│ш┐Зя╝Ичмм8шбМя╝Йя╝МхЕищГих┐ЕхблхнЧцо╡ч╝║хд▒
2025-05-21 18:01:42,950 - DEBUG - хо╜цЭ╛цибх╝Пш╖│ш┐Зя╝Ичмм9шбМя╝Йя╝МхЕищГих┐ЕхблхнЧцо╡ч╝║хд▒
2025-05-21 18:01:42,950 - DEBUG - хо╜цЭ╛цибх╝Пш╖│ш┐Зя╝Ичмм10шбМя╝Йя╝МхЕищГих┐ЕхблхнЧцо╡ч╝║хд▒
2025-05-21 18:01:42,950 - DEBUG - хо╜цЭ╛цибх╝Пш╖│ш┐Зя╝Ичмм11шбМя╝Йя╝МхЕищГих┐ЕхблхнЧцо╡ч╝║хд▒
2025-05-21 18:01:42,950 - DEBUG - хо╜цЭ╛цибх╝Пш╖│ш┐Зя╝Ичмм12шбМя╝Йя╝МхЕищГих┐ЕхблхнЧцо╡ч╝║хд▒
2025-05-21 18:01:42,950 - DEBUG - хо╜цЭ╛цибх╝Пш╖│ш┐Зя╝Ичмм13шбМя╝Йя╝МхЕищГих┐ЕхблхнЧцо╡ч╝║хд▒
2025-05-21 18:01:42,950 - DEBUG - хо╜цЭ╛цибх╝Пш╖│ш┐Зя╝Ичмм14шбМя╝Йя╝МхЕищГих┐ЕхблхнЧцо╡ч╝║хд▒
2025-05-21 18:01:42,950 - DEBUG - хо╜цЭ╛цибх╝Пш╖│ш┐Зя╝Ичмм15шбМя╝Йя╝МхЕищГих┐ЕхблхнЧцо╡ч╝║хд▒
2025-05-21 18:01:42,950 - DEBUG - хо╜цЭ╛цибх╝Пш╖│ш┐Зя╝Ичмм16шбМя╝Йя╝МхЕищГих┐ЕхблхнЧцо╡ч╝║хд▒
2025-05-21 18:01:42,950 - DEBUG - хо╜цЭ╛цибх╝Пш╖│ш┐Зя╝Ичмм17шбМя╝Йя╝МхЕищГих┐ЕхблхнЧцо╡ч╝║хд▒
2025-05-21 18:01:42,950 - DEBUG - хо╜цЭ╛цибх╝Пш╖│ш┐Зя╝Ичмм18шбМя╝Йя╝МхЕищГих┐ЕхблхнЧцо╡ч╝║хд▒
2025-05-21 18:01:42,951 - DEBUG - хо╜цЭ╛цибх╝Пш╖│ш┐Зя╝Ичмм19шбМя╝Йя╝МхЕищГих┐ЕхблхнЧцо╡ч╝║хд▒
2025-05-21 18:01:42,951 - DEBUG - хо╜цЭ╛цибх╝Пш╖│ш┐Зя╝Ичмм20шбМя╝Йя╝МхЕищГих┐ЕхблхнЧцо╡ч╝║хд▒
2025-05-21 18:01:42,951 - DEBUG - хо╜цЭ╛цибх╝Пш╖│ш┐Зя╝Ичмм21шбМя╝Йя╝МхЕищГих┐ЕхблхнЧцо╡ч╝║хд▒
2025-05-21 18:01:42,951 - DEBUG - хо╜цЭ╛цибх╝Пш╖│ш┐Зя╝Ичмм22шбМя╝Йя╝МхЕищГих┐ЕхблхнЧцо╡ч╝║хд▒
2025-05-21 18:01:42,951 - DEBUG - хо╜цЭ╛цибх╝Пш╖│ш┐Зя╝Ичмм23шбМя╝Йя╝МхЕищГих┐ЕхблхнЧцо╡ч╝║хд▒
2025-05-21 18:01:42,951 - DEBUG - хо╜цЭ╛цибх╝Пш╖│ш┐Зя╝Ичмм24шбМя╝Йя╝МхЕищГих┐ЕхблхнЧцо╡ч╝║хд▒
2025-05-21 18:01:42,951 - DEBUG - хо╜цЭ╛цибх╝Пш╖│ш┐Зя╝Ичмм25шбМя╝Йя╝МхЕищГих┐ЕхблхнЧцо╡ч╝║хд▒
2025-05-21 18:01:42,951 - DEBUG - хо╜цЭ╛цибх╝Пш╖│ш┐Зя╝Ичмм26шбМя╝Йя╝МхЕищГих┐ЕхблхнЧцо╡ч╝║хд▒
2025-05-21 18:01:42,952 - DEBUG - хо╜цЭ╛цибх╝Пш╖│ш┐Зя╝Ичмм27шбМя╝Йя╝МхЕищГих┐ЕхблхнЧцо╡ч╝║хд▒
2025-05-21 18:01:42,953 - DEBUG - хо╜цЭ╛цибх╝Пш╖│ш┐Зя╝Ичмм28шбМя╝Йя╝МхЕищГих┐ЕхблхнЧцо╡ч╝║хд▒
2025-05-21 18:01:42,954 - ERROR - ЁЯЫС цЦЗф╗╢ SDMC 250520_PendingPoSnt.xlsx цЧацЬЙцХИх╖еф╜Ьшби
2025-05-21 18:01:42,956 - INFO - тЬЕ х╖еф╜Ьшби [Sheet1] хдДчРЖхоМцИРя╝МхЕ▒цЫ┤цЦ░ 24 шбМцХ░цНо
2025-05-21 18:01:42,956 - INFO - ЁЯФи х╝АхзЛхдДчРЖх╖еф╜Ьшби [BOOKED]
2025-05-21 18:01:42,957 - DEBUG - ЁЯУЛ х╝АхзЛшзгцЮРцЦЗф╗╢d:\pyscript\SNT\snt\250520_PendingPoSnt.xlsx
2025-05-21 18:01:42,965 - INFO - ЁЯУе х╖▓хКаш╜╜ 61 цЭбцЬЙцХИхЯ║хЗЖцХ░цНо
2025-05-21 18:01:42,965 - INFO - ЁЯФД цнгхЬихдДчРЖ [response] цЦЗф╗╢хд╣хЖЕцХ░цНо...
2025-05-21 18:01:42,965 - DEBUG - ЁЯУЛ х╝АхзЛшзгцЮРцЦЗф╗╢d:\pyscript\SNT\res\250520_PendingPoSnt Allen Yvie.xlsx
2025-05-21 18:01:42,968 - DEBUG - хо╜цЭ╛цибх╝Пш╖│ш┐Зя╝Ичмм6шбМя╝Йя╝МхЕищГих┐ЕхблхнЧцо╡ч╝║хд▒
2025-05-21 18:01:42,969 - DEBUG - хо╜цЭ╛цибх╝Пш╖│ш┐Зя╝Ичмм11шбМя╝Йя╝МхЕищГих┐ЕхблхнЧцо╡ч╝║хд▒
2025-05-21 18:01:42,969 - DEBUG - хо╜цЭ╛цибх╝Пш╖│ш┐Зя╝Ичмм13шбМя╝Йя╝МхЕищГих┐ЕхблхнЧцо╡ч╝║хд▒
2025-05-21 18:01:42,969 - DEBUG - хо╜цЭ╛цибх╝Пш╖│ш┐Зя╝Ичмм14шбМя╝Йя╝МхЕищГих┐ЕхблхнЧцо╡ч╝║хд▒
2025-05-21 18:01:42,972 - DEBUG - хо╜цЭ╛цибх╝Пш╖│ш┐Зя╝Ичмм34шбМя╝Йя╝МхЕищГих┐ЕхблхнЧцо╡ч╝║хд▒
2025-05-21 18:01:42,972 - DEBUG - хо╜цЭ╛цибх╝Пш╖│ш┐Зя╝Ичмм35шбМя╝Йя╝МхЕищГих┐ЕхблхнЧцо╡ч╝║хд▒
2025-05-21 18:01:42,972 - DEBUG - хо╜цЭ╛цибх╝Пш╖│ш┐Зя╝Ичмм36шбМя╝Йя╝МхЕищГих┐ЕхблхнЧцо╡ч╝║хд▒
2025-05-21 18:01:42,972 - DEBUG - хо╜цЭ╛цибх╝Пш╖│ш┐Зя╝Ичмм37шбМя╝Йя╝МхЕищГих┐ЕхблхнЧцо╡ч╝║хд▒
2025-05-21 18:01:42,972 - DEBUG - хо╜цЭ╛цибх╝Пш╖│ш┐Зя╝Ичмм38шбМя╝Йя╝МхЕищГих┐ЕхблхнЧцо╡ч╝║хд▒
2025-05-21 18:01:42,973 - DEBUG - хо╜цЭ╛цибх╝Пш╖│ш┐Зя╝Ичмм39шбМя╝Йя╝МхЕищГих┐ЕхблхнЧцо╡ч╝║хд▒
2025-05-21 18:01:42,973 - DEBUG - хо╜цЭ╛цибх╝Пш╖│ш┐Зя╝Ичмм40шбМя╝Йя╝МхЕищГих┐ЕхблхнЧцо╡ч╝║хд▒
2025-05-21 18:01:42,973 - DEBUG - хо╜цЭ╛цибх╝Пш╖│ш┐Зя╝Ичмм41шбМя╝Йя╝МхЕищГих┐ЕхблхнЧцо╡ч╝║хд▒
2025-05-21 18:01:42,973 - DEBUG - хо╜цЭ╛цибх╝Пш╖│ш┐Зя╝Ичмм45шбМя╝Йя╝МхЕищГих┐ЕхблхнЧцо╡ч╝║хд▒
2025-05-21 18:01:42,974 - DEBUG - хо╜цЭ╛цибх╝Пш╖│ш┐Зя╝Ичмм47шбМя╝Йя╝МхЕищГих┐ЕхблхнЧцо╡ч╝║хд▒
2025-05-21 18:01:42,974 - DEBUG - хо╜цЭ╛цибх╝Пш╖│ш┐Зя╝Ичмм50шбМя╝Йя╝МхЕищГих┐ЕхблхнЧцо╡ч╝║хд▒
2025-05-21 18:01:42,975 - DEBUG - хо╜цЭ╛цибх╝Пш╖│ш┐Зя╝Ичмм61шбМя╝Йя╝МхЕищГих┐ЕхблхнЧцо╡ч╝║хд▒
2025-05-21 18:01:42,975 - DEBUG - хо╜цЭ╛цибх╝Пш╖│ш┐Зя╝Ичмм62шбМя╝Йя╝МхЕищГих┐ЕхблхнЧцо╡ч╝║хд▒
2025-05-21 18:01:42,976 - DEBUG - ЁЯУЛ х╝АхзЛшзгцЮРцЦЗф╗╢d:\pyscript\SNT\res\250520_PendingPoSnt Sadie Eric.xlsx
2025-05-21 18:01:42,979 - DEBUG - хо╜цЭ╛цибх╝Пш╖│ш┐Зя╝Ичмм2шбМя╝Йя╝МхЕищГих┐ЕхблхнЧцо╡ч╝║хд▒
2025-05-21 18:01:42,979 - DEBUG - хо╜цЭ╛цибх╝Пш╖│ш┐Зя╝Ичмм3шбМя╝Йя╝МхЕищГих┐ЕхблхнЧцо╡ч╝║хд▒
2025-05-21 18:01:42,979 - DEBUG - хо╜цЭ╛цибх╝Пш╖│ш┐Зя╝Ичмм4шбМя╝Йя╝МхЕищГих┐ЕхблхнЧцо╡ч╝║хд▒
2025-05-21 18:01:42,979 - DEBUG - хо╜цЭ╛цибх╝Пш╖│ш┐Зя╝Ичмм5шбМя╝Йя╝МхЕищГих┐ЕхблхнЧцо╡ч╝║хд▒
2025-05-21 18:01:42,979 - DEBUG - хо╜цЭ╛цибх╝Пш╖│ш┐Зя╝Ичмм6шбМя╝Йя╝МхЕищГих┐ЕхблхнЧцо╡ч╝║хд▒
2025-05-21 18:01:42,979 - DEBUG - хо╜цЭ╛цибх╝Пш╖│ш┐Зя╝Ичмм7шбМя╝Йя╝МхЕищГих┐ЕхблхнЧцо╡ч╝║хд▒
2025-05-21 18:01:42,979 - DEBUG - хо╜цЭ╛цибх╝Пш╖│ш┐Зя╝Ичмм8шбМя╝Йя╝МхЕищГих┐ЕхблхнЧцо╡ч╝║хд▒
2025-05-21 18:01:42,980 - DEBUG - хо╜цЭ╛цибх╝Пш╖│ш┐Зя╝Ичмм9шбМя╝Йя╝МхЕищГих┐ЕхблхнЧцо╡ч╝║хд▒
2025-05-21 18:01:42,980 - DEBUG - хо╜цЭ╛цибх╝Пш╖│ш┐Зя╝Ичмм10шбМя╝Йя╝МхЕищГих┐ЕхблхнЧцо╡ч╝║хд▒
2025-05-21 18:01:42,980 - DEBUG - хо╜цЭ╛цибх╝Пш╖│ш┐Зя╝Ичмм11шбМя╝Йя╝МхЕищГих┐ЕхблхнЧцо╡ч╝║хд▒
2025-05-21 18:01:42,980 - DEBUG - хо╜цЭ╛цибх╝Пш╖│ш┐Зя╝Ичмм12шбМя╝Йя╝МхЕищГих┐ЕхблхнЧцо╡ч╝║хд▒
2025-05-21 18:01:42,980 - DEBUG - хо╜цЭ╛цибх╝Пш╖│ш┐Зя╝Ичмм13шбМя╝Йя╝МхЕищГих┐ЕхблхнЧцо╡ч╝║хд▒
2025-05-21 18:01:42,980 - DEBUG - хо╜цЭ╛цибх╝Пш╖│ш┐Зя╝Ичмм14шбМя╝Йя╝МхЕищГих┐ЕхблхнЧцо╡ч╝║хд▒
2025-05-21 18:01:42,980 - DEBUG - хо╜цЭ╛цибх╝Пш╖│ш┐Зя╝Ичмм15шбМя╝Йя╝МхЕищГих┐ЕхблхнЧцо╡ч╝║хд▒
2025-05-21 18:01:42,980 - DEBUG - хо╜цЭ╛цибх╝Пш╖│ш┐Зя╝Ичмм16шбМя╝Йя╝МхЕищГих┐ЕхблхнЧцо╡ч╝║хд▒
2025-05-21 18:01:42,980 - DEBUG - хо╜цЭ╛цибх╝Пш╖│ш┐Зя╝Ичмм17шбМя╝Йя╝МхЕищГих┐ЕхблхнЧцо╡ч╝║хд▒
2025-05-21 18:01:42,981 - DEBUG - хо╜цЭ╛цибх╝Пш╖│ш┐Зя╝Ичмм18шбМя╝Йя╝МхЕищГих┐ЕхблхнЧцо╡ч╝║хд▒
2025-05-21 18:01:42,981 - DEBUG - хо╜цЭ╛цибх╝Пш╖│ш┐Зя╝Ичмм19шбМя╝Йя╝МхЕищГих┐ЕхблхнЧцо╡ч╝║хд▒
2025-05-21 18:01:42,981 - DEBUG - хо╜цЭ╛цибх╝Пш╖│ш┐Зя╝Ичмм20шбМя╝Йя╝МхЕищГих┐ЕхблхнЧцо╡ч╝║хд▒
2025-05-21 18:01:42,981 - DEBUG - хо╜цЭ╛цибх╝Пш╖│ш┐Зя╝Ичмм21шбМя╝Йя╝МхЕищГих┐ЕхблхнЧцо╡ч╝║хд▒
2025-05-21 18:01:42,981 - DEBUG - хо╜цЭ╛цибх╝Пш╖│ш┐Зя╝Ичмм22шбМя╝Йя╝МхЕищГих┐ЕхблхнЧцо╡ч╝║хд▒
2025-05-21 18:01:42,981 - DEBUG - хо╜цЭ╛цибх╝Пш╖│ш┐Зя╝Ичмм23шбМя╝Йя╝МхЕищГих┐ЕхблхнЧцо╡ч╝║хд▒
2025-05-21 18:01:42,981 - DEBUG - хо╜цЭ╛цибх╝Пш╖│ш┐Зя╝Ичмм24шбМя╝Йя╝МхЕищГих┐ЕхблхнЧцо╡ч╝║хд▒
2025-05-21 18:01:42,981 - DEBUG - хо╜цЭ╛цибх╝Пш╖│ш┐Зя╝Ичмм25шбМя╝Йя╝МхЕищГих┐ЕхблхнЧцо╡ч╝║хд▒
2025-05-21 18:01:42,981 - DEBUG - хо╜цЭ╛цибх╝Пш╖│ш┐Зя╝Ичмм26шбМя╝Йя╝МхЕищГих┐ЕхблхнЧцо╡ч╝║хд▒
2025-05-21 18:01:42,982 - DEBUG - хо╜цЭ╛цибх╝Пш╖│ш┐Зя╝Ичмм27шбМя╝Йя╝МхЕищГих┐ЕхблхнЧцо╡ч╝║хд▒
2025-05-21 18:01:42,982 - DEBUG - хо╜цЭ╛цибх╝Пш╖│ш┐Зя╝Ичмм28шбМя╝Йя╝МхЕищГих┐ЕхблхнЧцо╡ч╝║хд▒
2025-05-21 18:01:42,982 - DEBUG - хо╜цЭ╛цибх╝Пш╖│ш┐Зя╝Ичмм29шбМя╝Йя╝МхЕищГих┐ЕхблхнЧцо╡ч╝║хд▒
2025-05-21 18:01:42,982 - DEBUG - хо╜цЭ╛цибх╝Пш╖│ш┐Зя╝Ичмм30шбМя╝Йя╝МхЕищГих┐ЕхблхнЧцо╡ч╝║хд▒
2025-05-21 18:01:42,983 - DEBUG - хо╜цЭ╛цибх╝Пш╖│ш┐Зя╝Ичмм31шбМя╝Йя╝МхЕищГих┐ЕхблхнЧцо╡ч╝║хд▒
2025-05-21 18:01:42,983 - DEBUG - хо╜цЭ╛цибх╝Пш╖│ш┐Зя╝Ичмм32шбМя╝Йя╝МхЕищГих┐ЕхблхнЧцо╡ч╝║хд▒
2025-05-21 18:01:42,983 - DEBUG - хо╜цЭ╛цибх╝Пш╖│ш┐Зя╝Ичмм33шбМя╝Йя╝МхЕищГих┐ЕхблхнЧцо╡ч╝║хд▒
2025-05-21 18:01:42,983 - DEBUG - хо╜цЭ╛цибх╝Пш╖│ш┐Зя╝Ичмм34шбМя╝Йя╝МхЕищГих┐ЕхблхнЧцо╡ч╝║хд▒
2025-05-21 18:01:42,983 - DEBUG - хо╜цЭ╛цибх╝Пш╖│ш┐Зя╝Ичмм35шбМя╝Йя╝МхЕищГих┐ЕхблхнЧцо╡ч╝║хд▒
2025-05-21 18:01:42,984 - DEBUG - хо╜цЭ╛цибх╝Пш╖│ш┐Зя╝Ичмм39шбМя╝Йя╝МхЕищГих┐ЕхблхнЧцо╡ч╝║хд▒
2025-05-21 18:01:42,984 - DEBUG - хо╜цЭ╛цибх╝Пш╖│ш┐Зя╝Ичмм40шбМя╝Йя╝МхЕищГих┐ЕхблхнЧцо╡ч╝║хд▒
2025-05-21 18:01:42,984 - DEBUG - хо╜цЭ╛цибх╝Пш╖│ш┐Зя╝Ичмм41шбМя╝Йя╝МхЕищГих┐ЕхблхнЧцо╡ч╝║хд▒
2025-05-21 18:01:42,984 - DEBUG - хо╜цЭ╛цибх╝Пш╖│ш┐Зя╝Ичмм42шбМя╝Йя╝МхЕищГих┐ЕхблхнЧцо╡ч╝║хд▒
2025-05-21 18:01:42,984 - DEBUG - хо╜цЭ╛цибх╝Пш╖│ш┐Зя╝Ичмм43шбМя╝Йя╝МхЕищГих┐ЕхблхнЧцо╡ч╝║хд▒
2025-05-21 18:01:42,985 - DEBUG - хо╜цЭ╛цибх╝Пш╖│ш┐Зя╝Ичмм44шбМя╝Йя╝МхЕищГих┐ЕхблхнЧцо╡ч╝║хд▒
2025-05-21 18:01:42,985 - DEBUG - хо╜цЭ╛цибх╝Пш╖│ш┐Зя╝Ичмм45шбМя╝Йя╝МхЕищГих┐ЕхблхнЧцо╡ч╝║хд▒
2025-05-21 18:01:42,985 - DEBUG - хо╜цЭ╛цибх╝Пш╖│ш┐Зя╝Ичмм46шбМя╝Йя╝МхЕищГих┐ЕхблхнЧцо╡ч╝║хд▒
2025-05-21 18:01:42,985 - DEBUG - хо╜цЭ╛цибх╝Пш╖│ш┐Зя╝Ичмм47шбМя╝Йя╝МхЕищГих┐ЕхблхнЧцо╡ч╝║хд▒
2025-05-21 18:01:42,985 - DEBUG - хо╜цЭ╛цибх╝Пш╖│ш┐Зя╝Ичмм48шбМя╝Йя╝МхЕищГих┐ЕхблхнЧцо╡ч╝║хд▒
2025-05-21 18:01:42,985 - DEBUG - хо╜цЭ╛цибх╝Пш╖│ш┐Зя╝Ичмм49шбМя╝Йя╝МхЕищГих┐ЕхблхнЧцо╡ч╝║хд▒
2025-05-21 18:01:42,985 - DEBUG - хо╜цЭ╛цибх╝Пш╖│ш┐Зя╝Ичмм50шбМя╝Йя╝МхЕищГих┐ЕхблхнЧцо╡ч╝║хд▒
2025-05-21 18:01:42,985 - DEBUG - хо╜цЭ╛цибх╝Пш╖│ш┐Зя╝Ичмм51шбМя╝Йя╝МхЕищГих┐ЕхблхнЧцо╡ч╝║хд▒
2025-05-21 18:01:42,986 - DEBUG - хо╜цЭ╛цибх╝Пш╖│ш┐Зя╝Ичмм52шбМя╝Йя╝МхЕищГих┐ЕхблхнЧцо╡ч╝║хд▒
2025-05-21 18:01:42,986 - DEBUG - хо╜цЭ╛цибх╝Пш╖│ш┐Зя╝Ичмм53шбМя╝Йя╝МхЕищГих┐ЕхблхнЧцо╡ч╝║хд▒
2025-05-21 18:01:42,986 - DEBUG - хо╜цЭ╛цибх╝Пш╖│ш┐Зя╝Ичмм54шбМя╝Йя╝МхЕищГих┐ЕхблхнЧцо╡ч╝║хд▒
2025-05-21 18:01:42,986 - DEBUG - хо╜цЭ╛цибх╝Пш╖│ш┐Зя╝Ичмм55шбМя╝Йя╝МхЕищГих┐ЕхблхнЧцо╡ч╝║хд▒
2025-05-21 18:01:42,986 - DEBUG - хо╜цЭ╛цибх╝Пш╖│ш┐Зя╝Ичмм56шбМя╝Йя╝МхЕищГих┐ЕхблхнЧцо╡ч╝║хд▒
2025-05-21 18:01:42,986 - DEBUG - хо╜цЭ╛цибх╝Пш╖│ш┐Зя╝Ичмм57шбМя╝Йя╝МхЕищГих┐ЕхблхнЧцо╡ч╝║хд▒
2025-05-21 18:01:42,986 - DEBUG - хо╜цЭ╛цибх╝Пш╖│ш┐Зя╝Ичмм58шбМя╝Йя╝МхЕищГих┐ЕхблхнЧцо╡ч╝║хд▒
2025-05-21 18:01:42,986 - DEBUG - хо╜цЭ╛цибх╝Пш╖│ш┐Зя╝Ичмм59шбМя╝Йя╝МхЕищГих┐ЕхблхнЧцо╡ч╝║хд▒
2025-05-21 18:01:42,987 - DEBUG - хо╜цЭ╛цибх╝Пш╖│ш┐Зя╝Ичмм60шбМя╝Йя╝МхЕищГих┐ЕхблхнЧцо╡ч╝║хд▒
2025-05-21 18:01:42,987 - DEBUG - хо╜цЭ╛цибх╝Пш╖│ш┐Зя╝Ичмм61шбМя╝Йя╝МхЕищГих┐ЕхблхнЧцо╡ч╝║хд▒
2025-05-21 18:01:42,987 - DEBUG - хо╜цЭ╛цибх╝Пш╖│ш┐Зя╝Ичмм62шбМя╝Йя╝МхЕищГих┐ЕхблхнЧцо╡ч╝║хд▒
2025-05-21 18:01:42,987 - DEBUG - ЁЯУЛ х╝АхзЛшзгцЮРцЦЗф╗╢d:\pyscript\SNT\res\SDMC 250520_PendingPoSnt.xlsx
2025-05-21 18:01:42,990 - DEBUG - хо╜цЭ╛цибх╝Пш╖│ш┐Зя╝Ичмм2шбМя╝Йя╝МхЕищГих┐ЕхблхнЧцо╡ч╝║хд▒
2025-05-21 18:01:42,990 - DEBUG - хо╜цЭ╛цибх╝Пш╖│ш┐Зя╝Ичмм3шбМя╝Йя╝МхЕищГих┐ЕхблхнЧцо╡ч╝║хд▒
2025-05-21 18:01:42,990 - DEBUG - хо╜цЭ╛цибх╝Пш╖│ш┐Зя╝Ичмм4шбМя╝Йя╝МхЕищГих┐ЕхблхнЧцо╡ч╝║хд▒
2025-05-21 18:01:42,991 - DEBUG - хо╜цЭ╛цибх╝Пш╖│ш┐Зя╝Ичмм5шбМя╝Йя╝МхЕищГих┐ЕхблхнЧцо╡ч╝║хд▒
2025-05-21 18:01:42,991 - DEBUG - хо╜цЭ╛цибх╝Пш╖│ш┐Зя╝Ичмм6шбМя╝Йя╝МхЕищГих┐ЕхблхнЧцо╡ч╝║хд▒
2025-05-21 18:01:42,991 - DEBUG - хо╜цЭ╛цибх╝Пш╖│ш┐Зя╝Ичмм7шбМя╝Йя╝МхЕищГих┐ЕхблхнЧцо╡ч╝║хд▒
2025-05-21 18:01:42,991 - DEBUG - хо╜цЭ╛цибх╝Пш╖│ш┐Зя╝Ичмм8шбМя╝Йя╝МхЕищГих┐ЕхблхнЧцо╡ч╝║хд▒
2025-05-21 18:01:42,991 - DEBUG - хо╜цЭ╛цибх╝Пш╖│ш┐Зя╝Ичмм9шбМя╝Йя╝МхЕищГих┐ЕхблхнЧцо╡ч╝║хд▒
2025-05-21 18:01:42,991 - DEBUG - хо╜цЭ╛цибх╝Пш╖│ш┐Зя╝Ичмм10шбМя╝Йя╝МхЕищГих┐ЕхблхнЧцо╡ч╝║хд▒
2025-05-21 18:01:42,991 - DEBUG - хо╜цЭ╛цибх╝Пш╖│ш┐Зя╝Ичмм11шбМя╝Йя╝МхЕищГих┐ЕхблхнЧцо╡ч╝║хд▒
2025-05-21 18:01:42,992 - DEBUG - хо╜цЭ╛цибх╝Пш╖│ш┐Зя╝Ичмм12шбМя╝Йя╝МхЕищГих┐ЕхблхнЧцо╡ч╝║хд▒
2025-05-21 18:01:42,992 - DEBUG - хо╜цЭ╛цибх╝Пш╖│ш┐Зя╝Ичмм13шбМя╝Йя╝МхЕищГих┐ЕхблхнЧцо╡ч╝║хд▒
2025-05-21 18:01:42,992 - DEBUG - хо╜цЭ╛цибх╝Пш╖│ш┐Зя╝Ичмм14шбМя╝Йя╝МхЕищГих┐ЕхблхнЧцо╡ч╝║хд▒
2025-05-21 18:01:42,992 - DEBUG - хо╜цЭ╛цибх╝Пш╖│ш┐Зя╝Ичмм15шбМя╝Йя╝МхЕищГих┐ЕхблхнЧцо╡ч╝║хд▒
2025-05-21 18:01:42,992 - DEBUG - хо╜цЭ╛цибх╝Пш╖│ш┐Зя╝Ичмм16шбМя╝Йя╝МхЕищГих┐ЕхблхнЧцо╡ч╝║хд▒
2025-05-21 18:01:42,992 - DEBUG - хо╜цЭ╛цибх╝Пш╖│ш┐Зя╝Ичмм17шбМя╝Йя╝МхЕищГих┐ЕхблхнЧцо╡ч╝║хд▒
2025-05-21 18:01:42,992 - DEBUG - хо╜цЭ╛цибх╝Пш╖│ш┐Зя╝Ичмм18шбМя╝Йя╝МхЕищГих┐ЕхблхнЧцо╡ч╝║хд▒
2025-05-21 18:01:42,993 - DEBUG - хо╜цЭ╛цибх╝Пш╖│ш┐Зя╝Ичмм19шбМя╝Йя╝МхЕищГих┐ЕхблхнЧцо╡ч╝║хд▒
2025-05-21 18:01:42,993 - DEBUG - хо╜цЭ╛цибх╝Пш╖│ш┐Зя╝Ичмм20шбМя╝Йя╝МхЕищГих┐ЕхблхнЧцо╡ч╝║хд▒
2025-05-21 18:01:42,993 - DEBUG - хо╜цЭ╛цибх╝Пш╖│ш┐Зя╝Ичмм21шбМя╝Йя╝МхЕищГих┐ЕхблхнЧцо╡ч╝║хд▒
2025-05-21 18:01:42,993 - DEBUG - хо╜цЭ╛цибх╝Пш╖│ш┐Зя╝Ичмм22шбМя╝Йя╝МхЕищГих┐ЕхблхнЧцо╡ч╝║хд▒
2025-05-21 18:01:42,993 - DEBUG - хо╜цЭ╛цибх╝Пш╖│ш┐Зя╝Ичмм23шбМя╝Йя╝МхЕищГих┐ЕхблхнЧцо╡ч╝║хд▒
2025-05-21 18:01:42,993 - DEBUG - хо╜цЭ╛цибх╝Пш╖│ш┐Зя╝Ичмм24шбМя╝Йя╝МхЕищГих┐ЕхблхнЧцо╡ч╝║хд▒
2025-05-21 18:01:42,993 - DEBUG - хо╜цЭ╛цибх╝Пш╖│ш┐Зя╝Ичмм25шбМя╝Йя╝МхЕищГих┐ЕхблхнЧцо╡ч╝║хд▒
2025-05-21 18:01:42,993 - DEBUG - хо╜цЭ╛цибх╝Пш╖│ш┐Зя╝Ичмм26шбМя╝Йя╝МхЕищГих┐ЕхблхнЧцо╡ч╝║хд▒
2025-05-21 18:01:42,993 - DEBUG - хо╜цЭ╛цибх╝Пш╖│ш┐Зя╝Ичмм27шбМя╝Йя╝МхЕищГих┐ЕхблхнЧцо╡ч╝║хд▒
2025-05-21 18:01:42,994 - DEBUG - хо╜цЭ╛цибх╝Пш╖│ш┐Зя╝Ичмм28шбМя╝Йя╝МхЕищГих┐ЕхблхнЧцо╡ч╝║хд▒
2025-05-21 18:01:42,994 - DEBUG - хо╜цЭ╛цибх╝Пш╖│ш┐Зя╝Ичмм29шбМя╝Йя╝МхЕищГих┐ЕхблхнЧцо╡ч╝║хд▒
2025-05-21 18:01:42,994 - DEBUG - хо╜цЭ╛цибх╝Пш╖│ш┐Зя╝Ичмм30шбМя╝Йя╝МхЕищГих┐ЕхблхнЧцо╡ч╝║хд▒
2025-05-21 18:01:42,994 - DEBUG - хо╜цЭ╛цибх╝Пш╖│ш┐Зя╝Ичмм31шбМя╝Йя╝МхЕищГих┐ЕхблхнЧцо╡ч╝║хд▒
2025-05-21 18:01:42,994 - DEBUG - хо╜цЭ╛цибх╝Пш╖│ш┐Зя╝Ичмм32шбМя╝Йя╝МхЕищГих┐ЕхблхнЧцо╡ч╝║хд▒
2025-05-21 18:01:42,994 - DEBUG - хо╜цЭ╛цибх╝Пш╖│ш┐Зя╝Ичмм33шбМя╝Йя╝МхЕищГих┐ЕхблхнЧцо╡ч╝║хд▒
2025-05-21 18:01:42,994 - DEBUG - хо╜цЭ╛цибх╝Пш╖│ш┐Зя╝Ичмм34шбМя╝Йя╝МхЕищГих┐ЕхблхнЧцо╡ч╝║хд▒
2025-05-21 18:01:42,994 - DEBUG - хо╜цЭ╛цибх╝Пш╖│ш┐Зя╝Ичмм35шбМя╝Йя╝МхЕищГих┐ЕхблхнЧцо╡ч╝║хд▒
2025-05-21 18:01:42,994 - DEBUG - хо╜цЭ╛цибх╝Пш╖│ш┐Зя╝Ичмм36шбМя╝Йя╝МхЕищГих┐ЕхблхнЧцо╡ч╝║хд▒
2025-05-21 18:01:42,995 - DEBUG - хо╜цЭ╛цибх╝Пш╖│ш┐Зя╝Ичмм37шбМя╝Йя╝МхЕищГих┐ЕхблхнЧцо╡ч╝║хд▒
2025-05-21 18:01:42,995 - DEBUG - хо╜цЭ╛цибх╝Пш╖│ш┐Зя╝Ичмм38шбМя╝Йя╝МхЕищГих┐ЕхблхнЧцо╡ч╝║хд▒
2025-05-21 18:01:42,995 - DEBUG - хо╜цЭ╛цибх╝Пш╖│ш┐Зя╝Ичмм39шбМя╝Йя╝МхЕищГих┐ЕхблхнЧцо╡ч╝║хд▒
2025-05-21 18:01:42,995 - DEBUG - хо╜цЭ╛цибх╝Пш╖│ш┐Зя╝Ичмм40шбМя╝Йя╝МхЕищГих┐ЕхблхнЧцо╡ч╝║хд▒
2025-05-21 18:01:42,996 - DEBUG - хо╜цЭ╛цибх╝Пш╖│ш┐Зя╝Ичмм41шбМя╝Йя╝МхЕищГих┐ЕхблхнЧцо╡ч╝║хд▒
2025-05-21 18:01:42,996 - DEBUG - хо╜цЭ╛цибх╝Пш╖│ш┐Зя╝Ичмм42шбМя╝Йя╝МхЕищГих┐ЕхблхнЧцо╡ч╝║хд▒
2025-05-21 18:01:42,996 - DEBUG - хо╜цЭ╛цибх╝Пш╖│ш┐Зя╝Ичмм43шбМя╝Йя╝МхЕищГих┐ЕхблхнЧцо╡ч╝║хд▒
2025-05-21 18:01:42,996 - DEBUG - хо╜цЭ╛цибх╝Пш╖│ш┐Зя╝Ичмм44шбМя╝Йя╝МхЕищГих┐ЕхблхнЧцо╡ч╝║хд▒
2025-05-21 18:01:42,996 - DEBUG - хо╜цЭ╛цибх╝Пш╖│ш┐Зя╝Ичмм45шбМя╝Йя╝МхЕищГих┐ЕхблхнЧцо╡ч╝║хд▒
2025-05-21 18:01:42,996 - DEBUG - хо╜цЭ╛цибх╝Пш╖│ш┐Зя╝Ичмм46шбМя╝Йя╝МхЕищГих┐ЕхблхнЧцо╡ч╝║хд▒
2025-05-21 18:01:42,996 - DEBUG - хо╜цЭ╛цибх╝Пш╖│ш┐Зя╝Ичмм47шбМя╝Йя╝МхЕищГих┐ЕхблхнЧцо╡ч╝║хд▒
2025-05-21 18:01:42,996 - DEBUG - хо╜цЭ╛цибх╝Пш╖│ш┐Зя╝Ичмм48шбМя╝Йя╝МхЕищГих┐ЕхблхнЧцо╡ч╝║хд▒
2025-05-21 18:01:42,996 - DEBUG - хо╜цЭ╛цибх╝Пш╖│ш┐Зя╝Ичмм49шбМя╝Йя╝МхЕищГих┐ЕхблхнЧцо╡ч╝║хд▒
2025-05-21 18:01:42,997 - DEBUG - хо╜цЭ╛цибх╝Пш╖│ш┐Зя╝Ичмм50шбМя╝Йя╝МхЕищГих┐ЕхблхнЧцо╡ч╝║хд▒
2025-05-21 18:01:42,997 - DEBUG - хо╜цЭ╛цибх╝Пш╖│ш┐Зя╝Ичмм51шбМя╝Йя╝МхЕищГих┐ЕхблхнЧцо╡ч╝║хд▒
2025-05-21 18:01:42,997 - DEBUG - хо╜цЭ╛цибх╝Пш╖│ш┐Зя╝Ичмм52шбМя╝Йя╝МхЕищГих┐ЕхблхнЧцо╡ч╝║хд▒
2025-05-21 18:01:42,997 - DEBUG - хо╜цЭ╛цибх╝Пш╖│ш┐Зя╝Ичмм53шбМя╝Йя╝МхЕищГих┐ЕхблхнЧцо╡ч╝║хд▒
2025-05-21 18:01:42,997 - DEBUG - хо╜цЭ╛цибх╝Пш╖│ш┐Зя╝Ичмм54шбМя╝Йя╝МхЕищГих┐ЕхблхнЧцо╡ч╝║хд▒
2025-05-21 18:01:42,997 - DEBUG - хо╜цЭ╛цибх╝Пш╖│ш┐Зя╝Ичмм55шбМя╝Йя╝МхЕищГих┐ЕхблхнЧцо╡ч╝║хд▒
2025-05-21 18:01:42,997 - DEBUG - хо╜цЭ╛цибх╝Пш╖│ш┐Зя╝Ичмм56шбМя╝Йя╝МхЕищГих┐ЕхблхнЧцо╡ч╝║хд▒
2025-05-21 18:01:42,997 - DEBUG - хо╜цЭ╛цибх╝Пш╖│ш┐Зя╝Ичмм57шбМя╝Йя╝МхЕищГих┐ЕхблхнЧцо╡ч╝║хд▒
2025-05-21 18:01:42,998 - DEBUG - хо╜цЭ╛цибх╝Пш╖│ш┐Зя╝Ичмм58шбМя╝Йя╝МхЕищГих┐ЕхблхнЧцо╡ч╝║хд▒
2025-05-21 18:01:42,998 - DEBUG - хо╜цЭ╛цибх╝Пш╖│ш┐Зя╝Ичмм59шбМя╝Йя╝МхЕищГих┐ЕхблхнЧцо╡ч╝║хд▒
2025-05-21 18:01:42,998 - DEBUG - хо╜цЭ╛цибх╝Пш╖│ш┐Зя╝Ичмм60шбМя╝Йя╝МхЕищГих┐ЕхблхнЧцо╡ч╝║хд▒
2025-05-21 18:01:42,998 - DEBUG - хо╜цЭ╛цибх╝Пш╖│ш┐Зя╝Ичмм61шбМя╝Йя╝МхЕищГих┐ЕхблхнЧцо╡ч╝║хд▒
2025-05-21 18:01:42,998 - DEBUG - хо╜цЭ╛цибх╝Пш╖│ш┐Зя╝Ичмм62шбМя╝Йя╝МхЕищГих┐ЕхблхнЧцо╡ч╝║хд▒
2025-05-21 18:01:43,006 - INFO - тЬЕ х╖еф╜Ьшби [Sheet1] хдДчРЖхоМцИРя╝МхЕ▒цЫ┤цЦ░ 47 шбМцХ░цНо
2025-05-21 18:01:43,165 - INFO - ЁЯТ╛ ч╗УцЮЬцЦЗф╗╢ф┐ЭхнШцИРхКЯ: d:\pyscript\SNT\target\output_20250521_180142.xlsx
2025-05-21 18:01:43,166 - INFO - ЁЯОЙ шЗкхКихМЦхдДчРЖхоМцИРя╝Б
