2025-05-21 18:07:54,337 - DEBUG - х░ЭшпХшО╖хПЦщФБф╗ехИЭхзЛхМЦч║┐чиЛц▒ая╝Мх╜УхЙНч║┐чиЛ: MainThread
2025-05-21 18:07:54,337 - DEBUG - щЗКцФ╛щФБя╝Мх╜УхЙНч║┐чиЛ: MainThread
2025-05-21 18:07:54,339 - INFO - тЬЕ цШах░ДцЦЗф╗╢хКаш╜╜цИРхКЯ
2025-05-21 18:07:54,380 - DEBUG - тЪая╕П цгАц╡ЛхИ░щЭЮх╕╕шзДх╖еф╜Ьшби [NOT INCLUDED] хЬицЦЗф╗╢ 250520_PendingPoSnt.xlsx
2025-05-21 18:07:54,380 - DEBUG - тЪая╕П цгАц╡ЛхИ░щЭЮх╕╕шзДх╖еф╜Ьшби [Allowed Comments] хЬицЦЗф╗╢ 250520_PendingPoSnt.xlsx
2025-05-21 18:07:54,412 - DEBUG - тЪая╕П цгАц╡ЛхИ░щЭЮх╕╕шзДх╖еф╜Ьшби [NOT INCLUDED] хЬицЦЗф╗╢ 250520_PendingPoSnt Allen Yvie.xlsx
2025-05-21 18:07:54,412 - DEBUG - тЪая╕П цгАц╡ЛхИ░щЭЮх╕╕шзДх╖еф╜Ьшби [Allowed Comments] хЬицЦЗф╗╢ 250520_PendingPoSnt Allen Yvie.xlsx
2025-05-21 18:07:54,494 - DEBUG - тЪая╕П цгАц╡ЛхИ░щЭЮх╕╕шзДх╖еф╜Ьшби [NOT INCLUDED] хЬицЦЗф╗╢ 250520_PendingPoSnt Sadie Eric.xlsx
2025-05-21 18:07:54,494 - DEBUG - тЪая╕П цгАц╡ЛхИ░щЭЮх╕╕шзДх╖еф╜Ьшби [Allowed Comments] хЬицЦЗф╗╢ 250520_PendingPoSnt Sadie Eric.xlsx
2025-05-21 18:07:54,536 - DEBUG - тЪая╕П цгАц╡ЛхИ░щЭЮх╕╕шзДх╖еф╜Ьшби [Sheet1] хЬицЦЗф╗╢ SDMC 250520_PendingPoSnt.xlsx
2025-05-21 18:07:54,536 - DEBUG - тЪая╕П цгАц╡ЛхИ░щЭЮх╕╕шзДх╖еф╜Ьшби [NOT INCLUDED] хЬицЦЗф╗╢ SDMC 250520_PendingPoSnt.xlsx
2025-05-21 18:07:54,536 - DEBUG - тЪая╕П цгАц╡ЛхИ░щЭЮх╕╕шзДх╖еф╜Ьшби [Allowed Comments] хЬицЦЗф╗╢ SDMC 250520_PendingPoSnt.xlsx
2025-05-21 18:07:54,536 - INFO - тЬЕ цЦЗф╗╢щкМшпБщАЪш┐З
2025-05-21 18:07:54,670 - INFO - ЁЯФи х╝АхзЛхдДчРЖх╖еф╜Ьшби [CREATED]
2025-05-21 18:07:54,671 - DEBUG - ЁЯУЛ х╝АхзЛшзгцЮРцЦЗф╗╢d:\pyscript\SNT\snt\250520_PendingPoSnt.xlsx
2025-05-21 18:07:54,693 - DEBUG - хо╜цЭ╛цибх╝Пф┐ЭчХЩя╝Ичмм11шбМя╝Йя╝МщГихИЖч╝║хд▒хнЧцо╡я╝Ъpo
2025-05-21 18:07:54,694 - DEBUG - хо╜цЭ╛цибх╝Пф┐ЭчХЩя╝Ичмм15шбМя╝Йя╝МщГихИЖч╝║хд▒хнЧцо╡я╝Ъpo
2025-05-21 18:07:54,720 - INFO - ЁЯУе х╖▓хКаш╜╜ 186 цЭбцЬЙцХИхЯ║хЗЖцХ░цНо
2025-05-21 18:07:54,721 - INFO - ЁЯФД цнгхЬихдДчРЖ [response] цЦЗф╗╢хд╣хЖЕцХ░цНо...
2025-05-21 18:07:54,722 - DEBUG - ЁЯУЛ х╝АхзЛшзгцЮРцЦЗф╗╢d:\pyscript\SNT\res\250520_PendingPoSnt Allen Yvie.xlsx
2025-05-21 18:07:54,776 - DEBUG - хо╜цЭ╛цибх╝Пф┐ЭчХЩя╝Ичмм2шбМя╝Йя╝МщГихИЖч╝║хд▒хнЧцо╡я╝Ъfwd_feedback
2025-05-21 18:07:54,777 - DEBUG - хо╜цЭ╛цибх╝Пф┐ЭчХЩя╝Ичмм3шбМя╝Йя╝МщГихИЖч╝║хд▒хнЧцо╡я╝ЪREMARK
2025-05-21 18:07:54,777 - DEBUG - хо╜цЭ╛цибх╝Пф┐ЭчХЩя╝Ичмм4шбМя╝Йя╝МщГихИЖч╝║хд▒хнЧцо╡я╝ЪREMARK
2025-05-21 18:07:54,778 - DEBUG - хо╜цЭ╛цибх╝Пф┐ЭчХЩя╝Ичмм5шбМя╝Йя╝МщГихИЖч╝║хд▒хнЧцо╡я╝ЪREMARK
2025-05-21 18:07:54,778 - DEBUG - хо╜цЭ╛цибх╝Пф┐ЭчХЩя╝Ичмм6шбМя╝Йя╝МщГихИЖч╝║хд▒хнЧцо╡я╝ЪREMARK
2025-05-21 18:07:54,778 - DEBUG - хо╜цЭ╛цибх╝Пф┐ЭчХЩя╝Ичмм7шбМя╝Йя╝МщГихИЖч╝║хд▒хнЧцо╡я╝ЪREMARK
2025-05-21 18:07:54,778 - DEBUG - хо╜цЭ╛цибх╝Пф┐ЭчХЩя╝Ичмм8шбМя╝Йя╝МщГихИЖч╝║хд▒хнЧцо╡я╝ЪREMARK
2025-05-21 18:07:54,779 - DEBUG - хо╜цЭ╛цибх╝Пф┐ЭчХЩя╝Ичмм9шбМя╝Йя╝МщГихИЖч╝║хд▒хнЧцо╡я╝ЪREMARK
2025-05-21 18:07:54,779 - DEBUG - хо╜цЭ╛цибх╝Пф┐ЭчХЩя╝Ичмм10шбМя╝Йя╝МщГихИЖч╝║хд▒хнЧцо╡я╝ЪREMARK
2025-05-21 18:07:54,779 - DEBUG - хо╜цЭ╛цибх╝Пф┐ЭчХЩя╝Ичмм11шбМя╝Йя╝МщГихИЖч╝║хд▒хнЧцо╡я╝ЪREMARK
2025-05-21 18:07:54,779 - DEBUG - хо╜цЭ╛цибх╝Пф┐ЭчХЩя╝Ичмм12шбМя╝Йя╝МщГихИЖч╝║хд▒хнЧцо╡я╝ЪREMARK
2025-05-21 18:07:54,780 - DEBUG - хо╜цЭ╛цибх╝Пф┐ЭчХЩя╝Ичмм13шбМя╝Йя╝МщГихИЖч╝║хд▒хнЧцо╡я╝ЪREMARK
2025-05-21 18:07:54,780 - DEBUG - хо╜цЭ╛цибх╝Пф┐ЭчХЩя╝Ичмм14шбМя╝Йя╝МщГихИЖч╝║хд▒хнЧцо╡я╝ЪREMARK
2025-05-21 18:07:54,780 - DEBUG - хо╜цЭ╛цибх╝Пф┐ЭчХЩя╝Ичмм15шбМя╝Йя╝МщГихИЖч╝║хд▒хнЧцо╡я╝ЪREMARK
2025-05-21 18:07:54,781 - DEBUG - хо╜цЭ╛цибх╝Пф┐ЭчХЩя╝Ичмм16шбМя╝Йя╝МщГихИЖч╝║хд▒хнЧцо╡я╝ЪREMARK
2025-05-21 18:07:54,781 - DEBUG - хо╜цЭ╛цибх╝Пф┐ЭчХЩя╝Ичмм17шбМя╝Йя╝МщГихИЖч╝║хд▒хнЧцо╡я╝ЪREMARK
2025-05-21 18:07:54,781 - DEBUG - хо╜цЭ╛цибх╝Пф┐ЭчХЩя╝Ичмм18шбМя╝Йя╝МщГихИЖч╝║хд▒хнЧцо╡я╝ЪREMARK
2025-05-21 18:07:54,781 - DEBUG - хо╜цЭ╛цибх╝Пф┐ЭчХЩя╝Ичмм19шбМя╝Йя╝МщГихИЖч╝║хд▒хнЧцо╡я╝ЪREMARK
2025-05-21 18:07:54,782 - DEBUG - хо╜цЭ╛цибх╝Пф┐ЭчХЩя╝Ичмм20шбМя╝Йя╝МщГихИЖч╝║хд▒хнЧцо╡я╝ЪREMARK
2025-05-21 18:07:54,782 - DEBUG - хо╜цЭ╛цибх╝Пш╖│ш┐Зя╝Ичмм21шбМя╝Йя╝МхЕищГих┐ЕхблхнЧцо╡ч╝║хд▒
2025-05-21 18:07:54,782 - DEBUG - хо╜цЭ╛цибх╝Пш╖│ш┐Зя╝Ичмм22шбМя╝Йя╝МхЕищГих┐ЕхблхнЧцо╡ч╝║хд▒
2025-05-21 18:07:54,782 - DEBUG - хо╜цЭ╛цибх╝Пш╖│ш┐Зя╝Ичмм23шбМя╝Йя╝МхЕищГих┐ЕхблхнЧцо╡ч╝║хд▒
2025-05-21 18:07:54,782 - DEBUG - хо╜цЭ╛цибх╝Пш╖│ш┐Зя╝Ичмм24шбМя╝Йя╝МхЕищГих┐ЕхблхнЧцо╡ч╝║хд▒
2025-05-21 18:07:54,783 - DEBUG - хо╜цЭ╛цибх╝Пш╖│ш┐Зя╝Ичмм25шбМя╝Йя╝МхЕищГих┐ЕхблхнЧцо╡ч╝║хд▒
2025-05-21 18:07:54,783 - DEBUG - хо╜цЭ╛цибх╝Пш╖│ш┐Зя╝Ичмм26шбМя╝Йя╝МхЕищГих┐ЕхблхнЧцо╡ч╝║хд▒
2025-05-21 18:07:54,783 - DEBUG - хо╜цЭ╛цибх╝Пш╖│ш┐Зя╝Ичмм27шбМя╝Йя╝МхЕищГих┐ЕхблхнЧцо╡ч╝║хд▒
2025-05-21 18:07:54,783 - DEBUG - хо╜цЭ╛цибх╝Пш╖│ш┐Зя╝Ичмм28шбМя╝Йя╝МхЕищГих┐ЕхблхнЧцо╡ч╝║хд▒
2025-05-21 18:07:54,783 - DEBUG - хо╜цЭ╛цибх╝Пш╖│ш┐Зя╝Ичмм29шбМя╝Йя╝МхЕищГих┐ЕхблхнЧцо╡ч╝║хд▒
2025-05-21 18:07:54,783 - DEBUG - хо╜цЭ╛цибх╝Пш╖│ш┐Зя╝Ичмм30шбМя╝Йя╝МхЕищГих┐ЕхблхнЧцо╡ч╝║хд▒
2025-05-21 18:07:54,784 - DEBUG - хо╜цЭ╛цибх╝Пш╖│ш┐Зя╝Ичмм31шбМя╝Йя╝МхЕищГих┐ЕхблхнЧцо╡ч╝║хд▒
2025-05-21 18:07:54,785 - DEBUG - хо╜цЭ╛цибх╝Пш╖│ш┐Зя╝Ичмм32шбМя╝Йя╝МхЕищГих┐ЕхблхнЧцо╡ч╝║хд▒
2025-05-21 18:07:54,785 - DEBUG - хо╜цЭ╛цибх╝Пш╖│ш┐Зя╝Ичмм33шбМя╝Йя╝МхЕищГих┐ЕхблхнЧцо╡ч╝║хд▒
2025-05-21 18:07:54,785 - DEBUG - хо╜цЭ╛цибх╝Пш╖│ш┐Зя╝Ичмм34шбМя╝Йя╝МхЕищГих┐ЕхблхнЧцо╡ч╝║хд▒
2025-05-21 18:07:54,785 - DEBUG - хо╜цЭ╛цибх╝Пш╖│ш┐Зя╝Ичмм35шбМя╝Йя╝МхЕищГих┐ЕхблхнЧцо╡ч╝║хд▒
2025-05-21 18:07:54,785 - DEBUG - хо╜цЭ╛цибх╝Пш╖│ш┐Зя╝Ичмм36шбМя╝Йя╝МхЕищГих┐ЕхблхнЧцо╡ч╝║хд▒
2025-05-21 18:07:54,786 - DEBUG - хо╜цЭ╛цибх╝Пш╖│ш┐Зя╝Ичмм37шбМя╝Йя╝МхЕищГих┐ЕхблхнЧцо╡ч╝║хд▒
2025-05-21 18:07:54,786 - DEBUG - хо╜цЭ╛цибх╝Пш╖│ш┐Зя╝Ичмм38шбМя╝Йя╝МхЕищГих┐ЕхблхнЧцо╡ч╝║хд▒
2025-05-21 18:07:54,786 - DEBUG - хо╜цЭ╛цибх╝Пш╖│ш┐Зя╝Ичмм39шбМя╝Йя╝МхЕищГих┐ЕхблхнЧцо╡ч╝║хд▒
2025-05-21 18:07:54,786 - DEBUG - хо╜цЭ╛цибх╝Пш╖│ш┐Зя╝Ичмм40шбМя╝Йя╝МхЕищГих┐ЕхблхнЧцо╡ч╝║хд▒
2025-05-21 18:07:54,786 - DEBUG - хо╜цЭ╛цибх╝Пш╖│ш┐Зя╝Ичмм41шбМя╝Йя╝МхЕищГих┐ЕхблхнЧцо╡ч╝║хд▒
2025-05-21 18:07:54,786 - DEBUG - хо╜цЭ╛цибх╝Пш╖│ш┐Зя╝Ичмм42шбМя╝Йя╝МхЕищГих┐ЕхблхнЧцо╡ч╝║хд▒
2025-05-21 18:07:54,787 - DEBUG - хо╜цЭ╛цибх╝Пш╖│ш┐Зя╝Ичмм43шбМя╝Йя╝МхЕищГих┐ЕхблхнЧцо╡ч╝║хд▒
2025-05-21 18:07:54,787 - DEBUG - хо╜цЭ╛цибх╝Пш╖│ш┐Зя╝Ичмм44шбМя╝Йя╝МхЕищГих┐ЕхблхнЧцо╡ч╝║хд▒
2025-05-21 18:07:54,787 - DEBUG - хо╜цЭ╛цибх╝Пш╖│ш┐Зя╝Ичмм45шбМя╝Йя╝МхЕищГих┐ЕхблхнЧцо╡ч╝║хд▒
2025-05-21 18:07:54,787 - DEBUG - хо╜цЭ╛цибх╝Пш╖│ш┐Зя╝Ичмм46шбМя╝Йя╝МхЕищГих┐ЕхблхнЧцо╡ч╝║хд▒
2025-05-21 18:07:54,787 - DEBUG - хо╜цЭ╛цибх╝Пш╖│ш┐Зя╝Ичмм47шбМя╝Йя╝МхЕищГих┐ЕхблхнЧцо╡ч╝║хд▒
2025-05-21 18:07:54,787 - DEBUG - хо╜цЭ╛цибх╝Пш╖│ш┐Зя╝Ичмм48шбМя╝Йя╝МхЕищГих┐ЕхблхнЧцо╡ч╝║хд▒
2025-05-21 18:07:54,788 - DEBUG - хо╜цЭ╛цибх╝Пш╖│ш┐Зя╝Ичмм49шбМя╝Йя╝МхЕищГих┐ЕхблхнЧцо╡ч╝║хд▒
2025-05-21 18:07:54,788 - DEBUG - хо╜цЭ╛цибх╝Пш╖│ш┐Зя╝Ичмм50шбМя╝Йя╝МхЕищГих┐ЕхблхнЧцо╡ч╝║хд▒
2025-05-21 18:07:54,788 - DEBUG - хо╜цЭ╛цибх╝Пш╖│ш┐Зя╝Ичмм51шбМя╝Йя╝МхЕищГих┐ЕхблхнЧцо╡ч╝║хд▒
2025-05-21 18:07:54,788 - DEBUG - хо╜цЭ╛цибх╝Пш╖│ш┐Зя╝Ичмм52шбМя╝Йя╝МхЕищГих┐ЕхблхнЧцо╡ч╝║хд▒
2025-05-21 18:07:54,788 - DEBUG - хо╜цЭ╛цибх╝Пш╖│ш┐Зя╝Ичмм53шбМя╝Йя╝МхЕищГих┐ЕхблхнЧцо╡ч╝║хд▒
2025-05-21 18:07:54,788 - DEBUG - хо╜цЭ╛цибх╝Пш╖│ш┐Зя╝Ичмм54шбМя╝Йя╝МхЕищГих┐ЕхблхнЧцо╡ч╝║хд▒
2025-05-21 18:07:54,788 - DEBUG - хо╜цЭ╛цибх╝Пш╖│ш┐Зя╝Ичмм55шбМя╝Йя╝МхЕищГих┐ЕхблхнЧцо╡ч╝║хд▒
2025-05-21 18:07:54,789 - DEBUG - хо╜цЭ╛цибх╝Пш╖│ш┐Зя╝Ичмм56шбМя╝Йя╝МхЕищГих┐ЕхблхнЧцо╡ч╝║хд▒
2025-05-21 18:07:54,789 - DEBUG - хо╜цЭ╛цибх╝Пш╖│ш┐Зя╝Ичмм57шбМя╝Йя╝МхЕищГих┐ЕхблхнЧцо╡ч╝║хд▒
2025-05-21 18:07:54,789 - DEBUG - хо╜цЭ╛цибх╝Пш╖│ш┐Зя╝Ичмм58шбМя╝Йя╝МхЕищГих┐ЕхблхнЧцо╡ч╝║хд▒
2025-05-21 18:07:54,789 - DEBUG - хо╜цЭ╛цибх╝Пш╖│ш┐Зя╝Ичмм59шбМя╝Йя╝МхЕищГих┐ЕхблхнЧцо╡ч╝║хд▒
2025-05-21 18:07:54,789 - DEBUG - хо╜цЭ╛цибх╝Пш╖│ш┐Зя╝Ичмм60шбМя╝Йя╝МхЕищГих┐ЕхблхнЧцо╡ч╝║хд▒
2025-05-21 18:07:54,789 - DEBUG - хо╜цЭ╛цибх╝Пш╖│ш┐Зя╝Ичмм61шбМя╝Йя╝МхЕищГих┐ЕхблхнЧцо╡ч╝║хд▒
2025-05-21 18:07:54,789 - DEBUG - хо╜цЭ╛цибх╝Пш╖│ш┐Зя╝Ичмм62шбМя╝Йя╝МхЕищГих┐ЕхблхнЧцо╡ч╝║хд▒
2025-05-21 18:07:54,790 - DEBUG - хо╜цЭ╛цибх╝Пш╖│ш┐Зя╝Ичмм63шбМя╝Йя╝МхЕищГих┐ЕхблхнЧцо╡ч╝║хд▒
2025-05-21 18:07:54,790 - DEBUG - хо╜цЭ╛цибх╝Пш╖│ш┐Зя╝Ичмм64шбМя╝Йя╝МхЕищГих┐ЕхблхнЧцо╡ч╝║хд▒
2025-05-21 18:07:54,790 - DEBUG - хо╜цЭ╛цибх╝Пш╖│ш┐Зя╝Ичмм65шбМя╝Йя╝МхЕищГих┐ЕхблхнЧцо╡ч╝║хд▒
2025-05-21 18:07:54,790 - DEBUG - хо╜цЭ╛цибх╝Пш╖│ш┐Зя╝Ичмм66шбМя╝Йя╝МхЕищГих┐ЕхблхнЧцо╡ч╝║хд▒
2025-05-21 18:07:54,791 - DEBUG - хо╜цЭ╛цибх╝Пш╖│ш┐Зя╝Ичмм67шбМя╝Йя╝МхЕищГих┐ЕхблхнЧцо╡ч╝║хд▒
2025-05-21 18:07:54,791 - DEBUG - хо╜цЭ╛цибх╝Пш╖│ш┐Зя╝Ичмм68шбМя╝Йя╝МхЕищГих┐ЕхблхнЧцо╡ч╝║хд▒
2025-05-21 18:07:54,791 - DEBUG - хо╜цЭ╛цибх╝Пш╖│ш┐Зя╝Ичмм69шбМя╝Йя╝МхЕищГих┐ЕхблхнЧцо╡ч╝║хд▒
2025-05-21 18:07:54,793 - DEBUG - хо╜цЭ╛цибх╝Пш╖│ш┐Зя╝Ичмм70шбМя╝Йя╝МхЕищГих┐ЕхблхнЧцо╡ч╝║хд▒
2025-05-21 18:07:54,793 - DEBUG - хо╜цЭ╛цибх╝Пш╖│ш┐Зя╝Ичмм71шбМя╝Йя╝МхЕищГих┐ЕхблхнЧцо╡ч╝║хд▒
2025-05-21 18:07:54,793 - DEBUG - хо╜цЭ╛цибх╝Пш╖│ш┐Зя╝Ичмм72шбМя╝Йя╝МхЕищГих┐ЕхблхнЧцо╡ч╝║хд▒
2025-05-21 18:07:54,793 - DEBUG - хо╜цЭ╛цибх╝Пф┐ЭчХЩя╝Ичмм73шбМя╝Йя╝МщГихИЖч╝║хд▒хнЧцо╡я╝ЪREMARK
2025-05-21 18:07:54,794 - DEBUG - хо╜цЭ╛цибх╝Пш╖│ш┐Зя╝Ичмм74шбМя╝Йя╝МхЕищГих┐ЕхблхнЧцо╡ч╝║хд▒
2025-05-21 18:07:54,794 - DEBUG - хо╜цЭ╛цибх╝Пш╖│ш┐Зя╝Ичмм75шбМя╝Йя╝МхЕищГих┐ЕхблхнЧцо╡ч╝║хд▒
2025-05-21 18:07:54,794 - DEBUG - хо╜цЭ╛цибх╝Пш╖│ш┐Зя╝Ичмм76шбМя╝Йя╝МхЕищГих┐ЕхблхнЧцо╡ч╝║хд▒
2025-05-21 18:07:54,794 - DEBUG - хо╜цЭ╛цибх╝Пш╖│ш┐Зя╝Ичмм77шбМя╝Йя╝МхЕищГих┐ЕхблхнЧцо╡ч╝║хд▒
2025-05-21 18:07:54,794 - DEBUG - хо╜цЭ╛цибх╝Пш╖│ш┐Зя╝Ичмм78шбМя╝Йя╝МхЕищГих┐ЕхблхнЧцо╡ч╝║хд▒
2025-05-21 18:07:54,795 - DEBUG - хо╜цЭ╛цибх╝Пш╖│ш┐Зя╝Ичмм79шбМя╝Йя╝МхЕищГих┐ЕхблхнЧцо╡ч╝║хд▒
2025-05-21 18:07:54,795 - DEBUG - хо╜цЭ╛цибх╝Пш╖│ш┐Зя╝Ичмм80шбМя╝Йя╝МхЕищГих┐ЕхблхнЧцо╡ч╝║хд▒
2025-05-21 18:07:54,795 - DEBUG - хо╜цЭ╛цибх╝Пш╖│ш┐Зя╝Ичмм81шбМя╝Йя╝МхЕищГих┐ЕхблхнЧцо╡ч╝║хд▒
2025-05-21 18:07:54,795 - DEBUG - хо╜цЭ╛цибх╝Пш╖│ш┐Зя╝Ичмм82шбМя╝Йя╝МхЕищГих┐ЕхблхнЧцо╡ч╝║хд▒
2025-05-21 18:07:54,795 - DEBUG - хо╜цЭ╛цибх╝Пш╖│ш┐Зя╝Ичмм83шбМя╝Йя╝МхЕищГих┐ЕхблхнЧцо╡ч╝║хд▒
2025-05-21 18:07:54,795 - DEBUG - хо╜цЭ╛цибх╝Пш╖│ш┐Зя╝Ичмм84шбМя╝Йя╝МхЕищГих┐ЕхблхнЧцо╡ч╝║хд▒
2025-05-21 18:07:54,796 - DEBUG - хо╜цЭ╛цибх╝Пш╖│ш┐Зя╝Ичмм85шбМя╝Йя╝МхЕищГих┐ЕхблхнЧцо╡ч╝║хд▒
2025-05-21 18:07:54,796 - DEBUG - хо╜цЭ╛цибх╝Пш╖│ш┐Зя╝Ичмм86шбМя╝Йя╝МхЕищГих┐ЕхблхнЧцо╡ч╝║хд▒
2025-05-21 18:07:54,796 - DEBUG - хо╜цЭ╛цибх╝Пш╖│ш┐Зя╝Ичмм87шбМя╝Йя╝МхЕищГих┐ЕхблхнЧцо╡ч╝║хд▒
2025-05-21 18:07:54,796 - DEBUG - хо╜цЭ╛цибх╝Пш╖│ш┐Зя╝Ичмм88шбМя╝Йя╝МхЕищГих┐ЕхблхнЧцо╡ч╝║хд▒
2025-05-21 18:07:54,796 - DEBUG - хо╜цЭ╛цибх╝Пш╖│ш┐Зя╝Ичмм89шбМя╝Йя╝МхЕищГих┐ЕхблхнЧцо╡ч╝║хд▒
2025-05-21 18:07:54,797 - DEBUG - хо╜цЭ╛цибх╝Пш╖│ш┐Зя╝Ичмм90шбМя╝Йя╝МхЕищГих┐ЕхблхнЧцо╡ч╝║хд▒
2025-05-21 18:07:54,797 - DEBUG - хо╜цЭ╛цибх╝Пш╖│ш┐Зя╝Ичмм91шбМя╝Йя╝МхЕищГих┐ЕхблхнЧцо╡ч╝║хд▒
2025-05-21 18:07:54,797 - DEBUG - хо╜цЭ╛цибх╝Пш╖│ш┐Зя╝Ичмм92шбМя╝Йя╝МхЕищГих┐ЕхблхнЧцо╡ч╝║хд▒
2025-05-21 18:07:54,797 - DEBUG - хо╜цЭ╛цибх╝Пш╖│ш┐Зя╝Ичмм93шбМя╝Йя╝МхЕищГих┐ЕхблхнЧцо╡ч╝║хд▒
2025-05-21 18:07:54,798 - DEBUG - хо╜цЭ╛цибх╝Пш╖│ш┐Зя╝Ичмм94шбМя╝Йя╝МхЕищГих┐ЕхблхнЧцо╡ч╝║хд▒
2025-05-21 18:07:54,798 - DEBUG - хо╜цЭ╛цибх╝Пш╖│ш┐Зя╝Ичмм95шбМя╝Йя╝МхЕищГих┐ЕхблхнЧцо╡ч╝║хд▒
2025-05-21 18:07:54,798 - DEBUG - хо╜цЭ╛цибх╝Пш╖│ш┐Зя╝Ичмм96шбМя╝Йя╝МхЕищГих┐ЕхблхнЧцо╡ч╝║хд▒
2025-05-21 18:07:54,798 - DEBUG - хо╜цЭ╛цибх╝Пш╖│ш┐Зя╝Ичмм97шбМя╝Йя╝МхЕищГих┐ЕхблхнЧцо╡ч╝║хд▒
2025-05-21 18:07:54,798 - DEBUG - хо╜цЭ╛цибх╝Пш╖│ш┐Зя╝Ичмм98шбМя╝Йя╝МхЕищГих┐ЕхблхнЧцо╡ч╝║хд▒
2025-05-21 18:07:54,799 - DEBUG - хо╜цЭ╛цибх╝Пш╖│ш┐Зя╝Ичмм99шбМя╝Йя╝МхЕищГих┐ЕхблхнЧцо╡ч╝║хд▒
2025-05-21 18:07:54,799 - DEBUG - хо╜цЭ╛цибх╝Пш╖│ш┐Зя╝Ичмм100шбМя╝Йя╝МхЕищГих┐ЕхблхнЧцо╡ч╝║хд▒
2025-05-21 18:07:54,799 - DEBUG - хо╜цЭ╛цибх╝Пш╖│ш┐Зя╝Ичмм101шбМя╝Йя╝МхЕищГих┐ЕхблхнЧцо╡ч╝║хд▒
2025-05-21 18:07:54,799 - DEBUG - хо╜цЭ╛цибх╝Пш╖│ш┐Зя╝Ичмм102шбМя╝Йя╝МхЕищГих┐ЕхблхнЧцо╡ч╝║хд▒
2025-05-21 18:07:54,800 - DEBUG - хо╜цЭ╛цибх╝Пш╖│ш┐Зя╝Ичмм103шбМя╝Йя╝МхЕищГих┐ЕхблхнЧцо╡ч╝║хд▒
2025-05-21 18:07:54,800 - DEBUG - хо╜цЭ╛цибх╝Пш╖│ш┐Зя╝Ичмм104шбМя╝Йя╝МхЕищГих┐ЕхблхнЧцо╡ч╝║хд▒
2025-05-21 18:07:54,800 - DEBUG - хо╜цЭ╛цибх╝Пш╖│ш┐Зя╝Ичмм105шбМя╝Йя╝МхЕищГих┐ЕхблхнЧцо╡ч╝║хд▒
2025-05-21 18:07:54,802 - DEBUG - хо╜цЭ╛цибх╝Пш╖│ш┐Зя╝Ичмм106шбМя╝Йя╝МхЕищГих┐ЕхблхнЧцо╡ч╝║хд▒
2025-05-21 18:07:54,802 - DEBUG - хо╜цЭ╛цибх╝Пш╖│ш┐Зя╝Ичмм107шбМя╝Йя╝МхЕищГих┐ЕхблхнЧцо╡ч╝║хд▒
2025-05-21 18:07:54,803 - DEBUG - хо╜цЭ╛цибх╝Пш╖│ш┐Зя╝Ичмм108шбМя╝Йя╝МхЕищГих┐ЕхблхнЧцо╡ч╝║хд▒
2025-05-21 18:07:54,803 - DEBUG - хо╜цЭ╛цибх╝Пш╖│ш┐Зя╝Ичмм109шбМя╝Йя╝МхЕищГих┐ЕхблхнЧцо╡ч╝║хд▒
2025-05-21 18:07:54,803 - DEBUG - хо╜цЭ╛цибх╝Пш╖│ш┐Зя╝Ичмм110шбМя╝Йя╝МхЕищГих┐ЕхблхнЧцо╡ч╝║хд▒
2025-05-21 18:07:54,803 - DEBUG - хо╜цЭ╛цибх╝Пш╖│ш┐Зя╝Ичмм111шбМя╝Йя╝МхЕищГих┐ЕхблхнЧцо╡ч╝║хд▒
2025-05-21 18:07:54,803 - DEBUG - хо╜цЭ╛цибх╝Пш╖│ш┐Зя╝Ичмм112шбМя╝Йя╝МхЕищГих┐ЕхблхнЧцо╡ч╝║хд▒
2025-05-21 18:07:54,804 - DEBUG - хо╜цЭ╛цибх╝Пш╖│ш┐Зя╝Ичмм113шбМя╝Йя╝МхЕищГих┐ЕхблхнЧцо╡ч╝║хд▒
2025-05-21 18:07:54,804 - DEBUG - хо╜цЭ╛цибх╝Пш╖│ш┐Зя╝Ичмм114шбМя╝Йя╝МхЕищГих┐ЕхблхнЧцо╡ч╝║хд▒
2025-05-21 18:07:54,804 - DEBUG - хо╜цЭ╛цибх╝Пш╖│ш┐Зя╝Ичмм115шбМя╝Йя╝МхЕищГих┐ЕхблхнЧцо╡ч╝║хд▒
2025-05-21 18:07:54,804 - DEBUG - хо╜цЭ╛цибх╝Пш╖│ш┐Зя╝Ичмм116шбМя╝Йя╝МхЕищГих┐ЕхблхнЧцо╡ч╝║хд▒
2025-05-21 18:07:54,804 - DEBUG - хо╜цЭ╛цибх╝Пш╖│ш┐Зя╝Ичмм117шбМя╝Йя╝МхЕищГих┐ЕхблхнЧцо╡ч╝║хд▒
2025-05-21 18:07:54,805 - DEBUG - хо╜цЭ╛цибх╝Пш╖│ш┐Зя╝Ичмм118шбМя╝Йя╝МхЕищГих┐ЕхблхнЧцо╡ч╝║хд▒
2025-05-21 18:07:54,805 - DEBUG - хо╜цЭ╛цибх╝Пш╖│ш┐Зя╝Ичмм119шбМя╝Йя╝МхЕищГих┐ЕхблхнЧцо╡ч╝║хд▒
2025-05-21 18:07:54,805 - DEBUG - хо╜цЭ╛цибх╝Пш╖│ш┐Зя╝Ичмм120шбМя╝Йя╝МхЕищГих┐ЕхблхнЧцо╡ч╝║хд▒
2025-05-21 18:07:54,805 - DEBUG - хо╜цЭ╛цибх╝Пш╖│ш┐Зя╝Ичмм121шбМя╝Йя╝МхЕищГих┐ЕхблхнЧцо╡ч╝║хд▒
2025-05-21 18:07:54,806 - DEBUG - хо╜цЭ╛цибх╝Пш╖│ш┐Зя╝Ичмм122шбМя╝Йя╝МхЕищГих┐ЕхблхнЧцо╡ч╝║хд▒
2025-05-21 18:07:54,806 - DEBUG - хо╜цЭ╛цибх╝Пш╖│ш┐Зя╝Ичмм123шбМя╝Йя╝МхЕищГих┐ЕхблхнЧцо╡ч╝║хд▒
2025-05-21 18:07:54,806 - DEBUG - хо╜цЭ╛цибх╝Пш╖│ш┐Зя╝Ичмм124шбМя╝Йя╝МхЕищГих┐ЕхблхнЧцо╡ч╝║хд▒
2025-05-21 18:07:54,806 - DEBUG - хо╜цЭ╛цибх╝Пш╖│ш┐Зя╝Ичмм125шбМя╝Йя╝МхЕищГих┐ЕхблхнЧцо╡ч╝║хд▒
2025-05-21 18:07:54,806 - DEBUG - хо╜цЭ╛цибх╝Пш╖│ш┐Зя╝Ичмм126шбМя╝Йя╝МхЕищГих┐ЕхблхнЧцо╡ч╝║хд▒
2025-05-21 18:07:54,806 - DEBUG - хо╜цЭ╛цибх╝Пш╖│ш┐Зя╝Ичмм127шбМя╝Йя╝МхЕищГих┐ЕхблхнЧцо╡ч╝║хд▒
2025-05-21 18:07:54,806 - DEBUG - хо╜цЭ╛цибх╝Пш╖│ш┐Зя╝Ичмм128шбМя╝Йя╝МхЕищГих┐ЕхблхнЧцо╡ч╝║хд▒
2025-05-21 18:07:54,807 - DEBUG - хо╜цЭ╛цибх╝Пш╖│ш┐Зя╝Ичмм129шбМя╝Йя╝МхЕищГих┐ЕхблхнЧцо╡ч╝║хд▒
2025-05-21 18:07:54,807 - DEBUG - хо╜цЭ╛цибх╝Пш╖│ш┐Зя╝Ичмм130шбМя╝Йя╝МхЕищГих┐ЕхблхнЧцо╡ч╝║хд▒
2025-05-21 18:07:54,807 - DEBUG - хо╜цЭ╛цибх╝Пш╖│ш┐Зя╝Ичмм131шбМя╝Йя╝МхЕищГих┐ЕхблхнЧцо╡ч╝║хд▒
2025-05-21 18:07:54,807 - DEBUG - хо╜цЭ╛цибх╝Пш╖│ш┐Зя╝Ичмм132шбМя╝Йя╝МхЕищГих┐ЕхблхнЧцо╡ч╝║хд▒
2025-05-21 18:07:54,807 - DEBUG - хо╜цЭ╛цибх╝Пш╖│ш┐Зя╝Ичмм133шбМя╝Йя╝МхЕищГих┐ЕхблхнЧцо╡ч╝║хд▒
2025-05-21 18:07:54,807 - DEBUG - хо╜цЭ╛цибх╝Пш╖│ш┐Зя╝Ичмм134шбМя╝Йя╝МхЕищГих┐ЕхблхнЧцо╡ч╝║хд▒
2025-05-21 18:07:54,807 - DEBUG - хо╜цЭ╛цибх╝Пш╖│ш┐Зя╝Ичмм135шбМя╝Йя╝МхЕищГих┐ЕхблхнЧцо╡ч╝║хд▒
2025-05-21 18:07:54,808 - DEBUG - хо╜цЭ╛цибх╝Пш╖│ш┐Зя╝Ичмм136шбМя╝Йя╝МхЕищГих┐ЕхблхнЧцо╡ч╝║хд▒
2025-05-21 18:07:54,808 - DEBUG - хо╜цЭ╛цибх╝Пш╖│ш┐Зя╝Ичмм137шбМя╝Йя╝МхЕищГих┐ЕхблхнЧцо╡ч╝║хд▒
2025-05-21 18:07:54,808 - DEBUG - хо╜цЭ╛цибх╝Пш╖│ш┐Зя╝Ичмм138шбМя╝Йя╝МхЕищГих┐ЕхблхнЧцо╡ч╝║хд▒
2025-05-21 18:07:54,808 - DEBUG - хо╜цЭ╛цибх╝Пш╖│ш┐Зя╝Ичмм139шбМя╝Йя╝МхЕищГих┐ЕхблхнЧцо╡ч╝║хд▒
2025-05-21 18:07:54,808 - DEBUG - хо╜цЭ╛цибх╝Пш╖│ш┐Зя╝Ичмм140шбМя╝Йя╝МхЕищГих┐ЕхблхнЧцо╡ч╝║хд▒
2025-05-21 18:07:54,808 - DEBUG - хо╜цЭ╛цибх╝Пш╖│ш┐Зя╝Ичмм141шбМя╝Йя╝МхЕищГих┐ЕхблхнЧцо╡ч╝║хд▒
2025-05-21 18:07:54,809 - DEBUG - хо╜цЭ╛цибх╝Пш╖│ш┐Зя╝Ичмм142шбМя╝Йя╝МхЕищГих┐ЕхблхнЧцо╡ч╝║хд▒
2025-05-21 18:07:54,809 - DEBUG - хо╜цЭ╛цибх╝Пш╖│ш┐Зя╝Ичмм143шбМя╝Йя╝МхЕищГих┐ЕхблхнЧцо╡ч╝║хд▒
2025-05-21 18:07:54,809 - DEBUG - хо╜цЭ╛цибх╝Пш╖│ш┐Зя╝Ичмм144шбМя╝Йя╝МхЕищГих┐ЕхблхнЧцо╡ч╝║хд▒
2025-05-21 18:07:54,810 - DEBUG - хо╜цЭ╛цибх╝Пш╖│ш┐Зя╝Ичмм145шбМя╝Йя╝МхЕищГих┐ЕхблхнЧцо╡ч╝║хд▒
2025-05-21 18:07:54,810 - DEBUG - хо╜цЭ╛цибх╝Пш╖│ш┐Зя╝Ичмм146шбМя╝Йя╝МхЕищГих┐ЕхблхнЧцо╡ч╝║хд▒
2025-05-21 18:07:54,810 - DEBUG - хо╜цЭ╛цибх╝Пш╖│ш┐Зя╝Ичмм147шбМя╝Йя╝МхЕищГих┐ЕхблхнЧцо╡ч╝║хд▒
2025-05-21 18:07:54,810 - DEBUG - хо╜цЭ╛цибх╝Пш╖│ш┐Зя╝Ичмм148шбМя╝Йя╝МхЕищГих┐ЕхблхнЧцо╡ч╝║хд▒
2025-05-21 18:07:54,810 - DEBUG - хо╜цЭ╛цибх╝Пш╖│ш┐Зя╝Ичмм149шбМя╝Йя╝МхЕищГих┐ЕхблхнЧцо╡ч╝║хд▒
2025-05-21 18:07:54,810 - DEBUG - хо╜цЭ╛цибх╝Пш╖│ш┐Зя╝Ичмм150шбМя╝Йя╝МхЕищГих┐ЕхблхнЧцо╡ч╝║хд▒
2025-05-21 18:07:54,810 - DEBUG - хо╜цЭ╛цибх╝Пш╖│ш┐Зя╝Ичмм151шбМя╝Йя╝МхЕищГих┐ЕхблхнЧцо╡ч╝║хд▒
2025-05-21 18:07:54,811 - DEBUG - хо╜цЭ╛цибх╝Пш╖│ш┐Зя╝Ичмм152шбМя╝Йя╝МхЕищГих┐ЕхблхнЧцо╡ч╝║хд▒
2025-05-21 18:07:54,811 - DEBUG - хо╜цЭ╛цибх╝Пш╖│ш┐Зя╝Ичмм153шбМя╝Йя╝МхЕищГих┐ЕхблхнЧцо╡ч╝║хд▒
2025-05-21 18:07:54,811 - DEBUG - хо╜цЭ╛цибх╝Пш╖│ш┐Зя╝Ичмм154шбМя╝Йя╝МхЕищГих┐ЕхблхнЧцо╡ч╝║хд▒
2025-05-21 18:07:54,811 - DEBUG - хо╜цЭ╛цибх╝Пш╖│ш┐Зя╝Ичмм155шбМя╝Йя╝МхЕищГих┐ЕхблхнЧцо╡ч╝║хд▒
2025-05-21 18:07:54,811 - DEBUG - хо╜цЭ╛цибх╝Пш╖│ш┐Зя╝Ичмм156шбМя╝Йя╝МхЕищГих┐ЕхблхнЧцо╡ч╝║хд▒
2025-05-21 18:07:54,811 - DEBUG - хо╜цЭ╛цибх╝Пш╖│ш┐Зя╝Ичмм157шбМя╝Йя╝МхЕищГих┐ЕхблхнЧцо╡ч╝║хд▒
2025-05-21 18:07:54,811 - DEBUG - хо╜цЭ╛цибх╝Пш╖│ш┐Зя╝Ичмм158шбМя╝Йя╝МхЕищГих┐ЕхблхнЧцо╡ч╝║хд▒
2025-05-21 18:07:54,811 - DEBUG - хо╜цЭ╛цибх╝Пш╖│ш┐Зя╝Ичмм159шбМя╝Йя╝МхЕищГих┐ЕхблхнЧцо╡ч╝║хд▒
2025-05-21 18:07:54,812 - DEBUG - хо╜цЭ╛цибх╝Пш╖│ш┐Зя╝Ичмм160шбМя╝Йя╝МхЕищГих┐ЕхблхнЧцо╡ч╝║хд▒
2025-05-21 18:07:54,812 - DEBUG - хо╜цЭ╛цибх╝Пш╖│ш┐Зя╝Ичмм161шбМя╝Йя╝МхЕищГих┐ЕхблхнЧцо╡ч╝║хд▒
2025-05-21 18:07:54,812 - DEBUG - хо╜цЭ╛цибх╝Пш╖│ш┐Зя╝Ичмм162шбМя╝Йя╝МхЕищГих┐ЕхблхнЧцо╡ч╝║хд▒
2025-05-21 18:07:54,812 - DEBUG - хо╜цЭ╛цибх╝Пш╖│ш┐Зя╝Ичмм163шбМя╝Йя╝МхЕищГих┐ЕхблхнЧцо╡ч╝║хд▒
2025-05-21 18:07:54,812 - DEBUG - хо╜цЭ╛цибх╝Пш╖│ш┐Зя╝Ичмм164шбМя╝Йя╝МхЕищГих┐ЕхблхнЧцо╡ч╝║хд▒
2025-05-21 18:07:54,812 - DEBUG - хо╜цЭ╛цибх╝Пш╖│ш┐Зя╝Ичмм165шбМя╝Йя╝МхЕищГих┐ЕхблхнЧцо╡ч╝║хд▒
2025-05-21 18:07:54,812 - DEBUG - хо╜цЭ╛цибх╝Пш╖│ш┐Зя╝Ичмм166шбМя╝Йя╝МхЕищГих┐ЕхблхнЧцо╡ч╝║хд▒
2025-05-21 18:07:54,812 - DEBUG - хо╜цЭ╛цибх╝Пш╖│ш┐Зя╝Ичмм167шбМя╝Йя╝МхЕищГих┐ЕхблхнЧцо╡ч╝║хд▒
2025-05-21 18:07:54,813 - DEBUG - хо╜цЭ╛цибх╝Пш╖│ш┐Зя╝Ичмм168шбМя╝Йя╝МхЕищГих┐ЕхблхнЧцо╡ч╝║хд▒
2025-05-21 18:07:54,813 - DEBUG - хо╜цЭ╛цибх╝Пш╖│ш┐Зя╝Ичмм169шбМя╝Йя╝МхЕищГих┐ЕхблхнЧцо╡ч╝║хд▒
2025-05-21 18:07:54,813 - DEBUG - хо╜цЭ╛цибх╝Пш╖│ш┐Зя╝Ичмм170шбМя╝Йя╝МхЕищГих┐ЕхблхнЧцо╡ч╝║хд▒
2025-05-21 18:07:54,813 - DEBUG - хо╜цЭ╛цибх╝Пш╖│ш┐Зя╝Ичмм171шбМя╝Йя╝МхЕищГих┐ЕхблхнЧцо╡ч╝║хд▒
2025-05-21 18:07:54,813 - DEBUG - хо╜цЭ╛цибх╝Пш╖│ш┐Зя╝Ичмм172шбМя╝Йя╝МхЕищГих┐ЕхблхнЧцо╡ч╝║хд▒
2025-05-21 18:07:54,813 - DEBUG - хо╜цЭ╛цибх╝Пш╖│ш┐Зя╝Ичмм173шбМя╝Йя╝МхЕищГих┐ЕхблхнЧцо╡ч╝║хд▒
2025-05-21 18:07:54,814 - DEBUG - хо╜цЭ╛цибх╝Пш╖│ш┐Зя╝Ичмм174шбМя╝Йя╝МхЕищГих┐ЕхблхнЧцо╡ч╝║хд▒
2025-05-21 18:07:54,814 - DEBUG - хо╜цЭ╛цибх╝Пш╖│ш┐Зя╝Ичмм175шбМя╝Йя╝МхЕищГих┐ЕхблхнЧцо╡ч╝║хд▒
2025-05-21 18:07:54,814 - DEBUG - хо╜цЭ╛цибх╝Пш╖│ш┐Зя╝Ичмм176шбМя╝Йя╝МхЕищГих┐ЕхблхнЧцо╡ч╝║хд▒
2025-05-21 18:07:54,814 - DEBUG - хо╜цЭ╛цибх╝Пш╖│ш┐Зя╝Ичмм177шбМя╝Йя╝МхЕищГих┐ЕхблхнЧцо╡ч╝║хд▒
2025-05-21 18:07:54,814 - DEBUG - хо╜цЭ╛цибх╝Пш╖│ш┐Зя╝Ичмм178шбМя╝Йя╝МхЕищГих┐ЕхблхнЧцо╡ч╝║хд▒
2025-05-21 18:07:54,814 - DEBUG - хо╜цЭ╛цибх╝Пш╖│ш┐Зя╝Ичмм179шбМя╝Йя╝МхЕищГих┐ЕхблхнЧцо╡ч╝║хд▒
2025-05-21 18:07:54,815 - DEBUG - хо╜цЭ╛цибх╝Пш╖│ш┐Зя╝Ичмм180шбМя╝Йя╝МхЕищГих┐ЕхблхнЧцо╡ч╝║хд▒
2025-05-21 18:07:54,815 - DEBUG - хо╜цЭ╛цибх╝Пш╖│ш┐Зя╝Ичмм181шбМя╝Йя╝МхЕищГих┐ЕхблхнЧцо╡ч╝║хд▒
2025-05-21 18:07:54,815 - DEBUG - хо╜цЭ╛цибх╝Пш╖│ш┐Зя╝Ичмм182шбМя╝Йя╝МхЕищГих┐ЕхблхнЧцо╡ч╝║хд▒
2025-05-21 18:07:54,815 - DEBUG - хо╜цЭ╛цибх╝Пш╖│ш┐Зя╝Ичмм183шбМя╝Йя╝МхЕищГих┐ЕхблхнЧцо╡ч╝║хд▒
2025-05-21 18:07:54,815 - DEBUG - хо╜цЭ╛цибх╝Пш╖│ш┐Зя╝Ичмм184шбМя╝Йя╝МхЕищГих┐ЕхблхнЧцо╡ч╝║хд▒
2025-05-21 18:07:54,815 - DEBUG - хо╜цЭ╛цибх╝Пш╖│ш┐Зя╝Ичмм185шбМя╝Йя╝МхЕищГих┐ЕхблхнЧцо╡ч╝║хд▒
2025-05-21 18:07:54,815 - DEBUG - хо╜цЭ╛цибх╝Пш╖│ш┐Зя╝Ичмм186шбМя╝Йя╝МхЕищГих┐ЕхблхнЧцо╡ч╝║хд▒
2025-05-21 18:07:54,815 - DEBUG - хо╜цЭ╛цибх╝Пш╖│ш┐Зя╝Ичмм187шбМя╝Йя╝МхЕищГих┐ЕхблхнЧцо╡ч╝║хд▒
2025-05-21 18:07:54,816 - DEBUG - ЁЯУЛ х╝АхзЛшзгцЮРцЦЗф╗╢d:\pyscript\SNT\res\250520_PendingPoSnt Sadie Eric.xlsx
2025-05-21 18:07:54,819 - DEBUG - хо╜цЭ╛цибх╝Пш╖│ш┐Зя╝Ичмм2шбМя╝Йя╝МхЕищГих┐ЕхблхнЧцо╡ч╝║хд▒
2025-05-21 18:07:54,819 - DEBUG - хо╜цЭ╛цибх╝Пш╖│ш┐Зя╝Ичмм3шбМя╝Йя╝МхЕищГих┐ЕхблхнЧцо╡ч╝║хд▒
2025-05-21 18:07:54,820 - DEBUG - хо╜цЭ╛цибх╝Пш╖│ш┐Зя╝Ичмм4шбМя╝Йя╝МхЕищГих┐ЕхблхнЧцо╡ч╝║хд▒
2025-05-21 18:07:54,820 - DEBUG - хо╜цЭ╛цибх╝Пш╖│ш┐Зя╝Ичмм5шбМя╝Йя╝МхЕищГих┐ЕхблхнЧцо╡ч╝║хд▒
2025-05-21 18:07:54,820 - DEBUG - хо╜цЭ╛цибх╝Пш╖│ш┐Зя╝Ичмм6шбМя╝Йя╝МхЕищГих┐ЕхблхнЧцо╡ч╝║хд▒
2025-05-21 18:07:54,820 - DEBUG - хо╜цЭ╛цибх╝Пш╖│ш┐Зя╝Ичмм7шбМя╝Йя╝МхЕищГих┐ЕхблхнЧцо╡ч╝║хд▒
2025-05-21 18:07:54,820 - DEBUG - хо╜цЭ╛цибх╝Пш╖│ш┐Зя╝Ичмм8шбМя╝Йя╝МхЕищГих┐ЕхблхнЧцо╡ч╝║хд▒
2025-05-21 18:07:54,820 - DEBUG - хо╜цЭ╛цибх╝Пш╖│ш┐Зя╝Ичмм9шбМя╝Йя╝МхЕищГих┐ЕхблхнЧцо╡ч╝║хд▒
2025-05-21 18:07:54,820 - DEBUG - хо╜цЭ╛цибх╝Пш╖│ш┐Зя╝Ичмм10шбМя╝Йя╝МхЕищГих┐ЕхблхнЧцо╡ч╝║хд▒
2025-05-21 18:07:54,820 - DEBUG - хо╜цЭ╛цибх╝Пш╖│ш┐Зя╝Ичмм11шбМя╝Йя╝МхЕищГих┐ЕхблхнЧцо╡ч╝║хд▒
2025-05-21 18:07:54,821 - DEBUG - хо╜цЭ╛цибх╝Пш╖│ш┐Зя╝Ичмм12шбМя╝Йя╝МхЕищГих┐ЕхблхнЧцо╡ч╝║хд▒
2025-05-21 18:07:54,821 - DEBUG - хо╜цЭ╛цибх╝Пш╖│ш┐Зя╝Ичмм13шбМя╝Йя╝МхЕищГих┐ЕхблхнЧцо╡ч╝║хд▒
2025-05-21 18:07:54,821 - DEBUG - хо╜цЭ╛цибх╝Пш╖│ш┐Зя╝Ичмм14шбМя╝Йя╝МхЕищГих┐ЕхблхнЧцо╡ч╝║хд▒
2025-05-21 18:07:54,821 - DEBUG - хо╜цЭ╛цибх╝Пш╖│ш┐Зя╝Ичмм15шбМя╝Йя╝МхЕищГих┐ЕхблхнЧцо╡ч╝║хд▒
2025-05-21 18:07:54,821 - DEBUG - хо╜цЭ╛цибх╝Пш╖│ш┐Зя╝Ичмм16шбМя╝Йя╝МхЕищГих┐ЕхблхнЧцо╡ч╝║хд▒
2025-05-21 18:07:54,821 - DEBUG - хо╜цЭ╛цибх╝Пш╖│ш┐Зя╝Ичмм17шбМя╝Йя╝МхЕищГих┐ЕхблхнЧцо╡ч╝║хд▒
2025-05-21 18:07:54,821 - DEBUG - хо╜цЭ╛цибх╝Пш╖│ш┐Зя╝Ичмм18шбМя╝Йя╝МхЕищГих┐ЕхблхнЧцо╡ч╝║хд▒
2025-05-21 18:07:54,821 - DEBUG - хо╜цЭ╛цибх╝Пш╖│ш┐Зя╝Ичмм19шбМя╝Йя╝МхЕищГих┐ЕхблхнЧцо╡ч╝║хд▒
2025-05-21 18:07:54,821 - DEBUG - хо╜цЭ╛цибх╝Пш╖│ш┐Зя╝Ичмм20шбМя╝Йя╝МхЕищГих┐ЕхблхнЧцо╡ч╝║хд▒
2025-05-21 18:07:54,822 - DEBUG - хо╜цЭ╛цибх╝Пш╖│ш┐Зя╝Ичмм24шбМя╝Йя╝МхЕищГих┐ЕхблхнЧцо╡ч╝║хд▒
2025-05-21 18:07:54,825 - DEBUG - хо╜цЭ╛цибх╝Пш╖│ш┐Зя╝Ичмм40шбМя╝Йя╝МхЕищГих┐ЕхблхнЧцо╡ч╝║хд▒
2025-05-21 18:07:54,830 - DEBUG - хо╜цЭ╛цибх╝Пш╖│ш┐Зя╝Ичмм73шбМя╝Йя╝МхЕищГих┐ЕхблхнЧцо╡ч╝║хд▒
2025-05-21 18:07:54,830 - DEBUG - хо╜цЭ╛цибх╝Пш╖│ш┐Зя╝Ичмм74шбМя╝Йя╝МхЕищГих┐ЕхблхнЧцо╡ч╝║хд▒
2025-05-21 18:07:54,830 - DEBUG - хо╜цЭ╛цибх╝Пш╖│ш┐Зя╝Ичмм75шбМя╝Йя╝МхЕищГих┐ЕхблхнЧцо╡ч╝║хд▒
2025-05-21 18:07:54,831 - DEBUG - хо╜цЭ╛цибх╝Пш╖│ш┐Зя╝Ичмм76шбМя╝Йя╝МхЕищГих┐ЕхблхнЧцо╡ч╝║хд▒
2025-05-21 18:07:54,831 - DEBUG - хо╜цЭ╛цибх╝Пш╖│ш┐Зя╝Ичмм77шбМя╝Йя╝МхЕищГих┐ЕхблхнЧцо╡ч╝║хд▒
2025-05-21 18:07:54,831 - DEBUG - хо╜цЭ╛цибх╝Пш╖│ш┐Зя╝Ичмм78шбМя╝Йя╝МхЕищГих┐ЕхблхнЧцо╡ч╝║хд▒
2025-05-21 18:07:54,831 - DEBUG - хо╜цЭ╛цибх╝Пш╖│ш┐Зя╝Ичмм79шбМя╝Йя╝МхЕищГих┐ЕхблхнЧцо╡ч╝║хд▒
2025-05-21 18:07:54,831 - DEBUG - хо╜цЭ╛цибх╝Пш╖│ш┐Зя╝Ичмм80шбМя╝Йя╝МхЕищГих┐ЕхблхнЧцо╡ч╝║хд▒
2025-05-21 18:07:54,831 - DEBUG - хо╜цЭ╛цибх╝Пш╖│ш┐Зя╝Ичмм81шбМя╝Йя╝МхЕищГих┐ЕхблхнЧцо╡ч╝║хд▒
2025-05-21 18:07:54,831 - DEBUG - хо╜цЭ╛цибх╝Пш╖│ш┐Зя╝Ичмм82шбМя╝Йя╝МхЕищГих┐ЕхблхнЧцо╡ч╝║хд▒
2025-05-21 18:07:54,831 - DEBUG - хо╜цЭ╛цибх╝Пш╖│ш┐Зя╝Ичмм83шбМя╝Йя╝МхЕищГих┐ЕхблхнЧцо╡ч╝║хд▒
2025-05-21 18:07:54,832 - DEBUG - хо╜цЭ╛цибх╝Пш╖│ш┐Зя╝Ичмм84шбМя╝Йя╝МхЕищГих┐ЕхблхнЧцо╡ч╝║хд▒
2025-05-21 18:07:54,832 - DEBUG - хо╜цЭ╛цибх╝Пш╖│ш┐Зя╝Ичмм85шбМя╝Йя╝МхЕищГих┐ЕхблхнЧцо╡ч╝║хд▒
2025-05-21 18:07:54,832 - DEBUG - хо╜цЭ╛цибх╝Пш╖│ш┐Зя╝Ичмм86шбМя╝Йя╝МхЕищГих┐ЕхблхнЧцо╡ч╝║хд▒
2025-05-21 18:07:54,832 - DEBUG - хо╜цЭ╛цибх╝Пш╖│ш┐Зя╝Ичмм87шбМя╝Йя╝МхЕищГих┐ЕхблхнЧцо╡ч╝║хд▒
2025-05-21 18:07:54,832 - DEBUG - хо╜цЭ╛цибх╝Пш╖│ш┐Зя╝Ичмм88шбМя╝Йя╝МхЕищГих┐ЕхблхнЧцо╡ч╝║хд▒
2025-05-21 18:07:54,832 - DEBUG - хо╜цЭ╛цибх╝Пш╖│ш┐Зя╝Ичмм89шбМя╝Йя╝МхЕищГих┐ЕхблхнЧцо╡ч╝║хд▒
2025-05-21 18:07:54,832 - DEBUG - хо╜цЭ╛цибх╝Пш╖│ш┐Зя╝Ичмм90шбМя╝Йя╝МхЕищГих┐ЕхблхнЧцо╡ч╝║хд▒
2025-05-21 18:07:54,832 - DEBUG - хо╜цЭ╛цибх╝Пш╖│ш┐Зя╝Ичмм91шбМя╝Йя╝МхЕищГих┐ЕхблхнЧцо╡ч╝║хд▒
2025-05-21 18:07:54,832 - DEBUG - хо╜цЭ╛цибх╝Пш╖│ш┐Зя╝Ичмм92шбМя╝Йя╝МхЕищГих┐ЕхблхнЧцо╡ч╝║хд▒
2025-05-21 18:07:54,833 - DEBUG - хо╜цЭ╛цибх╝Пш╖│ш┐Зя╝Ичмм93шбМя╝Йя╝МхЕищГих┐ЕхблхнЧцо╡ч╝║хд▒
2025-05-21 18:07:54,833 - DEBUG - хо╜цЭ╛цибх╝Пш╖│ш┐Зя╝Ичмм94шбМя╝Йя╝МхЕищГих┐ЕхблхнЧцо╡ч╝║хд▒
2025-05-21 18:07:54,833 - DEBUG - хо╜цЭ╛цибх╝Пш╖│ш┐Зя╝Ичмм95шбМя╝Йя╝МхЕищГих┐ЕхблхнЧцо╡ч╝║хд▒
2025-05-21 18:07:54,833 - DEBUG - хо╜цЭ╛цибх╝Пш╖│ш┐Зя╝Ичмм96шбМя╝Йя╝МхЕищГих┐ЕхблхнЧцо╡ч╝║хд▒
2025-05-21 18:07:54,833 - DEBUG - хо╜цЭ╛цибх╝Пш╖│ш┐Зя╝Ичмм97шбМя╝Йя╝МхЕищГих┐ЕхблхнЧцо╡ч╝║хд▒
2025-05-21 18:07:54,833 - DEBUG - хо╜цЭ╛цибх╝Пш╖│ш┐Зя╝Ичмм98шбМя╝Йя╝МхЕищГих┐ЕхблхнЧцо╡ч╝║хд▒
2025-05-21 18:07:54,834 - DEBUG - хо╜цЭ╛цибх╝Пш╖│ш┐Зя╝Ичмм99шбМя╝Йя╝МхЕищГих┐ЕхблхнЧцо╡ч╝║хд▒
2025-05-21 18:07:54,834 - DEBUG - хо╜цЭ╛цибх╝Пш╖│ш┐Зя╝Ичмм100шбМя╝Йя╝МхЕищГих┐ЕхблхнЧцо╡ч╝║хд▒
2025-05-21 18:07:54,834 - DEBUG - хо╜цЭ╛цибх╝Пш╖│ш┐Зя╝Ичмм101шбМя╝Йя╝МхЕищГих┐ЕхблхнЧцо╡ч╝║хд▒
2025-05-21 18:07:54,834 - DEBUG - хо╜цЭ╛цибх╝Пш╖│ш┐Зя╝Ичмм102шбМя╝Йя╝МхЕищГих┐ЕхблхнЧцо╡ч╝║хд▒
2025-05-21 18:07:54,834 - DEBUG - хо╜цЭ╛цибх╝Пш╖│ш┐Зя╝Ичмм103шбМя╝Йя╝МхЕищГих┐ЕхблхнЧцо╡ч╝║хд▒
2025-05-21 18:07:54,835 - DEBUG - хо╜цЭ╛цибх╝Пш╖│ш┐Зя╝Ичмм104шбМя╝Йя╝МхЕищГих┐ЕхблхнЧцо╡ч╝║хд▒
2025-05-21 18:07:54,835 - DEBUG - хо╜цЭ╛цибх╝Пш╖│ш┐Зя╝Ичмм105шбМя╝Йя╝МхЕищГих┐ЕхблхнЧцо╡ч╝║хд▒
2025-05-21 18:07:54,835 - DEBUG - хо╜цЭ╛цибх╝Пш╖│ш┐Зя╝Ичмм106шбМя╝Йя╝МхЕищГих┐ЕхблхнЧцо╡ч╝║хд▒
2025-05-21 18:07:54,835 - DEBUG - хо╜цЭ╛цибх╝Пш╖│ш┐Зя╝Ичмм107шбМя╝Йя╝МхЕищГих┐ЕхблхнЧцо╡ч╝║хд▒
2025-05-21 18:07:54,835 - DEBUG - хо╜цЭ╛цибх╝Пш╖│ш┐Зя╝Ичмм108шбМя╝Йя╝МхЕищГих┐ЕхблхнЧцо╡ч╝║хд▒
2025-05-21 18:07:54,835 - DEBUG - хо╜цЭ╛цибх╝Пш╖│ш┐Зя╝Ичмм109шбМя╝Йя╝МхЕищГих┐ЕхблхнЧцо╡ч╝║хд▒
2025-05-21 18:07:54,835 - DEBUG - хо╜цЭ╛цибх╝Пш╖│ш┐Зя╝Ичмм110шбМя╝Йя╝МхЕищГих┐ЕхблхнЧцо╡ч╝║хд▒
2025-05-21 18:07:54,835 - DEBUG - хо╜цЭ╛цибх╝Пш╖│ш┐Зя╝Ичмм111шбМя╝Йя╝МхЕищГих┐ЕхблхнЧцо╡ч╝║хд▒
2025-05-21 18:07:54,835 - DEBUG - хо╜цЭ╛цибх╝Пш╖│ш┐Зя╝Ичмм112шбМя╝Йя╝МхЕищГих┐ЕхблхнЧцо╡ч╝║хд▒
2025-05-21 18:07:54,836 - DEBUG - хо╜цЭ╛цибх╝Пш╖│ш┐Зя╝Ичмм113шбМя╝Йя╝МхЕищГих┐ЕхблхнЧцо╡ч╝║хд▒
2025-05-21 18:07:54,836 - DEBUG - хо╜цЭ╛цибх╝Пш╖│ш┐Зя╝Ичмм114шбМя╝Йя╝МхЕищГих┐ЕхблхнЧцо╡ч╝║хд▒
2025-05-21 18:07:54,836 - DEBUG - хо╜цЭ╛цибх╝Пш╖│ш┐Зя╝Ичмм115шбМя╝Йя╝МхЕищГих┐ЕхблхнЧцо╡ч╝║хд▒
2025-05-21 18:07:54,836 - DEBUG - хо╜цЭ╛цибх╝Пш╖│ш┐Зя╝Ичмм116шбМя╝Йя╝МхЕищГих┐ЕхблхнЧцо╡ч╝║хд▒
2025-05-21 18:07:54,836 - DEBUG - хо╜цЭ╛цибх╝Пш╖│ш┐Зя╝Ичмм117шбМя╝Йя╝МхЕищГих┐ЕхблхнЧцо╡ч╝║хд▒
2025-05-21 18:07:54,836 - DEBUG - хо╜цЭ╛цибх╝Пш╖│ш┐Зя╝Ичмм118шбМя╝Йя╝МхЕищГих┐ЕхблхнЧцо╡ч╝║хд▒
2025-05-21 18:07:54,836 - DEBUG - хо╜цЭ╛цибх╝Пш╖│ш┐Зя╝Ичмм119шбМя╝Йя╝МхЕищГих┐ЕхблхнЧцо╡ч╝║хд▒
2025-05-21 18:07:54,836 - DEBUG - хо╜цЭ╛цибх╝Пш╖│ш┐Зя╝Ичмм120шбМя╝Йя╝МхЕищГих┐ЕхблхнЧцо╡ч╝║хд▒
2025-05-21 18:07:54,836 - DEBUG - хо╜цЭ╛цибх╝Пш╖│ш┐Зя╝Ичмм121шбМя╝Йя╝МхЕищГих┐ЕхблхнЧцо╡ч╝║хд▒
2025-05-21 18:07:54,837 - DEBUG - хо╜цЭ╛цибх╝Пш╖│ш┐Зя╝Ичмм122шбМя╝Йя╝МхЕищГих┐ЕхблхнЧцо╡ч╝║хд▒
2025-05-21 18:07:54,837 - DEBUG - хо╜цЭ╛цибх╝Пш╖│ш┐Зя╝Ичмм123шбМя╝Йя╝МхЕищГих┐ЕхблхнЧцо╡ч╝║хд▒
2025-05-21 18:07:54,837 - DEBUG - хо╜цЭ╛цибх╝Пш╖│ш┐Зя╝Ичмм124шбМя╝Йя╝МхЕищГих┐ЕхблхнЧцо╡ч╝║хд▒
2025-05-21 18:07:54,837 - DEBUG - хо╜цЭ╛цибх╝Пш╖│ш┐Зя╝Ичмм125шбМя╝Йя╝МхЕищГих┐ЕхблхнЧцо╡ч╝║хд▒
2025-05-21 18:07:54,837 - DEBUG - хо╜цЭ╛цибх╝Пш╖│ш┐Зя╝Ичмм126шбМя╝Йя╝МхЕищГих┐ЕхблхнЧцо╡ч╝║хд▒
2025-05-21 18:07:54,837 - DEBUG - хо╜цЭ╛цибх╝Пш╖│ш┐Зя╝Ичмм127шбМя╝Йя╝МхЕищГих┐ЕхблхнЧцо╡ч╝║хд▒
2025-05-21 18:07:54,837 - DEBUG - хо╜цЭ╛цибх╝Пш╖│ш┐Зя╝Ичмм128шбМя╝Йя╝МхЕищГих┐ЕхблхнЧцо╡ч╝║хд▒
2025-05-21 18:07:54,837 - DEBUG - хо╜цЭ╛цибх╝Пш╖│ш┐Зя╝Ичмм129шбМя╝Йя╝МхЕищГих┐ЕхблхнЧцо╡ч╝║хд▒
2025-05-21 18:07:54,837 - DEBUG - хо╜цЭ╛цибх╝Пш╖│ш┐Зя╝Ичмм130шбМя╝Йя╝МхЕищГих┐ЕхблхнЧцо╡ч╝║хд▒
2025-05-21 18:07:54,838 - DEBUG - хо╜цЭ╛цибх╝Пш╖│ш┐Зя╝Ичмм131шбМя╝Йя╝МхЕищГих┐ЕхблхнЧцо╡ч╝║хд▒
2025-05-21 18:07:54,838 - DEBUG - хо╜цЭ╛цибх╝Пш╖│ш┐Зя╝Ичмм132шбМя╝Йя╝МхЕищГих┐ЕхблхнЧцо╡ч╝║хд▒
2025-05-21 18:07:54,838 - DEBUG - хо╜цЭ╛цибх╝Пш╖│ш┐Зя╝Ичмм133шбМя╝Йя╝МхЕищГих┐ЕхблхнЧцо╡ч╝║хд▒
2025-05-21 18:07:54,839 - DEBUG - хо╜цЭ╛цибх╝Пш╖│ш┐Зя╝Ичмм134шбМя╝Йя╝МхЕищГих┐ЕхблхнЧцо╡ч╝║хд▒
2025-05-21 18:07:54,839 - DEBUG - хо╜цЭ╛цибх╝Пш╖│ш┐Зя╝Ичмм135шбМя╝Йя╝МхЕищГих┐ЕхблхнЧцо╡ч╝║хд▒
2025-05-21 18:07:54,839 - DEBUG - хо╜цЭ╛цибх╝Пш╖│ш┐Зя╝Ичмм136шбМя╝Йя╝МхЕищГих┐ЕхблхнЧцо╡ч╝║хд▒
2025-05-21 18:07:54,839 - DEBUG - хо╜цЭ╛цибх╝Пш╖│ш┐Зя╝Ичмм137шбМя╝Йя╝МхЕищГих┐ЕхблхнЧцо╡ч╝║хд▒
2025-05-21 18:07:54,839 - DEBUG - хо╜цЭ╛цибх╝Пш╖│ш┐Зя╝Ичмм138шбМя╝Йя╝МхЕищГих┐ЕхблхнЧцо╡ч╝║хд▒
2025-05-21 18:07:54,839 - DEBUG - хо╜цЭ╛цибх╝Пш╖│ш┐Зя╝Ичмм139шбМя╝Йя╝МхЕищГих┐ЕхблхнЧцо╡ч╝║хд▒
2025-05-21 18:07:54,839 - DEBUG - хо╜цЭ╛цибх╝Пш╖│ш┐Зя╝Ичмм140шбМя╝Йя╝МхЕищГих┐ЕхблхнЧцо╡ч╝║хд▒
2025-05-21 18:07:54,839 - DEBUG - хо╜цЭ╛цибх╝Пш╖│ш┐Зя╝Ичмм141шбМя╝Йя╝МхЕищГих┐ЕхблхнЧцо╡ч╝║хд▒
2025-05-21 18:07:54,840 - DEBUG - хо╜цЭ╛цибх╝Пш╖│ш┐Зя╝Ичмм142шбМя╝Йя╝МхЕищГих┐ЕхблхнЧцо╡ч╝║хд▒
2025-05-21 18:07:54,840 - DEBUG - хо╜цЭ╛цибх╝Пш╖│ш┐Зя╝Ичмм143шбМя╝Йя╝МхЕищГих┐ЕхблхнЧцо╡ч╝║хд▒
2025-05-21 18:07:54,840 - DEBUG - хо╜цЭ╛цибх╝Пш╖│ш┐Зя╝Ичмм144шбМя╝Йя╝МхЕищГих┐ЕхблхнЧцо╡ч╝║хд▒
2025-05-21 18:07:54,840 - DEBUG - хо╜цЭ╛цибх╝Пш╖│ш┐Зя╝Ичмм145шбМя╝Йя╝МхЕищГих┐ЕхблхнЧцо╡ч╝║хд▒
2025-05-21 18:07:54,840 - DEBUG - хо╜цЭ╛цибх╝Пш╖│ш┐Зя╝Ичмм146шбМя╝Йя╝МхЕищГих┐ЕхблхнЧцо╡ч╝║хд▒
2025-05-21 18:07:54,840 - DEBUG - хо╜цЭ╛цибх╝Пш╖│ш┐Зя╝Ичмм147шбМя╝Йя╝МхЕищГих┐ЕхблхнЧцо╡ч╝║хд▒
2025-05-21 18:07:54,840 - DEBUG - хо╜цЭ╛цибх╝Пш╖│ш┐Зя╝Ичмм148шбМя╝Йя╝МхЕищГих┐ЕхблхнЧцо╡ч╝║хд▒
2025-05-21 18:07:54,840 - DEBUG - хо╜цЭ╛цибх╝Пш╖│ш┐Зя╝Ичмм149шбМя╝Йя╝МхЕищГих┐ЕхблхнЧцо╡ч╝║хд▒
2025-05-21 18:07:54,840 - DEBUG - хо╜цЭ╛цибх╝Пш╖│ш┐Зя╝Ичмм150шбМя╝Йя╝МхЕищГих┐ЕхблхнЧцо╡ч╝║хд▒
2025-05-21 18:07:54,841 - DEBUG - хо╜цЭ╛цибх╝Пш╖│ш┐Зя╝Ичмм151шбМя╝Йя╝МхЕищГих┐ЕхблхнЧцо╡ч╝║хд▒
2025-05-21 18:07:54,841 - DEBUG - хо╜цЭ╛цибх╝Пш╖│ш┐Зя╝Ичмм152шбМя╝Йя╝МхЕищГих┐ЕхблхнЧцо╡ч╝║хд▒
2025-05-21 18:07:54,841 - DEBUG - хо╜цЭ╛цибх╝Пш╖│ш┐Зя╝Ичмм153шбМя╝Йя╝МхЕищГих┐ЕхблхнЧцо╡ч╝║хд▒
2025-05-21 18:07:54,841 - DEBUG - хо╜цЭ╛цибх╝Пш╖│ш┐Зя╝Ичмм154шбМя╝Йя╝МхЕищГих┐ЕхблхнЧцо╡ч╝║хд▒
2025-05-21 18:07:54,841 - DEBUG - хо╜цЭ╛цибх╝Пш╖│ш┐Зя╝Ичмм155шбМя╝Йя╝МхЕищГих┐ЕхблхнЧцо╡ч╝║хд▒
2025-05-21 18:07:54,841 - DEBUG - хо╜цЭ╛цибх╝Пш╖│ш┐Зя╝Ичмм156шбМя╝Йя╝МхЕищГих┐ЕхблхнЧцо╡ч╝║хд▒
2025-05-21 18:07:54,841 - DEBUG - хо╜цЭ╛цибх╝Пш╖│ш┐Зя╝Ичмм157шбМя╝Йя╝МхЕищГих┐ЕхблхнЧцо╡ч╝║хд▒
2025-05-21 18:07:54,841 - DEBUG - хо╜цЭ╛цибх╝Пш╖│ш┐Зя╝Ичмм158шбМя╝Йя╝МхЕищГих┐ЕхблхнЧцо╡ч╝║хд▒
2025-05-21 18:07:54,842 - DEBUG - хо╜цЭ╛цибх╝Пш╖│ш┐Зя╝Ичмм159шбМя╝Йя╝МхЕищГих┐ЕхблхнЧцо╡ч╝║хд▒
2025-05-21 18:07:54,842 - DEBUG - хо╜цЭ╛цибх╝Пш╖│ш┐Зя╝Ичмм160шбМя╝Йя╝МхЕищГих┐ЕхблхнЧцо╡ч╝║хд▒
2025-05-21 18:07:54,842 - DEBUG - хо╜цЭ╛цибх╝Пш╖│ш┐Зя╝Ичмм161шбМя╝Йя╝МхЕищГих┐ЕхблхнЧцо╡ч╝║хд▒
2025-05-21 18:07:54,842 - DEBUG - хо╜цЭ╛цибх╝Пш╖│ш┐Зя╝Ичмм162шбМя╝Йя╝МхЕищГих┐ЕхблхнЧцо╡ч╝║хд▒
2025-05-21 18:07:54,842 - DEBUG - хо╜цЭ╛цибх╝Пш╖│ш┐Зя╝Ичмм163шбМя╝Йя╝МхЕищГих┐ЕхблхнЧцо╡ч╝║хд▒
2025-05-21 18:07:54,842 - DEBUG - хо╜цЭ╛цибх╝Пш╖│ш┐Зя╝Ичмм164шбМя╝Йя╝МхЕищГих┐ЕхблхнЧцо╡ч╝║хд▒
2025-05-21 18:07:54,842 - DEBUG - хо╜цЭ╛цибх╝Пш╖│ш┐Зя╝Ичмм165шбМя╝Йя╝МхЕищГих┐ЕхблхнЧцо╡ч╝║хд▒
2025-05-21 18:07:54,843 - DEBUG - хо╜цЭ╛цибх╝Пш╖│ш┐Зя╝Ичмм166шбМя╝Йя╝МхЕищГих┐ЕхблхнЧцо╡ч╝║хд▒
2025-05-21 18:07:54,843 - DEBUG - хо╜цЭ╛цибх╝Пш╖│ш┐Зя╝Ичмм167шбМя╝Йя╝МхЕищГих┐ЕхблхнЧцо╡ч╝║хд▒
2025-05-21 18:07:54,843 - DEBUG - хо╜цЭ╛цибх╝Пш╖│ш┐Зя╝Ичмм168шбМя╝Йя╝МхЕищГих┐ЕхблхнЧцо╡ч╝║хд▒
2025-05-21 18:07:54,843 - DEBUG - хо╜цЭ╛цибх╝Пш╖│ш┐Зя╝Ичмм169шбМя╝Йя╝МхЕищГих┐ЕхблхнЧцо╡ч╝║хд▒
2025-05-21 18:07:54,843 - DEBUG - хо╜цЭ╛цибх╝Пш╖│ш┐Зя╝Ичмм170шбМя╝Йя╝МхЕищГих┐ЕхблхнЧцо╡ч╝║хд▒
2025-05-21 18:07:54,843 - DEBUG - хо╜цЭ╛цибх╝Пш╖│ш┐Зя╝Ичмм171шбМя╝Йя╝МхЕищГих┐ЕхблхнЧцо╡ч╝║хд▒
2025-05-21 18:07:54,844 - DEBUG - хо╜цЭ╛цибх╝Пш╖│ш┐Зя╝Ичмм172шбМя╝Йя╝МхЕищГих┐ЕхблхнЧцо╡ч╝║хд▒
2025-05-21 18:07:54,844 - DEBUG - хо╜цЭ╛цибх╝Пш╖│ш┐Зя╝Ичмм173шбМя╝Йя╝МхЕищГих┐ЕхблхнЧцо╡ч╝║хд▒
2025-05-21 18:07:54,844 - DEBUG - хо╜цЭ╛цибх╝Пш╖│ш┐Зя╝Ичмм174шбМя╝Йя╝МхЕищГих┐ЕхблхнЧцо╡ч╝║хд▒
2025-05-21 18:07:54,844 - DEBUG - хо╜цЭ╛цибх╝Пш╖│ш┐Зя╝Ичмм175шбМя╝Йя╝МхЕищГих┐ЕхблхнЧцо╡ч╝║хд▒
2025-05-21 18:07:54,844 - DEBUG - хо╜цЭ╛цибх╝Пш╖│ш┐Зя╝Ичмм176шбМя╝Йя╝МхЕищГих┐ЕхблхнЧцо╡ч╝║хд▒
2025-05-21 18:07:54,844 - DEBUG - хо╜цЭ╛цибх╝Пш╖│ш┐Зя╝Ичмм177шбМя╝Йя╝МхЕищГих┐ЕхблхнЧцо╡ч╝║хд▒
2025-05-21 18:07:54,844 - DEBUG - хо╜цЭ╛цибх╝Пш╖│ш┐Зя╝Ичмм178шбМя╝Йя╝МхЕищГих┐ЕхблхнЧцо╡ч╝║хд▒
2025-05-21 18:07:54,844 - DEBUG - хо╜цЭ╛цибх╝Пш╖│ш┐Зя╝Ичмм179шбМя╝Йя╝МхЕищГих┐ЕхблхнЧцо╡ч╝║хд▒
2025-05-21 18:07:54,844 - DEBUG - хо╜цЭ╛цибх╝Пш╖│ш┐Зя╝Ичмм180шбМя╝Йя╝МхЕищГих┐ЕхблхнЧцо╡ч╝║хд▒
2025-05-21 18:07:54,845 - DEBUG - хо╜цЭ╛цибх╝Пш╖│ш┐Зя╝Ичмм181шбМя╝Йя╝МхЕищГих┐ЕхблхнЧцо╡ч╝║хд▒
2025-05-21 18:07:54,845 - DEBUG - хо╜цЭ╛цибх╝Пш╖│ш┐Зя╝Ичмм182шбМя╝Йя╝МхЕищГих┐ЕхблхнЧцо╡ч╝║хд▒
2025-05-21 18:07:54,845 - DEBUG - хо╜цЭ╛цибх╝Пш╖│ш┐Зя╝Ичмм183шбМя╝Йя╝МхЕищГих┐ЕхблхнЧцо╡ч╝║хд▒
2025-05-21 18:07:54,845 - DEBUG - хо╜цЭ╛цибх╝Пш╖│ш┐Зя╝Ичмм184шбМя╝Йя╝МхЕищГих┐ЕхблхнЧцо╡ч╝║хд▒
2025-05-21 18:07:54,845 - DEBUG - хо╜цЭ╛цибх╝Пш╖│ш┐Зя╝Ичмм185шбМя╝Йя╝МхЕищГих┐ЕхблхнЧцо╡ч╝║хд▒
2025-05-21 18:07:54,845 - DEBUG - хо╜цЭ╛цибх╝Пш╖│ш┐Зя╝Ичмм186шбМя╝Йя╝МхЕищГих┐ЕхблхнЧцо╡ч╝║хд▒
2025-05-21 18:07:54,845 - DEBUG - хо╜цЭ╛цибх╝Пш╖│ш┐Зя╝Ичмм187шбМя╝Йя╝МхЕищГих┐ЕхблхнЧцо╡ч╝║хд▒
2025-05-21 18:07:54,846 - DEBUG - ЁЯУЛ х╝АхзЛшзгцЮРцЦЗф╗╢d:\pyscript\SNT\res\SDMC 250520_PendingPoSnt.xlsx
2025-05-21 18:07:54,848 - DEBUG - хо╜цЭ╛цибх╝Пш╖│ш┐Зя╝Ичмм2шбМя╝Йя╝МхЕищГих┐ЕхблхнЧцо╡ч╝║хд▒
2025-05-21 18:07:54,849 - DEBUG - хо╜цЭ╛цибх╝Пш╖│ш┐Зя╝Ичмм3шбМя╝Йя╝МхЕищГих┐ЕхблхнЧцо╡ч╝║хд▒
2025-05-21 18:07:54,849 - DEBUG - хо╜цЭ╛цибх╝Пш╖│ш┐Зя╝Ичмм4шбМя╝Йя╝МхЕищГих┐ЕхблхнЧцо╡ч╝║хд▒
2025-05-21 18:07:54,849 - DEBUG - хо╜цЭ╛цибх╝Пш╖│ш┐Зя╝Ичмм5шбМя╝Йя╝МхЕищГих┐ЕхблхнЧцо╡ч╝║хд▒
2025-05-21 18:07:54,849 - DEBUG - хо╜цЭ╛цибх╝Пш╖│ш┐Зя╝Ичмм6шбМя╝Йя╝МхЕищГих┐ЕхблхнЧцо╡ч╝║хд▒
2025-05-21 18:07:54,849 - DEBUG - хо╜цЭ╛цибх╝Пш╖│ш┐Зя╝Ичмм7шбМя╝Йя╝МхЕищГих┐ЕхблхнЧцо╡ч╝║хд▒
2025-05-21 18:07:54,849 - DEBUG - хо╜цЭ╛цибх╝Пш╖│ш┐Зя╝Ичмм8шбМя╝Йя╝МхЕищГих┐ЕхблхнЧцо╡ч╝║хд▒
2025-05-21 18:07:54,849 - DEBUG - хо╜цЭ╛цибх╝Пш╖│ш┐Зя╝Ичмм9шбМя╝Йя╝МхЕищГих┐ЕхблхнЧцо╡ч╝║хд▒
2025-05-21 18:07:54,849 - DEBUG - хо╜цЭ╛цибх╝Пш╖│ш┐Зя╝Ичмм10шбМя╝Йя╝МхЕищГих┐ЕхблхнЧцо╡ч╝║хд▒
2025-05-21 18:07:54,849 - DEBUG - хо╜цЭ╛цибх╝Пш╖│ш┐Зя╝Ичмм11шбМя╝Йя╝МхЕищГих┐ЕхблхнЧцо╡ч╝║хд▒
2025-05-21 18:07:54,850 - DEBUG - хо╜цЭ╛цибх╝Пш╖│ш┐Зя╝Ичмм12шбМя╝Йя╝МхЕищГих┐ЕхблхнЧцо╡ч╝║хд▒
2025-05-21 18:07:54,850 - DEBUG - хо╜цЭ╛цибх╝Пш╖│ш┐Зя╝Ичмм13шбМя╝Йя╝МхЕищГих┐ЕхблхнЧцо╡ч╝║хд▒
2025-05-21 18:07:54,850 - DEBUG - хо╜цЭ╛цибх╝Пш╖│ш┐Зя╝Ичмм14шбМя╝Йя╝МхЕищГих┐ЕхблхнЧцо╡ч╝║хд▒
2025-05-21 18:07:54,850 - DEBUG - хо╜цЭ╛цибх╝Пш╖│ш┐Зя╝Ичмм15шбМя╝Йя╝МхЕищГих┐ЕхблхнЧцо╡ч╝║хд▒
2025-05-21 18:07:54,850 - DEBUG - хо╜цЭ╛цибх╝Пш╖│ш┐Зя╝Ичмм16шбМя╝Йя╝МхЕищГих┐ЕхблхнЧцо╡ч╝║хд▒
2025-05-21 18:07:54,850 - DEBUG - хо╜цЭ╛цибх╝Пш╖│ш┐Зя╝Ичмм17шбМя╝Йя╝МхЕищГих┐ЕхблхнЧцо╡ч╝║хд▒
2025-05-21 18:07:54,850 - DEBUG - хо╜цЭ╛цибх╝Пш╖│ш┐Зя╝Ичмм18шбМя╝Йя╝МхЕищГих┐ЕхблхнЧцо╡ч╝║хд▒
2025-05-21 18:07:54,850 - DEBUG - хо╜цЭ╛цибх╝Пш╖│ш┐Зя╝Ичмм19шбМя╝Йя╝МхЕищГих┐ЕхблхнЧцо╡ч╝║хд▒
2025-05-21 18:07:54,850 - DEBUG - хо╜цЭ╛цибх╝Пш╖│ш┐Зя╝Ичмм20шбМя╝Йя╝МхЕищГих┐ЕхблхнЧцо╡ч╝║хд▒
2025-05-21 18:07:54,850 - DEBUG - хо╜цЭ╛цибх╝Пш╖│ш┐Зя╝Ичмм21шбМя╝Йя╝МхЕищГих┐ЕхблхнЧцо╡ч╝║хд▒
2025-05-21 18:07:54,851 - DEBUG - хо╜цЭ╛цибх╝Пш╖│ш┐Зя╝Ичмм22шбМя╝Йя╝МхЕищГих┐ЕхблхнЧцо╡ч╝║хд▒
2025-05-21 18:07:54,851 - DEBUG - хо╜цЭ╛цибх╝Пш╖│ш┐Зя╝Ичмм23шбМя╝Йя╝МхЕищГих┐ЕхблхнЧцо╡ч╝║хд▒
2025-05-21 18:07:54,851 - DEBUG - хо╜цЭ╛цибх╝Пш╖│ш┐Зя╝Ичмм24шбМя╝Йя╝МхЕищГих┐ЕхблхнЧцо╡ч╝║хд▒
2025-05-21 18:07:54,851 - DEBUG - хо╜цЭ╛цибх╝Пш╖│ш┐Зя╝Ичмм25шбМя╝Йя╝МхЕищГих┐ЕхблхнЧцо╡ч╝║хд▒
2025-05-21 18:07:54,851 - DEBUG - хо╜цЭ╛цибх╝Пш╖│ш┐Зя╝Ичмм26шбМя╝Йя╝МхЕищГих┐ЕхблхнЧцо╡ч╝║хд▒
2025-05-21 18:07:54,851 - DEBUG - хо╜цЭ╛цибх╝Пш╖│ш┐Зя╝Ичмм27шбМя╝Йя╝МхЕищГих┐ЕхблхнЧцо╡ч╝║хд▒
2025-05-21 18:07:54,851 - DEBUG - хо╜цЭ╛цибх╝Пш╖│ш┐Зя╝Ичмм28шбМя╝Йя╝МхЕищГих┐ЕхблхнЧцо╡ч╝║хд▒
2025-05-21 18:07:54,851 - DEBUG - хо╜цЭ╛цибх╝Пш╖│ш┐Зя╝Ичмм29шбМя╝Йя╝МхЕищГих┐ЕхблхнЧцо╡ч╝║хд▒
2025-05-21 18:07:54,851 - DEBUG - хо╜цЭ╛цибх╝Пш╖│ш┐Зя╝Ичмм30шбМя╝Йя╝МхЕищГих┐ЕхблхнЧцо╡ч╝║хд▒
2025-05-21 18:07:54,852 - DEBUG - хо╜цЭ╛цибх╝Пш╖│ш┐Зя╝Ичмм31шбМя╝Йя╝МхЕищГих┐ЕхблхнЧцо╡ч╝║хд▒
2025-05-21 18:07:54,852 - DEBUG - хо╜цЭ╛цибх╝Пш╖│ш┐Зя╝Ичмм32шбМя╝Йя╝МхЕищГих┐ЕхблхнЧцо╡ч╝║хд▒
2025-05-21 18:07:54,852 - DEBUG - хо╜цЭ╛цибх╝Пш╖│ш┐Зя╝Ичмм33шбМя╝Йя╝МхЕищГих┐ЕхблхнЧцо╡ч╝║хд▒
2025-05-21 18:07:54,852 - DEBUG - хо╜цЭ╛цибх╝Пш╖│ш┐Зя╝Ичмм34шбМя╝Йя╝МхЕищГих┐ЕхблхнЧцо╡ч╝║хд▒
2025-05-21 18:07:54,852 - DEBUG - хо╜цЭ╛цибх╝Пш╖│ш┐Зя╝Ичмм35шбМя╝Йя╝МхЕищГих┐ЕхблхнЧцо╡ч╝║хд▒
2025-05-21 18:07:54,852 - DEBUG - хо╜цЭ╛цибх╝Пш╖│ш┐Зя╝Ичмм36шбМя╝Йя╝МхЕищГих┐ЕхблхнЧцо╡ч╝║хд▒
2025-05-21 18:07:54,852 - DEBUG - хо╜цЭ╛цибх╝Пш╖│ш┐Зя╝Ичмм37шбМя╝Йя╝МхЕищГих┐ЕхблхнЧцо╡ч╝║хд▒
2025-05-21 18:07:54,852 - DEBUG - хо╜цЭ╛цибх╝Пш╖│ш┐Зя╝Ичмм38шбМя╝Йя╝МхЕищГих┐ЕхблхнЧцо╡ч╝║хд▒
2025-05-21 18:07:54,853 - DEBUG - хо╜цЭ╛цибх╝Пш╖│ш┐Зя╝Ичмм39шбМя╝Йя╝МхЕищГих┐ЕхблхнЧцо╡ч╝║хд▒
2025-05-21 18:07:54,854 - DEBUG - хо╜цЭ╛цибх╝Пш╖│ш┐Зя╝Ичмм40шбМя╝Йя╝МхЕищГих┐ЕхблхнЧцо╡ч╝║хд▒
2025-05-21 18:07:54,854 - DEBUG - хо╜цЭ╛цибх╝Пш╖│ш┐Зя╝Ичмм41шбМя╝Йя╝МхЕищГих┐ЕхблхнЧцо╡ч╝║хд▒
2025-05-21 18:07:54,854 - DEBUG - хо╜цЭ╛цибх╝Пш╖│ш┐Зя╝Ичмм42шбМя╝Йя╝МхЕищГих┐ЕхблхнЧцо╡ч╝║хд▒
2025-05-21 18:07:54,854 - DEBUG - хо╜цЭ╛цибх╝Пш╖│ш┐Зя╝Ичмм43шбМя╝Йя╝МхЕищГих┐ЕхблхнЧцо╡ч╝║хд▒
2025-05-21 18:07:54,854 - DEBUG - хо╜цЭ╛цибх╝Пш╖│ш┐Зя╝Ичмм44шбМя╝Йя╝МхЕищГих┐ЕхблхнЧцо╡ч╝║хд▒
2025-05-21 18:07:54,854 - DEBUG - хо╜цЭ╛цибх╝Пш╖│ш┐Зя╝Ичмм45шбМя╝Йя╝МхЕищГих┐ЕхблхнЧцо╡ч╝║хд▒
2025-05-21 18:07:54,854 - DEBUG - хо╜цЭ╛цибх╝Пш╖│ш┐Зя╝Ичмм46шбМя╝Йя╝МхЕищГих┐ЕхблхнЧцо╡ч╝║хд▒
2025-05-21 18:07:54,854 - DEBUG - хо╜цЭ╛цибх╝Пш╖│ш┐Зя╝Ичмм47шбМя╝Йя╝МхЕищГих┐ЕхблхнЧцо╡ч╝║хд▒
2025-05-21 18:07:54,854 - DEBUG - хо╜цЭ╛цибх╝Пш╖│ш┐Зя╝Ичмм48шбМя╝Йя╝МхЕищГих┐ЕхблхнЧцо╡ч╝║хд▒
2025-05-21 18:07:54,855 - DEBUG - хо╜цЭ╛цибх╝Пш╖│ш┐Зя╝Ичмм49шбМя╝Йя╝МхЕищГих┐ЕхблхнЧцо╡ч╝║хд▒
2025-05-21 18:07:54,855 - DEBUG - хо╜цЭ╛цибх╝Пш╖│ш┐Зя╝Ичмм50шбМя╝Йя╝МхЕищГих┐ЕхблхнЧцо╡ч╝║хд▒
2025-05-21 18:07:54,855 - DEBUG - хо╜цЭ╛цибх╝Пш╖│ш┐Зя╝Ичмм51шбМя╝Йя╝МхЕищГих┐ЕхблхнЧцо╡ч╝║хд▒
2025-05-21 18:07:54,855 - DEBUG - хо╜цЭ╛цибх╝Пш╖│ш┐Зя╝Ичмм52шбМя╝Йя╝МхЕищГих┐ЕхблхнЧцо╡ч╝║хд▒
2025-05-21 18:07:54,855 - DEBUG - хо╜цЭ╛цибх╝Пш╖│ш┐Зя╝Ичмм53шбМя╝Йя╝МхЕищГих┐ЕхблхнЧцо╡ч╝║хд▒
2025-05-21 18:07:54,855 - DEBUG - хо╜цЭ╛цибх╝Пш╖│ш┐Зя╝Ичмм54шбМя╝Йя╝МхЕищГих┐ЕхблхнЧцо╡ч╝║хд▒
2025-05-21 18:07:54,855 - DEBUG - хо╜цЭ╛цибх╝Пш╖│ш┐Зя╝Ичмм55шбМя╝Йя╝МхЕищГих┐ЕхблхнЧцо╡ч╝║хд▒
2025-05-21 18:07:54,855 - DEBUG - хо╜цЭ╛цибх╝Пш╖│ш┐Зя╝Ичмм56шбМя╝Йя╝МхЕищГих┐ЕхблхнЧцо╡ч╝║хд▒
2025-05-21 18:07:54,855 - DEBUG - хо╜цЭ╛цибх╝Пш╖│ш┐Зя╝Ичмм57шбМя╝Йя╝МхЕищГих┐ЕхблхнЧцо╡ч╝║хд▒
2025-05-21 18:07:54,855 - DEBUG - хо╜цЭ╛цибх╝Пш╖│ш┐Зя╝Ичмм58шбМя╝Йя╝МхЕищГих┐ЕхблхнЧцо╡ч╝║хд▒
2025-05-21 18:07:54,856 - DEBUG - хо╜цЭ╛цибх╝Пш╖│ш┐Зя╝Ичмм59шбМя╝Йя╝МхЕищГих┐ЕхблхнЧцо╡ч╝║хд▒
2025-05-21 18:07:54,856 - DEBUG - хо╜цЭ╛цибх╝Пш╖│ш┐Зя╝Ичмм60шбМя╝Йя╝МхЕищГих┐ЕхблхнЧцо╡ч╝║хд▒
2025-05-21 18:07:54,856 - DEBUG - хо╜цЭ╛цибх╝Пш╖│ш┐Зя╝Ичмм61шбМя╝Йя╝МхЕищГих┐ЕхблхнЧцо╡ч╝║хд▒
2025-05-21 18:07:54,856 - DEBUG - хо╜цЭ╛цибх╝Пш╖│ш┐Зя╝Ичмм62шбМя╝Йя╝МхЕищГих┐ЕхблхнЧцо╡ч╝║хд▒
2025-05-21 18:07:54,856 - DEBUG - хо╜цЭ╛цибх╝Пш╖│ш┐Зя╝Ичмм63шбМя╝Йя╝МхЕищГих┐ЕхблхнЧцо╡ч╝║хд▒
2025-05-21 18:07:54,856 - DEBUG - хо╜цЭ╛цибх╝Пш╖│ш┐Зя╝Ичмм64шбМя╝Йя╝МхЕищГих┐ЕхблхнЧцо╡ч╝║хд▒
2025-05-21 18:07:54,856 - DEBUG - хо╜цЭ╛цибх╝Пш╖│ш┐Зя╝Ичмм65шбМя╝Йя╝МхЕищГих┐ЕхблхнЧцо╡ч╝║хд▒
2025-05-21 18:07:54,856 - DEBUG - хо╜цЭ╛цибх╝Пш╖│ш┐Зя╝Ичмм66шбМя╝Йя╝МхЕищГих┐ЕхблхнЧцо╡ч╝║хд▒
2025-05-21 18:07:54,856 - DEBUG - хо╜цЭ╛цибх╝Пш╖│ш┐Зя╝Ичмм67шбМя╝Йя╝МхЕищГих┐ЕхблхнЧцо╡ч╝║хд▒
2025-05-21 18:07:54,856 - DEBUG - хо╜цЭ╛цибх╝Пш╖│ш┐Зя╝Ичмм68шбМя╝Йя╝МхЕищГих┐ЕхблхнЧцо╡ч╝║хд▒
2025-05-21 18:07:54,857 - DEBUG - хо╜цЭ╛цибх╝Пш╖│ш┐Зя╝Ичмм69шбМя╝Йя╝МхЕищГих┐ЕхблхнЧцо╡ч╝║хд▒
2025-05-21 18:07:54,857 - DEBUG - хо╜цЭ╛цибх╝Пш╖│ш┐Зя╝Ичмм70шбМя╝Йя╝МхЕищГих┐ЕхблхнЧцо╡ч╝║хд▒
2025-05-21 18:07:54,857 - DEBUG - хо╜цЭ╛цибх╝Пш╖│ш┐Зя╝Ичмм71шбМя╝Йя╝МхЕищГих┐ЕхблхнЧцо╡ч╝║хд▒
2025-05-21 18:07:54,857 - DEBUG - хо╜цЭ╛цибх╝Пш╖│ш┐Зя╝Ичмм72шбМя╝Йя╝МхЕищГих┐ЕхблхнЧцо╡ч╝║хд▒
2025-05-21 18:07:54,857 - DEBUG - хо╜цЭ╛цибх╝Пш╖│ш┐Зя╝Ичмм73шбМя╝Йя╝МхЕищГих┐ЕхблхнЧцо╡ч╝║хд▒
2025-05-21 18:07:54,857 - DEBUG - хо╜цЭ╛цибх╝Пш╖│ш┐Зя╝Ичмм74шбМя╝Йя╝МхЕищГих┐ЕхблхнЧцо╡ч╝║хд▒
2025-05-21 18:07:54,857 - DEBUG - хо╜цЭ╛цибх╝Пш╖│ш┐Зя╝Ичмм75шбМя╝Йя╝МхЕищГих┐ЕхблхнЧцо╡ч╝║хд▒
2025-05-21 18:07:54,857 - DEBUG - хо╜цЭ╛цибх╝Пш╖│ш┐Зя╝Ичмм76шбМя╝Йя╝МхЕищГих┐ЕхблхнЧцо╡ч╝║хд▒
2025-05-21 18:07:54,857 - DEBUG - хо╜цЭ╛цибх╝Пш╖│ш┐Зя╝Ичмм77шбМя╝Йя╝МхЕищГих┐ЕхблхнЧцо╡ч╝║хд▒
2025-05-21 18:07:54,857 - DEBUG - хо╜цЭ╛цибх╝Пш╖│ш┐Зя╝Ичмм78шбМя╝Йя╝МхЕищГих┐ЕхблхнЧцо╡ч╝║хд▒
2025-05-21 18:07:54,858 - DEBUG - хо╜цЭ╛цибх╝Пш╖│ш┐Зя╝Ичмм79шбМя╝Йя╝МхЕищГих┐ЕхблхнЧцо╡ч╝║хд▒
2025-05-21 18:07:54,858 - DEBUG - хо╜цЭ╛цибх╝Пш╖│ш┐Зя╝Ичмм80шбМя╝Йя╝МхЕищГих┐ЕхблхнЧцо╡ч╝║хд▒
2025-05-21 18:07:54,859 - DEBUG - хо╜цЭ╛цибх╝Пш╖│ш┐Зя╝Ичмм81шбМя╝Йя╝МхЕищГих┐ЕхблхнЧцо╡ч╝║хд▒
2025-05-21 18:07:54,859 - DEBUG - хо╜цЭ╛цибх╝Пш╖│ш┐Зя╝Ичмм82шбМя╝Йя╝МхЕищГих┐ЕхблхнЧцо╡ч╝║хд▒
2025-05-21 18:07:54,859 - DEBUG - хо╜цЭ╛цибх╝Пш╖│ш┐Зя╝Ичмм83шбМя╝Йя╝МхЕищГих┐ЕхблхнЧцо╡ч╝║хд▒
2025-05-21 18:07:54,859 - DEBUG - хо╜цЭ╛цибх╝Пш╖│ш┐Зя╝Ичмм84шбМя╝Йя╝МхЕищГих┐ЕхблхнЧцо╡ч╝║хд▒
2025-05-21 18:07:54,859 - DEBUG - хо╜цЭ╛цибх╝Пш╖│ш┐Зя╝Ичмм85шбМя╝Йя╝МхЕищГих┐ЕхблхнЧцо╡ч╝║хд▒
2025-05-21 18:07:54,859 - DEBUG - хо╜цЭ╛цибх╝Пш╖│ш┐Зя╝Ичмм86шбМя╝Йя╝МхЕищГих┐ЕхблхнЧцо╡ч╝║хд▒
2025-05-21 18:07:54,859 - DEBUG - хо╜цЭ╛цибх╝Пш╖│ш┐Зя╝Ичмм87шбМя╝Йя╝МхЕищГих┐ЕхблхнЧцо╡ч╝║хд▒
2025-05-21 18:07:54,860 - DEBUG - хо╜цЭ╛цибх╝Пш╖│ш┐Зя╝Ичмм88шбМя╝Йя╝МхЕищГих┐ЕхблхнЧцо╡ч╝║хд▒
2025-05-21 18:07:54,860 - DEBUG - хо╜цЭ╛цибх╝Пш╖│ш┐Зя╝Ичмм89шбМя╝Йя╝МхЕищГих┐ЕхблхнЧцо╡ч╝║хд▒
2025-05-21 18:07:54,860 - DEBUG - хо╜цЭ╛цибх╝Пш╖│ш┐Зя╝Ичмм90шбМя╝Йя╝МхЕищГих┐ЕхблхнЧцо╡ч╝║хд▒
2025-05-21 18:07:54,860 - DEBUG - хо╜цЭ╛цибх╝Пш╖│ш┐Зя╝Ичмм91шбМя╝Йя╝МхЕищГих┐ЕхблхнЧцо╡ч╝║хд▒
2025-05-21 18:07:54,860 - DEBUG - хо╜цЭ╛цибх╝Пш╖│ш┐Зя╝Ичмм92шбМя╝Йя╝МхЕищГих┐ЕхблхнЧцо╡ч╝║хд▒
2025-05-21 18:07:54,860 - DEBUG - хо╜цЭ╛цибх╝Пш╖│ш┐Зя╝Ичмм93шбМя╝Йя╝МхЕищГих┐ЕхблхнЧцо╡ч╝║хд▒
2025-05-21 18:07:54,860 - DEBUG - хо╜цЭ╛цибх╝Пш╖│ш┐Зя╝Ичмм94шбМя╝Йя╝МхЕищГих┐ЕхблхнЧцо╡ч╝║хд▒
2025-05-21 18:07:54,860 - DEBUG - хо╜цЭ╛цибх╝Пш╖│ш┐Зя╝Ичмм95шбМя╝Йя╝МхЕищГих┐ЕхблхнЧцо╡ч╝║хд▒
2025-05-21 18:07:54,860 - DEBUG - хо╜цЭ╛цибх╝Пш╖│ш┐Зя╝Ичмм96шбМя╝Йя╝МхЕищГих┐ЕхблхнЧцо╡ч╝║хд▒
2025-05-21 18:07:54,861 - DEBUG - хо╜цЭ╛цибх╝Пш╖│ш┐Зя╝Ичмм97шбМя╝Йя╝МхЕищГих┐ЕхблхнЧцо╡ч╝║хд▒
2025-05-21 18:07:54,861 - DEBUG - хо╜цЭ╛цибх╝Пш╖│ш┐Зя╝Ичмм98шбМя╝Йя╝МхЕищГих┐ЕхблхнЧцо╡ч╝║хд▒
2025-05-21 18:07:54,861 - DEBUG - хо╜цЭ╛цибх╝Пш╖│ш┐Зя╝Ичмм99шбМя╝Йя╝МхЕищГих┐ЕхблхнЧцо╡ч╝║хд▒
2025-05-21 18:07:54,861 - DEBUG - хо╜цЭ╛цибх╝Пш╖│ш┐Зя╝Ичмм100шбМя╝Йя╝МхЕищГих┐ЕхблхнЧцо╡ч╝║хд▒
2025-05-21 18:07:54,861 - DEBUG - хо╜цЭ╛цибх╝Пш╖│ш┐Зя╝Ичмм101шбМя╝Йя╝МхЕищГих┐ЕхблхнЧцо╡ч╝║хд▒
2025-05-21 18:07:54,861 - DEBUG - хо╜цЭ╛цибх╝Пш╖│ш┐Зя╝Ичмм102шбМя╝Йя╝МхЕищГих┐ЕхблхнЧцо╡ч╝║хд▒
2025-05-21 18:07:54,861 - DEBUG - хо╜цЭ╛цибх╝Пш╖│ш┐Зя╝Ичмм103шбМя╝Йя╝МхЕищГих┐ЕхблхнЧцо╡ч╝║хд▒
2025-05-21 18:07:54,861 - DEBUG - хо╜цЭ╛цибх╝Пш╖│ш┐Зя╝Ичмм104шбМя╝Йя╝МхЕищГих┐ЕхблхнЧцо╡ч╝║хд▒
2025-05-21 18:07:54,862 - DEBUG - хо╜цЭ╛цибх╝Пш╖│ш┐Зя╝Ичмм105шбМя╝Йя╝МхЕищГих┐ЕхблхнЧцо╡ч╝║хд▒
2025-05-21 18:07:54,862 - DEBUG - хо╜цЭ╛цибх╝Пш╖│ш┐Зя╝Ичмм106шбМя╝Йя╝МхЕищГих┐ЕхблхнЧцо╡ч╝║хд▒
2025-05-21 18:07:54,862 - DEBUG - хо╜цЭ╛цибх╝Пш╖│ш┐Зя╝Ичмм107шбМя╝Йя╝МхЕищГих┐ЕхблхнЧцо╡ч╝║хд▒
2025-05-21 18:07:54,862 - DEBUG - хо╜цЭ╛цибх╝Пш╖│ш┐Зя╝Ичмм108шбМя╝Йя╝МхЕищГих┐ЕхблхнЧцо╡ч╝║хд▒
2025-05-21 18:07:54,862 - DEBUG - хо╜цЭ╛цибх╝Пш╖│ш┐Зя╝Ичмм109шбМя╝Йя╝МхЕищГих┐ЕхблхнЧцо╡ч╝║хд▒
2025-05-21 18:07:54,862 - DEBUG - хо╜цЭ╛цибх╝Пш╖│ш┐Зя╝Ичмм110шбМя╝Йя╝МхЕищГих┐ЕхблхнЧцо╡ч╝║хд▒
2025-05-21 18:07:54,862 - DEBUG - хо╜цЭ╛цибх╝Пш╖│ш┐Зя╝Ичмм111шбМя╝Йя╝МхЕищГих┐ЕхблхнЧцо╡ч╝║хд▒
2025-05-21 18:07:54,862 - DEBUG - хо╜цЭ╛цибх╝Пш╖│ш┐Зя╝Ичмм112шбМя╝Йя╝МхЕищГих┐ЕхблхнЧцо╡ч╝║хд▒
2025-05-21 18:07:54,862 - DEBUG - хо╜цЭ╛цибх╝Пш╖│ш┐Зя╝Ичмм113шбМя╝Йя╝МхЕищГих┐ЕхблхнЧцо╡ч╝║хд▒
2025-05-21 18:07:54,862 - DEBUG - хо╜цЭ╛цибх╝Пш╖│ш┐Зя╝Ичмм114шбМя╝Йя╝МхЕищГих┐ЕхблхнЧцо╡ч╝║хд▒
2025-05-21 18:07:54,863 - DEBUG - хо╜цЭ╛цибх╝Пш╖│ш┐Зя╝Ичмм115шбМя╝Йя╝МхЕищГих┐ЕхблхнЧцо╡ч╝║хд▒
2025-05-21 18:07:54,863 - DEBUG - хо╜цЭ╛цибх╝Пш╖│ш┐Зя╝Ичмм116шбМя╝Йя╝МхЕищГих┐ЕхблхнЧцо╡ч╝║хд▒
2025-05-21 18:07:54,863 - DEBUG - хо╜цЭ╛цибх╝Пш╖│ш┐Зя╝Ичмм117шбМя╝Йя╝МхЕищГих┐ЕхблхнЧцо╡ч╝║хд▒
2025-05-21 18:07:54,863 - DEBUG - хо╜цЭ╛цибх╝Пш╖│ш┐Зя╝Ичмм118шбМя╝Йя╝МхЕищГих┐ЕхблхнЧцо╡ч╝║хд▒
2025-05-21 18:07:54,863 - DEBUG - хо╜цЭ╛цибх╝Пш╖│ш┐Зя╝Ичмм119шбМя╝Йя╝МхЕищГих┐ЕхблхнЧцо╡ч╝║хд▒
2025-05-21 18:07:54,863 - DEBUG - хо╜цЭ╛цибх╝Пш╖│ш┐Зя╝Ичмм120шбМя╝Йя╝МхЕищГих┐ЕхблхнЧцо╡ч╝║хд▒
2025-05-21 18:07:54,864 - DEBUG - хо╜цЭ╛цибх╝Пш╖│ш┐Зя╝Ичмм121шбМя╝Йя╝МхЕищГих┐ЕхблхнЧцо╡ч╝║хд▒
2025-05-21 18:07:54,864 - DEBUG - хо╜цЭ╛цибх╝Пш╖│ш┐Зя╝Ичмм122шбМя╝Йя╝МхЕищГих┐ЕхблхнЧцо╡ч╝║хд▒
2025-05-21 18:07:54,864 - DEBUG - хо╜цЭ╛цибх╝Пш╖│ш┐Зя╝Ичмм123шбМя╝Йя╝МхЕищГих┐ЕхблхнЧцо╡ч╝║хд▒
2025-05-21 18:07:54,864 - DEBUG - хо╜цЭ╛цибх╝Пш╖│ш┐Зя╝Ичмм124шбМя╝Йя╝МхЕищГих┐ЕхблхнЧцо╡ч╝║хд▒
2025-05-21 18:07:54,864 - DEBUG - хо╜цЭ╛цибх╝Пш╖│ш┐Зя╝Ичмм125шбМя╝Йя╝МхЕищГих┐ЕхблхнЧцо╡ч╝║хд▒
2025-05-21 18:07:54,864 - DEBUG - хо╜цЭ╛цибх╝Пш╖│ш┐Зя╝Ичмм126шбМя╝Йя╝МхЕищГих┐ЕхблхнЧцо╡ч╝║хд▒
2025-05-21 18:07:54,864 - DEBUG - хо╜цЭ╛цибх╝Пш╖│ш┐Зя╝Ичмм127шбМя╝Йя╝МхЕищГих┐ЕхблхнЧцо╡ч╝║хд▒
2025-05-21 18:07:54,865 - DEBUG - хо╜цЭ╛цибх╝Пш╖│ш┐Зя╝Ичмм128шбМя╝Йя╝МхЕищГих┐ЕхблхнЧцо╡ч╝║хд▒
2025-05-21 18:07:54,865 - DEBUG - хо╜цЭ╛цибх╝Пш╖│ш┐Зя╝Ичмм129шбМя╝Йя╝МхЕищГих┐ЕхблхнЧцо╡ч╝║хд▒
2025-05-21 18:07:54,865 - DEBUG - хо╜цЭ╛цибх╝Пш╖│ш┐Зя╝Ичмм130шбМя╝Йя╝МхЕищГих┐ЕхблхнЧцо╡ч╝║хд▒
2025-05-21 18:07:54,865 - DEBUG - хо╜цЭ╛цибх╝Пш╖│ш┐Зя╝Ичмм131шбМя╝Йя╝МхЕищГих┐ЕхблхнЧцо╡ч╝║хд▒
2025-05-21 18:07:54,865 - DEBUG - хо╜цЭ╛цибх╝Пш╖│ш┐Зя╝Ичмм132шбМя╝Йя╝МхЕищГих┐ЕхблхнЧцо╡ч╝║хд▒
2025-05-21 18:07:54,865 - DEBUG - хо╜цЭ╛цибх╝Пш╖│ш┐Зя╝Ичмм133шбМя╝Йя╝МхЕищГих┐ЕхблхнЧцо╡ч╝║хд▒
2025-05-21 18:07:54,865 - DEBUG - хо╜цЭ╛цибх╝Пш╖│ш┐Зя╝Ичмм134шбМя╝Йя╝МхЕищГих┐ЕхблхнЧцо╡ч╝║хд▒
2025-05-21 18:07:54,865 - DEBUG - хо╜цЭ╛цибх╝Пш╖│ш┐Зя╝Ичмм135шбМя╝Йя╝МхЕищГих┐ЕхблхнЧцо╡ч╝║хд▒
2025-05-21 18:07:54,865 - DEBUG - хо╜цЭ╛цибх╝Пш╖│ш┐Зя╝Ичмм136шбМя╝Йя╝МхЕищГих┐ЕхблхнЧцо╡ч╝║хд▒
2025-05-21 18:07:54,865 - DEBUG - хо╜цЭ╛цибх╝Пш╖│ш┐Зя╝Ичмм137шбМя╝Йя╝МхЕищГих┐ЕхблхнЧцо╡ч╝║хд▒
2025-05-21 18:07:54,866 - DEBUG - хо╜цЭ╛цибх╝Пш╖│ш┐Зя╝Ичмм138шбМя╝Йя╝МхЕищГих┐ЕхблхнЧцо╡ч╝║хд▒
2025-05-21 18:07:54,866 - DEBUG - хо╜цЭ╛цибх╝Пш╖│ш┐Зя╝Ичмм139шбМя╝Йя╝МхЕищГих┐ЕхблхнЧцо╡ч╝║хд▒
2025-05-21 18:07:54,866 - DEBUG - хо╜цЭ╛цибх╝Пш╖│ш┐Зя╝Ичмм140шбМя╝Йя╝МхЕищГих┐ЕхблхнЧцо╡ч╝║хд▒
2025-05-21 18:07:54,866 - DEBUG - хо╜цЭ╛цибх╝Пш╖│ш┐Зя╝Ичмм141шбМя╝Йя╝МхЕищГих┐ЕхблхнЧцо╡ч╝║хд▒
2025-05-21 18:07:54,866 - DEBUG - хо╜цЭ╛цибх╝Пш╖│ш┐Зя╝Ичмм142шбМя╝Йя╝МхЕищГих┐ЕхблхнЧцо╡ч╝║хд▒
2025-05-21 18:07:54,866 - DEBUG - хо╜цЭ╛цибх╝Пш╖│ш┐Зя╝Ичмм143шбМя╝Йя╝МхЕищГих┐ЕхблхнЧцо╡ч╝║хд▒
2025-05-21 18:07:54,866 - DEBUG - хо╜цЭ╛цибх╝Пш╖│ш┐Зя╝Ичмм144шбМя╝Йя╝МхЕищГих┐ЕхблхнЧцо╡ч╝║хд▒
2025-05-21 18:07:54,866 - DEBUG - хо╜цЭ╛цибх╝Пш╖│ш┐Зя╝Ичмм145шбМя╝Йя╝МхЕищГих┐ЕхблхнЧцо╡ч╝║хд▒
2025-05-21 18:07:54,866 - DEBUG - хо╜цЭ╛цибх╝Пш╖│ш┐Зя╝Ичмм146шбМя╝Йя╝МхЕищГих┐ЕхблхнЧцо╡ч╝║хд▒
2025-05-21 18:07:54,866 - DEBUG - хо╜цЭ╛цибх╝Пш╖│ш┐Зя╝Ичмм147шбМя╝Йя╝МхЕищГих┐ЕхблхнЧцо╡ч╝║хд▒
2025-05-21 18:07:54,867 - DEBUG - хо╜цЭ╛цибх╝Пш╖│ш┐Зя╝Ичмм148шбМя╝Йя╝МхЕищГих┐ЕхблхнЧцо╡ч╝║хд▒
2025-05-21 18:07:54,867 - DEBUG - хо╜цЭ╛цибх╝Пш╖│ш┐Зя╝Ичмм149шбМя╝Йя╝МхЕищГих┐ЕхблхнЧцо╡ч╝║хд▒
2025-05-21 18:07:54,867 - DEBUG - хо╜цЭ╛цибх╝Пш╖│ш┐Зя╝Ичмм150шбМя╝Йя╝МхЕищГих┐ЕхблхнЧцо╡ч╝║хд▒
2025-05-21 18:07:54,867 - DEBUG - хо╜цЭ╛цибх╝Пш╖│ш┐Зя╝Ичмм151шбМя╝Йя╝МхЕищГих┐ЕхблхнЧцо╡ч╝║хд▒
2025-05-21 18:07:54,867 - DEBUG - хо╜цЭ╛цибх╝Пш╖│ш┐Зя╝Ичмм152шбМя╝Йя╝МхЕищГих┐ЕхблхнЧцо╡ч╝║хд▒
2025-05-21 18:07:54,867 - DEBUG - хо╜цЭ╛цибх╝Пш╖│ш┐Зя╝Ичмм153шбМя╝Йя╝МхЕищГих┐ЕхблхнЧцо╡ч╝║хд▒
2025-05-21 18:07:54,867 - DEBUG - хо╜цЭ╛цибх╝Пш╖│ш┐Зя╝Ичмм154шбМя╝Йя╝МхЕищГих┐ЕхблхнЧцо╡ч╝║хд▒
2025-05-21 18:07:54,867 - DEBUG - хо╜цЭ╛цибх╝Пш╖│ш┐Зя╝Ичмм155шбМя╝Йя╝МхЕищГих┐ЕхблхнЧцо╡ч╝║хд▒
2025-05-21 18:07:54,867 - DEBUG - хо╜цЭ╛цибх╝Пш╖│ш┐Зя╝Ичмм156шбМя╝Йя╝МхЕищГих┐ЕхблхнЧцо╡ч╝║хд▒
2025-05-21 18:07:54,868 - DEBUG - хо╜цЭ╛цибх╝Пш╖│ш┐Зя╝Ичмм157шбМя╝Йя╝МхЕищГих┐ЕхблхнЧцо╡ч╝║хд▒
2025-05-21 18:07:54,868 - DEBUG - хо╜цЭ╛цибх╝Пш╖│ш┐Зя╝Ичмм158шбМя╝Йя╝МхЕищГих┐ЕхблхнЧцо╡ч╝║хд▒
2025-05-21 18:07:54,868 - DEBUG - хо╜цЭ╛цибх╝Пш╖│ш┐Зя╝Ичмм159шбМя╝Йя╝МхЕищГих┐ЕхблхнЧцо╡ч╝║хд▒
2025-05-21 18:07:54,868 - DEBUG - хо╜цЭ╛цибх╝Пш╖│ш┐Зя╝Ичмм160шбМя╝Йя╝МхЕищГих┐ЕхблхнЧцо╡ч╝║хд▒
2025-05-21 18:07:54,869 - DEBUG - хо╜цЭ╛цибх╝Пш╖│ш┐Зя╝Ичмм161шбМя╝Йя╝МхЕищГих┐ЕхблхнЧцо╡ч╝║хд▒
2025-05-21 18:07:54,869 - DEBUG - хо╜цЭ╛цибх╝Пш╖│ш┐Зя╝Ичмм162шбМя╝Йя╝МхЕищГих┐ЕхблхнЧцо╡ч╝║хд▒
2025-05-21 18:07:54,869 - DEBUG - хо╜цЭ╛цибх╝Пш╖│ш┐Зя╝Ичмм163шбМя╝Йя╝МхЕищГих┐ЕхблхнЧцо╡ч╝║хд▒
2025-05-21 18:07:54,869 - DEBUG - хо╜цЭ╛цибх╝Пш╖│ш┐Зя╝Ичмм164шбМя╝Йя╝МхЕищГих┐ЕхблхнЧцо╡ч╝║хд▒
2025-05-21 18:07:54,869 - DEBUG - хо╜цЭ╛цибх╝Пш╖│ш┐Зя╝Ичмм165шбМя╝Йя╝МхЕищГих┐ЕхблхнЧцо╡ч╝║хд▒
2025-05-21 18:07:54,869 - DEBUG - хо╜цЭ╛цибх╝Пш╖│ш┐Зя╝Ичмм166шбМя╝Йя╝МхЕищГих┐ЕхблхнЧцо╡ч╝║хд▒
2025-05-21 18:07:54,869 - DEBUG - хо╜цЭ╛цибх╝Пш╖│ш┐Зя╝Ичмм167шбМя╝Йя╝МхЕищГих┐ЕхблхнЧцо╡ч╝║хд▒
2025-05-21 18:07:54,869 - DEBUG - хо╜цЭ╛цибх╝Пш╖│ш┐Зя╝Ичмм168шбМя╝Йя╝МхЕищГих┐ЕхблхнЧцо╡ч╝║хд▒
2025-05-21 18:07:54,870 - DEBUG - хо╜цЭ╛цибх╝Пш╖│ш┐Зя╝Ичмм169шбМя╝Йя╝МхЕищГих┐ЕхблхнЧцо╡ч╝║хд▒
2025-05-21 18:07:54,870 - DEBUG - хо╜цЭ╛цибх╝Пш╖│ш┐Зя╝Ичмм170шбМя╝Йя╝МхЕищГих┐ЕхблхнЧцо╡ч╝║хд▒
2025-05-21 18:07:54,870 - DEBUG - хо╜цЭ╛цибх╝Пш╖│ш┐Зя╝Ичмм171шбМя╝Йя╝МхЕищГих┐ЕхблхнЧцо╡ч╝║хд▒
2025-05-21 18:07:54,870 - DEBUG - хо╜цЭ╛цибх╝Пш╖│ш┐Зя╝Ичмм172шбМя╝Йя╝МхЕищГих┐ЕхблхнЧцо╡ч╝║хд▒
2025-05-21 18:07:54,870 - DEBUG - хо╜цЭ╛цибх╝Пш╖│ш┐Зя╝Ичмм173шбМя╝Йя╝МхЕищГих┐ЕхблхнЧцо╡ч╝║хд▒
2025-05-21 18:07:54,870 - DEBUG - хо╜цЭ╛цибх╝Пш╖│ш┐Зя╝Ичмм174шбМя╝Йя╝МхЕищГих┐ЕхблхнЧцо╡ч╝║хд▒
2025-05-21 18:07:54,870 - DEBUG - хо╜цЭ╛цибх╝Пш╖│ш┐Зя╝Ичмм175шбМя╝Йя╝МхЕищГих┐ЕхблхнЧцо╡ч╝║хд▒
2025-05-21 18:07:54,870 - DEBUG - хо╜цЭ╛цибх╝Пш╖│ш┐Зя╝Ичмм176шбМя╝Йя╝МхЕищГих┐ЕхблхнЧцо╡ч╝║хд▒
2025-05-21 18:07:54,870 - DEBUG - хо╜цЭ╛цибх╝Пш╖│ш┐Зя╝Ичмм177шбМя╝Йя╝МхЕищГих┐ЕхблхнЧцо╡ч╝║хд▒
2025-05-21 18:07:54,871 - DEBUG - хо╜цЭ╛цибх╝Пш╖│ш┐Зя╝Ичмм178шбМя╝Йя╝МхЕищГих┐ЕхблхнЧцо╡ч╝║хд▒
2025-05-21 18:07:54,871 - DEBUG - хо╜цЭ╛цибх╝Пш╖│ш┐Зя╝Ичмм179шбМя╝Йя╝МхЕищГих┐ЕхблхнЧцо╡ч╝║хд▒
2025-05-21 18:07:54,871 - DEBUG - хо╜цЭ╛цибх╝Пш╖│ш┐Зя╝Ичмм180шбМя╝Йя╝МхЕищГих┐ЕхблхнЧцо╡ч╝║хд▒
2025-05-21 18:07:54,871 - DEBUG - хо╜цЭ╛цибх╝Пш╖│ш┐Зя╝Ичмм181шбМя╝Йя╝МхЕищГих┐ЕхблхнЧцо╡ч╝║хд▒
2025-05-21 18:07:54,871 - DEBUG - хо╜цЭ╛цибх╝Пш╖│ш┐Зя╝Ичмм182шбМя╝Йя╝МхЕищГих┐ЕхблхнЧцо╡ч╝║хд▒
2025-05-21 18:07:54,871 - DEBUG - хо╜цЭ╛цибх╝Пш╖│ш┐Зя╝Ичмм183шбМя╝Йя╝МхЕищГих┐ЕхблхнЧцо╡ч╝║хд▒
2025-05-21 18:07:54,871 - DEBUG - хо╜цЭ╛цибх╝Пш╖│ш┐Зя╝Ичмм184шбМя╝Йя╝МхЕищГих┐ЕхблхнЧцо╡ч╝║хд▒
2025-05-21 18:07:54,871 - DEBUG - хо╜цЭ╛цибх╝Пш╖│ш┐Зя╝Ичмм185шбМя╝Йя╝МхЕищГих┐ЕхблхнЧцо╡ч╝║хд▒
2025-05-21 18:07:54,871 - DEBUG - хо╜цЭ╛цибх╝Пш╖│ш┐Зя╝Ичмм186шбМя╝Йя╝МхЕищГих┐ЕхблхнЧцо╡ч╝║хд▒
2025-05-21 18:07:54,871 - DEBUG - хо╜цЭ╛цибх╝Пш╖│ш┐Зя╝Ичмм187шбМя╝Йя╝МхЕищГих┐ЕхблхнЧцо╡ч╝║хд▒
2025-05-21 18:07:54,873 - INFO - тПй ф╜┐чФихЫЮщААшби [Sheet1]
2025-05-21 18:08:04,480 - DEBUG - ЁЯУЛ х╝АхзЛшзгцЮРцЦЗф╗╢d:\pyscript\SNT\res\SDMC 250520_PendingPoSnt.xlsx
2025-05-21 18:08:04,491 - DEBUG - хо╜цЭ╛цибх╝Пф┐ЭчХЩя╝Ичмм2шбМя╝Йя╝МщГихИЖч╝║хд▒хнЧцо╡я╝ЪREMARK
