2025-05-21 18:02:14,579 - DEBUG - х░ЭшпХшО╖хПЦщФБф╗ехИЭхзЛхМЦч║┐чиЛц▒ая╝Мх╜УхЙНч║┐чиЛ: MainThread
2025-05-21 18:02:14,580 - DEBUG - щЗКцФ╛щФБя╝Мх╜УхЙНч║┐чиЛ: MainThread
2025-05-21 18:02:14,581 - INFO - тЬЕ цШах░ДцЦЗф╗╢хКаш╜╜цИРхКЯ
2025-05-21 18:02:14,715 - INFO - тЬЕ цЦЗф╗╢щкМшпБщАЪш┐З
2025-05-21 18:02:14,810 - INFO - ЁЯФи х╝АхзЛхдДчРЖх╖еф╜Ьшби [CREATED]
2025-05-21 18:02:14,810 - DEBUG - ЁЯУЛ х╝АхзЛшзгцЮРцЦЗф╗╢d:\pyscript\SNT\snt\250520_PendingPoSnt.xlsx
2025-05-21 18:02:14,825 - DEBUG - хо╜цЭ╛цибх╝Пф┐ЭчХЩя╝Ичмм11шбМя╝Йя╝МщГихИЖч╝║хд▒хнЧцо╡я╝Ъpo
2025-05-21 18:02:14,825 - DEBUG - хо╜цЭ╛цибх╝Пф┐ЭчХЩя╝Ичмм15шбМя╝Йя╝МщГихИЖч╝║хд▒хнЧцо╡я╝Ъpo
2025-05-21 18:02:14,840 - INFO - ЁЯУе х╖▓хКаш╜╜ 186 цЭбцЬЙцХИхЯ║хЗЖцХ░цНо
2025-05-21 18:02:14,841 - INFO - ЁЯФД цнгхЬихдДчРЖ [response] цЦЗф╗╢хд╣хЖЕцХ░цНо...
2025-05-21 18:02:14,841 - DEBUG - ЁЯУЛ х╝АхзЛшзгцЮРцЦЗф╗╢d:\pyscript\SNT\res\250520_PendingPoSnt Allen Yvie.xlsx
2025-05-21 18:02:14,845 - DEBUG - хо╜цЭ╛цибх╝Пф┐ЭчХЩя╝Ичмм2шбМя╝Йя╝МщГихИЖч╝║хд▒хнЧцо╡я╝Ъfwd_feedback
2025-05-21 18:02:14,846 - DEBUG - хо╜цЭ╛цибх╝Пф┐ЭчХЩя╝Ичмм3шбМя╝Йя╝МщГихИЖч╝║хд▒хнЧцо╡я╝ЪREMARK
2025-05-21 18:02:14,846 - DEBUG - хо╜цЭ╛цибх╝Пф┐ЭчХЩя╝Ичмм4шбМя╝Йя╝МщГихИЖч╝║хд▒хнЧцо╡я╝ЪREMARK
2025-05-21 18:02:14,846 - DEBUG - хо╜цЭ╛цибх╝Пф┐ЭчХЩя╝Ичмм5шбМя╝Йя╝МщГихИЖч╝║хд▒хнЧцо╡я╝ЪREMARK
2025-05-21 18:02:14,846 - DEBUG - хо╜цЭ╛цибх╝Пф┐ЭчХЩя╝Ичмм6шбМя╝Йя╝МщГихИЖч╝║хд▒хнЧцо╡я╝ЪREMARK
2025-05-21 18:02:14,846 - DEBUG - хо╜цЭ╛цибх╝Пф┐ЭчХЩя╝Ичмм7шбМя╝Йя╝МщГихИЖч╝║хд▒хнЧцо╡я╝ЪREMARK
2025-05-21 18:02:14,847 - DEBUG - хо╜цЭ╛цибх╝Пф┐ЭчХЩя╝Ичмм8шбМя╝Йя╝МщГихИЖч╝║хд▒хнЧцо╡я╝ЪREMARK
2025-05-21 18:02:14,847 - DEBUG - хо╜цЭ╛цибх╝Пф┐ЭчХЩя╝Ичмм9шбМя╝Йя╝МщГихИЖч╝║хд▒хнЧцо╡я╝ЪREMARK
2025-05-21 18:02:14,847 - DEBUG - хо╜цЭ╛цибх╝Пф┐ЭчХЩя╝Ичмм10шбМя╝Йя╝МщГихИЖч╝║хд▒хнЧцо╡я╝ЪREMARK
2025-05-21 18:02:14,847 - DEBUG - хо╜цЭ╛цибх╝Пф┐ЭчХЩя╝Ичмм11шбМя╝Йя╝МщГихИЖч╝║хд▒хнЧцо╡я╝ЪREMARK
2025-05-21 18:02:14,848 - DEBUG - хо╜цЭ╛цибх╝Пф┐ЭчХЩя╝Ичмм12шбМя╝Йя╝МщГихИЖч╝║хд▒хнЧцо╡я╝ЪREMARK
2025-05-21 18:02:14,848 - DEBUG - хо╜цЭ╛цибх╝Пф┐ЭчХЩя╝Ичмм13шбМя╝Йя╝МщГихИЖч╝║хд▒хнЧцо╡я╝ЪREMARK
2025-05-21 18:02:14,848 - DEBUG - хо╜цЭ╛цибх╝Пф┐ЭчХЩя╝Ичмм14шбМя╝Йя╝МщГихИЖч╝║хд▒хнЧцо╡я╝ЪREMARK
2025-05-21 18:02:14,848 - DEBUG - хо╜цЭ╛цибх╝Пф┐ЭчХЩя╝Ичмм15шбМя╝Йя╝МщГихИЖч╝║хд▒хнЧцо╡я╝ЪREMARK
2025-05-21 18:02:14,848 - DEBUG - хо╜цЭ╛цибх╝Пф┐ЭчХЩя╝Ичмм16шбМя╝Йя╝МщГихИЖч╝║хд▒хнЧцо╡я╝ЪREMARK
2025-05-21 18:02:14,849 - DEBUG - хо╜цЭ╛цибх╝Пф┐ЭчХЩя╝Ичмм17шбМя╝Йя╝МщГихИЖч╝║хд▒хнЧцо╡я╝ЪREMARK
2025-05-21 18:02:14,849 - DEBUG - хо╜цЭ╛цибх╝Пф┐ЭчХЩя╝Ичмм18шбМя╝Йя╝МщГихИЖч╝║хд▒хнЧцо╡я╝ЪREMARK
2025-05-21 18:02:14,849 - DEBUG - хо╜цЭ╛цибх╝Пф┐ЭчХЩя╝Ичмм19шбМя╝Йя╝МщГихИЖч╝║хд▒хнЧцо╡я╝ЪREMARK
2025-05-21 18:02:14,849 - DEBUG - хо╜цЭ╛цибх╝Пф┐ЭчХЩя╝Ичмм20шбМя╝Йя╝МщГихИЖч╝║хд▒хнЧцо╡я╝ЪREMARK
2025-05-21 18:02:14,850 - DEBUG - хо╜цЭ╛цибх╝Пш╖│ш┐Зя╝Ичмм21шбМя╝Йя╝МхЕищГих┐ЕхблхнЧцо╡ч╝║хд▒
2025-05-21 18:02:14,850 - DEBUG - хо╜цЭ╛цибх╝Пш╖│ш┐Зя╝Ичмм22шбМя╝Йя╝МхЕищГих┐ЕхблхнЧцо╡ч╝║хд▒
2025-05-21 18:02:14,850 - DEBUG - хо╜цЭ╛цибх╝Пш╖│ш┐Зя╝Ичмм23шбМя╝Йя╝МхЕищГих┐ЕхблхнЧцо╡ч╝║хд▒
2025-05-21 18:02:14,850 - DEBUG - хо╜цЭ╛цибх╝Пш╖│ш┐Зя╝Ичмм24шбМя╝Йя╝МхЕищГих┐ЕхблхнЧцо╡ч╝║хд▒
2025-05-21 18:02:14,850 - DEBUG - хо╜цЭ╛цибх╝Пш╖│ш┐Зя╝Ичмм25шбМя╝Йя╝МхЕищГих┐ЕхблхнЧцо╡ч╝║хд▒
2025-05-21 18:02:14,850 - DEBUG - хо╜цЭ╛цибх╝Пш╖│ш┐Зя╝Ичмм26шбМя╝Йя╝МхЕищГих┐ЕхблхнЧцо╡ч╝║хд▒
2025-05-21 18:02:14,851 - DEBUG - хо╜цЭ╛цибх╝Пш╖│ш┐Зя╝Ичмм27шбМя╝Йя╝МхЕищГих┐ЕхблхнЧцо╡ч╝║хд▒
2025-05-21 18:02:14,851 - DEBUG - хо╜цЭ╛цибх╝Пш╖│ш┐Зя╝Ичмм28шбМя╝Йя╝МхЕищГих┐ЕхблхнЧцо╡ч╝║хд▒
2025-05-21 18:02:14,851 - DEBUG - хо╜цЭ╛цибх╝Пш╖│ш┐Зя╝Ичмм29шбМя╝Йя╝МхЕищГих┐ЕхблхнЧцо╡ч╝║хд▒
2025-05-21 18:02:14,851 - DEBUG - хо╜цЭ╛цибх╝Пш╖│ш┐Зя╝Ичмм30шбМя╝Йя╝МхЕищГих┐ЕхблхнЧцо╡ч╝║хд▒
2025-05-21 18:02:14,851 - DEBUG - хо╜цЭ╛цибх╝Пш╖│ш┐Зя╝Ичмм31шбМя╝Йя╝МхЕищГих┐ЕхблхнЧцо╡ч╝║хд▒
2025-05-21 18:02:14,853 - DEBUG - хо╜цЭ╛цибх╝Пш╖│ш┐Зя╝Ичмм32шбМя╝Йя╝МхЕищГих┐ЕхблхнЧцо╡ч╝║хд▒
2025-05-21 18:02:14,853 - DEBUG - хо╜цЭ╛цибх╝Пш╖│ш┐Зя╝Ичмм33шбМя╝Йя╝МхЕищГих┐ЕхблхнЧцо╡ч╝║хд▒
2025-05-21 18:02:14,853 - DEBUG - хо╜цЭ╛цибх╝Пш╖│ш┐Зя╝Ичмм34шбМя╝Йя╝МхЕищГих┐ЕхблхнЧцо╡ч╝║хд▒
2025-05-21 18:02:14,853 - DEBUG - хо╜цЭ╛цибх╝Пш╖│ш┐Зя╝Ичмм35шбМя╝Йя╝МхЕищГих┐ЕхблхнЧцо╡ч╝║хд▒
2025-05-21 18:02:14,853 - DEBUG - хо╜цЭ╛цибх╝Пш╖│ш┐Зя╝Ичмм36шбМя╝Йя╝МхЕищГих┐ЕхблхнЧцо╡ч╝║хд▒
2025-05-21 18:02:14,854 - DEBUG - хо╜цЭ╛цибх╝Пш╖│ш┐Зя╝Ичмм37шбМя╝Йя╝МхЕищГих┐ЕхблхнЧцо╡ч╝║хд▒
2025-05-21 18:02:14,854 - DEBUG - хо╜цЭ╛цибх╝Пш╖│ш┐Зя╝Ичмм38шбМя╝Йя╝МхЕищГих┐ЕхблхнЧцо╡ч╝║хд▒
2025-05-21 18:02:14,854 - DEBUG - хо╜цЭ╛цибх╝Пш╖│ш┐Зя╝Ичмм39шбМя╝Йя╝МхЕищГих┐ЕхблхнЧцо╡ч╝║хд▒
2025-05-21 18:02:14,854 - DEBUG - хо╜цЭ╛цибх╝Пш╖│ш┐Зя╝Ичмм40шбМя╝Йя╝МхЕищГих┐ЕхблхнЧцо╡ч╝║хд▒
2025-05-21 18:02:14,854 - DEBUG - хо╜цЭ╛цибх╝Пш╖│ш┐Зя╝Ичмм41шбМя╝Йя╝МхЕищГих┐ЕхблхнЧцо╡ч╝║хд▒
2025-05-21 18:02:14,854 - DEBUG - хо╜цЭ╛цибх╝Пш╖│ш┐Зя╝Ичмм42шбМя╝Йя╝МхЕищГих┐ЕхблхнЧцо╡ч╝║хд▒
2025-05-21 18:02:14,854 - DEBUG - хо╜цЭ╛цибх╝Пш╖│ш┐Зя╝Ичмм43шбМя╝Йя╝МхЕищГих┐ЕхблхнЧцо╡ч╝║хд▒
2025-05-21 18:02:14,855 - DEBUG - хо╜цЭ╛цибх╝Пш╖│ш┐Зя╝Ичмм44шбМя╝Йя╝МхЕищГих┐ЕхблхнЧцо╡ч╝║хд▒
2025-05-21 18:02:14,855 - DEBUG - хо╜цЭ╛цибх╝Пш╖│ш┐Зя╝Ичмм45шбМя╝Йя╝МхЕищГих┐ЕхблхнЧцо╡ч╝║хд▒
2025-05-21 18:02:14,855 - DEBUG - хо╜цЭ╛цибх╝Пш╖│ш┐Зя╝Ичмм46шбМя╝Йя╝МхЕищГих┐ЕхблхнЧцо╡ч╝║хд▒
2025-05-21 18:02:14,855 - DEBUG - хо╜цЭ╛цибх╝Пш╖│ш┐Зя╝Ичмм47шбМя╝Йя╝МхЕищГих┐ЕхблхнЧцо╡ч╝║хд▒
2025-05-21 18:02:14,855 - DEBUG - хо╜цЭ╛цибх╝Пш╖│ш┐Зя╝Ичмм48шбМя╝Йя╝МхЕищГих┐ЕхблхнЧцо╡ч╝║хд▒
2025-05-21 18:02:14,855 - DEBUG - хо╜цЭ╛цибх╝Пш╖│ш┐Зя╝Ичмм49шбМя╝Йя╝МхЕищГих┐ЕхблхнЧцо╡ч╝║хд▒
2025-05-21 18:02:14,855 - DEBUG - хо╜цЭ╛цибх╝Пш╖│ш┐Зя╝Ичмм50шбМя╝Йя╝МхЕищГих┐ЕхблхнЧцо╡ч╝║хд▒
2025-05-21 18:02:14,856 - DEBUG - хо╜цЭ╛цибх╝Пш╖│ш┐Зя╝Ичмм51шбМя╝Йя╝МхЕищГих┐ЕхблхнЧцо╡ч╝║хд▒
2025-05-21 18:02:14,856 - DEBUG - хо╜цЭ╛цибх╝Пш╖│ш┐Зя╝Ичмм52шбМя╝Йя╝МхЕищГих┐ЕхблхнЧцо╡ч╝║хд▒
2025-05-21 18:02:14,856 - DEBUG - хо╜цЭ╛цибх╝Пш╖│ш┐Зя╝Ичмм53шбМя╝Йя╝МхЕищГих┐ЕхблхнЧцо╡ч╝║хд▒
2025-05-21 18:02:14,856 - DEBUG - хо╜цЭ╛цибх╝Пш╖│ш┐Зя╝Ичмм54шбМя╝Йя╝МхЕищГих┐ЕхблхнЧцо╡ч╝║хд▒
2025-05-21 18:02:14,856 - DEBUG - хо╜цЭ╛цибх╝Пш╖│ш┐Зя╝Ичмм55шбМя╝Йя╝МхЕищГих┐ЕхблхнЧцо╡ч╝║хд▒
2025-05-21 18:02:14,856 - DEBUG - хо╜цЭ╛цибх╝Пш╖│ш┐Зя╝Ичмм56шбМя╝Йя╝МхЕищГих┐ЕхблхнЧцо╡ч╝║хд▒
2025-05-21 18:02:14,856 - DEBUG - хо╜цЭ╛цибх╝Пш╖│ш┐Зя╝Ичмм57шбМя╝Йя╝МхЕищГих┐ЕхблхнЧцо╡ч╝║хд▒
2025-05-21 18:02:14,856 - DEBUG - хо╜цЭ╛цибх╝Пш╖│ш┐Зя╝Ичмм58шбМя╝Йя╝МхЕищГих┐ЕхблхнЧцо╡ч╝║хд▒
2025-05-21 18:02:14,857 - DEBUG - хо╜цЭ╛цибх╝Пш╖│ш┐Зя╝Ичмм59шбМя╝Йя╝МхЕищГих┐ЕхблхнЧцо╡ч╝║хд▒
2025-05-21 18:02:14,857 - DEBUG - хо╜цЭ╛цибх╝Пш╖│ш┐Зя╝Ичмм60шбМя╝Йя╝МхЕищГих┐ЕхблхнЧцо╡ч╝║хд▒
2025-05-21 18:02:14,857 - DEBUG - хо╜цЭ╛цибх╝Пш╖│ш┐Зя╝Ичмм61шбМя╝Йя╝МхЕищГих┐ЕхблхнЧцо╡ч╝║хд▒
2025-05-21 18:02:14,857 - DEBUG - хо╜цЭ╛цибх╝Пш╖│ш┐Зя╝Ичмм62шбМя╝Йя╝МхЕищГих┐ЕхблхнЧцо╡ч╝║хд▒
2025-05-21 18:02:14,857 - DEBUG - хо╜цЭ╛цибх╝Пш╖│ш┐Зя╝Ичмм63шбМя╝Йя╝МхЕищГих┐ЕхблхнЧцо╡ч╝║хд▒
2025-05-21 18:02:14,857 - DEBUG - хо╜цЭ╛цибх╝Пш╖│ш┐Зя╝Ичмм64шбМя╝Йя╝МхЕищГих┐ЕхблхнЧцо╡ч╝║хд▒
2025-05-21 18:02:14,857 - DEBUG - хо╜цЭ╛цибх╝Пш╖│ш┐Зя╝Ичмм65шбМя╝Йя╝МхЕищГих┐ЕхблхнЧцо╡ч╝║хд▒
2025-05-21 18:02:14,857 - DEBUG - хо╜цЭ╛цибх╝Пш╖│ш┐Зя╝Ичмм66шбМя╝Йя╝МхЕищГих┐ЕхблхнЧцо╡ч╝║хд▒
2025-05-21 18:02:14,858 - DEBUG - хо╜цЭ╛цибх╝Пш╖│ш┐Зя╝Ичмм67шбМя╝Йя╝МхЕищГих┐ЕхблхнЧцо╡ч╝║хд▒
2025-05-21 18:02:14,858 - DEBUG - хо╜цЭ╛цибх╝Пш╖│ш┐Зя╝Ичмм68шбМя╝Йя╝МхЕищГих┐ЕхблхнЧцо╡ч╝║хд▒
2025-05-21 18:02:14,858 - DEBUG - хо╜цЭ╛цибх╝Пш╖│ш┐Зя╝Ичмм69шбМя╝Йя╝МхЕищГих┐ЕхблхнЧцо╡ч╝║хд▒
2025-05-21 18:02:14,859 - DEBUG - хо╜цЭ╛цибх╝Пш╖│ш┐Зя╝Ичмм70шбМя╝Йя╝МхЕищГих┐ЕхблхнЧцо╡ч╝║хд▒
2025-05-21 18:02:14,859 - DEBUG - хо╜цЭ╛цибх╝Пш╖│ш┐Зя╝Ичмм71шбМя╝Йя╝МхЕищГих┐ЕхблхнЧцо╡ч╝║хд▒
2025-05-21 18:02:14,859 - DEBUG - хо╜цЭ╛цибх╝Пш╖│ш┐Зя╝Ичмм72шбМя╝Йя╝МхЕищГих┐ЕхблхнЧцо╡ч╝║хд▒
2025-05-21 18:02:14,859 - DEBUG - хо╜цЭ╛цибх╝Пф┐ЭчХЩя╝Ичмм73шбМя╝Йя╝МщГихИЖч╝║хд▒хнЧцо╡я╝ЪREMARK
2025-05-21 18:02:14,859 - DEBUG - хо╜цЭ╛цибх╝Пш╖│ш┐Зя╝Ичмм74шбМя╝Йя╝МхЕищГих┐ЕхблхнЧцо╡ч╝║хд▒
2025-05-21 18:02:14,859 - DEBUG - хо╜цЭ╛цибх╝Пш╖│ш┐Зя╝Ичмм75шбМя╝Йя╝МхЕищГих┐ЕхблхнЧцо╡ч╝║хд▒
2025-05-21 18:02:14,859 - DEBUG - хо╜цЭ╛цибх╝Пш╖│ш┐Зя╝Ичмм76шбМя╝Йя╝МхЕищГих┐ЕхблхнЧцо╡ч╝║хд▒
2025-05-21 18:02:14,860 - DEBUG - хо╜цЭ╛цибх╝Пш╖│ш┐Зя╝Ичмм77шбМя╝Йя╝МхЕищГих┐ЕхблхнЧцо╡ч╝║хд▒
2025-05-21 18:02:14,860 - DEBUG - хо╜цЭ╛цибх╝Пш╖│ш┐Зя╝Ичмм78шбМя╝Йя╝МхЕищГих┐ЕхблхнЧцо╡ч╝║хд▒
2025-05-21 18:02:14,860 - DEBUG - хо╜цЭ╛цибх╝Пш╖│ш┐Зя╝Ичмм79шбМя╝Йя╝МхЕищГих┐ЕхблхнЧцо╡ч╝║хд▒
2025-05-21 18:02:14,860 - DEBUG - хо╜цЭ╛цибх╝Пш╖│ш┐Зя╝Ичмм80шбМя╝Йя╝МхЕищГих┐ЕхблхнЧцо╡ч╝║хд▒
2025-05-21 18:02:14,860 - DEBUG - хо╜цЭ╛цибх╝Пш╖│ш┐Зя╝Ичмм81шбМя╝Йя╝МхЕищГих┐ЕхблхнЧцо╡ч╝║хд▒
2025-05-21 18:02:14,860 - DEBUG - хо╜цЭ╛цибх╝Пш╖│ш┐Зя╝Ичмм82шбМя╝Йя╝МхЕищГих┐ЕхблхнЧцо╡ч╝║хд▒
2025-05-21 18:02:14,860 - DEBUG - хо╜цЭ╛цибх╝Пш╖│ш┐Зя╝Ичмм83шбМя╝Йя╝МхЕищГих┐ЕхблхнЧцо╡ч╝║хд▒
2025-05-21 18:02:14,860 - DEBUG - хо╜цЭ╛цибх╝Пш╖│ш┐Зя╝Ичмм84шбМя╝Йя╝МхЕищГих┐ЕхблхнЧцо╡ч╝║хд▒
2025-05-21 18:02:14,860 - DEBUG - хо╜цЭ╛цибх╝Пш╖│ш┐Зя╝Ичмм85шбМя╝Йя╝МхЕищГих┐ЕхблхнЧцо╡ч╝║хд▒
2025-05-21 18:02:14,861 - DEBUG - хо╜цЭ╛цибх╝Пш╖│ш┐Зя╝Ичмм86шбМя╝Йя╝МхЕищГих┐ЕхблхнЧцо╡ч╝║хд▒
2025-05-21 18:02:14,861 - DEBUG - хо╜цЭ╛цибх╝Пш╖│ш┐Зя╝Ичмм87шбМя╝Йя╝МхЕищГих┐ЕхблхнЧцо╡ч╝║хд▒
2025-05-21 18:02:14,861 - DEBUG - хо╜цЭ╛цибх╝Пш╖│ш┐Зя╝Ичмм88шбМя╝Йя╝МхЕищГих┐ЕхблхнЧцо╡ч╝║хд▒
2025-05-21 18:02:14,861 - DEBUG - хо╜цЭ╛цибх╝Пш╖│ш┐Зя╝Ичмм89шбМя╝Йя╝МхЕищГих┐ЕхблхнЧцо╡ч╝║хд▒
2025-05-21 18:02:14,861 - DEBUG - хо╜цЭ╛цибх╝Пш╖│ш┐Зя╝Ичмм90шбМя╝Йя╝МхЕищГих┐ЕхблхнЧцо╡ч╝║хд▒
2025-05-21 18:02:14,861 - DEBUG - хо╜цЭ╛цибх╝Пш╖│ш┐Зя╝Ичмм91шбМя╝Йя╝МхЕищГих┐ЕхблхнЧцо╡ч╝║хд▒
2025-05-21 18:02:14,861 - DEBUG - хо╜цЭ╛цибх╝Пш╖│ш┐Зя╝Ичмм92шбМя╝Йя╝МхЕищГих┐ЕхблхнЧцо╡ч╝║хд▒
2025-05-21 18:02:14,861 - DEBUG - хо╜цЭ╛цибх╝Пш╖│ш┐Зя╝Ичмм93шбМя╝Йя╝МхЕищГих┐ЕхблхнЧцо╡ч╝║хд▒
2025-05-21 18:02:14,861 - DEBUG - хо╜цЭ╛цибх╝Пш╖│ш┐Зя╝Ичмм94шбМя╝Йя╝МхЕищГих┐ЕхблхнЧцо╡ч╝║хд▒
2025-05-21 18:02:14,861 - DEBUG - хо╜цЭ╛цибх╝Пш╖│ш┐Зя╝Ичмм95шбМя╝Йя╝МхЕищГих┐ЕхблхнЧцо╡ч╝║хд▒
2025-05-21 18:02:14,862 - DEBUG - хо╜цЭ╛цибх╝Пш╖│ш┐Зя╝Ичмм96шбМя╝Йя╝МхЕищГих┐ЕхблхнЧцо╡ч╝║хд▒
2025-05-21 18:02:14,862 - DEBUG - хо╜цЭ╛цибх╝Пш╖│ш┐Зя╝Ичмм97шбМя╝Йя╝МхЕищГих┐ЕхблхнЧцо╡ч╝║хд▒
2025-05-21 18:02:14,862 - DEBUG - хо╜цЭ╛цибх╝Пш╖│ш┐Зя╝Ичмм98шбМя╝Йя╝МхЕищГих┐ЕхблхнЧцо╡ч╝║хд▒
2025-05-21 18:02:14,862 - DEBUG - хо╜цЭ╛цибх╝Пш╖│ш┐Зя╝Ичмм99шбМя╝Йя╝МхЕищГих┐ЕхблхнЧцо╡ч╝║хд▒
2025-05-21 18:02:14,862 - DEBUG - хо╜цЭ╛цибх╝Пш╖│ш┐Зя╝Ичмм100шбМя╝Йя╝МхЕищГих┐ЕхблхнЧцо╡ч╝║хд▒
2025-05-21 18:02:14,862 - DEBUG - хо╜цЭ╛цибх╝Пш╖│ш┐Зя╝Ичмм101шбМя╝Йя╝МхЕищГих┐ЕхблхнЧцо╡ч╝║хд▒
2025-05-21 18:02:14,862 - DEBUG - хо╜цЭ╛цибх╝Пш╖│ш┐Зя╝Ичмм102шбМя╝Йя╝МхЕищГих┐ЕхблхнЧцо╡ч╝║хд▒
2025-05-21 18:02:14,862 - DEBUG - хо╜цЭ╛цибх╝Пш╖│ш┐Зя╝Ичмм103шбМя╝Йя╝МхЕищГих┐ЕхблхнЧцо╡ч╝║хд▒
2025-05-21 18:02:14,862 - DEBUG - хо╜цЭ╛цибх╝Пш╖│ш┐Зя╝Ичмм104шбМя╝Йя╝МхЕищГих┐ЕхблхнЧцо╡ч╝║хд▒
2025-05-21 18:02:14,862 - DEBUG - хо╜цЭ╛цибх╝Пш╖│ш┐Зя╝Ичмм105шбМя╝Йя╝МхЕищГих┐ЕхблхнЧцо╡ч╝║хд▒
2025-05-21 18:02:14,863 - DEBUG - хо╜цЭ╛цибх╝Пш╖│ш┐Зя╝Ичмм106шбМя╝Йя╝МхЕищГих┐ЕхблхнЧцо╡ч╝║хд▒
2025-05-21 18:02:14,863 - DEBUG - хо╜цЭ╛цибх╝Пш╖│ш┐Зя╝Ичмм107шбМя╝Йя╝МхЕищГих┐ЕхблхнЧцо╡ч╝║хд▒
2025-05-21 18:02:14,863 - DEBUG - хо╜цЭ╛цибх╝Пш╖│ш┐Зя╝Ичмм108шбМя╝Йя╝МхЕищГих┐ЕхблхнЧцо╡ч╝║хд▒
2025-05-21 18:02:14,863 - DEBUG - хо╜цЭ╛цибх╝Пш╖│ш┐Зя╝Ичмм109шбМя╝Йя╝МхЕищГих┐ЕхблхнЧцо╡ч╝║хд▒
2025-05-21 18:02:14,864 - DEBUG - хо╜цЭ╛цибх╝Пш╖│ш┐Зя╝Ичмм110шбМя╝Йя╝МхЕищГих┐ЕхблхнЧцо╡ч╝║хд▒
2025-05-21 18:02:14,864 - DEBUG - хо╜цЭ╛цибх╝Пш╖│ш┐Зя╝Ичмм111шбМя╝Йя╝МхЕищГих┐ЕхблхнЧцо╡ч╝║хд▒
2025-05-21 18:02:14,864 - DEBUG - хо╜цЭ╛цибх╝Пш╖│ш┐Зя╝Ичмм112шбМя╝Йя╝МхЕищГих┐ЕхблхнЧцо╡ч╝║хд▒
2025-05-21 18:02:14,864 - DEBUG - хо╜цЭ╛цибх╝Пш╖│ш┐Зя╝Ичмм113шбМя╝Йя╝МхЕищГих┐ЕхблхнЧцо╡ч╝║хд▒
2025-05-21 18:02:14,864 - DEBUG - хо╜цЭ╛цибх╝Пш╖│ш┐Зя╝Ичмм114шбМя╝Йя╝МхЕищГих┐ЕхблхнЧцо╡ч╝║хд▒
2025-05-21 18:02:14,864 - DEBUG - хо╜цЭ╛цибх╝Пш╖│ш┐Зя╝Ичмм115шбМя╝Йя╝МхЕищГих┐ЕхблхнЧцо╡ч╝║хд▒
2025-05-21 18:02:14,864 - DEBUG - хо╜цЭ╛цибх╝Пш╖│ш┐Зя╝Ичмм116шбМя╝Йя╝МхЕищГих┐ЕхблхнЧцо╡ч╝║хд▒
2025-05-21 18:02:14,864 - DEBUG - хо╜цЭ╛цибх╝Пш╖│ш┐Зя╝Ичмм117шбМя╝Йя╝МхЕищГих┐ЕхблхнЧцо╡ч╝║хд▒
2025-05-21 18:02:14,865 - DEBUG - хо╜цЭ╛цибх╝Пш╖│ш┐Зя╝Ичмм118шбМя╝Йя╝МхЕищГих┐ЕхблхнЧцо╡ч╝║хд▒
2025-05-21 18:02:14,865 - DEBUG - хо╜цЭ╛цибх╝Пш╖│ш┐Зя╝Ичмм119шбМя╝Йя╝МхЕищГих┐ЕхблхнЧцо╡ч╝║хд▒
2025-05-21 18:02:14,865 - DEBUG - хо╜цЭ╛цибх╝Пш╖│ш┐Зя╝Ичмм120шбМя╝Йя╝МхЕищГих┐ЕхблхнЧцо╡ч╝║хд▒
2025-05-21 18:02:14,865 - DEBUG - хо╜цЭ╛цибх╝Пш╖│ш┐Зя╝Ичмм121шбМя╝Йя╝МхЕищГих┐ЕхблхнЧцо╡ч╝║хд▒
2025-05-21 18:02:14,865 - DEBUG - хо╜цЭ╛цибх╝Пш╖│ш┐Зя╝Ичмм122шбМя╝Йя╝МхЕищГих┐ЕхблхнЧцо╡ч╝║хд▒
2025-05-21 18:02:14,865 - DEBUG - хо╜цЭ╛цибх╝Пш╖│ш┐Зя╝Ичмм123шбМя╝Йя╝МхЕищГих┐ЕхблхнЧцо╡ч╝║хд▒
2025-05-21 18:02:14,865 - DEBUG - хо╜цЭ╛цибх╝Пш╖│ш┐Зя╝Ичмм124шбМя╝Йя╝МхЕищГих┐ЕхблхнЧцо╡ч╝║хд▒
2025-05-21 18:02:14,866 - DEBUG - хо╜цЭ╛цибх╝Пш╖│ш┐Зя╝Ичмм125шбМя╝Йя╝МхЕищГих┐ЕхблхнЧцо╡ч╝║хд▒
2025-05-21 18:02:14,866 - DEBUG - хо╜цЭ╛цибх╝Пш╖│ш┐Зя╝Ичмм126шбМя╝Йя╝МхЕищГих┐ЕхблхнЧцо╡ч╝║хд▒
2025-05-21 18:02:14,866 - DEBUG - хо╜цЭ╛цибх╝Пш╖│ш┐Зя╝Ичмм127шбМя╝Йя╝МхЕищГих┐ЕхблхнЧцо╡ч╝║хд▒
2025-05-21 18:02:14,866 - DEBUG - хо╜цЭ╛цибх╝Пш╖│ш┐Зя╝Ичмм128шбМя╝Йя╝МхЕищГих┐ЕхблхнЧцо╡ч╝║хд▒
2025-05-21 18:02:14,867 - DEBUG - хо╜цЭ╛цибх╝Пш╖│ш┐Зя╝Ичмм129шбМя╝Йя╝МхЕищГих┐ЕхблхнЧцо╡ч╝║хд▒
2025-05-21 18:02:14,867 - DEBUG - хо╜цЭ╛цибх╝Пш╖│ш┐Зя╝Ичмм130шбМя╝Йя╝МхЕищГих┐ЕхблхнЧцо╡ч╝║хд▒
2025-05-21 18:02:14,867 - DEBUG - хо╜цЭ╛цибх╝Пш╖│ш┐Зя╝Ичмм131шбМя╝Йя╝МхЕищГих┐ЕхблхнЧцо╡ч╝║хд▒
2025-05-21 18:02:14,867 - DEBUG - хо╜цЭ╛цибх╝Пш╖│ш┐Зя╝Ичмм132шбМя╝Йя╝МхЕищГих┐ЕхблхнЧцо╡ч╝║хд▒
2025-05-21 18:02:14,867 - DEBUG - хо╜цЭ╛цибх╝Пш╖│ш┐Зя╝Ичмм133шбМя╝Йя╝МхЕищГих┐ЕхблхнЧцо╡ч╝║хд▒
2025-05-21 18:02:14,868 - DEBUG - хо╜цЭ╛цибх╝Пш╖│ш┐Зя╝Ичмм134шбМя╝Йя╝МхЕищГих┐ЕхблхнЧцо╡ч╝║хд▒
2025-05-21 18:02:14,868 - DEBUG - хо╜цЭ╛цибх╝Пш╖│ш┐Зя╝Ичмм135шбМя╝Йя╝МхЕищГих┐ЕхблхнЧцо╡ч╝║хд▒
2025-05-21 18:02:14,868 - DEBUG - хо╜цЭ╛цибх╝Пш╖│ш┐Зя╝Ичмм136шбМя╝Йя╝МхЕищГих┐ЕхблхнЧцо╡ч╝║хд▒
2025-05-21 18:02:14,868 - DEBUG - хо╜цЭ╛цибх╝Пш╖│ш┐Зя╝Ичмм137шбМя╝Йя╝МхЕищГих┐ЕхблхнЧцо╡ч╝║хд▒
2025-05-21 18:02:14,868 - DEBUG - хо╜цЭ╛цибх╝Пш╖│ш┐Зя╝Ичмм138шбМя╝Йя╝МхЕищГих┐ЕхблхнЧцо╡ч╝║хд▒
2025-05-21 18:02:14,869 - DEBUG - хо╜цЭ╛цибх╝Пш╖│ш┐Зя╝Ичмм139шбМя╝Йя╝МхЕищГих┐ЕхблхнЧцо╡ч╝║хд▒
2025-05-21 18:02:14,869 - DEBUG - хо╜цЭ╛цибх╝Пш╖│ш┐Зя╝Ичмм140шбМя╝Йя╝МхЕищГих┐ЕхблхнЧцо╡ч╝║хд▒
2025-05-21 18:02:14,869 - DEBUG - хо╜цЭ╛цибх╝Пш╖│ш┐Зя╝Ичмм141шбМя╝Йя╝МхЕищГих┐ЕхблхнЧцо╡ч╝║хд▒
2025-05-21 18:02:14,869 - DEBUG - хо╜цЭ╛цибх╝Пш╖│ш┐Зя╝Ичмм142шбМя╝Йя╝МхЕищГих┐ЕхблхнЧцо╡ч╝║хд▒
2025-05-21 18:02:14,869 - DEBUG - хо╜цЭ╛цибх╝Пш╖│ш┐Зя╝Ичмм143шбМя╝Йя╝МхЕищГих┐ЕхблхнЧцо╡ч╝║хд▒
2025-05-21 18:02:14,870 - DEBUG - хо╜цЭ╛цибх╝Пш╖│ш┐Зя╝Ичмм144шбМя╝Йя╝МхЕищГих┐ЕхблхнЧцо╡ч╝║хд▒
2025-05-21 18:02:14,870 - DEBUG - хо╜цЭ╛цибх╝Пш╖│ш┐Зя╝Ичмм145шбМя╝Йя╝МхЕищГих┐ЕхблхнЧцо╡ч╝║хд▒
2025-05-21 18:02:14,870 - DEBUG - хо╜цЭ╛цибх╝Пш╖│ш┐Зя╝Ичмм146шбМя╝Йя╝МхЕищГих┐ЕхблхнЧцо╡ч╝║хд▒
2025-05-21 18:02:14,870 - DEBUG - хо╜цЭ╛цибх╝Пш╖│ш┐Зя╝Ичмм147шбМя╝Йя╝МхЕищГих┐ЕхблхнЧцо╡ч╝║хд▒
2025-05-21 18:02:14,870 - DEBUG - хо╜цЭ╛цибх╝Пш╖│ш┐Зя╝Ичмм148шбМя╝Йя╝МхЕищГих┐ЕхблхнЧцо╡ч╝║хд▒
2025-05-21 18:02:14,870 - DEBUG - хо╜цЭ╛цибх╝Пш╖│ш┐Зя╝Ичмм149шбМя╝Йя╝МхЕищГих┐ЕхблхнЧцо╡ч╝║хд▒
2025-05-21 18:02:14,870 - DEBUG - хо╜цЭ╛цибх╝Пш╖│ш┐Зя╝Ичмм150шбМя╝Йя╝МхЕищГих┐ЕхблхнЧцо╡ч╝║хд▒
2025-05-21 18:02:14,870 - DEBUG - хо╜цЭ╛цибх╝Пш╖│ш┐Зя╝Ичмм151шбМя╝Йя╝МхЕищГих┐ЕхблхнЧцо╡ч╝║хд▒
2025-05-21 18:02:14,870 - DEBUG - хо╜цЭ╛цибх╝Пш╖│ш┐Зя╝Ичмм152шбМя╝Йя╝МхЕищГих┐ЕхблхнЧцо╡ч╝║хд▒
2025-05-21 18:02:14,871 - DEBUG - хо╜цЭ╛цибх╝Пш╖│ш┐Зя╝Ичмм153шбМя╝Йя╝МхЕищГих┐ЕхблхнЧцо╡ч╝║хд▒
2025-05-21 18:02:14,871 - DEBUG - хо╜цЭ╛цибх╝Пш╖│ш┐Зя╝Ичмм154шбМя╝Йя╝МхЕищГих┐ЕхблхнЧцо╡ч╝║хд▒
2025-05-21 18:02:14,871 - DEBUG - хо╜цЭ╛цибх╝Пш╖│ш┐Зя╝Ичмм155шбМя╝Йя╝МхЕищГих┐ЕхблхнЧцо╡ч╝║хд▒
2025-05-21 18:02:14,871 - DEBUG - хо╜цЭ╛цибх╝Пш╖│ш┐Зя╝Ичмм156шбМя╝Йя╝МхЕищГих┐ЕхблхнЧцо╡ч╝║хд▒
2025-05-21 18:02:14,871 - DEBUG - хо╜цЭ╛цибх╝Пш╖│ш┐Зя╝Ичмм157шбМя╝Йя╝МхЕищГих┐ЕхблхнЧцо╡ч╝║хд▒
2025-05-21 18:02:14,871 - DEBUG - хо╜цЭ╛цибх╝Пш╖│ш┐Зя╝Ичмм158шбМя╝Йя╝МхЕищГих┐ЕхблхнЧцо╡ч╝║хд▒
2025-05-21 18:02:14,871 - DEBUG - хо╜цЭ╛цибх╝Пш╖│ш┐Зя╝Ичмм159шбМя╝Йя╝МхЕищГих┐ЕхблхнЧцо╡ч╝║хд▒
2025-05-21 18:02:14,871 - DEBUG - хо╜цЭ╛цибх╝Пш╖│ш┐Зя╝Ичмм160шбМя╝Йя╝МхЕищГих┐ЕхблхнЧцо╡ч╝║хд▒
2025-05-21 18:02:14,871 - DEBUG - хо╜цЭ╛цибх╝Пш╖│ш┐Зя╝Ичмм161шбМя╝Йя╝МхЕищГих┐ЕхблхнЧцо╡ч╝║хд▒
2025-05-21 18:02:14,871 - DEBUG - хо╜цЭ╛цибх╝Пш╖│ш┐Зя╝Ичмм162шбМя╝Йя╝МхЕищГих┐ЕхблхнЧцо╡ч╝║хд▒
2025-05-21 18:02:14,871 - DEBUG - хо╜цЭ╛цибх╝Пш╖│ш┐Зя╝Ичмм163шбМя╝Йя╝МхЕищГих┐ЕхблхнЧцо╡ч╝║хд▒
2025-05-21 18:02:14,872 - DEBUG - хо╜цЭ╛цибх╝Пш╖│ш┐Зя╝Ичмм164шбМя╝Йя╝МхЕищГих┐ЕхблхнЧцо╡ч╝║хд▒
2025-05-21 18:02:14,872 - DEBUG - хо╜цЭ╛цибх╝Пш╖│ш┐Зя╝Ичмм165шбМя╝Йя╝МхЕищГих┐ЕхблхнЧцо╡ч╝║хд▒
2025-05-21 18:02:14,872 - DEBUG - хо╜цЭ╛цибх╝Пш╖│ш┐Зя╝Ичмм166шбМя╝Йя╝МхЕищГих┐ЕхблхнЧцо╡ч╝║хд▒
2025-05-21 18:02:14,872 - DEBUG - хо╜цЭ╛цибх╝Пш╖│ш┐Зя╝Ичмм167шбМя╝Йя╝МхЕищГих┐ЕхблхнЧцо╡ч╝║хд▒
2025-05-21 18:02:14,872 - DEBUG - хо╜цЭ╛цибх╝Пш╖│ш┐Зя╝Ичмм168шбМя╝Йя╝МхЕищГих┐ЕхблхнЧцо╡ч╝║хд▒
2025-05-21 18:02:14,872 - DEBUG - хо╜цЭ╛цибх╝Пш╖│ш┐Зя╝Ичмм169шбМя╝Йя╝МхЕищГих┐ЕхблхнЧцо╡ч╝║хд▒
2025-05-21 18:02:14,872 - DEBUG - хо╜цЭ╛цибх╝Пш╖│ш┐Зя╝Ичмм170шбМя╝Йя╝МхЕищГих┐ЕхблхнЧцо╡ч╝║хд▒
2025-05-21 18:02:14,872 - DEBUG - хо╜цЭ╛цибх╝Пш╖│ш┐Зя╝Ичмм171шбМя╝Йя╝МхЕищГих┐ЕхблхнЧцо╡ч╝║хд▒
2025-05-21 18:02:14,872 - DEBUG - хо╜цЭ╛цибх╝Пш╖│ш┐Зя╝Ичмм172шбМя╝Йя╝МхЕищГих┐ЕхблхнЧцо╡ч╝║хд▒
2025-05-21 18:02:14,872 - DEBUG - хо╜цЭ╛цибх╝Пш╖│ш┐Зя╝Ичмм173шбМя╝Йя╝МхЕищГих┐ЕхблхнЧцо╡ч╝║хд▒
2025-05-21 18:02:14,873 - DEBUG - хо╜цЭ╛цибх╝Пш╖│ш┐Зя╝Ичмм174шбМя╝Йя╝МхЕищГих┐ЕхблхнЧцо╡ч╝║хд▒
2025-05-21 18:02:14,873 - DEBUG - хо╜цЭ╛цибх╝Пш╖│ш┐Зя╝Ичмм175шбМя╝Йя╝МхЕищГих┐ЕхблхнЧцо╡ч╝║хд▒
2025-05-21 18:02:14,873 - DEBUG - хо╜цЭ╛цибх╝Пш╖│ш┐Зя╝Ичмм176шбМя╝Йя╝МхЕищГих┐ЕхблхнЧцо╡ч╝║хд▒
2025-05-21 18:02:14,873 - DEBUG - хо╜цЭ╛цибх╝Пш╖│ш┐Зя╝Ичмм177шбМя╝Йя╝МхЕищГих┐ЕхблхнЧцо╡ч╝║хд▒
2025-05-21 18:02:14,873 - DEBUG - хо╜цЭ╛цибх╝Пш╖│ш┐Зя╝Ичмм178шбМя╝Йя╝МхЕищГих┐ЕхблхнЧцо╡ч╝║хд▒
2025-05-21 18:02:14,873 - DEBUG - хо╜цЭ╛цибх╝Пш╖│ш┐Зя╝Ичмм179шбМя╝Йя╝МхЕищГих┐ЕхблхнЧцо╡ч╝║хд▒
2025-05-21 18:02:14,873 - DEBUG - хо╜цЭ╛цибх╝Пш╖│ш┐Зя╝Ичмм180шбМя╝Йя╝МхЕищГих┐ЕхблхнЧцо╡ч╝║хд▒
2025-05-21 18:02:14,874 - DEBUG - хо╜цЭ╛цибх╝Пш╖│ш┐Зя╝Ичмм181шбМя╝Йя╝МхЕищГих┐ЕхблхнЧцо╡ч╝║хд▒
2025-05-21 18:02:14,874 - DEBUG - хо╜цЭ╛цибх╝Пш╖│ш┐Зя╝Ичмм182шбМя╝Йя╝МхЕищГих┐ЕхблхнЧцо╡ч╝║хд▒
2025-05-21 18:02:14,874 - DEBUG - хо╜цЭ╛цибх╝Пш╖│ш┐Зя╝Ичмм183шбМя╝Йя╝МхЕищГих┐ЕхблхнЧцо╡ч╝║хд▒
2025-05-21 18:02:14,874 - DEBUG - хо╜цЭ╛цибх╝Пш╖│ш┐Зя╝Ичмм184шбМя╝Йя╝МхЕищГих┐ЕхблхнЧцо╡ч╝║хд▒
2025-05-21 18:02:14,874 - DEBUG - хо╜цЭ╛цибх╝Пш╖│ш┐Зя╝Ичмм185шбМя╝Йя╝МхЕищГих┐ЕхблхнЧцо╡ч╝║хд▒
2025-05-21 18:02:14,874 - DEBUG - хо╜цЭ╛цибх╝Пш╖│ш┐Зя╝Ичмм186шбМя╝Йя╝МхЕищГих┐ЕхблхнЧцо╡ч╝║хд▒
2025-05-21 18:02:14,874 - DEBUG - хо╜цЭ╛цибх╝Пш╖│ш┐Зя╝Ичмм187шбМя╝Йя╝МхЕищГих┐ЕхблхнЧцо╡ч╝║хд▒
2025-05-21 18:02:14,874 - DEBUG - ЁЯУЛ х╝АхзЛшзгцЮРцЦЗф╗╢d:\pyscript\SNT\res\250520_PendingPoSnt Sadie Eric.xlsx
2025-05-21 18:02:14,877 - DEBUG - хо╜цЭ╛цибх╝Пш╖│ш┐Зя╝Ичмм2шбМя╝Йя╝МхЕищГих┐ЕхблхнЧцо╡ч╝║хд▒
2025-05-21 18:02:14,877 - DEBUG - хо╜цЭ╛цибх╝Пш╖│ш┐Зя╝Ичмм3шбМя╝Йя╝МхЕищГих┐ЕхблхнЧцо╡ч╝║хд▒
2025-05-21 18:02:14,877 - DEBUG - хо╜цЭ╛цибх╝Пш╖│ш┐Зя╝Ичмм4шбМя╝Йя╝МхЕищГих┐ЕхблхнЧцо╡ч╝║хд▒
2025-05-21 18:02:14,877 - DEBUG - хо╜цЭ╛цибх╝Пш╖│ш┐Зя╝Ичмм5шбМя╝Йя╝МхЕищГих┐ЕхблхнЧцо╡ч╝║хд▒
2025-05-21 18:02:14,878 - DEBUG - хо╜цЭ╛цибх╝Пш╖│ш┐Зя╝Ичмм6шбМя╝Йя╝МхЕищГих┐ЕхблхнЧцо╡ч╝║хд▒
2025-05-21 18:02:14,878 - DEBUG - хо╜цЭ╛цибх╝Пш╖│ш┐Зя╝Ичмм7шбМя╝Йя╝МхЕищГих┐ЕхблхнЧцо╡ч╝║хд▒
2025-05-21 18:02:14,878 - DEBUG - хо╜цЭ╛цибх╝Пш╖│ш┐Зя╝Ичмм8шбМя╝Йя╝МхЕищГих┐ЕхблхнЧцо╡ч╝║хд▒
2025-05-21 18:02:14,878 - DEBUG - хо╜цЭ╛цибх╝Пш╖│ш┐Зя╝Ичмм9шбМя╝Йя╝МхЕищГих┐ЕхблхнЧцо╡ч╝║хд▒
2025-05-21 18:02:14,878 - DEBUG - хо╜цЭ╛цибх╝Пш╖│ш┐Зя╝Ичмм10шбМя╝Йя╝МхЕищГих┐ЕхблхнЧцо╡ч╝║хд▒
2025-05-21 18:02:14,878 - DEBUG - хо╜цЭ╛цибх╝Пш╖│ш┐Зя╝Ичмм11шбМя╝Йя╝МхЕищГих┐ЕхблхнЧцо╡ч╝║хд▒
2025-05-21 18:02:14,878 - DEBUG - хо╜цЭ╛цибх╝Пш╖│ш┐Зя╝Ичмм12шбМя╝Йя╝МхЕищГих┐ЕхблхнЧцо╡ч╝║хд▒
2025-05-21 18:02:14,878 - DEBUG - хо╜цЭ╛цибх╝Пш╖│ш┐Зя╝Ичмм13шбМя╝Йя╝МхЕищГих┐ЕхблхнЧцо╡ч╝║хд▒
2025-05-21 18:02:14,878 - DEBUG - хо╜цЭ╛цибх╝Пш╖│ш┐Зя╝Ичмм14шбМя╝Йя╝МхЕищГих┐ЕхблхнЧцо╡ч╝║хд▒
2025-05-21 18:02:14,878 - DEBUG - хо╜цЭ╛цибх╝Пш╖│ш┐Зя╝Ичмм15шбМя╝Йя╝МхЕищГих┐ЕхблхнЧцо╡ч╝║хд▒
2025-05-21 18:02:14,879 - DEBUG - хо╜цЭ╛цибх╝Пш╖│ш┐Зя╝Ичмм16шбМя╝Йя╝МхЕищГих┐ЕхблхнЧцо╡ч╝║хд▒
2025-05-21 18:02:14,879 - DEBUG - хо╜цЭ╛цибх╝Пш╖│ш┐Зя╝Ичмм17шбМя╝Йя╝МхЕищГих┐ЕхблхнЧцо╡ч╝║хд▒
2025-05-21 18:02:14,879 - DEBUG - хо╜цЭ╛цибх╝Пш╖│ш┐Зя╝Ичмм18шбМя╝Йя╝МхЕищГих┐ЕхблхнЧцо╡ч╝║хд▒
2025-05-21 18:02:14,879 - DEBUG - хо╜цЭ╛цибх╝Пш╖│ш┐Зя╝Ичмм19шбМя╝Йя╝МхЕищГих┐ЕхблхнЧцо╡ч╝║хд▒
2025-05-21 18:02:14,879 - DEBUG - хо╜цЭ╛цибх╝Пш╖│ш┐Зя╝Ичмм20шбМя╝Йя╝МхЕищГих┐ЕхблхнЧцо╡ч╝║хд▒
2025-05-21 18:02:14,879 - DEBUG - хо╜цЭ╛цибх╝Пш╖│ш┐Зя╝Ичмм24шбМя╝Йя╝МхЕищГих┐ЕхблхнЧцо╡ч╝║хд▒
2025-05-21 18:02:14,881 - DEBUG - хо╜цЭ╛цибх╝Пш╖│ш┐Зя╝Ичмм40шбМя╝Йя╝МхЕищГих┐ЕхблхнЧцо╡ч╝║хд▒
2025-05-21 18:02:14,885 - DEBUG - хо╜цЭ╛цибх╝Пш╖│ш┐Зя╝Ичмм73шбМя╝Йя╝МхЕищГих┐ЕхблхнЧцо╡ч╝║хд▒
2025-05-21 18:02:14,885 - DEBUG - хо╜цЭ╛цибх╝Пш╖│ш┐Зя╝Ичмм74шбМя╝Йя╝МхЕищГих┐ЕхблхнЧцо╡ч╝║хд▒
2025-05-21 18:02:14,885 - DEBUG - хо╜цЭ╛цибх╝Пш╖│ш┐Зя╝Ичмм75шбМя╝Йя╝МхЕищГих┐ЕхблхнЧцо╡ч╝║хд▒
2025-05-21 18:02:14,885 - DEBUG - хо╜цЭ╛цибх╝Пш╖│ш┐Зя╝Ичмм76шбМя╝Йя╝МхЕищГих┐ЕхблхнЧцо╡ч╝║хд▒
2025-05-21 18:02:14,885 - DEBUG - хо╜цЭ╛цибх╝Пш╖│ш┐Зя╝Ичмм77шбМя╝Йя╝МхЕищГих┐ЕхблхнЧцо╡ч╝║хд▒
2025-05-21 18:02:14,885 - DEBUG - хо╜цЭ╛цибх╝Пш╖│ш┐Зя╝Ичмм78шбМя╝Йя╝МхЕищГих┐ЕхблхнЧцо╡ч╝║хд▒
2025-05-21 18:02:14,885 - DEBUG - хо╜цЭ╛цибх╝Пш╖│ш┐Зя╝Ичмм79шбМя╝Йя╝МхЕищГих┐ЕхблхнЧцо╡ч╝║хд▒
2025-05-21 18:02:14,886 - DEBUG - хо╜цЭ╛цибх╝Пш╖│ш┐Зя╝Ичмм80шбМя╝Йя╝МхЕищГих┐ЕхблхнЧцо╡ч╝║хд▒
2025-05-21 18:02:14,886 - DEBUG - хо╜цЭ╛цибх╝Пш╖│ш┐Зя╝Ичмм81шбМя╝Йя╝МхЕищГих┐ЕхблхнЧцо╡ч╝║хд▒
2025-05-21 18:02:14,886 - DEBUG - хо╜цЭ╛цибх╝Пш╖│ш┐Зя╝Ичмм82шбМя╝Йя╝МхЕищГих┐ЕхблхнЧцо╡ч╝║хд▒
2025-05-21 18:02:14,886 - DEBUG - хо╜цЭ╛цибх╝Пш╖│ш┐Зя╝Ичмм83шбМя╝Йя╝МхЕищГих┐ЕхблхнЧцо╡ч╝║хд▒
2025-05-21 18:02:14,886 - DEBUG - хо╜цЭ╛цибх╝Пш╖│ш┐Зя╝Ичмм84шбМя╝Йя╝МхЕищГих┐ЕхблхнЧцо╡ч╝║хд▒
2025-05-21 18:02:14,886 - DEBUG - хо╜цЭ╛цибх╝Пш╖│ш┐Зя╝Ичмм85шбМя╝Йя╝МхЕищГих┐ЕхблхнЧцо╡ч╝║хд▒
2025-05-21 18:02:14,886 - DEBUG - хо╜цЭ╛цибх╝Пш╖│ш┐Зя╝Ичмм86шбМя╝Йя╝МхЕищГих┐ЕхблхнЧцо╡ч╝║хд▒
2025-05-21 18:02:14,886 - DEBUG - хо╜цЭ╛цибх╝Пш╖│ш┐Зя╝Ичмм87шбМя╝Йя╝МхЕищГих┐ЕхблхнЧцо╡ч╝║хд▒
2025-05-21 18:02:14,886 - DEBUG - хо╜цЭ╛цибх╝Пш╖│ш┐Зя╝Ичмм88шбМя╝Йя╝МхЕищГих┐ЕхблхнЧцо╡ч╝║хд▒
2025-05-21 18:02:14,886 - DEBUG - хо╜цЭ╛цибх╝Пш╖│ш┐Зя╝Ичмм89шбМя╝Йя╝МхЕищГих┐ЕхблхнЧцо╡ч╝║хд▒
2025-05-21 18:02:14,887 - DEBUG - хо╜цЭ╛цибх╝Пш╖│ш┐Зя╝Ичмм90шбМя╝Йя╝МхЕищГих┐ЕхблхнЧцо╡ч╝║хд▒
2025-05-21 18:02:14,887 - DEBUG - хо╜цЭ╛цибх╝Пш╖│ш┐Зя╝Ичмм91шбМя╝Йя╝МхЕищГих┐ЕхблхнЧцо╡ч╝║хд▒
2025-05-21 18:02:14,887 - DEBUG - хо╜цЭ╛цибх╝Пш╖│ш┐Зя╝Ичмм92шбМя╝Йя╝МхЕищГих┐ЕхблхнЧцо╡ч╝║хд▒
2025-05-21 18:02:14,887 - DEBUG - хо╜цЭ╛цибх╝Пш╖│ш┐Зя╝Ичмм93шбМя╝Йя╝МхЕищГих┐ЕхблхнЧцо╡ч╝║хд▒
2025-05-21 18:02:14,887 - DEBUG - хо╜цЭ╛цибх╝Пш╖│ш┐Зя╝Ичмм94шбМя╝Йя╝МхЕищГих┐ЕхблхнЧцо╡ч╝║хд▒
2025-05-21 18:02:14,887 - DEBUG - хо╜цЭ╛цибх╝Пш╖│ш┐Зя╝Ичмм95шбМя╝Йя╝МхЕищГих┐ЕхблхнЧцо╡ч╝║хд▒
2025-05-21 18:02:14,887 - DEBUG - хо╜цЭ╛цибх╝Пш╖│ш┐Зя╝Ичмм96шбМя╝Йя╝МхЕищГих┐ЕхблхнЧцо╡ч╝║хд▒
2025-05-21 18:02:14,887 - DEBUG - хо╜цЭ╛цибх╝Пш╖│ш┐Зя╝Ичмм97шбМя╝Йя╝МхЕищГих┐ЕхблхнЧцо╡ч╝║хд▒
2025-05-21 18:02:14,887 - DEBUG - хо╜цЭ╛цибх╝Пш╖│ш┐Зя╝Ичмм98шбМя╝Йя╝МхЕищГих┐ЕхблхнЧцо╡ч╝║хд▒
2025-05-21 18:02:14,888 - DEBUG - хо╜цЭ╛цибх╝Пш╖│ш┐Зя╝Ичмм99шбМя╝Йя╝МхЕищГих┐ЕхблхнЧцо╡ч╝║хд▒
2025-05-21 18:02:14,888 - DEBUG - хо╜цЭ╛цибх╝Пш╖│ш┐Зя╝Ичмм100шбМя╝Йя╝МхЕищГих┐ЕхблхнЧцо╡ч╝║хд▒
2025-05-21 18:02:14,888 - DEBUG - хо╜цЭ╛цибх╝Пш╖│ш┐Зя╝Ичмм101шбМя╝Йя╝МхЕищГих┐ЕхблхнЧцо╡ч╝║хд▒
2025-05-21 18:02:14,888 - DEBUG - хо╜цЭ╛цибх╝Пш╖│ш┐Зя╝Ичмм102шбМя╝Йя╝МхЕищГих┐ЕхблхнЧцо╡ч╝║хд▒
2025-05-21 18:02:14,889 - DEBUG - хо╜цЭ╛цибх╝Пш╖│ш┐Зя╝Ичмм103шбМя╝Йя╝МхЕищГих┐ЕхблхнЧцо╡ч╝║хд▒
2025-05-21 18:02:14,889 - DEBUG - хо╜цЭ╛цибх╝Пш╖│ш┐Зя╝Ичмм104шбМя╝Йя╝МхЕищГих┐ЕхблхнЧцо╡ч╝║хд▒
2025-05-21 18:02:14,889 - DEBUG - хо╜цЭ╛цибх╝Пш╖│ш┐Зя╝Ичмм105шбМя╝Йя╝МхЕищГих┐ЕхблхнЧцо╡ч╝║хд▒
2025-05-21 18:02:14,889 - DEBUG - хо╜цЭ╛цибх╝Пш╖│ш┐Зя╝Ичмм106шбМя╝Йя╝МхЕищГих┐ЕхблхнЧцо╡ч╝║хд▒
2025-05-21 18:02:14,889 - DEBUG - хо╜цЭ╛цибх╝Пш╖│ш┐Зя╝Ичмм107шбМя╝Йя╝МхЕищГих┐ЕхблхнЧцо╡ч╝║хд▒
2025-05-21 18:02:14,889 - DEBUG - хо╜цЭ╛цибх╝Пш╖│ш┐Зя╝Ичмм108шбМя╝Йя╝МхЕищГих┐ЕхблхнЧцо╡ч╝║хд▒
2025-05-21 18:02:14,889 - DEBUG - хо╜цЭ╛цибх╝Пш╖│ш┐Зя╝Ичмм109шбМя╝Йя╝МхЕищГих┐ЕхблхнЧцо╡ч╝║хд▒
2025-05-21 18:02:14,889 - DEBUG - хо╜цЭ╛цибх╝Пш╖│ш┐Зя╝Ичмм110шбМя╝Йя╝МхЕищГих┐ЕхблхнЧцо╡ч╝║хд▒
2025-05-21 18:02:14,889 - DEBUG - хо╜цЭ╛цибх╝Пш╖│ш┐Зя╝Ичмм111шбМя╝Йя╝МхЕищГих┐ЕхблхнЧцо╡ч╝║хд▒
2025-05-21 18:02:14,889 - DEBUG - хо╜цЭ╛цибх╝Пш╖│ш┐Зя╝Ичмм112шбМя╝Йя╝МхЕищГих┐ЕхблхнЧцо╡ч╝║хд▒
2025-05-21 18:02:14,890 - DEBUG - хо╜цЭ╛цибх╝Пш╖│ш┐Зя╝Ичмм113шбМя╝Йя╝МхЕищГих┐ЕхблхнЧцо╡ч╝║хд▒
2025-05-21 18:02:14,890 - DEBUG - хо╜цЭ╛цибх╝Пш╖│ш┐Зя╝Ичмм114шбМя╝Йя╝МхЕищГих┐ЕхблхнЧцо╡ч╝║хд▒
2025-05-21 18:02:14,890 - DEBUG - хо╜цЭ╛цибх╝Пш╖│ш┐Зя╝Ичмм115шбМя╝Йя╝МхЕищГих┐ЕхблхнЧцо╡ч╝║хд▒
2025-05-21 18:02:14,890 - DEBUG - хо╜цЭ╛цибх╝Пш╖│ш┐Зя╝Ичмм116шбМя╝Йя╝МхЕищГих┐ЕхблхнЧцо╡ч╝║хд▒
2025-05-21 18:02:14,890 - DEBUG - хо╜цЭ╛цибх╝Пш╖│ш┐Зя╝Ичмм117шбМя╝Йя╝МхЕищГих┐ЕхблхнЧцо╡ч╝║хд▒
2025-05-21 18:02:14,890 - DEBUG - хо╜цЭ╛цибх╝Пш╖│ш┐Зя╝Ичмм118шбМя╝Йя╝МхЕищГих┐ЕхблхнЧцо╡ч╝║хд▒
2025-05-21 18:02:14,890 - DEBUG - хо╜цЭ╛цибх╝Пш╖│ш┐Зя╝Ичмм119шбМя╝Йя╝МхЕищГих┐ЕхблхнЧцо╡ч╝║хд▒
2025-05-21 18:02:14,890 - DEBUG - хо╜цЭ╛цибх╝Пш╖│ш┐Зя╝Ичмм120шбМя╝Йя╝МхЕищГих┐ЕхблхнЧцо╡ч╝║хд▒
2025-05-21 18:02:14,891 - DEBUG - хо╜цЭ╛цибх╝Пш╖│ш┐Зя╝Ичмм121шбМя╝Йя╝МхЕищГих┐ЕхблхнЧцо╡ч╝║хд▒
2025-05-21 18:02:14,891 - DEBUG - хо╜цЭ╛цибх╝Пш╖│ш┐Зя╝Ичмм122шбМя╝Йя╝МхЕищГих┐ЕхблхнЧцо╡ч╝║хд▒
2025-05-21 18:02:14,891 - DEBUG - хо╜цЭ╛цибх╝Пш╖│ш┐Зя╝Ичмм123шбМя╝Йя╝МхЕищГих┐ЕхблхнЧцо╡ч╝║хд▒
2025-05-21 18:02:14,891 - DEBUG - хо╜цЭ╛цибх╝Пш╖│ш┐Зя╝Ичмм124шбМя╝Йя╝МхЕищГих┐ЕхблхнЧцо╡ч╝║хд▒
2025-05-21 18:02:14,891 - DEBUG - хо╜цЭ╛цибх╝Пш╖│ш┐Зя╝Ичмм125шбМя╝Йя╝МхЕищГих┐ЕхблхнЧцо╡ч╝║хд▒
2025-05-21 18:02:14,891 - DEBUG - хо╜цЭ╛цибх╝Пш╖│ш┐Зя╝Ичмм126шбМя╝Йя╝МхЕищГих┐ЕхблхнЧцо╡ч╝║хд▒
2025-05-21 18:02:14,891 - DEBUG - хо╜цЭ╛цибх╝Пш╖│ш┐Зя╝Ичмм127шбМя╝Йя╝МхЕищГих┐ЕхблхнЧцо╡ч╝║хд▒
2025-05-21 18:02:14,891 - DEBUG - хо╜цЭ╛цибх╝Пш╖│ш┐Зя╝Ичмм128шбМя╝Йя╝МхЕищГих┐ЕхблхнЧцо╡ч╝║хд▒
2025-05-21 18:02:14,891 - DEBUG - хо╜цЭ╛цибх╝Пш╖│ш┐Зя╝Ичмм129шбМя╝Йя╝МхЕищГих┐ЕхблхнЧцо╡ч╝║хд▒
2025-05-21 18:02:14,892 - DEBUG - хо╜цЭ╛цибх╝Пш╖│ш┐Зя╝Ичмм130шбМя╝Йя╝МхЕищГих┐ЕхблхнЧцо╡ч╝║хд▒
2025-05-21 18:02:14,892 - DEBUG - хо╜цЭ╛цибх╝Пш╖│ш┐Зя╝Ичмм131шбМя╝Йя╝МхЕищГих┐ЕхблхнЧцо╡ч╝║хд▒
2025-05-21 18:02:14,892 - DEBUG - хо╜цЭ╛цибх╝Пш╖│ш┐Зя╝Ичмм132шбМя╝Йя╝МхЕищГих┐ЕхблхнЧцо╡ч╝║хд▒
2025-05-21 18:02:14,893 - DEBUG - хо╜цЭ╛цибх╝Пш╖│ш┐Зя╝Ичмм133шбМя╝Йя╝МхЕищГих┐ЕхблхнЧцо╡ч╝║хд▒
2025-05-21 18:02:14,893 - DEBUG - хо╜цЭ╛цибх╝Пш╖│ш┐Зя╝Ичмм134шбМя╝Йя╝МхЕищГих┐ЕхблхнЧцо╡ч╝║хд▒
2025-05-21 18:02:14,893 - DEBUG - хо╜цЭ╛цибх╝Пш╖│ш┐Зя╝Ичмм135шбМя╝Йя╝МхЕищГих┐ЕхблхнЧцо╡ч╝║хд▒
2025-05-21 18:02:14,893 - DEBUG - хо╜цЭ╛цибх╝Пш╖│ш┐Зя╝Ичмм136шбМя╝Йя╝МхЕищГих┐ЕхблхнЧцо╡ч╝║хд▒
2025-05-21 18:02:14,893 - DEBUG - хо╜цЭ╛цибх╝Пш╖│ш┐Зя╝Ичмм137шбМя╝Йя╝МхЕищГих┐ЕхблхнЧцо╡ч╝║хд▒
2025-05-21 18:02:14,893 - DEBUG - хо╜цЭ╛цибх╝Пш╖│ш┐Зя╝Ичмм138шбМя╝Йя╝МхЕищГих┐ЕхблхнЧцо╡ч╝║хд▒
2025-05-21 18:02:14,893 - DEBUG - хо╜цЭ╛цибх╝Пш╖│ш┐Зя╝Ичмм139шбМя╝Йя╝МхЕищГих┐ЕхблхнЧцо╡ч╝║хд▒
2025-05-21 18:02:14,893 - DEBUG - хо╜цЭ╛цибх╝Пш╖│ш┐Зя╝Ичмм140шбМя╝Йя╝МхЕищГих┐ЕхблхнЧцо╡ч╝║хд▒
2025-05-21 18:02:14,894 - DEBUG - хо╜цЭ╛цибх╝Пш╖│ш┐Зя╝Ичмм141шбМя╝Йя╝МхЕищГих┐ЕхблхнЧцо╡ч╝║хд▒
2025-05-21 18:02:14,894 - DEBUG - хо╜цЭ╛цибх╝Пш╖│ш┐Зя╝Ичмм142шбМя╝Йя╝МхЕищГих┐ЕхблхнЧцо╡ч╝║хд▒
2025-05-21 18:02:14,894 - DEBUG - хо╜цЭ╛цибх╝Пш╖│ш┐Зя╝Ичмм143шбМя╝Йя╝МхЕищГих┐ЕхблхнЧцо╡ч╝║хд▒
2025-05-21 18:02:14,894 - DEBUG - хо╜цЭ╛цибх╝Пш╖│ш┐Зя╝Ичмм144шбМя╝Йя╝МхЕищГих┐ЕхблхнЧцо╡ч╝║хд▒
2025-05-21 18:02:14,894 - DEBUG - хо╜цЭ╛цибх╝Пш╖│ш┐Зя╝Ичмм145шбМя╝Йя╝МхЕищГих┐ЕхблхнЧцо╡ч╝║хд▒
2025-05-21 18:02:14,894 - DEBUG - хо╜цЭ╛цибх╝Пш╖│ш┐Зя╝Ичмм146шбМя╝Йя╝МхЕищГих┐ЕхблхнЧцо╡ч╝║хд▒
2025-05-21 18:02:14,894 - DEBUG - хо╜цЭ╛цибх╝Пш╖│ш┐Зя╝Ичмм147шбМя╝Йя╝МхЕищГих┐ЕхблхнЧцо╡ч╝║хд▒
2025-05-21 18:02:14,895 - DEBUG - хо╜цЭ╛цибх╝Пш╖│ш┐Зя╝Ичмм148шбМя╝Йя╝МхЕищГих┐ЕхблхнЧцо╡ч╝║хд▒
2025-05-21 18:02:14,895 - DEBUG - хо╜цЭ╛цибх╝Пш╖│ш┐Зя╝Ичмм149шбМя╝Йя╝МхЕищГих┐ЕхблхнЧцо╡ч╝║хд▒
2025-05-21 18:02:14,895 - DEBUG - хо╜цЭ╛цибх╝Пш╖│ш┐Зя╝Ичмм150шбМя╝Йя╝МхЕищГих┐ЕхблхнЧцо╡ч╝║хд▒
2025-05-21 18:02:14,895 - DEBUG - хо╜цЭ╛цибх╝Пш╖│ш┐Зя╝Ичмм151шбМя╝Йя╝МхЕищГих┐ЕхблхнЧцо╡ч╝║хд▒
2025-05-21 18:02:14,895 - DEBUG - хо╜цЭ╛цибх╝Пш╖│ш┐Зя╝Ичмм152шбМя╝Йя╝МхЕищГих┐ЕхблхнЧцо╡ч╝║хд▒
2025-05-21 18:02:14,895 - DEBUG - хо╜цЭ╛цибх╝Пш╖│ш┐Зя╝Ичмм153шбМя╝Йя╝МхЕищГих┐ЕхблхнЧцо╡ч╝║хд▒
2025-05-21 18:02:14,895 - DEBUG - хо╜цЭ╛цибх╝Пш╖│ш┐Зя╝Ичмм154шбМя╝Йя╝МхЕищГих┐ЕхблхнЧцо╡ч╝║хд▒
2025-05-21 18:02:14,895 - DEBUG - хо╜цЭ╛цибх╝Пш╖│ш┐Зя╝Ичмм155шбМя╝Йя╝МхЕищГих┐ЕхблхнЧцо╡ч╝║хд▒
2025-05-21 18:02:14,896 - DEBUG - хо╜цЭ╛цибх╝Пш╖│ш┐Зя╝Ичмм156шбМя╝Йя╝МхЕищГих┐ЕхблхнЧцо╡ч╝║хд▒
2025-05-21 18:02:14,896 - DEBUG - хо╜цЭ╛цибх╝Пш╖│ш┐Зя╝Ичмм157шбМя╝Йя╝МхЕищГих┐ЕхблхнЧцо╡ч╝║хд▒
2025-05-21 18:02:14,896 - DEBUG - хо╜цЭ╛цибх╝Пш╖│ш┐Зя╝Ичмм158шбМя╝Йя╝МхЕищГих┐ЕхблхнЧцо╡ч╝║хд▒
2025-05-21 18:02:14,896 - DEBUG - хо╜цЭ╛цибх╝Пш╖│ш┐Зя╝Ичмм159шбМя╝Йя╝МхЕищГих┐ЕхблхнЧцо╡ч╝║хд▒
2025-05-21 18:02:14,896 - DEBUG - хо╜цЭ╛цибх╝Пш╖│ш┐Зя╝Ичмм160шбМя╝Йя╝МхЕищГих┐ЕхблхнЧцо╡ч╝║хд▒
2025-05-21 18:02:14,896 - DEBUG - хо╜цЭ╛цибх╝Пш╖│ш┐Зя╝Ичмм161шбМя╝Йя╝МхЕищГих┐ЕхблхнЧцо╡ч╝║хд▒
2025-05-21 18:02:14,896 - DEBUG - хо╜цЭ╛цибх╝Пш╖│ш┐Зя╝Ичмм162шбМя╝Йя╝МхЕищГих┐ЕхблхнЧцо╡ч╝║хд▒
2025-05-21 18:02:14,896 - DEBUG - хо╜цЭ╛цибх╝Пш╖│ш┐Зя╝Ичмм163шбМя╝Йя╝МхЕищГих┐ЕхблхнЧцо╡ч╝║хд▒
2025-05-21 18:02:14,897 - DEBUG - хо╜цЭ╛цибх╝Пш╖│ш┐Зя╝Ичмм164шбМя╝Йя╝МхЕищГих┐ЕхблхнЧцо╡ч╝║хд▒
2025-05-21 18:02:14,897 - DEBUG - хо╜цЭ╛цибх╝Пш╖│ш┐Зя╝Ичмм165шбМя╝Йя╝МхЕищГих┐ЕхблхнЧцо╡ч╝║хд▒
2025-05-21 18:02:14,897 - DEBUG - хо╜цЭ╛цибх╝Пш╖│ш┐Зя╝Ичмм166шбМя╝Йя╝МхЕищГих┐ЕхблхнЧцо╡ч╝║хд▒
2025-05-21 18:02:14,897 - DEBUG - хо╜цЭ╛цибх╝Пш╖│ш┐Зя╝Ичмм167шбМя╝Йя╝МхЕищГих┐ЕхблхнЧцо╡ч╝║хд▒
2025-05-21 18:02:14,897 - DEBUG - хо╜цЭ╛цибх╝Пш╖│ш┐Зя╝Ичмм168шбМя╝Йя╝МхЕищГих┐ЕхблхнЧцо╡ч╝║хд▒
2025-05-21 18:02:14,898 - DEBUG - хо╜цЭ╛цибх╝Пш╖│ш┐Зя╝Ичмм169шбМя╝Йя╝МхЕищГих┐ЕхблхнЧцо╡ч╝║хд▒
2025-05-21 18:02:14,898 - DEBUG - хо╜цЭ╛цибх╝Пш╖│ш┐Зя╝Ичмм170шбМя╝Йя╝МхЕищГих┐ЕхблхнЧцо╡ч╝║хд▒
2025-05-21 18:02:14,898 - DEBUG - хо╜цЭ╛цибх╝Пш╖│ш┐Зя╝Ичмм171шбМя╝Йя╝МхЕищГих┐ЕхблхнЧцо╡ч╝║хд▒
2025-05-21 18:02:14,898 - DEBUG - хо╜цЭ╛цибх╝Пш╖│ш┐Зя╝Ичмм172шбМя╝Йя╝МхЕищГих┐ЕхблхнЧцо╡ч╝║хд▒
2025-05-21 18:02:14,898 - DEBUG - хо╜цЭ╛цибх╝Пш╖│ш┐Зя╝Ичмм173шбМя╝Йя╝МхЕищГих┐ЕхблхнЧцо╡ч╝║хд▒
2025-05-21 18:02:14,898 - DEBUG - хо╜цЭ╛цибх╝Пш╖│ш┐Зя╝Ичмм174шбМя╝Йя╝МхЕищГих┐ЕхблхнЧцо╡ч╝║хд▒
2025-05-21 18:02:14,898 - DEBUG - хо╜цЭ╛цибх╝Пш╖│ш┐Зя╝Ичмм175шбМя╝Йя╝МхЕищГих┐ЕхблхнЧцо╡ч╝║хд▒
2025-05-21 18:02:14,898 - DEBUG - хо╜цЭ╛цибх╝Пш╖│ш┐Зя╝Ичмм176шбМя╝Йя╝МхЕищГих┐ЕхблхнЧцо╡ч╝║хд▒
2025-05-21 18:02:14,898 - DEBUG - хо╜цЭ╛цибх╝Пш╖│ш┐Зя╝Ичмм177шбМя╝Йя╝МхЕищГих┐ЕхблхнЧцо╡ч╝║хд▒
2025-05-21 18:02:14,899 - DEBUG - хо╜цЭ╛цибх╝Пш╖│ш┐Зя╝Ичмм178шбМя╝Йя╝МхЕищГих┐ЕхблхнЧцо╡ч╝║хд▒
2025-05-21 18:02:14,899 - DEBUG - хо╜цЭ╛цибх╝Пш╖│ш┐Зя╝Ичмм179шбМя╝Йя╝МхЕищГих┐ЕхблхнЧцо╡ч╝║хд▒
2025-05-21 18:02:14,899 - DEBUG - хо╜цЭ╛цибх╝Пш╖│ш┐Зя╝Ичмм180шбМя╝Йя╝МхЕищГих┐ЕхблхнЧцо╡ч╝║хд▒
2025-05-21 18:02:14,899 - DEBUG - хо╜цЭ╛цибх╝Пш╖│ш┐Зя╝Ичмм181шбМя╝Йя╝МхЕищГих┐ЕхблхнЧцо╡ч╝║хд▒
2025-05-21 18:02:14,899 - DEBUG - хо╜цЭ╛цибх╝Пш╖│ш┐Зя╝Ичмм182шбМя╝Йя╝МхЕищГих┐ЕхблхнЧцо╡ч╝║хд▒
2025-05-21 18:02:14,899 - DEBUG - хо╜цЭ╛цибх╝Пш╖│ш┐Зя╝Ичмм183шбМя╝Йя╝МхЕищГих┐ЕхблхнЧцо╡ч╝║хд▒
2025-05-21 18:02:14,899 - DEBUG - хо╜цЭ╛цибх╝Пш╖│ш┐Зя╝Ичмм184шбМя╝Йя╝МхЕищГих┐ЕхблхнЧцо╡ч╝║хд▒
2025-05-21 18:02:14,899 - DEBUG - хо╜цЭ╛цибх╝Пш╖│ш┐Зя╝Ичмм185шбМя╝Йя╝МхЕищГих┐ЕхблхнЧцо╡ч╝║хд▒
2025-05-21 18:02:14,899 - DEBUG - хо╜цЭ╛цибх╝Пш╖│ш┐Зя╝Ичмм186шбМя╝Йя╝МхЕищГих┐ЕхблхнЧцо╡ч╝║хд▒
2025-05-21 18:02:14,900 - DEBUG - хо╜цЭ╛цибх╝Пш╖│ш┐Зя╝Ичмм187шбМя╝Йя╝МхЕищГих┐ЕхблхнЧцо╡ч╝║хд▒
2025-05-21 18:02:14,900 - DEBUG - ЁЯУЛ х╝АхзЛшзгцЮРцЦЗф╗╢d:\pyscript\SNT\res\SDMC 250520_PendingPoSnt.xlsx
2025-05-21 18:02:14,902 - DEBUG - хо╜цЭ╛цибх╝Пш╖│ш┐Зя╝Ичмм2шбМя╝Йя╝МхЕищГих┐ЕхблхнЧцо╡ч╝║хд▒
2025-05-21 18:02:14,902 - DEBUG - хо╜цЭ╛цибх╝Пш╖│ш┐Зя╝Ичмм3шбМя╝Йя╝МхЕищГих┐ЕхблхнЧцо╡ч╝║хд▒
2025-05-21 18:02:14,902 - DEBUG - хо╜цЭ╛цибх╝Пш╖│ш┐Зя╝Ичмм4шбМя╝Йя╝МхЕищГих┐ЕхблхнЧцо╡ч╝║хд▒
2025-05-21 18:02:14,902 - DEBUG - хо╜цЭ╛цибх╝Пш╖│ш┐Зя╝Ичмм5шбМя╝Йя╝МхЕищГих┐ЕхблхнЧцо╡ч╝║хд▒
2025-05-21 18:02:14,903 - DEBUG - хо╜цЭ╛цибх╝Пш╖│ш┐Зя╝Ичмм6шбМя╝Йя╝МхЕищГих┐ЕхблхнЧцо╡ч╝║хд▒
2025-05-21 18:02:14,903 - DEBUG - хо╜цЭ╛цибх╝Пш╖│ш┐Зя╝Ичмм7шбМя╝Йя╝МхЕищГих┐ЕхблхнЧцо╡ч╝║хд▒
2025-05-21 18:02:14,903 - DEBUG - хо╜цЭ╛цибх╝Пш╖│ш┐Зя╝Ичмм8шбМя╝Йя╝МхЕищГих┐ЕхблхнЧцо╡ч╝║хд▒
2025-05-21 18:02:14,903 - DEBUG - хо╜цЭ╛цибх╝Пш╖│ш┐Зя╝Ичмм9шбМя╝Йя╝МхЕищГих┐ЕхблхнЧцо╡ч╝║хд▒
2025-05-21 18:02:14,903 - DEBUG - хо╜цЭ╛цибх╝Пш╖│ш┐Зя╝Ичмм10шбМя╝Йя╝МхЕищГих┐ЕхблхнЧцо╡ч╝║хд▒
2025-05-21 18:02:14,903 - DEBUG - хо╜цЭ╛цибх╝Пш╖│ш┐Зя╝Ичмм11шбМя╝Йя╝МхЕищГих┐ЕхблхнЧцо╡ч╝║хд▒
2025-05-21 18:02:14,903 - DEBUG - хо╜цЭ╛цибх╝Пш╖│ш┐Зя╝Ичмм12шбМя╝Йя╝МхЕищГих┐ЕхблхнЧцо╡ч╝║хд▒
2025-05-21 18:02:14,903 - DEBUG - хо╜цЭ╛цибх╝Пш╖│ш┐Зя╝Ичмм13шбМя╝Йя╝МхЕищГих┐ЕхблхнЧцо╡ч╝║хд▒
2025-05-21 18:02:14,903 - DEBUG - хо╜цЭ╛цибх╝Пш╖│ш┐Зя╝Ичмм14шбМя╝Йя╝МхЕищГих┐ЕхблхнЧцо╡ч╝║хд▒
2025-05-21 18:02:14,904 - DEBUG - хо╜цЭ╛цибх╝Пш╖│ш┐Зя╝Ичмм15шбМя╝Йя╝МхЕищГих┐ЕхблхнЧцо╡ч╝║хд▒
2025-05-21 18:02:14,904 - DEBUG - хо╜цЭ╛цибх╝Пш╖│ш┐Зя╝Ичмм16шбМя╝Йя╝МхЕищГих┐ЕхблхнЧцо╡ч╝║хд▒
2025-05-21 18:02:14,904 - DEBUG - хо╜цЭ╛цибх╝Пш╖│ш┐Зя╝Ичмм17шбМя╝Йя╝МхЕищГих┐ЕхблхнЧцо╡ч╝║хд▒
2025-05-21 18:02:14,904 - DEBUG - хо╜цЭ╛цибх╝Пш╖│ш┐Зя╝Ичмм18шбМя╝Йя╝МхЕищГих┐ЕхблхнЧцо╡ч╝║хд▒
2025-05-21 18:02:14,904 - DEBUG - хо╜цЭ╛цибх╝Пш╖│ш┐Зя╝Ичмм19шбМя╝Йя╝МхЕищГих┐ЕхблхнЧцо╡ч╝║хд▒
2025-05-21 18:02:14,904 - DEBUG - хо╜цЭ╛цибх╝Пш╖│ш┐Зя╝Ичмм20шбМя╝Йя╝МхЕищГих┐ЕхблхнЧцо╡ч╝║хд▒
2025-05-21 18:02:14,904 - DEBUG - хо╜цЭ╛цибх╝Пш╖│ш┐Зя╝Ичмм21шбМя╝Йя╝МхЕищГих┐ЕхблхнЧцо╡ч╝║хд▒
2025-05-21 18:02:14,904 - DEBUG - хо╜цЭ╛цибх╝Пш╖│ш┐Зя╝Ичмм22шбМя╝Йя╝МхЕищГих┐ЕхблхнЧцо╡ч╝║хд▒
2025-05-21 18:02:14,904 - DEBUG - хо╜цЭ╛цибх╝Пш╖│ш┐Зя╝Ичмм23шбМя╝Йя╝МхЕищГих┐ЕхблхнЧцо╡ч╝║хд▒
2025-05-21 18:02:14,904 - DEBUG - хо╜цЭ╛цибх╝Пш╖│ш┐Зя╝Ичмм24шбМя╝Йя╝МхЕищГих┐ЕхблхнЧцо╡ч╝║хд▒
2025-05-21 18:02:14,905 - DEBUG - хо╜цЭ╛цибх╝Пш╖│ш┐Зя╝Ичмм25шбМя╝Йя╝МхЕищГих┐ЕхблхнЧцо╡ч╝║хд▒
2025-05-21 18:02:14,905 - DEBUG - хо╜цЭ╛цибх╝Пш╖│ш┐Зя╝Ичмм26шбМя╝Йя╝МхЕищГих┐ЕхблхнЧцо╡ч╝║хд▒
2025-05-21 18:02:14,905 - DEBUG - хо╜цЭ╛цибх╝Пш╖│ш┐Зя╝Ичмм27шбМя╝Йя╝МхЕищГих┐ЕхблхнЧцо╡ч╝║хд▒
2025-05-21 18:02:14,905 - DEBUG - хо╜цЭ╛цибх╝Пш╖│ш┐Зя╝Ичмм28шбМя╝Йя╝МхЕищГих┐ЕхблхнЧцо╡ч╝║хд▒
2025-05-21 18:02:14,905 - DEBUG - хо╜цЭ╛цибх╝Пш╖│ш┐Зя╝Ичмм29шбМя╝Йя╝МхЕищГих┐ЕхблхнЧцо╡ч╝║хд▒
2025-05-21 18:02:14,905 - DEBUG - хо╜цЭ╛цибх╝Пш╖│ш┐Зя╝Ичмм30шбМя╝Йя╝МхЕищГих┐ЕхблхнЧцо╡ч╝║хд▒
2025-05-21 18:02:14,905 - DEBUG - хо╜цЭ╛цибх╝Пш╖│ш┐Зя╝Ичмм31шбМя╝Йя╝МхЕищГих┐ЕхблхнЧцо╡ч╝║хд▒
2025-05-21 18:02:14,905 - DEBUG - хо╜цЭ╛цибх╝Пш╖│ш┐Зя╝Ичмм32шбМя╝Йя╝МхЕищГих┐ЕхблхнЧцо╡ч╝║хд▒
2025-05-21 18:02:14,905 - DEBUG - хо╜цЭ╛цибх╝Пш╖│ш┐Зя╝Ичмм33шбМя╝Йя╝МхЕищГих┐ЕхблхнЧцо╡ч╝║хд▒
2025-05-21 18:02:14,905 - DEBUG - хо╜цЭ╛цибх╝Пш╖│ш┐Зя╝Ичмм34шбМя╝Йя╝МхЕищГих┐ЕхблхнЧцо╡ч╝║хд▒
2025-05-21 18:02:14,906 - DEBUG - хо╜цЭ╛цибх╝Пш╖│ш┐Зя╝Ичмм35шбМя╝Йя╝МхЕищГих┐ЕхблхнЧцо╡ч╝║хд▒
2025-05-21 18:02:14,906 - DEBUG - хо╜цЭ╛цибх╝Пш╖│ш┐Зя╝Ичмм36шбМя╝Йя╝МхЕищГих┐ЕхблхнЧцо╡ч╝║хд▒
2025-05-21 18:02:14,906 - DEBUG - хо╜цЭ╛цибх╝Пш╖│ш┐Зя╝Ичмм37шбМя╝Йя╝МхЕищГих┐ЕхблхнЧцо╡ч╝║хд▒
2025-05-21 18:02:14,906 - DEBUG - хо╜цЭ╛цибх╝Пш╖│ш┐Зя╝Ичмм38шбМя╝Йя╝МхЕищГих┐ЕхблхнЧцо╡ч╝║хд▒
2025-05-21 18:02:14,907 - DEBUG - хо╜цЭ╛цибх╝Пш╖│ш┐Зя╝Ичмм39шбМя╝Йя╝МхЕищГих┐ЕхблхнЧцо╡ч╝║хд▒
2025-05-21 18:02:14,907 - DEBUG - хо╜цЭ╛цибх╝Пш╖│ш┐Зя╝Ичмм40шбМя╝Йя╝МхЕищГих┐ЕхблхнЧцо╡ч╝║хд▒
2025-05-21 18:02:14,907 - DEBUG - хо╜цЭ╛цибх╝Пш╖│ш┐Зя╝Ичмм41шбМя╝Йя╝МхЕищГих┐ЕхблхнЧцо╡ч╝║хд▒
2025-05-21 18:02:14,907 - DEBUG - хо╜цЭ╛цибх╝Пш╖│ш┐Зя╝Ичмм42шбМя╝Йя╝МхЕищГих┐ЕхблхнЧцо╡ч╝║хд▒
2025-05-21 18:02:14,907 - DEBUG - хо╜цЭ╛цибх╝Пш╖│ш┐Зя╝Ичмм43шбМя╝Йя╝МхЕищГих┐ЕхблхнЧцо╡ч╝║хд▒
2025-05-21 18:02:14,907 - DEBUG - хо╜цЭ╛цибх╝Пш╖│ш┐Зя╝Ичмм44шбМя╝Йя╝МхЕищГих┐ЕхблхнЧцо╡ч╝║хд▒
2025-05-21 18:02:14,907 - DEBUG - хо╜цЭ╛цибх╝Пш╖│ш┐Зя╝Ичмм45шбМя╝Йя╝МхЕищГих┐ЕхблхнЧцо╡ч╝║хд▒
2025-05-21 18:02:14,907 - DEBUG - хо╜цЭ╛цибх╝Пш╖│ш┐Зя╝Ичмм46шбМя╝Йя╝МхЕищГих┐ЕхблхнЧцо╡ч╝║хд▒
2025-05-21 18:02:14,907 - DEBUG - хо╜цЭ╛цибх╝Пш╖│ш┐Зя╝Ичмм47шбМя╝Йя╝МхЕищГих┐ЕхблхнЧцо╡ч╝║хд▒
2025-05-21 18:02:14,907 - DEBUG - хо╜цЭ╛цибх╝Пш╖│ш┐Зя╝Ичмм48шбМя╝Йя╝МхЕищГих┐ЕхблхнЧцо╡ч╝║хд▒
2025-05-21 18:02:14,908 - DEBUG - хо╜цЭ╛цибх╝Пш╖│ш┐Зя╝Ичмм49шбМя╝Йя╝МхЕищГих┐ЕхблхнЧцо╡ч╝║хд▒
2025-05-21 18:02:14,908 - DEBUG - хо╜цЭ╛цибх╝Пш╖│ш┐Зя╝Ичмм50шбМя╝Йя╝МхЕищГих┐ЕхблхнЧцо╡ч╝║хд▒
2025-05-21 18:02:14,908 - DEBUG - хо╜цЭ╛цибх╝Пш╖│ш┐Зя╝Ичмм51шбМя╝Йя╝МхЕищГих┐ЕхблхнЧцо╡ч╝║хд▒
2025-05-21 18:02:14,908 - DEBUG - хо╜цЭ╛цибх╝Пш╖│ш┐Зя╝Ичмм52шбМя╝Йя╝МхЕищГих┐ЕхблхнЧцо╡ч╝║хд▒
2025-05-21 18:02:14,908 - DEBUG - хо╜цЭ╛цибх╝Пш╖│ш┐Зя╝Ичмм53шбМя╝Йя╝МхЕищГих┐ЕхблхнЧцо╡ч╝║хд▒
2025-05-21 18:02:14,908 - DEBUG - хо╜цЭ╛цибх╝Пш╖│ш┐Зя╝Ичмм54шбМя╝Йя╝МхЕищГих┐ЕхблхнЧцо╡ч╝║хд▒
2025-05-21 18:02:14,908 - DEBUG - хо╜цЭ╛цибх╝Пш╖│ш┐Зя╝Ичмм55шбМя╝Йя╝МхЕищГих┐ЕхблхнЧцо╡ч╝║хд▒
2025-05-21 18:02:14,908 - DEBUG - хо╜цЭ╛цибх╝Пш╖│ш┐Зя╝Ичмм56шбМя╝Йя╝МхЕищГих┐ЕхблхнЧцо╡ч╝║хд▒
2025-05-21 18:02:14,908 - DEBUG - хо╜цЭ╛цибх╝Пш╖│ш┐Зя╝Ичмм57шбМя╝Йя╝МхЕищГих┐ЕхблхнЧцо╡ч╝║хд▒
2025-05-21 18:02:14,908 - DEBUG - хо╜цЭ╛цибх╝Пш╖│ш┐Зя╝Ичмм58шбМя╝Йя╝МхЕищГих┐ЕхблхнЧцо╡ч╝║хд▒
2025-05-21 18:02:14,909 - DEBUG - хо╜цЭ╛цибх╝Пш╖│ш┐Зя╝Ичмм59шбМя╝Йя╝МхЕищГих┐ЕхблхнЧцо╡ч╝║хд▒
2025-05-21 18:02:14,909 - DEBUG - хо╜цЭ╛цибх╝Пш╖│ш┐Зя╝Ичмм60шбМя╝Йя╝МхЕищГих┐ЕхблхнЧцо╡ч╝║хд▒
2025-05-21 18:02:14,909 - DEBUG - хо╜цЭ╛цибх╝Пш╖│ш┐Зя╝Ичмм61шбМя╝Йя╝МхЕищГих┐ЕхблхнЧцо╡ч╝║хд▒
2025-05-21 18:02:14,909 - DEBUG - хо╜цЭ╛цибх╝Пш╖│ш┐Зя╝Ичмм62шбМя╝Йя╝МхЕищГих┐ЕхблхнЧцо╡ч╝║хд▒
2025-05-21 18:02:14,909 - DEBUG - хо╜цЭ╛цибх╝Пш╖│ш┐Зя╝Ичмм63шбМя╝Йя╝МхЕищГих┐ЕхблхнЧцо╡ч╝║хд▒
2025-05-21 18:02:14,909 - DEBUG - хо╜цЭ╛цибх╝Пш╖│ш┐Зя╝Ичмм64шбМя╝Йя╝МхЕищГих┐ЕхблхнЧцо╡ч╝║хд▒
2025-05-21 18:02:14,909 - DEBUG - хо╜цЭ╛цибх╝Пш╖│ш┐Зя╝Ичмм65шбМя╝Йя╝МхЕищГих┐ЕхблхнЧцо╡ч╝║хд▒
2025-05-21 18:02:14,909 - DEBUG - хо╜цЭ╛цибх╝Пш╖│ш┐Зя╝Ичмм66шбМя╝Йя╝МхЕищГих┐ЕхблхнЧцо╡ч╝║хд▒
2025-05-21 18:02:14,909 - DEBUG - хо╜цЭ╛цибх╝Пш╖│ш┐Зя╝Ичмм67шбМя╝Йя╝МхЕищГих┐ЕхблхнЧцо╡ч╝║хд▒
2025-05-21 18:02:14,910 - DEBUG - хо╜цЭ╛цибх╝Пш╖│ш┐Зя╝Ичмм68шбМя╝Йя╝МхЕищГих┐ЕхблхнЧцо╡ч╝║хд▒
2025-05-21 18:02:14,910 - DEBUG - хо╜цЭ╛цибх╝Пш╖│ш┐Зя╝Ичмм69шбМя╝Йя╝МхЕищГих┐ЕхблхнЧцо╡ч╝║хд▒
2025-05-21 18:02:14,910 - DEBUG - хо╜цЭ╛цибх╝Пш╖│ш┐Зя╝Ичмм70шбМя╝Йя╝МхЕищГих┐ЕхблхнЧцо╡ч╝║хд▒
2025-05-21 18:02:14,910 - DEBUG - хо╜цЭ╛цибх╝Пш╖│ш┐Зя╝Ичмм71шбМя╝Йя╝МхЕищГих┐ЕхблхнЧцо╡ч╝║хд▒
2025-05-21 18:02:14,910 - DEBUG - хо╜цЭ╛цибх╝Пш╖│ш┐Зя╝Ичмм72шбМя╝Йя╝МхЕищГих┐ЕхблхнЧцо╡ч╝║хд▒
2025-05-21 18:02:14,910 - DEBUG - хо╜цЭ╛цибх╝Пш╖│ш┐Зя╝Ичмм73шбМя╝Йя╝МхЕищГих┐ЕхблхнЧцо╡ч╝║хд▒
2025-05-21 18:02:14,910 - DEBUG - хо╜цЭ╛цибх╝Пш╖│ш┐Зя╝Ичмм74шбМя╝Йя╝МхЕищГих┐ЕхблхнЧцо╡ч╝║хд▒
2025-05-21 18:02:14,910 - DEBUG - хо╜цЭ╛цибх╝Пш╖│ш┐Зя╝Ичмм75шбМя╝Йя╝МхЕищГих┐ЕхблхнЧцо╡ч╝║хд▒
2025-05-21 18:02:14,910 - DEBUG - хо╜цЭ╛цибх╝Пш╖│ш┐Зя╝Ичмм76шбМя╝Йя╝МхЕищГих┐ЕхблхнЧцо╡ч╝║хд▒
2025-05-21 18:02:14,910 - DEBUG - хо╜цЭ╛цибх╝Пш╖│ш┐Зя╝Ичмм77шбМя╝Йя╝МхЕищГих┐ЕхблхнЧцо╡ч╝║хд▒
2025-05-21 18:02:14,911 - DEBUG - хо╜цЭ╛цибх╝Пш╖│ш┐Зя╝Ичмм78шбМя╝Йя╝МхЕищГих┐ЕхблхнЧцо╡ч╝║хд▒
2025-05-21 18:02:14,911 - DEBUG - хо╜цЭ╛цибх╝Пш╖│ш┐Зя╝Ичмм79шбМя╝Йя╝МхЕищГих┐ЕхблхнЧцо╡ч╝║хд▒
2025-05-21 18:02:14,911 - DEBUG - хо╜цЭ╛цибх╝Пш╖│ш┐Зя╝Ичмм80шбМя╝Йя╝МхЕищГих┐ЕхблхнЧцо╡ч╝║хд▒
2025-05-21 18:02:14,912 - DEBUG - хо╜цЭ╛цибх╝Пш╖│ш┐Зя╝Ичмм81шбМя╝Йя╝МхЕищГих┐ЕхблхнЧцо╡ч╝║хд▒
2025-05-21 18:02:14,912 - DEBUG - хо╜цЭ╛цибх╝Пш╖│ш┐Зя╝Ичмм82шбМя╝Йя╝МхЕищГих┐ЕхблхнЧцо╡ч╝║хд▒
2025-05-21 18:02:14,912 - DEBUG - хо╜цЭ╛цибх╝Пш╖│ш┐Зя╝Ичмм83шбМя╝Йя╝МхЕищГих┐ЕхблхнЧцо╡ч╝║хд▒
2025-05-21 18:02:14,912 - DEBUG - хо╜цЭ╛цибх╝Пш╖│ш┐Зя╝Ичмм84шбМя╝Йя╝МхЕищГих┐ЕхблхнЧцо╡ч╝║хд▒
2025-05-21 18:02:14,912 - DEBUG - хо╜цЭ╛цибх╝Пш╖│ш┐Зя╝Ичмм85шбМя╝Йя╝МхЕищГих┐ЕхблхнЧцо╡ч╝║хд▒
2025-05-21 18:02:14,912 - DEBUG - хо╜цЭ╛цибх╝Пш╖│ш┐Зя╝Ичмм86шбМя╝Йя╝МхЕищГих┐ЕхблхнЧцо╡ч╝║хд▒
2025-05-21 18:02:14,912 - DEBUG - хо╜цЭ╛цибх╝Пш╖│ш┐Зя╝Ичмм87шбМя╝Йя╝МхЕищГих┐ЕхблхнЧцо╡ч╝║хд▒
2025-05-21 18:02:14,912 - DEBUG - хо╜цЭ╛цибх╝Пш╖│ш┐Зя╝Ичмм88шбМя╝Йя╝МхЕищГих┐ЕхблхнЧцо╡ч╝║хд▒
2025-05-21 18:02:14,912 - DEBUG - хо╜цЭ╛цибх╝Пш╖│ш┐Зя╝Ичмм89шбМя╝Йя╝МхЕищГих┐ЕхблхнЧцо╡ч╝║хд▒
2025-05-21 18:02:14,913 - DEBUG - хо╜цЭ╛цибх╝Пш╖│ш┐Зя╝Ичмм90шбМя╝Йя╝МхЕищГих┐ЕхблхнЧцо╡ч╝║хд▒
2025-05-21 18:02:14,913 - DEBUG - хо╜цЭ╛цибх╝Пш╖│ш┐Зя╝Ичмм91шбМя╝Йя╝МхЕищГих┐ЕхблхнЧцо╡ч╝║хд▒
2025-05-21 18:02:14,913 - DEBUG - хо╜цЭ╛цибх╝Пш╖│ш┐Зя╝Ичмм92шбМя╝Йя╝МхЕищГих┐ЕхблхнЧцо╡ч╝║хд▒
2025-05-21 18:02:14,913 - DEBUG - хо╜цЭ╛цибх╝Пш╖│ш┐Зя╝Ичмм93шбМя╝Йя╝МхЕищГих┐ЕхблхнЧцо╡ч╝║хд▒
2025-05-21 18:02:14,913 - DEBUG - хо╜цЭ╛цибх╝Пш╖│ш┐Зя╝Ичмм94шбМя╝Йя╝МхЕищГих┐ЕхблхнЧцо╡ч╝║хд▒
2025-05-21 18:02:14,913 - DEBUG - хо╜цЭ╛цибх╝Пш╖│ш┐Зя╝Ичмм95шбМя╝Йя╝МхЕищГих┐ЕхблхнЧцо╡ч╝║хд▒
2025-05-21 18:02:14,913 - DEBUG - хо╜цЭ╛цибх╝Пш╖│ш┐Зя╝Ичмм96шбМя╝Йя╝МхЕищГих┐ЕхблхнЧцо╡ч╝║хд▒
2025-05-21 18:02:14,913 - DEBUG - хо╜цЭ╛цибх╝Пш╖│ш┐Зя╝Ичмм97шбМя╝Йя╝МхЕищГих┐ЕхблхнЧцо╡ч╝║хд▒
2025-05-21 18:02:14,913 - DEBUG - хо╜цЭ╛цибх╝Пш╖│ш┐Зя╝Ичмм98шбМя╝Йя╝МхЕищГих┐ЕхблхнЧцо╡ч╝║хд▒
2025-05-21 18:02:14,913 - DEBUG - хо╜цЭ╛цибх╝Пш╖│ш┐Зя╝Ичмм99шбМя╝Йя╝МхЕищГих┐ЕхблхнЧцо╡ч╝║хд▒
2025-05-21 18:02:14,914 - DEBUG - хо╜цЭ╛цибх╝Пш╖│ш┐Зя╝Ичмм100шбМя╝Йя╝МхЕищГих┐ЕхблхнЧцо╡ч╝║хд▒
2025-05-21 18:02:14,914 - DEBUG - хо╜цЭ╛цибх╝Пш╖│ш┐Зя╝Ичмм101шбМя╝Йя╝МхЕищГих┐ЕхблхнЧцо╡ч╝║хд▒
2025-05-21 18:02:14,914 - DEBUG - хо╜цЭ╛цибх╝Пш╖│ш┐Зя╝Ичмм102шбМя╝Йя╝МхЕищГих┐ЕхблхнЧцо╡ч╝║хд▒
2025-05-21 18:02:14,914 - DEBUG - хо╜цЭ╛цибх╝Пш╖│ш┐Зя╝Ичмм103шбМя╝Йя╝МхЕищГих┐ЕхблхнЧцо╡ч╝║хд▒
2025-05-21 18:02:14,914 - DEBUG - хо╜цЭ╛цибх╝Пш╖│ш┐Зя╝Ичмм104шбМя╝Йя╝МхЕищГих┐ЕхблхнЧцо╡ч╝║хд▒
2025-05-21 18:02:14,914 - DEBUG - хо╜цЭ╛цибх╝Пш╖│ш┐Зя╝Ичмм105шбМя╝Йя╝МхЕищГих┐ЕхблхнЧцо╡ч╝║хд▒
2025-05-21 18:02:14,914 - DEBUG - хо╜цЭ╛цибх╝Пш╖│ш┐Зя╝Ичмм106шбМя╝Йя╝МхЕищГих┐ЕхблхнЧцо╡ч╝║хд▒
2025-05-21 18:02:14,914 - DEBUG - хо╜цЭ╛цибх╝Пш╖│ш┐Зя╝Ичмм107шбМя╝Йя╝МхЕищГих┐ЕхблхнЧцо╡ч╝║хд▒
2025-05-21 18:02:14,914 - DEBUG - хо╜цЭ╛цибх╝Пш╖│ш┐Зя╝Ичмм108шбМя╝Йя╝МхЕищГих┐ЕхблхнЧцо╡ч╝║хд▒
2025-05-21 18:02:14,915 - DEBUG - хо╜цЭ╛цибх╝Пш╖│ш┐Зя╝Ичмм109шбМя╝Йя╝МхЕищГих┐ЕхблхнЧцо╡ч╝║хд▒
2025-05-21 18:02:14,915 - DEBUG - хо╜цЭ╛цибх╝Пш╖│ш┐Зя╝Ичмм110шбМя╝Йя╝МхЕищГих┐ЕхблхнЧцо╡ч╝║хд▒
2025-05-21 18:02:14,915 - DEBUG - хо╜цЭ╛цибх╝Пш╖│ш┐Зя╝Ичмм111шбМя╝Йя╝МхЕищГих┐ЕхблхнЧцо╡ч╝║хд▒
2025-05-21 18:02:14,915 - DEBUG - хо╜цЭ╛цибх╝Пш╖│ш┐Зя╝Ичмм112шбМя╝Йя╝МхЕищГих┐ЕхблхнЧцо╡ч╝║хд▒
2025-05-21 18:02:14,915 - DEBUG - хо╜цЭ╛цибх╝Пш╖│ш┐Зя╝Ичмм113шбМя╝Йя╝МхЕищГих┐ЕхблхнЧцо╡ч╝║хд▒
2025-05-21 18:02:14,915 - DEBUG - хо╜цЭ╛цибх╝Пш╖│ш┐Зя╝Ичмм114шбМя╝Йя╝МхЕищГих┐ЕхблхнЧцо╡ч╝║хд▒
2025-05-21 18:02:14,915 - DEBUG - хо╜цЭ╛цибх╝Пш╖│ш┐Зя╝Ичмм115шбМя╝Йя╝МхЕищГих┐ЕхблхнЧцо╡ч╝║хд▒
2025-05-21 18:02:14,915 - DEBUG - хо╜цЭ╛цибх╝Пш╖│ш┐Зя╝Ичмм116шбМя╝Йя╝МхЕищГих┐ЕхблхнЧцо╡ч╝║хд▒
2025-05-21 18:02:14,915 - DEBUG - хо╜цЭ╛цибх╝Пш╖│ш┐Зя╝Ичмм117шбМя╝Йя╝МхЕищГих┐ЕхблхнЧцо╡ч╝║хд▒
2025-05-21 18:02:14,915 - DEBUG - хо╜цЭ╛цибх╝Пш╖│ш┐Зя╝Ичмм118шбМя╝Йя╝МхЕищГих┐ЕхблхнЧцо╡ч╝║хд▒
2025-05-21 18:02:14,916 - DEBUG - хо╜цЭ╛цибх╝Пш╖│ш┐Зя╝Ичмм119шбМя╝Йя╝МхЕищГих┐ЕхблхнЧцо╡ч╝║хд▒
2025-05-21 18:02:14,916 - DEBUG - хо╜цЭ╛цибх╝Пш╖│ш┐Зя╝Ичмм120шбМя╝Йя╝МхЕищГих┐ЕхблхнЧцо╡ч╝║хд▒
2025-05-21 18:02:14,917 - DEBUG - хо╜цЭ╛цибх╝Пш╖│ш┐Зя╝Ичмм121шбМя╝Йя╝МхЕищГих┐ЕхблхнЧцо╡ч╝║хд▒
2025-05-21 18:02:14,917 - DEBUG - хо╜цЭ╛цибх╝Пш╖│ш┐Зя╝Ичмм122шбМя╝Йя╝МхЕищГих┐ЕхблхнЧцо╡ч╝║хд▒
2025-05-21 18:02:14,917 - DEBUG - хо╜цЭ╛цибх╝Пш╖│ш┐Зя╝Ичмм123шбМя╝Йя╝МхЕищГих┐ЕхблхнЧцо╡ч╝║хд▒
2025-05-21 18:02:14,917 - DEBUG - хо╜цЭ╛цибх╝Пш╖│ш┐Зя╝Ичмм124шбМя╝Йя╝МхЕищГих┐ЕхблхнЧцо╡ч╝║хд▒
2025-05-21 18:02:14,917 - DEBUG - хо╜цЭ╛цибх╝Пш╖│ш┐Зя╝Ичмм125шбМя╝Йя╝МхЕищГих┐ЕхблхнЧцо╡ч╝║хд▒
2025-05-21 18:02:14,917 - DEBUG - хо╜цЭ╛цибх╝Пш╖│ш┐Зя╝Ичмм126шбМя╝Йя╝МхЕищГих┐ЕхблхнЧцо╡ч╝║хд▒
2025-05-21 18:02:14,917 - DEBUG - хо╜цЭ╛цибх╝Пш╖│ш┐Зя╝Ичмм127шбМя╝Йя╝МхЕищГих┐ЕхблхнЧцо╡ч╝║хд▒
2025-05-21 18:02:14,917 - DEBUG - хо╜цЭ╛цибх╝Пш╖│ш┐Зя╝Ичмм128шбМя╝Йя╝МхЕищГих┐ЕхблхнЧцо╡ч╝║хд▒
2025-05-21 18:02:14,917 - DEBUG - хо╜цЭ╛цибх╝Пш╖│ш┐Зя╝Ичмм129шбМя╝Йя╝МхЕищГих┐ЕхблхнЧцо╡ч╝║хд▒
2025-05-21 18:02:14,918 - DEBUG - хо╜цЭ╛цибх╝Пш╖│ш┐Зя╝Ичмм130шбМя╝Йя╝МхЕищГих┐ЕхблхнЧцо╡ч╝║хд▒
2025-05-21 18:02:14,918 - DEBUG - хо╜цЭ╛цибх╝Пш╖│ш┐Зя╝Ичмм131шбМя╝Йя╝МхЕищГих┐ЕхблхнЧцо╡ч╝║хд▒
2025-05-21 18:02:14,918 - DEBUG - хо╜цЭ╛цибх╝Пш╖│ш┐Зя╝Ичмм132шбМя╝Йя╝МхЕищГих┐ЕхблхнЧцо╡ч╝║хд▒
2025-05-21 18:02:14,918 - DEBUG - хо╜цЭ╛цибх╝Пш╖│ш┐Зя╝Ичмм133шбМя╝Йя╝МхЕищГих┐ЕхблхнЧцо╡ч╝║хд▒
2025-05-21 18:02:14,918 - DEBUG - хо╜цЭ╛цибх╝Пш╖│ш┐Зя╝Ичмм134шбМя╝Йя╝МхЕищГих┐ЕхблхнЧцо╡ч╝║хд▒
2025-05-21 18:02:14,918 - DEBUG - хо╜цЭ╛цибх╝Пш╖│ш┐Зя╝Ичмм135шбМя╝Йя╝МхЕищГих┐ЕхблхнЧцо╡ч╝║хд▒
2025-05-21 18:02:14,918 - DEBUG - хо╜цЭ╛цибх╝Пш╖│ш┐Зя╝Ичмм136шбМя╝Йя╝МхЕищГих┐ЕхблхнЧцо╡ч╝║хд▒
2025-05-21 18:02:14,918 - DEBUG - хо╜цЭ╛цибх╝Пш╖│ш┐Зя╝Ичмм137шбМя╝Йя╝МхЕищГих┐ЕхблхнЧцо╡ч╝║хд▒
2025-05-21 18:02:14,918 - DEBUG - хо╜цЭ╛цибх╝Пш╖│ш┐Зя╝Ичмм138шбМя╝Йя╝МхЕищГих┐ЕхблхнЧцо╡ч╝║хд▒
2025-05-21 18:02:14,919 - DEBUG - хо╜цЭ╛цибх╝Пш╖│ш┐Зя╝Ичмм139шбМя╝Йя╝МхЕищГих┐ЕхблхнЧцо╡ч╝║хд▒
2025-05-21 18:02:14,919 - DEBUG - хо╜цЭ╛цибх╝Пш╖│ш┐Зя╝Ичмм140шбМя╝Йя╝МхЕищГих┐ЕхблхнЧцо╡ч╝║хд▒
2025-05-21 18:02:14,919 - DEBUG - хо╜цЭ╛цибх╝Пш╖│ш┐Зя╝Ичмм141шбМя╝Йя╝МхЕищГих┐ЕхблхнЧцо╡ч╝║хд▒
2025-05-21 18:02:14,919 - DEBUG - хо╜цЭ╛цибх╝Пш╖│ш┐Зя╝Ичмм142шбМя╝Йя╝МхЕищГих┐ЕхблхнЧцо╡ч╝║хд▒
2025-05-21 18:02:14,919 - DEBUG - хо╜цЭ╛цибх╝Пш╖│ш┐Зя╝Ичмм143шбМя╝Йя╝МхЕищГих┐ЕхблхнЧцо╡ч╝║хд▒
2025-05-21 18:02:14,919 - DEBUG - хо╜цЭ╛цибх╝Пш╖│ш┐Зя╝Ичмм144шбМя╝Йя╝МхЕищГих┐ЕхблхнЧцо╡ч╝║хд▒
2025-05-21 18:02:14,919 - DEBUG - хо╜цЭ╛цибх╝Пш╖│ш┐Зя╝Ичмм145шбМя╝Йя╝МхЕищГих┐ЕхблхнЧцо╡ч╝║хд▒
2025-05-21 18:02:14,919 - DEBUG - хо╜цЭ╛цибх╝Пш╖│ш┐Зя╝Ичмм146шбМя╝Йя╝МхЕищГих┐ЕхблхнЧцо╡ч╝║хд▒
2025-05-21 18:02:14,919 - DEBUG - хо╜цЭ╛цибх╝Пш╖│ш┐Зя╝Ичмм147шбМя╝Йя╝МхЕищГих┐ЕхблхнЧцо╡ч╝║хд▒
2025-05-21 18:02:14,920 - DEBUG - хо╜цЭ╛цибх╝Пш╖│ш┐Зя╝Ичмм148шбМя╝Йя╝МхЕищГих┐ЕхблхнЧцо╡ч╝║хд▒
2025-05-21 18:02:14,920 - DEBUG - хо╜цЭ╛цибх╝Пш╖│ш┐Зя╝Ичмм149шбМя╝Йя╝МхЕищГих┐ЕхблхнЧцо╡ч╝║хд▒
2025-05-21 18:02:14,920 - DEBUG - хо╜цЭ╛цибх╝Пш╖│ш┐Зя╝Ичмм150шбМя╝Йя╝МхЕищГих┐ЕхблхнЧцо╡ч╝║хд▒
2025-05-21 18:02:14,920 - DEBUG - хо╜цЭ╛цибх╝Пш╖│ш┐Зя╝Ичмм151шбМя╝Йя╝МхЕищГих┐ЕхблхнЧцо╡ч╝║хд▒
2025-05-21 18:02:14,920 - DEBUG - хо╜цЭ╛цибх╝Пш╖│ш┐Зя╝Ичмм152шбМя╝Йя╝МхЕищГих┐ЕхблхнЧцо╡ч╝║хд▒
2025-05-21 18:02:14,920 - DEBUG - хо╜цЭ╛цибх╝Пш╖│ш┐Зя╝Ичмм153шбМя╝Йя╝МхЕищГих┐ЕхблхнЧцо╡ч╝║хд▒
2025-05-21 18:02:14,920 - DEBUG - хо╜цЭ╛цибх╝Пш╖│ш┐Зя╝Ичмм154шбМя╝Йя╝МхЕищГих┐ЕхблхнЧцо╡ч╝║хд▒
2025-05-21 18:02:14,920 - DEBUG - хо╜цЭ╛цибх╝Пш╖│ш┐Зя╝Ичмм155шбМя╝Йя╝МхЕищГих┐ЕхблхнЧцо╡ч╝║хд▒
2025-05-21 18:02:14,920 - DEBUG - хо╜цЭ╛цибх╝Пш╖│ш┐Зя╝Ичмм156шбМя╝Йя╝МхЕищГих┐ЕхблхнЧцо╡ч╝║хд▒
2025-05-21 18:02:14,921 - DEBUG - хо╜цЭ╛цибх╝Пш╖│ш┐Зя╝Ичмм157шбМя╝Йя╝МхЕищГих┐ЕхблхнЧцо╡ч╝║хд▒
2025-05-21 18:02:14,921 - DEBUG - хо╜цЭ╛цибх╝Пш╖│ш┐Зя╝Ичмм158шбМя╝Йя╝МхЕищГих┐ЕхблхнЧцо╡ч╝║хд▒
2025-05-21 18:02:14,921 - DEBUG - хо╜цЭ╛цибх╝Пш╖│ш┐Зя╝Ичмм159шбМя╝Йя╝МхЕищГих┐ЕхблхнЧцо╡ч╝║хд▒
2025-05-21 18:02:14,921 - DEBUG - хо╜цЭ╛цибх╝Пш╖│ш┐Зя╝Ичмм160шбМя╝Йя╝МхЕищГих┐ЕхблхнЧцо╡ч╝║хд▒
2025-05-21 18:02:14,921 - DEBUG - хо╜цЭ╛цибх╝Пш╖│ш┐Зя╝Ичмм161шбМя╝Йя╝МхЕищГих┐ЕхблхнЧцо╡ч╝║хд▒
2025-05-21 18:02:14,922 - DEBUG - хо╜цЭ╛цибх╝Пш╖│ш┐Зя╝Ичмм162шбМя╝Йя╝МхЕищГих┐ЕхблхнЧцо╡ч╝║хд▒
2025-05-21 18:02:14,922 - DEBUG - хо╜цЭ╛цибх╝Пш╖│ш┐Зя╝Ичмм163шбМя╝Йя╝МхЕищГих┐ЕхблхнЧцо╡ч╝║хд▒
2025-05-21 18:02:14,922 - DEBUG - хо╜цЭ╛цибх╝Пш╖│ш┐Зя╝Ичмм164шбМя╝Йя╝МхЕищГих┐ЕхблхнЧцо╡ч╝║хд▒
2025-05-21 18:02:14,922 - DEBUG - хо╜цЭ╛цибх╝Пш╖│ш┐Зя╝Ичмм165шбМя╝Йя╝МхЕищГих┐ЕхблхнЧцо╡ч╝║хд▒
2025-05-21 18:02:14,922 - DEBUG - хо╜цЭ╛цибх╝Пш╖│ш┐Зя╝Ичмм166шбМя╝Йя╝МхЕищГих┐ЕхблхнЧцо╡ч╝║хд▒
2025-05-21 18:02:14,922 - DEBUG - хо╜цЭ╛цибх╝Пш╖│ш┐Зя╝Ичмм167шбМя╝Йя╝МхЕищГих┐ЕхблхнЧцо╡ч╝║хд▒
2025-05-21 18:02:14,922 - DEBUG - хо╜цЭ╛цибх╝Пш╖│ш┐Зя╝Ичмм168шбМя╝Йя╝МхЕищГих┐ЕхблхнЧцо╡ч╝║хд▒
2025-05-21 18:02:14,922 - DEBUG - хо╜цЭ╛цибх╝Пш╖│ш┐Зя╝Ичмм169шбМя╝Йя╝МхЕищГих┐ЕхблхнЧцо╡ч╝║хд▒
2025-05-21 18:02:14,922 - DEBUG - хо╜цЭ╛цибх╝Пш╖│ш┐Зя╝Ичмм170шбМя╝Йя╝МхЕищГих┐ЕхблхнЧцо╡ч╝║хд▒
2025-05-21 18:02:14,923 - DEBUG - хо╜цЭ╛цибх╝Пш╖│ш┐Зя╝Ичмм171шбМя╝Йя╝МхЕищГих┐ЕхблхнЧцо╡ч╝║хд▒
2025-05-21 18:02:14,923 - DEBUG - хо╜цЭ╛цибх╝Пш╖│ш┐Зя╝Ичмм172шбМя╝Йя╝МхЕищГих┐ЕхблхнЧцо╡ч╝║хд▒
2025-05-21 18:02:14,923 - DEBUG - хо╜цЭ╛цибх╝Пш╖│ш┐Зя╝Ичмм173шбМя╝Йя╝МхЕищГих┐ЕхблхнЧцо╡ч╝║хд▒
2025-05-21 18:02:14,923 - DEBUG - хо╜цЭ╛цибх╝Пш╖│ш┐Зя╝Ичмм174шбМя╝Йя╝МхЕищГих┐ЕхблхнЧцо╡ч╝║хд▒
2025-05-21 18:02:14,923 - DEBUG - хо╜цЭ╛цибх╝Пш╖│ш┐Зя╝Ичмм175шбМя╝Йя╝МхЕищГих┐ЕхблхнЧцо╡ч╝║хд▒
2025-05-21 18:02:14,923 - DEBUG - хо╜цЭ╛цибх╝Пш╖│ш┐Зя╝Ичмм176шбМя╝Йя╝МхЕищГих┐ЕхблхнЧцо╡ч╝║хд▒
2025-05-21 18:02:14,923 - DEBUG - хо╜цЭ╛цибх╝Пш╖│ш┐Зя╝Ичмм177шбМя╝Йя╝МхЕищГих┐ЕхблхнЧцо╡ч╝║хд▒
2025-05-21 18:02:14,923 - DEBUG - хо╜цЭ╛цибх╝Пш╖│ш┐Зя╝Ичмм178шбМя╝Йя╝МхЕищГих┐ЕхблхнЧцо╡ч╝║хд▒
2025-05-21 18:02:14,923 - DEBUG - хо╜цЭ╛цибх╝Пш╖│ш┐Зя╝Ичмм179шбМя╝Йя╝МхЕищГих┐ЕхблхнЧцо╡ч╝║хд▒
2025-05-21 18:02:14,924 - DEBUG - хо╜цЭ╛цибх╝Пш╖│ш┐Зя╝Ичмм180шбМя╝Йя╝МхЕищГих┐ЕхблхнЧцо╡ч╝║хд▒
2025-05-21 18:02:14,924 - DEBUG - хо╜цЭ╛цибх╝Пш╖│ш┐Зя╝Ичмм181шбМя╝Йя╝МхЕищГих┐ЕхблхнЧцо╡ч╝║хд▒
2025-05-21 18:02:14,924 - DEBUG - хо╜цЭ╛цибх╝Пш╖│ш┐Зя╝Ичмм182шбМя╝Йя╝МхЕищГих┐ЕхблхнЧцо╡ч╝║хд▒
2025-05-21 18:02:14,924 - DEBUG - хо╜цЭ╛цибх╝Пш╖│ш┐Зя╝Ичмм183шбМя╝Йя╝МхЕищГих┐ЕхблхнЧцо╡ч╝║хд▒
2025-05-21 18:02:14,924 - DEBUG - хо╜цЭ╛цибх╝Пш╖│ш┐Зя╝Ичмм184шбМя╝Йя╝МхЕищГих┐ЕхблхнЧцо╡ч╝║хд▒
2025-05-21 18:02:14,924 - DEBUG - хо╜цЭ╛цибх╝Пш╖│ш┐Зя╝Ичмм185шбМя╝Йя╝МхЕищГих┐ЕхблхнЧцо╡ч╝║хд▒
2025-05-21 18:02:14,924 - DEBUG - хо╜цЭ╛цибх╝Пш╖│ш┐Зя╝Ичмм186шбМя╝Йя╝МхЕищГих┐ЕхблхнЧцо╡ч╝║хд▒
2025-05-21 18:02:14,924 - DEBUG - хо╜цЭ╛цибх╝Пш╖│ш┐Зя╝Ичмм187шбМя╝Йя╝МхЕищГих┐ЕхблхнЧцо╡ч╝║хд▒
2025-05-21 18:02:14,929 - INFO - тЬЕ х╖еф╜Ьшби [Sheet1] хдДчРЖхоМцИРя╝МхЕ▒цЫ┤цЦ░ 70 шбМцХ░цНо
2025-05-21 18:02:14,929 - INFO - ЁЯФи х╝АхзЛхдДчРЖх╖еф╜Ьшби [COORDINATED]
2025-05-21 18:02:14,930 - DEBUG - ЁЯУЛ х╝АхзЛшзгцЮРцЦЗф╗╢d:\pyscript\SNT\snt\250520_PendingPoSnt.xlsx
2025-05-21 18:02:14,941 - DEBUG - хо╜цЭ╛цибх╝Пф┐ЭчХЩя╝Ичмм88шбМя╝Йя╝МщГихИЖч╝║хд▒хнЧцо╡я╝Ъpo
2025-05-21 18:02:14,945 - INFO - ЁЯУе х╖▓хКаш╜╜ 121 цЭбцЬЙцХИхЯ║хЗЖцХ░цНо
2025-05-21 18:02:14,945 - INFO - ЁЯФД цнгхЬихдДчРЖ [response] цЦЗф╗╢хд╣хЖЕцХ░цНо...
2025-05-21 18:02:14,946 - DEBUG - ЁЯУЛ х╝АхзЛшзгцЮРцЦЗф╗╢d:\pyscript\SNT\res\250520_PendingPoSnt Allen Yvie.xlsx
2025-05-21 18:02:14,949 - DEBUG - хо╜цЭ╛цибх╝Пш╖│ш┐Зя╝Ичмм2шбМя╝Йя╝МхЕищГих┐ЕхблхнЧцо╡ч╝║хд▒
2025-05-21 18:02:14,949 - DEBUG - хо╜цЭ╛цибх╝Пф┐ЭчХЩя╝Ичмм3шбМя╝Йя╝МщГихИЖч╝║хд▒хнЧцо╡я╝ЪREMARK
2025-05-21 18:02:14,949 - DEBUG - хо╜цЭ╛цибх╝Пш╖│ш┐Зя╝Ичмм4шбМя╝Йя╝МхЕищГих┐ЕхблхнЧцо╡ч╝║хд▒
2025-05-21 18:02:14,949 - DEBUG - хо╜цЭ╛цибх╝Пф┐ЭчХЩя╝Ичмм5шбМя╝Йя╝МщГихИЖч╝║хд▒хнЧцо╡я╝ЪREMARK
2025-05-21 18:02:14,949 - DEBUG - хо╜цЭ╛цибх╝Пф┐ЭчХЩя╝Ичмм6шбМя╝Йя╝МщГихИЖч╝║хд▒хнЧцо╡я╝Ъfwd_feedback
2025-05-21 18:02:14,950 - DEBUG - хо╜цЭ╛цибх╝Пф┐ЭчХЩя╝Ичмм7шбМя╝Йя╝МщГихИЖч╝║хд▒хнЧцо╡я╝Ъfwd_feedback
2025-05-21 18:02:14,950 - DEBUG - хо╜цЭ╛цибх╝Пф┐ЭчХЩя╝Ичмм8шбМя╝Йя╝МщГихИЖч╝║хд▒хнЧцо╡я╝ЪREMARK
2025-05-21 18:02:14,950 - DEBUG - хо╜цЭ╛цибх╝Пф┐ЭчХЩя╝Ичмм9шбМя╝Йя╝МщГихИЖч╝║хд▒хнЧцо╡я╝ЪREMARK
2025-05-21 18:02:14,950 - DEBUG - хо╜цЭ╛цибх╝Пф┐ЭчХЩя╝Ичмм10шбМя╝Йя╝МщГихИЖч╝║хд▒хнЧцо╡я╝ЪREMARK
2025-05-21 18:02:14,950 - DEBUG - хо╜цЭ╛цибх╝Пф┐ЭчХЩя╝Ичмм11шбМя╝Йя╝МщГихИЖч╝║хд▒хнЧцо╡я╝Ъfwd_feedback
2025-05-21 18:02:14,950 - DEBUG - хо╜цЭ╛цибх╝Пф┐ЭчХЩя╝Ичмм12шбМя╝Йя╝МщГихИЖч╝║хд▒хнЧцо╡я╝ЪREMARK
2025-05-21 18:02:14,950 - DEBUG - хо╜цЭ╛цибх╝Пф┐ЭчХЩя╝Ичмм13шбМя╝Йя╝МщГихИЖч╝║хд▒хнЧцо╡я╝Ъfwd_feedback
2025-05-21 18:02:14,951 - DEBUG - хо╜цЭ╛цибх╝Пф┐ЭчХЩя╝Ичмм14шбМя╝Йя╝МщГихИЖч╝║хд▒хнЧцо╡я╝ЪREMARK
2025-05-21 18:02:14,951 - DEBUG - хо╜цЭ╛цибх╝Пф┐ЭчХЩя╝Ичмм15шбМя╝Йя╝МщГихИЖч╝║хд▒хнЧцо╡я╝Ъfwd_feedback
2025-05-21 18:02:14,951 - DEBUG - хо╜цЭ╛цибх╝Пф┐ЭчХЩя╝Ичмм16шбМя╝Йя╝МщГихИЖч╝║хд▒хнЧцо╡я╝ЪREMARK
2025-05-21 18:02:14,951 - DEBUG - хо╜цЭ╛цибх╝Пф┐ЭчХЩя╝Ичмм17шбМя╝Йя╝МщГихИЖч╝║хд▒хнЧцо╡я╝ЪREMARK
2025-05-21 18:02:14,951 - DEBUG - хо╜цЭ╛цибх╝Пф┐ЭчХЩя╝Ичмм18шбМя╝Йя╝МщГихИЖч╝║хд▒хнЧцо╡я╝ЪREMARK
2025-05-21 18:02:14,951 - DEBUG - хо╜цЭ╛цибх╝Пф┐ЭчХЩя╝Ичмм19шбМя╝Йя╝МщГихИЖч╝║хд▒хнЧцо╡я╝ЪREMARK
2025-05-21 18:02:14,951 - DEBUG - хо╜цЭ╛цибх╝Пф┐ЭчХЩя╝Ичмм20шбМя╝Йя╝МщГихИЖч╝║хд▒хнЧцо╡я╝Ъfwd_feedback
2025-05-21 18:02:14,952 - DEBUG - хо╜цЭ╛цибх╝Пф┐ЭчХЩя╝Ичмм21шбМя╝Йя╝МщГихИЖч╝║хд▒хнЧцо╡я╝Ъfwd_feedback
2025-05-21 18:02:14,952 - DEBUG - хо╜цЭ╛цибх╝Пф┐ЭчХЩя╝Ичмм22шбМя╝Йя╝МщГихИЖч╝║хд▒хнЧцо╡я╝ЪREMARK
2025-05-21 18:02:14,952 - DEBUG - хо╜цЭ╛цибх╝Пф┐ЭчХЩя╝Ичмм23шбМя╝Йя╝МщГихИЖч╝║хд▒хнЧцо╡я╝ЪREMARK
2025-05-21 18:02:14,952 - DEBUG - хо╜цЭ╛цибх╝Пф┐ЭчХЩя╝Ичмм24шбМя╝Йя╝МщГихИЖч╝║хд▒хнЧцо╡я╝ЪREMARK
2025-05-21 18:02:14,952 - DEBUG - хо╜цЭ╛цибх╝Пф┐ЭчХЩя╝Ичмм25шбМя╝Йя╝МщГихИЖч╝║хд▒хнЧцо╡я╝ЪREMARK
2025-05-21 18:02:14,952 - DEBUG - хо╜цЭ╛цибх╝Пф┐ЭчХЩя╝Ичмм26шбМя╝Йя╝МщГихИЖч╝║хд▒хнЧцо╡я╝ЪREMARK
2025-05-21 18:02:14,952 - DEBUG - хо╜цЭ╛цибх╝Пф┐ЭчХЩя╝Ичмм27шбМя╝Йя╝МщГихИЖч╝║хд▒хнЧцо╡я╝Ъfwd_feedback
2025-05-21 18:02:14,952 - DEBUG - хо╜цЭ╛цибх╝Пш╖│ш┐Зя╝Ичмм28шбМя╝Йя╝МхЕищГих┐ЕхблхнЧцо╡ч╝║хд▒
2025-05-21 18:02:14,953 - DEBUG - хо╜цЭ╛цибх╝Пш╖│ш┐Зя╝Ичмм29шбМя╝Йя╝МхЕищГих┐ЕхблхнЧцо╡ч╝║хд▒
2025-05-21 18:02:14,953 - DEBUG - хо╜цЭ╛цибх╝Пш╖│ш┐Зя╝Ичмм30шбМя╝Йя╝МхЕищГих┐ЕхблхнЧцо╡ч╝║хд▒
2025-05-21 18:02:14,953 - DEBUG - хо╜цЭ╛цибх╝Пш╖│ш┐Зя╝Ичмм31шбМя╝Йя╝МхЕищГих┐ЕхблхнЧцо╡ч╝║хд▒
2025-05-21 18:02:14,954 - DEBUG - хо╜цЭ╛цибх╝Пш╖│ш┐Зя╝Ичмм32шбМя╝Йя╝МхЕищГих┐ЕхблхнЧцо╡ч╝║хд▒
2025-05-21 18:02:14,954 - DEBUG - хо╜цЭ╛цибх╝Пш╖│ш┐Зя╝Ичмм33шбМя╝Йя╝МхЕищГих┐ЕхблхнЧцо╡ч╝║хд▒
2025-05-21 18:02:14,954 - DEBUG - хо╜цЭ╛цибх╝Пш╖│ш┐Зя╝Ичмм34шбМя╝Йя╝МхЕищГих┐ЕхблхнЧцо╡ч╝║хд▒
2025-05-21 18:02:14,954 - DEBUG - хо╜цЭ╛цибх╝Пш╖│ш┐Зя╝Ичмм35шбМя╝Йя╝МхЕищГих┐ЕхблхнЧцо╡ч╝║хд▒
2025-05-21 18:02:14,954 - DEBUG - хо╜цЭ╛цибх╝Пш╖│ш┐Зя╝Ичмм36шбМя╝Йя╝МхЕищГих┐ЕхблхнЧцо╡ч╝║хд▒
2025-05-21 18:02:14,954 - DEBUG - хо╜цЭ╛цибх╝Пш╖│ш┐Зя╝Ичмм37шбМя╝Йя╝МхЕищГих┐ЕхблхнЧцо╡ч╝║хд▒
2025-05-21 18:02:14,954 - DEBUG - хо╜цЭ╛цибх╝Пш╖│ш┐Зя╝Ичмм38шбМя╝Йя╝МхЕищГих┐ЕхблхнЧцо╡ч╝║хд▒
2025-05-21 18:02:14,954 - DEBUG - хо╜цЭ╛цибх╝Пш╖│ш┐Зя╝Ичмм39шбМя╝Йя╝МхЕищГих┐ЕхблхнЧцо╡ч╝║хд▒
2025-05-21 18:02:14,954 - DEBUG - хо╜цЭ╛цибх╝Пш╖│ш┐Зя╝Ичмм40шбМя╝Йя╝МхЕищГих┐ЕхблхнЧцо╡ч╝║хд▒
2025-05-21 18:02:14,955 - DEBUG - хо╜цЭ╛цибх╝Пш╖│ш┐Зя╝Ичмм41шбМя╝Йя╝МхЕищГих┐ЕхблхнЧцо╡ч╝║хд▒
2025-05-21 18:02:14,955 - DEBUG - хо╜цЭ╛цибх╝Пш╖│ш┐Зя╝Ичмм42шбМя╝Йя╝МхЕищГих┐ЕхблхнЧцо╡ч╝║хд▒
2025-05-21 18:02:14,955 - DEBUG - хо╜цЭ╛цибх╝Пш╖│ш┐Зя╝Ичмм43шбМя╝Йя╝МхЕищГих┐ЕхблхнЧцо╡ч╝║хд▒
2025-05-21 18:02:14,955 - DEBUG - хо╜цЭ╛цибх╝Пш╖│ш┐Зя╝Ичмм44шбМя╝Йя╝МхЕищГих┐ЕхблхнЧцо╡ч╝║хд▒
2025-05-21 18:02:14,955 - DEBUG - хо╜цЭ╛цибх╝Пш╖│ш┐Зя╝Ичмм45шбМя╝Йя╝МхЕищГих┐ЕхблхнЧцо╡ч╝║хд▒
2025-05-21 18:02:14,955 - DEBUG - хо╜цЭ╛цибх╝Пш╖│ш┐Зя╝Ичмм46шбМя╝Йя╝МхЕищГих┐ЕхблхнЧцо╡ч╝║хд▒
2025-05-21 18:02:14,955 - DEBUG - хо╜цЭ╛цибх╝Пш╖│ш┐Зя╝Ичмм47шбМя╝Йя╝МхЕищГих┐ЕхблхнЧцо╡ч╝║хд▒
2025-05-21 18:02:14,955 - DEBUG - хо╜цЭ╛цибх╝Пш╖│ш┐Зя╝Ичмм48шбМя╝Йя╝МхЕищГих┐ЕхблхнЧцо╡ч╝║хд▒
2025-05-21 18:02:14,955 - DEBUG - хо╜цЭ╛цибх╝Пш╖│ш┐Зя╝Ичмм49шбМя╝Йя╝МхЕищГих┐ЕхблхнЧцо╡ч╝║хд▒
2025-05-21 18:02:14,956 - DEBUG - хо╜цЭ╛цибх╝Пш╖│ш┐Зя╝Ичмм50шбМя╝Йя╝МхЕищГих┐ЕхблхнЧцо╡ч╝║хд▒
2025-05-21 18:02:14,956 - DEBUG - хо╜цЭ╛цибх╝Пш╖│ш┐Зя╝Ичмм51шбМя╝Йя╝МхЕищГих┐ЕхблхнЧцо╡ч╝║хд▒
2025-05-21 18:02:14,956 - DEBUG - хо╜цЭ╛цибх╝Пш╖│ш┐Зя╝Ичмм52шбМя╝Йя╝МхЕищГих┐ЕхблхнЧцо╡ч╝║хд▒
2025-05-21 18:02:14,956 - DEBUG - хо╜цЭ╛цибх╝Пш╖│ш┐Зя╝Ичмм53шбМя╝Йя╝МхЕищГих┐ЕхблхнЧцо╡ч╝║хд▒
2025-05-21 18:02:14,956 - DEBUG - хо╜цЭ╛цибх╝Пш╖│ш┐Зя╝Ичмм54шбМя╝Йя╝МхЕищГих┐ЕхблхнЧцо╡ч╝║хд▒
2025-05-21 18:02:14,956 - DEBUG - хо╜цЭ╛цибх╝Пш╖│ш┐Зя╝Ичмм55шбМя╝Йя╝МхЕищГих┐ЕхблхнЧцо╡ч╝║хд▒
2025-05-21 18:02:14,956 - DEBUG - хо╜цЭ╛цибх╝Пш╖│ш┐Зя╝Ичмм56шбМя╝Йя╝МхЕищГих┐ЕхблхнЧцо╡ч╝║хд▒
2025-05-21 18:02:14,956 - DEBUG - хо╜цЭ╛цибх╝Пш╖│ш┐Зя╝Ичмм57шбМя╝Йя╝МхЕищГих┐ЕхблхнЧцо╡ч╝║хд▒
2025-05-21 18:02:14,957 - DEBUG - хо╜цЭ╛цибх╝Пш╖│ш┐Зя╝Ичмм58шбМя╝Йя╝МхЕищГих┐ЕхблхнЧцо╡ч╝║хд▒
2025-05-21 18:02:14,957 - DEBUG - хо╜цЭ╛цибх╝Пш╖│ш┐Зя╝Ичмм59шбМя╝Йя╝МхЕищГих┐ЕхблхнЧцо╡ч╝║хд▒
2025-05-21 18:02:14,957 - DEBUG - хо╜цЭ╛цибх╝Пш╖│ш┐Зя╝Ичмм60шбМя╝Йя╝МхЕищГих┐ЕхблхнЧцо╡ч╝║хд▒
2025-05-21 18:02:14,957 - DEBUG - хо╜цЭ╛цибх╝Пш╖│ш┐Зя╝Ичмм61шбМя╝Йя╝МхЕищГих┐ЕхблхнЧцо╡ч╝║хд▒
2025-05-21 18:02:14,957 - DEBUG - хо╜цЭ╛цибх╝Пш╖│ш┐Зя╝Ичмм62шбМя╝Йя╝МхЕищГих┐ЕхблхнЧцо╡ч╝║хд▒
2025-05-21 18:02:14,957 - DEBUG - хо╜цЭ╛цибх╝Пш╖│ш┐Зя╝Ичмм63шбМя╝Йя╝МхЕищГих┐ЕхблхнЧцо╡ч╝║хд▒
2025-05-21 18:02:14,957 - DEBUG - хо╜цЭ╛цибх╝Пш╖│ш┐Зя╝Ичмм64шбМя╝Йя╝МхЕищГих┐ЕхблхнЧцо╡ч╝║хд▒
2025-05-21 18:02:14,958 - DEBUG - хо╜цЭ╛цибх╝Пш╖│ш┐Зя╝Ичмм65шбМя╝Йя╝МхЕищГих┐ЕхблхнЧцо╡ч╝║хд▒
2025-05-21 18:02:14,959 - DEBUG - хо╜цЭ╛цибх╝Пш╖│ш┐Зя╝Ичмм66шбМя╝Йя╝МхЕищГих┐ЕхблхнЧцо╡ч╝║хд▒
2025-05-21 18:02:14,959 - DEBUG - хо╜цЭ╛цибх╝Пш╖│ш┐Зя╝Ичмм67шбМя╝Йя╝МхЕищГих┐ЕхблхнЧцо╡ч╝║хд▒
2025-05-21 18:02:14,959 - DEBUG - хо╜цЭ╛цибх╝Пш╖│ш┐Зя╝Ичмм68шбМя╝Йя╝МхЕищГих┐ЕхблхнЧцо╡ч╝║хд▒
2025-05-21 18:02:14,960 - DEBUG - хо╜цЭ╛цибх╝Пш╖│ш┐Зя╝Ичмм69шбМя╝Йя╝МхЕищГих┐ЕхблхнЧцо╡ч╝║хд▒
2025-05-21 18:02:14,960 - DEBUG - хо╜цЭ╛цибх╝Пш╖│ш┐Зя╝Ичмм70шбМя╝Йя╝МхЕищГих┐ЕхблхнЧцо╡ч╝║хд▒
2025-05-21 18:02:14,960 - DEBUG - хо╜цЭ╛цибх╝Пш╖│ш┐Зя╝Ичмм71шбМя╝Йя╝МхЕищГих┐ЕхблхнЧцо╡ч╝║хд▒
2025-05-21 18:02:14,961 - DEBUG - хо╜цЭ╛цибх╝Пш╖│ш┐Зя╝Ичмм72шбМя╝Йя╝МхЕищГих┐ЕхблхнЧцо╡ч╝║хд▒
2025-05-21 18:02:14,961 - DEBUG - хо╜цЭ╛цибх╝Пш╖│ш┐Зя╝Ичмм73шбМя╝Йя╝МхЕищГих┐ЕхблхнЧцо╡ч╝║хд▒
2025-05-21 18:02:14,961 - DEBUG - хо╜цЭ╛цибх╝Пш╖│ш┐Зя╝Ичмм74шбМя╝Йя╝МхЕищГих┐ЕхблхнЧцо╡ч╝║хд▒
2025-05-21 18:02:14,961 - DEBUG - хо╜цЭ╛цибх╝Пш╖│ш┐Зя╝Ичмм75шбМя╝Йя╝МхЕищГих┐ЕхблхнЧцо╡ч╝║хд▒
2025-05-21 18:02:14,961 - DEBUG - хо╜цЭ╛цибх╝Пш╖│ш┐Зя╝Ичмм76шбМя╝Йя╝МхЕищГих┐ЕхблхнЧцо╡ч╝║хд▒
2025-05-21 18:02:14,961 - DEBUG - хо╜цЭ╛цибх╝Пш╖│ш┐Зя╝Ичмм77шбМя╝Йя╝МхЕищГих┐ЕхблхнЧцо╡ч╝║хд▒
2025-05-21 18:02:14,961 - DEBUG - хо╜цЭ╛цибх╝Пш╖│ш┐Зя╝Ичмм78шбМя╝Йя╝МхЕищГих┐ЕхблхнЧцо╡ч╝║хд▒
2025-05-21 18:02:14,961 - DEBUG - хо╜цЭ╛цибх╝Пш╖│ш┐Зя╝Ичмм79шбМя╝Йя╝МхЕищГих┐ЕхблхнЧцо╡ч╝║хд▒
2025-05-21 18:02:14,962 - DEBUG - хо╜цЭ╛цибх╝Пш╖│ш┐Зя╝Ичмм80шбМя╝Йя╝МхЕищГих┐ЕхблхнЧцо╡ч╝║хд▒
2025-05-21 18:02:14,962 - DEBUG - хо╜цЭ╛цибх╝Пш╖│ш┐Зя╝Ичмм81шбМя╝Йя╝МхЕищГих┐ЕхблхнЧцо╡ч╝║хд▒
2025-05-21 18:02:14,962 - DEBUG - хо╜цЭ╛цибх╝Пш╖│ш┐Зя╝Ичмм82шбМя╝Йя╝МхЕищГих┐ЕхблхнЧцо╡ч╝║хд▒
2025-05-21 18:02:14,962 - DEBUG - хо╜цЭ╛цибх╝Пш╖│ш┐Зя╝Ичмм83шбМя╝Йя╝МхЕищГих┐ЕхблхнЧцо╡ч╝║хд▒
2025-05-21 18:02:14,962 - DEBUG - хо╜цЭ╛цибх╝Пш╖│ш┐Зя╝Ичмм84шбМя╝Йя╝МхЕищГих┐ЕхблхнЧцо╡ч╝║хд▒
2025-05-21 18:02:14,962 - DEBUG - хо╜цЭ╛цибх╝Пф┐ЭчХЩя╝Ичмм85шбМя╝Йя╝МщГихИЖч╝║хд▒хнЧцо╡я╝ЪREMARK
2025-05-21 18:02:14,962 - DEBUG - хо╜цЭ╛цибх╝Пф┐ЭчХЩя╝Ичмм86шбМя╝Йя╝МщГихИЖч╝║хд▒хнЧцо╡я╝Ъfwd_feedback
2025-05-21 18:02:14,963 - DEBUG - хо╜цЭ╛цибх╝Пш╖│ш┐Зя╝Ичмм87шбМя╝Йя╝МхЕищГих┐ЕхблхнЧцо╡ч╝║хд▒
2025-05-21 18:02:14,963 - DEBUG - хо╜цЭ╛цибх╝Пш╖│ш┐Зя╝Ичмм88шбМя╝Йя╝МхЕищГих┐ЕхблхнЧцо╡ч╝║хд▒
2025-05-21 18:02:14,963 - DEBUG - хо╜цЭ╛цибх╝Пш╖│ш┐Зя╝Ичмм89шбМя╝Йя╝МхЕищГих┐ЕхблхнЧцо╡ч╝║хд▒
2025-05-21 18:02:14,963 - DEBUG - хо╜цЭ╛цибх╝Пш╖│ш┐Зя╝Ичмм90шбМя╝Йя╝МхЕищГих┐ЕхблхнЧцо╡ч╝║хд▒
2025-05-21 18:02:14,963 - DEBUG - хо╜цЭ╛цибх╝Пш╖│ш┐Зя╝Ичмм91шбМя╝Йя╝МхЕищГих┐ЕхблхнЧцо╡ч╝║хд▒
2025-05-21 18:02:14,963 - DEBUG - хо╜цЭ╛цибх╝Пш╖│ш┐Зя╝Ичмм92шбМя╝Йя╝МхЕищГих┐ЕхблхнЧцо╡ч╝║хд▒
2025-05-21 18:02:14,963 - DEBUG - хо╜цЭ╛цибх╝Пш╖│ш┐Зя╝Ичмм93шбМя╝Йя╝МхЕищГих┐ЕхблхнЧцо╡ч╝║хд▒
2025-05-21 18:02:14,963 - DEBUG - хо╜цЭ╛цибх╝Пш╖│ш┐Зя╝Ичмм94шбМя╝Йя╝МхЕищГих┐ЕхблхнЧцо╡ч╝║хд▒
2025-05-21 18:02:14,963 - DEBUG - хо╜цЭ╛цибх╝Пш╖│ш┐Зя╝Ичмм95шбМя╝Йя╝МхЕищГих┐ЕхблхнЧцо╡ч╝║хд▒
2025-05-21 18:02:14,963 - DEBUG - хо╜цЭ╛цибх╝Пш╖│ш┐Зя╝Ичмм96шбМя╝Йя╝МхЕищГих┐ЕхблхнЧцо╡ч╝║хд▒
2025-05-21 18:02:14,964 - DEBUG - хо╜цЭ╛цибх╝Пш╖│ш┐Зя╝Ичмм97шбМя╝Йя╝МхЕищГих┐ЕхблхнЧцо╡ч╝║хд▒
2025-05-21 18:02:14,964 - DEBUG - хо╜цЭ╛цибх╝Пш╖│ш┐Зя╝Ичмм98шбМя╝Йя╝МхЕищГих┐ЕхблхнЧцо╡ч╝║хд▒
2025-05-21 18:02:14,964 - DEBUG - хо╜цЭ╛цибх╝Пш╖│ш┐Зя╝Ичмм99шбМя╝Йя╝МхЕищГих┐ЕхблхнЧцо╡ч╝║хд▒
2025-05-21 18:02:14,964 - DEBUG - хо╜цЭ╛цибх╝Пш╖│ш┐Зя╝Ичмм100шбМя╝Йя╝МхЕищГих┐ЕхблхнЧцо╡ч╝║хд▒
2025-05-21 18:02:14,965 - DEBUG - хо╜цЭ╛цибх╝Пш╖│ш┐Зя╝Ичмм101шбМя╝Йя╝МхЕищГих┐ЕхблхнЧцо╡ч╝║хд▒
2025-05-21 18:02:14,965 - DEBUG - хо╜цЭ╛цибх╝Пш╖│ш┐Зя╝Ичмм102шбМя╝Йя╝МхЕищГих┐ЕхблхнЧцо╡ч╝║хд▒
2025-05-21 18:02:14,965 - DEBUG - хо╜цЭ╛цибх╝Пш╖│ш┐Зя╝Ичмм103шбМя╝Йя╝МхЕищГих┐ЕхблхнЧцо╡ч╝║хд▒
2025-05-21 18:02:14,965 - DEBUG - хо╜цЭ╛цибх╝Пш╖│ш┐Зя╝Ичмм104шбМя╝Йя╝МхЕищГих┐ЕхблхнЧцо╡ч╝║хд▒
2025-05-21 18:02:14,965 - DEBUG - хо╜цЭ╛цибх╝Пш╖│ш┐Зя╝Ичмм105шбМя╝Йя╝МхЕищГих┐ЕхблхнЧцо╡ч╝║хд▒
2025-05-21 18:02:14,965 - DEBUG - хо╜цЭ╛цибх╝Пш╖│ш┐Зя╝Ичмм106шбМя╝Йя╝МхЕищГих┐ЕхблхнЧцо╡ч╝║хд▒
2025-05-21 18:02:14,965 - DEBUG - хо╜цЭ╛цибх╝Пш╖│ш┐Зя╝Ичмм107шбМя╝Йя╝МхЕищГих┐ЕхблхнЧцо╡ч╝║хд▒
2025-05-21 18:02:14,965 - DEBUG - хо╜цЭ╛цибх╝Пш╖│ш┐Зя╝Ичмм108шбМя╝Йя╝МхЕищГих┐ЕхблхнЧцо╡ч╝║хд▒
2025-05-21 18:02:14,965 - DEBUG - хо╜цЭ╛цибх╝Пш╖│ш┐Зя╝Ичмм109шбМя╝Йя╝МхЕищГих┐ЕхблхнЧцо╡ч╝║хд▒
2025-05-21 18:02:14,966 - DEBUG - хо╜цЭ╛цибх╝Пш╖│ш┐Зя╝Ичмм110шбМя╝Йя╝МхЕищГих┐ЕхблхнЧцо╡ч╝║хд▒
2025-05-21 18:02:14,966 - DEBUG - хо╜цЭ╛цибх╝Пш╖│ш┐Зя╝Ичмм111шбМя╝Йя╝МхЕищГих┐ЕхблхнЧцо╡ч╝║хд▒
2025-05-21 18:02:14,966 - DEBUG - хо╜цЭ╛цибх╝Пш╖│ш┐Зя╝Ичмм112шбМя╝Йя╝МхЕищГих┐ЕхблхнЧцо╡ч╝║хд▒
2025-05-21 18:02:14,966 - DEBUG - хо╜цЭ╛цибх╝Пш╖│ш┐Зя╝Ичмм113шбМя╝Йя╝МхЕищГих┐ЕхблхнЧцо╡ч╝║хд▒
2025-05-21 18:02:14,966 - DEBUG - хо╜цЭ╛цибх╝Пш╖│ш┐Зя╝Ичмм114шбМя╝Йя╝МхЕищГих┐ЕхблхнЧцо╡ч╝║хд▒
2025-05-21 18:02:14,966 - DEBUG - хо╜цЭ╛цибх╝Пш╖│ш┐Зя╝Ичмм115шбМя╝Йя╝МхЕищГих┐ЕхблхнЧцо╡ч╝║хд▒
2025-05-21 18:02:14,966 - DEBUG - хо╜цЭ╛цибх╝Пш╖│ш┐Зя╝Ичмм116шбМя╝Йя╝МхЕищГих┐ЕхблхнЧцо╡ч╝║хд▒
2025-05-21 18:02:14,966 - DEBUG - хо╜цЭ╛цибх╝Пш╖│ш┐Зя╝Ичмм117шбМя╝Йя╝МхЕищГих┐ЕхблхнЧцо╡ч╝║хд▒
2025-05-21 18:02:14,966 - DEBUG - хо╜цЭ╛цибх╝Пш╖│ш┐Зя╝Ичмм118шбМя╝Йя╝МхЕищГих┐ЕхблхнЧцо╡ч╝║хд▒
2025-05-21 18:02:14,966 - DEBUG - хо╜цЭ╛цибх╝Пш╖│ш┐Зя╝Ичмм119шбМя╝Йя╝МхЕищГих┐ЕхблхнЧцо╡ч╝║хд▒
2025-05-21 18:02:14,967 - DEBUG - хо╜цЭ╛цибх╝Пш╖│ш┐Зя╝Ичмм120шбМя╝Йя╝МхЕищГих┐ЕхблхнЧцо╡ч╝║хд▒
2025-05-21 18:02:14,967 - DEBUG - хо╜цЭ╛цибх╝Пш╖│ш┐Зя╝Ичмм121шбМя╝Йя╝МхЕищГих┐ЕхблхнЧцо╡ч╝║хд▒
2025-05-21 18:02:14,967 - DEBUG - хо╜цЭ╛цибх╝Пш╖│ш┐Зя╝Ичмм122шбМя╝Йя╝МхЕищГих┐ЕхблхнЧцо╡ч╝║хд▒
2025-05-21 18:02:14,967 - DEBUG - - ш╖│ш┐ЗхЕичй║шбМя╝Ичмм123шбМя╝Й
2025-05-21 18:02:14,967 - DEBUG - - ш╖│ш┐ЗхЕичй║шбМя╝Ичмм124шбМя╝Й
2025-05-21 18:02:14,967 - DEBUG - - ш╖│ш┐ЗхЕичй║шбМя╝Ичмм125шбМя╝Й
2025-05-21 18:02:14,967 - DEBUG - - ш╖│ш┐ЗхЕичй║шбМя╝Ичмм126шбМя╝Й
2025-05-21 18:02:14,967 - DEBUG - - ш╖│ш┐ЗхЕичй║шбМя╝Ичмм127шбМя╝Й
2025-05-21 18:02:14,967 - DEBUG - - ш╖│ш┐ЗхЕичй║шбМя╝Ичмм128шбМя╝Й
2025-05-21 18:02:14,967 - DEBUG - - ш╖│ш┐ЗхЕичй║шбМя╝Ичмм129шбМя╝Й
2025-05-21 18:02:14,967 - DEBUG - - ш╖│ш┐ЗхЕичй║шбМя╝Ичмм130шбМя╝Й
2025-05-21 18:02:14,967 - DEBUG - - ш╖│ш┐ЗхЕичй║шбМя╝Ичмм131шбМя╝Й
2025-05-21 18:02:14,968 - DEBUG - - ш╖│ш┐ЗхЕичй║шбМя╝Ичмм132шбМя╝Й
2025-05-21 18:02:14,968 - DEBUG - - ш╖│ш┐ЗхЕичй║шбМя╝Ичмм133шбМя╝Й
2025-05-21 18:02:14,968 - DEBUG - - ш╖│ш┐ЗхЕичй║шбМя╝Ичмм134шбМя╝Й
2025-05-21 18:02:14,968 - DEBUG - - ш╖│ш┐ЗхЕичй║шбМя╝Ичмм135шбМя╝Й
2025-05-21 18:02:14,968 - DEBUG - - ш╖│ш┐ЗхЕичй║шбМя╝Ичмм136шбМя╝Й
2025-05-21 18:02:14,968 - DEBUG - - ш╖│ш┐ЗхЕичй║шбМя╝Ичмм137шбМя╝Й
2025-05-21 18:02:14,968 - DEBUG - ЁЯУЛ х╝АхзЛшзгцЮРцЦЗф╗╢d:\pyscript\SNT\res\250520_PendingPoSnt Sadie Eric.xlsx
2025-05-21 18:02:14,970 - DEBUG - хо╜цЭ╛цибх╝Пш╖│ш┐Зя╝Ичмм2шбМя╝Йя╝МхЕищГих┐ЕхблхнЧцо╡ч╝║хд▒
2025-05-21 18:02:14,970 - DEBUG - хо╜цЭ╛цибх╝Пш╖│ш┐Зя╝Ичмм3шбМя╝Йя╝МхЕищГих┐ЕхблхнЧцо╡ч╝║хд▒
2025-05-21 18:02:14,971 - DEBUG - хо╜цЭ╛цибх╝Пш╖│ш┐Зя╝Ичмм5шбМя╝Йя╝МхЕищГих┐ЕхблхнЧцо╡ч╝║хд▒
2025-05-21 18:02:14,971 - DEBUG - хо╜цЭ╛цибх╝Пш╖│ш┐Зя╝Ичмм6шбМя╝Йя╝МхЕищГих┐ЕхблхнЧцо╡ч╝║хд▒
2025-05-21 18:02:14,971 - DEBUG - хо╜цЭ╛цибх╝Пш╖│ш┐Зя╝Ичмм7шбМя╝Йя╝МхЕищГих┐ЕхблхнЧцо╡ч╝║хд▒
2025-05-21 18:02:14,971 - DEBUG - хо╜цЭ╛цибх╝Пш╖│ш┐Зя╝Ичмм8шбМя╝Йя╝МхЕищГих┐ЕхблхнЧцо╡ч╝║хд▒
2025-05-21 18:02:14,971 - DEBUG - хо╜цЭ╛цибх╝Пш╖│ш┐Зя╝Ичмм9шбМя╝Йя╝МхЕищГих┐ЕхблхнЧцо╡ч╝║хд▒
2025-05-21 18:02:14,971 - DEBUG - хо╜цЭ╛цибх╝Пш╖│ш┐Зя╝Ичмм10шбМя╝Йя╝МхЕищГих┐ЕхблхнЧцо╡ч╝║хд▒
2025-05-21 18:02:14,971 - DEBUG - хо╜цЭ╛цибх╝Пш╖│ш┐Зя╝Ичмм11шбМя╝Йя╝МхЕищГих┐ЕхблхнЧцо╡ч╝║хд▒
2025-05-21 18:02:14,971 - DEBUG - хо╜цЭ╛цибх╝Пш╖│ш┐Зя╝Ичмм12шбМя╝Йя╝МхЕищГих┐ЕхблхнЧцо╡ч╝║хд▒
2025-05-21 18:02:14,971 - DEBUG - хо╜цЭ╛цибх╝Пш╖│ш┐Зя╝Ичмм13шбМя╝Йя╝МхЕищГих┐ЕхблхнЧцо╡ч╝║хд▒
2025-05-21 18:02:14,972 - DEBUG - хо╜цЭ╛цибх╝Пш╖│ш┐Зя╝Ичмм14шбМя╝Йя╝МхЕищГих┐ЕхблхнЧцо╡ч╝║хд▒
2025-05-21 18:02:14,972 - DEBUG - хо╜цЭ╛цибх╝Пш╖│ш┐Зя╝Ичмм15шбМя╝Йя╝МхЕищГих┐ЕхблхнЧцо╡ч╝║хд▒
2025-05-21 18:02:14,972 - DEBUG - хо╜цЭ╛цибх╝Пш╖│ш┐Зя╝Ичмм16шбМя╝Йя╝МхЕищГих┐ЕхблхнЧцо╡ч╝║хд▒
2025-05-21 18:02:14,972 - DEBUG - хо╜цЭ╛цибх╝Пш╖│ш┐Зя╝Ичмм17шбМя╝Йя╝МхЕищГих┐ЕхблхнЧцо╡ч╝║хд▒
2025-05-21 18:02:14,972 - DEBUG - хо╜цЭ╛цибх╝Пш╖│ш┐Зя╝Ичмм18шбМя╝Йя╝МхЕищГих┐ЕхблхнЧцо╡ч╝║хд▒
2025-05-21 18:02:14,972 - DEBUG - хо╜цЭ╛цибх╝Пш╖│ш┐Зя╝Ичмм19шбМя╝Йя╝МхЕищГих┐ЕхблхнЧцо╡ч╝║хд▒
2025-05-21 18:02:14,972 - DEBUG - хо╜цЭ╛цибх╝Пш╖│ш┐Зя╝Ичмм20шбМя╝Йя╝МхЕищГих┐ЕхблхнЧцо╡ч╝║хд▒
2025-05-21 18:02:14,972 - DEBUG - хо╜цЭ╛цибх╝Пш╖│ш┐Зя╝Ичмм21шбМя╝Йя╝МхЕищГих┐ЕхблхнЧцо╡ч╝║хд▒
2025-05-21 18:02:14,972 - DEBUG - хо╜цЭ╛цибх╝Пш╖│ш┐Зя╝Ичмм22шбМя╝Йя╝МхЕищГих┐ЕхблхнЧцо╡ч╝║хд▒
2025-05-21 18:02:14,973 - DEBUG - хо╜цЭ╛цибх╝Пш╖│ш┐Зя╝Ичмм23шбМя╝Йя╝МхЕищГих┐ЕхблхнЧцо╡ч╝║хд▒
2025-05-21 18:02:14,973 - DEBUG - хо╜цЭ╛цибх╝Пш╖│ш┐Зя╝Ичмм24шбМя╝Йя╝МхЕищГих┐ЕхблхнЧцо╡ч╝║хд▒
2025-05-21 18:02:14,973 - DEBUG - хо╜цЭ╛цибх╝Пш╖│ш┐Зя╝Ичмм25шбМя╝Йя╝МхЕищГих┐ЕхблхнЧцо╡ч╝║хд▒
2025-05-21 18:02:14,973 - DEBUG - хо╜цЭ╛цибх╝Пш╖│ш┐Зя╝Ичмм26шбМя╝Йя╝МхЕищГих┐ЕхблхнЧцо╡ч╝║хд▒
2025-05-21 18:02:14,973 - DEBUG - хо╜цЭ╛цибх╝Пш╖│ш┐Зя╝Ичмм27шбМя╝Йя╝МхЕищГих┐ЕхблхнЧцо╡ч╝║хд▒
2025-05-21 18:02:14,975 - DEBUG - хо╜цЭ╛цибх╝Пш╖│ш┐Зя╝Ичмм39шбМя╝Йя╝МхЕищГих┐ЕхблхнЧцо╡ч╝║хд▒
2025-05-21 18:02:14,975 - DEBUG - хо╜цЭ╛цибх╝Пш╖│ш┐Зя╝Ичмм44шбМя╝Йя╝МхЕищГих┐ЕхблхнЧцо╡ч╝║хд▒
2025-05-21 18:02:14,975 - DEBUG - хо╜цЭ╛цибх╝Пш╖│ш┐Зя╝Ичмм47шбМя╝Йя╝МхЕищГих┐ЕхблхнЧцо╡ч╝║хд▒
2025-05-21 18:02:14,976 - DEBUG - хо╜цЭ╛цибх╝Пш╖│ш┐Зя╝Ичмм53шбМя╝Йя╝МхЕищГих┐ЕхблхнЧцо╡ч╝║хд▒
2025-05-21 18:02:14,977 - DEBUG - хо╜цЭ╛цибх╝Пш╖│ш┐Зя╝Ичмм56шбМя╝Йя╝МхЕищГих┐ЕхблхнЧцо╡ч╝║хд▒
2025-05-21 18:02:14,977 - DEBUG - хо╜цЭ╛цибх╝Пш╖│ш┐Зя╝Ичмм57шбМя╝Йя╝МхЕищГих┐ЕхблхнЧцо╡ч╝║хд▒
2025-05-21 18:02:14,977 - DEBUG - хо╜цЭ╛цибх╝Пш╖│ш┐Зя╝Ичмм62шбМя╝Йя╝МхЕищГих┐ЕхблхнЧцо╡ч╝║хд▒
2025-05-21 18:02:14,978 - DEBUG - хо╜цЭ╛цибх╝Пш╖│ш┐Зя╝Ичмм63шбМя╝Йя╝МхЕищГих┐ЕхблхнЧцо╡ч╝║хд▒
2025-05-21 18:02:14,978 - DEBUG - хо╜цЭ╛цибх╝Пш╖│ш┐Зя╝Ичмм65шбМя╝Йя╝МхЕищГих┐ЕхблхнЧцо╡ч╝║хд▒
2025-05-21 18:02:14,979 - DEBUG - хо╜цЭ╛цибх╝Пш╖│ш┐Зя╝Ичмм67шбМя╝Йя╝МхЕищГих┐ЕхблхнЧцо╡ч╝║хд▒
2025-05-21 18:02:14,980 - DEBUG - хо╜цЭ╛цибх╝Пш╖│ш┐Зя╝Ичмм80шбМя╝Йя╝МхЕищГих┐ЕхблхнЧцо╡ч╝║хд▒
2025-05-21 18:02:14,980 - DEBUG - хо╜цЭ╛цибх╝Пш╖│ш┐Зя╝Ичмм85шбМя╝Йя╝МхЕищГих┐ЕхблхнЧцо╡ч╝║хд▒
2025-05-21 18:02:14,980 - DEBUG - хо╜цЭ╛цибх╝Пш╖│ш┐Зя╝Ичмм86шбМя╝Йя╝МхЕищГих┐ЕхблхнЧцо╡ч╝║хд▒
2025-05-21 18:02:14,980 - DEBUG - хо╜цЭ╛цибх╝Пш╖│ш┐Зя╝Ичмм87шбМя╝Йя╝МхЕищГих┐ЕхблхнЧцо╡ч╝║хд▒
2025-05-21 18:02:14,981 - DEBUG - хо╜цЭ╛цибх╝Пш╖│ш┐Зя╝Ичмм88шбМя╝Йя╝МхЕищГих┐ЕхблхнЧцо╡ч╝║хд▒
2025-05-21 18:02:14,981 - DEBUG - хо╜цЭ╛цибх╝Пш╖│ш┐Зя╝Ичмм89шбМя╝Йя╝МхЕищГих┐ЕхблхнЧцо╡ч╝║хд▒
2025-05-21 18:02:14,981 - DEBUG - хо╜цЭ╛цибх╝Пш╖│ш┐Зя╝Ичмм90шбМя╝Йя╝МхЕищГих┐ЕхблхнЧцо╡ч╝║хд▒
2025-05-21 18:02:14,981 - DEBUG - хо╜цЭ╛цибх╝Пш╖│ш┐Зя╝Ичмм91шбМя╝Йя╝МхЕищГих┐ЕхблхнЧцо╡ч╝║хд▒
2025-05-21 18:02:14,981 - DEBUG - хо╜цЭ╛цибх╝Пш╖│ш┐Зя╝Ичмм92шбМя╝Йя╝МхЕищГих┐ЕхблхнЧцо╡ч╝║хд▒
2025-05-21 18:02:14,981 - DEBUG - хо╜цЭ╛цибх╝Пш╖│ш┐Зя╝Ичмм93шбМя╝Йя╝МхЕищГих┐ЕхблхнЧцо╡ч╝║хд▒
2025-05-21 18:02:14,981 - DEBUG - хо╜цЭ╛цибх╝Пш╖│ш┐Зя╝Ичмм94шбМя╝Йя╝МхЕищГих┐ЕхблхнЧцо╡ч╝║хд▒
2025-05-21 18:02:14,981 - DEBUG - хо╜цЭ╛цибх╝Пш╖│ш┐Зя╝Ичмм95шбМя╝Йя╝МхЕищГих┐ЕхблхнЧцо╡ч╝║хд▒
2025-05-21 18:02:14,982 - DEBUG - хо╜цЭ╛цибх╝Пш╖│ш┐Зя╝Ичмм96шбМя╝Йя╝МхЕищГих┐ЕхблхнЧцо╡ч╝║хд▒
2025-05-21 18:02:14,982 - DEBUG - хо╜цЭ╛цибх╝Пш╖│ш┐Зя╝Ичмм97шбМя╝Йя╝МхЕищГих┐ЕхблхнЧцо╡ч╝║хд▒
2025-05-21 18:02:14,982 - DEBUG - хо╜цЭ╛цибх╝Пш╖│ш┐Зя╝Ичмм98шбМя╝Йя╝МхЕищГих┐ЕхблхнЧцо╡ч╝║хд▒
2025-05-21 18:02:14,982 - DEBUG - хо╜цЭ╛цибх╝Пш╖│ш┐Зя╝Ичмм99шбМя╝Йя╝МхЕищГих┐ЕхблхнЧцо╡ч╝║хд▒
2025-05-21 18:02:14,983 - DEBUG - хо╜цЭ╛цибх╝Пш╖│ш┐Зя╝Ичмм100шбМя╝Йя╝МхЕищГих┐ЕхблхнЧцо╡ч╝║хд▒
2025-05-21 18:02:14,983 - DEBUG - хо╜цЭ╛цибх╝Пш╖│ш┐Зя╝Ичмм101шбМя╝Йя╝МхЕищГих┐ЕхблхнЧцо╡ч╝║хд▒
2025-05-21 18:02:14,983 - DEBUG - хо╜цЭ╛цибх╝Пш╖│ш┐Зя╝Ичмм102шбМя╝Йя╝МхЕищГих┐ЕхблхнЧцо╡ч╝║хд▒
2025-05-21 18:02:14,984 - DEBUG - хо╜цЭ╛цибх╝Пш╖│ш┐Зя╝Ичмм103шбМя╝Йя╝МхЕищГих┐ЕхблхнЧцо╡ч╝║хд▒
2025-05-21 18:02:14,984 - DEBUG - хо╜цЭ╛цибх╝Пш╖│ш┐Зя╝Ичмм104шбМя╝Йя╝МхЕищГих┐ЕхблхнЧцо╡ч╝║хд▒
2025-05-21 18:02:14,984 - DEBUG - хо╜цЭ╛цибх╝Пш╖│ш┐Зя╝Ичмм105шбМя╝Йя╝МхЕищГих┐ЕхблхнЧцо╡ч╝║хд▒
2025-05-21 18:02:14,984 - DEBUG - хо╜цЭ╛цибх╝Пш╖│ш┐Зя╝Ичмм106шбМя╝Йя╝МхЕищГих┐ЕхблхнЧцо╡ч╝║хд▒
2025-05-21 18:02:14,984 - DEBUG - хо╜цЭ╛цибх╝Пш╖│ш┐Зя╝Ичмм107шбМя╝Йя╝МхЕищГих┐ЕхблхнЧцо╡ч╝║хд▒
2025-05-21 18:02:14,984 - DEBUG - хо╜цЭ╛цибх╝Пш╖│ш┐Зя╝Ичмм108шбМя╝Йя╝МхЕищГих┐ЕхблхнЧцо╡ч╝║хд▒
2025-05-21 18:02:14,984 - DEBUG - хо╜цЭ╛цибх╝Пш╖│ш┐Зя╝Ичмм109шбМя╝Йя╝МхЕищГих┐ЕхблхнЧцо╡ч╝║хд▒
2025-05-21 18:02:14,984 - DEBUG - хо╜цЭ╛цибх╝Пш╖│ш┐Зя╝Ичмм110шбМя╝Йя╝МхЕищГих┐ЕхблхнЧцо╡ч╝║хд▒
2025-05-21 18:02:14,984 - DEBUG - хо╜цЭ╛цибх╝Пш╖│ш┐Зя╝Ичмм111шбМя╝Йя╝МхЕищГих┐ЕхблхнЧцо╡ч╝║хд▒
2025-05-21 18:02:14,985 - DEBUG - хо╜цЭ╛цибх╝Пш╖│ш┐Зя╝Ичмм112шбМя╝Йя╝МхЕищГих┐ЕхблхнЧцо╡ч╝║хд▒
2025-05-21 18:02:14,985 - DEBUG - хо╜цЭ╛цибх╝Пш╖│ш┐Зя╝Ичмм113шбМя╝Йя╝МхЕищГих┐ЕхблхнЧцо╡ч╝║хд▒
2025-05-21 18:02:14,985 - DEBUG - хо╜цЭ╛цибх╝Пш╖│ш┐Зя╝Ичмм114шбМя╝Йя╝МхЕищГих┐ЕхблхнЧцо╡ч╝║хд▒
2025-05-21 18:02:14,985 - DEBUG - хо╜цЭ╛цибх╝Пш╖│ш┐Зя╝Ичмм115шбМя╝Йя╝МхЕищГих┐ЕхблхнЧцо╡ч╝║хд▒
2025-05-21 18:02:14,985 - DEBUG - хо╜цЭ╛цибх╝Пш╖│ш┐Зя╝Ичмм116шбМя╝Йя╝МхЕищГих┐ЕхблхнЧцо╡ч╝║хд▒
2025-05-21 18:02:14,985 - DEBUG - хо╜цЭ╛цибх╝Пш╖│ш┐Зя╝Ичмм117шбМя╝Йя╝МхЕищГих┐ЕхблхнЧцо╡ч╝║хд▒
2025-05-21 18:02:14,985 - DEBUG - хо╜цЭ╛цибх╝Пш╖│ш┐Зя╝Ичмм118шбМя╝Йя╝МхЕищГих┐ЕхблхнЧцо╡ч╝║хд▒
2025-05-21 18:02:14,985 - DEBUG - хо╜цЭ╛цибх╝Пш╖│ш┐Зя╝Ичмм119шбМя╝Йя╝МхЕищГих┐ЕхблхнЧцо╡ч╝║хд▒
2025-05-21 18:02:14,985 - DEBUG - хо╜цЭ╛цибх╝Пш╖│ш┐Зя╝Ичмм120шбМя╝Йя╝МхЕищГих┐ЕхблхнЧцо╡ч╝║хд▒
2025-05-21 18:02:14,986 - DEBUG - хо╜цЭ╛цибх╝Пш╖│ш┐Зя╝Ичмм121шбМя╝Йя╝МхЕищГих┐ЕхблхнЧцо╡ч╝║хд▒
2025-05-21 18:02:14,986 - DEBUG - хо╜цЭ╛цибх╝Пш╖│ш┐Зя╝Ичмм122шбМя╝Йя╝МхЕищГих┐ЕхблхнЧцо╡ч╝║хд▒
2025-05-21 18:02:14,986 - DEBUG - ЁЯУЛ х╝АхзЛшзгцЮРцЦЗф╗╢d:\pyscript\SNT\res\SDMC 250520_PendingPoSnt.xlsx
2025-05-21 18:02:14,988 - DEBUG - хо╜цЭ╛цибх╝Пш╖│ш┐Зя╝Ичмм2шбМя╝Йя╝МхЕищГих┐ЕхблхнЧцо╡ч╝║хд▒
2025-05-21 18:02:14,989 - DEBUG - хо╜цЭ╛цибх╝Пш╖│ш┐Зя╝Ичмм3шбМя╝Йя╝МхЕищГих┐ЕхблхнЧцо╡ч╝║хд▒
2025-05-21 18:02:14,989 - DEBUG - хо╜цЭ╛цибх╝Пш╖│ш┐Зя╝Ичмм4шбМя╝Йя╝МхЕищГих┐ЕхблхнЧцо╡ч╝║хд▒
2025-05-21 18:02:14,989 - DEBUG - хо╜цЭ╛цибх╝Пш╖│ш┐Зя╝Ичмм5шбМя╝Йя╝МхЕищГих┐ЕхблхнЧцо╡ч╝║хд▒
2025-05-21 18:02:14,989 - DEBUG - хо╜цЭ╛цибх╝Пш╖│ш┐Зя╝Ичмм6шбМя╝Йя╝МхЕищГих┐ЕхблхнЧцо╡ч╝║хд▒
2025-05-21 18:02:14,989 - DEBUG - хо╜цЭ╛цибх╝Пш╖│ш┐Зя╝Ичмм7шбМя╝Йя╝МхЕищГих┐ЕхблхнЧцо╡ч╝║хд▒
2025-05-21 18:02:14,989 - DEBUG - хо╜цЭ╛цибх╝Пш╖│ш┐Зя╝Ичмм8шбМя╝Йя╝МхЕищГих┐ЕхблхнЧцо╡ч╝║хд▒
2025-05-21 18:02:14,989 - DEBUG - хо╜цЭ╛цибх╝Пш╖│ш┐Зя╝Ичмм9шбМя╝Йя╝МхЕищГих┐ЕхблхнЧцо╡ч╝║хд▒
2025-05-21 18:02:14,989 - DEBUG - хо╜цЭ╛цибх╝Пш╖│ш┐Зя╝Ичмм10шбМя╝Йя╝МхЕищГих┐ЕхблхнЧцо╡ч╝║хд▒
2025-05-21 18:02:14,990 - DEBUG - хо╜цЭ╛цибх╝Пш╖│ш┐Зя╝Ичмм11шбМя╝Йя╝МхЕищГих┐ЕхблхнЧцо╡ч╝║хд▒
2025-05-21 18:02:14,990 - DEBUG - хо╜цЭ╛цибх╝Пш╖│ш┐Зя╝Ичмм12шбМя╝Йя╝МхЕищГих┐ЕхблхнЧцо╡ч╝║хд▒
2025-05-21 18:02:14,990 - DEBUG - хо╜цЭ╛цибх╝Пш╖│ш┐Зя╝Ичмм13шбМя╝Йя╝МхЕищГих┐ЕхблхнЧцо╡ч╝║хд▒
2025-05-21 18:02:14,990 - DEBUG - хо╜цЭ╛цибх╝Пш╖│ш┐Зя╝Ичмм14шбМя╝Йя╝МхЕищГих┐ЕхблхнЧцо╡ч╝║хд▒
2025-05-21 18:02:14,990 - DEBUG - хо╜цЭ╛цибх╝Пш╖│ш┐Зя╝Ичмм15шбМя╝Йя╝МхЕищГих┐ЕхблхнЧцо╡ч╝║хд▒
2025-05-21 18:02:14,990 - DEBUG - хо╜цЭ╛цибх╝Пш╖│ш┐Зя╝Ичмм16шбМя╝Йя╝МхЕищГих┐ЕхблхнЧцо╡ч╝║хд▒
2025-05-21 18:02:14,990 - DEBUG - хо╜цЭ╛цибх╝Пш╖│ш┐Зя╝Ичмм17шбМя╝Йя╝МхЕищГих┐ЕхблхнЧцо╡ч╝║хд▒
2025-05-21 18:02:14,990 - DEBUG - хо╜цЭ╛цибх╝Пш╖│ш┐Зя╝Ичмм18шбМя╝Йя╝МхЕищГих┐ЕхблхнЧцо╡ч╝║хд▒
2025-05-21 18:02:14,990 - DEBUG - хо╜цЭ╛цибх╝Пш╖│ш┐Зя╝Ичмм19шбМя╝Йя╝МхЕищГих┐ЕхблхнЧцо╡ч╝║хд▒
2025-05-21 18:02:14,991 - DEBUG - хо╜цЭ╛цибх╝Пш╖│ш┐Зя╝Ичмм20шбМя╝Йя╝МхЕищГих┐ЕхблхнЧцо╡ч╝║хд▒
2025-05-21 18:02:14,991 - DEBUG - хо╜цЭ╛цибх╝Пш╖│ш┐Зя╝Ичмм21шбМя╝Йя╝МхЕищГих┐ЕхблхнЧцо╡ч╝║хд▒
2025-05-21 18:02:14,991 - DEBUG - хо╜цЭ╛цибх╝Пш╖│ш┐Зя╝Ичмм22шбМя╝Йя╝МхЕищГих┐ЕхблхнЧцо╡ч╝║хд▒
2025-05-21 18:02:14,991 - DEBUG - хо╜цЭ╛цибх╝Пш╖│ш┐Зя╝Ичмм23шбМя╝Йя╝МхЕищГих┐ЕхблхнЧцо╡ч╝║хд▒
2025-05-21 18:02:14,991 - DEBUG - хо╜цЭ╛цибх╝Пш╖│ш┐Зя╝Ичмм24шбМя╝Йя╝МхЕищГих┐ЕхблхнЧцо╡ч╝║хд▒
2025-05-21 18:02:14,991 - DEBUG - хо╜цЭ╛цибх╝Пш╖│ш┐Зя╝Ичмм25шбМя╝Йя╝МхЕищГих┐ЕхблхнЧцо╡ч╝║хд▒
2025-05-21 18:02:14,991 - DEBUG - хо╜цЭ╛цибх╝Пш╖│ш┐Зя╝Ичмм26шбМя╝Йя╝МхЕищГих┐ЕхблхнЧцо╡ч╝║хд▒
2025-05-21 18:02:14,991 - DEBUG - хо╜цЭ╛цибх╝Пш╖│ш┐Зя╝Ичмм27шбМя╝Йя╝МхЕищГих┐ЕхблхнЧцо╡ч╝║хд▒
2025-05-21 18:02:14,992 - DEBUG - хо╜цЭ╛цибх╝Пш╖│ш┐Зя╝Ичмм28шбМя╝Йя╝МхЕищГих┐ЕхблхнЧцо╡ч╝║хд▒
2025-05-21 18:02:14,992 - DEBUG - хо╜цЭ╛цибх╝Пш╖│ш┐Зя╝Ичмм29шбМя╝Йя╝МхЕищГих┐ЕхблхнЧцо╡ч╝║хд▒
2025-05-21 18:02:14,992 - DEBUG - хо╜цЭ╛цибх╝Пш╖│ш┐Зя╝Ичмм30шбМя╝Йя╝МхЕищГих┐ЕхблхнЧцо╡ч╝║хд▒
2025-05-21 18:02:14,992 - DEBUG - хо╜цЭ╛цибх╝Пш╖│ш┐Зя╝Ичмм31шбМя╝Йя╝МхЕищГих┐ЕхблхнЧцо╡ч╝║хд▒
2025-05-21 18:02:14,992 - DEBUG - хо╜цЭ╛цибх╝Пш╖│ш┐Зя╝Ичмм32шбМя╝Йя╝МхЕищГих┐ЕхблхнЧцо╡ч╝║хд▒
2025-05-21 18:02:14,992 - DEBUG - хо╜цЭ╛цибх╝Пш╖│ш┐Зя╝Ичмм33шбМя╝Йя╝МхЕищГих┐ЕхблхнЧцо╡ч╝║хд▒
2025-05-21 18:02:14,992 - DEBUG - хо╜цЭ╛цибх╝Пш╖│ш┐Зя╝Ичмм34шбМя╝Йя╝МхЕищГих┐ЕхблхнЧцо╡ч╝║хд▒
2025-05-21 18:02:14,992 - DEBUG - хо╜цЭ╛цибх╝Пш╖│ш┐Зя╝Ичмм35шбМя╝Йя╝МхЕищГих┐ЕхблхнЧцо╡ч╝║хд▒
2025-05-21 18:02:14,992 - DEBUG - хо╜цЭ╛цибх╝Пш╖│ш┐Зя╝Ичмм36шбМя╝Йя╝МхЕищГих┐ЕхблхнЧцо╡ч╝║хд▒
2025-05-21 18:02:14,993 - DEBUG - хо╜цЭ╛цибх╝Пш╖│ш┐Зя╝Ичмм37шбМя╝Йя╝МхЕищГих┐ЕхблхнЧцо╡ч╝║хд▒
2025-05-21 18:02:14,994 - DEBUG - хо╜цЭ╛цибх╝Пш╖│ш┐Зя╝Ичмм38шбМя╝Йя╝МхЕищГих┐ЕхблхнЧцо╡ч╝║хд▒
2025-05-21 18:02:14,994 - DEBUG - хо╜цЭ╛цибх╝Пш╖│ш┐Зя╝Ичмм39шбМя╝Йя╝МхЕищГих┐ЕхблхнЧцо╡ч╝║хд▒
2025-05-21 18:02:14,995 - DEBUG - хо╜цЭ╛цибх╝Пш╖│ш┐Зя╝Ичмм40шбМя╝Йя╝МхЕищГих┐ЕхблхнЧцо╡ч╝║хд▒
2025-05-21 18:02:14,995 - DEBUG - хо╜цЭ╛цибх╝Пш╖│ш┐Зя╝Ичмм41шбМя╝Йя╝МхЕищГих┐ЕхблхнЧцо╡ч╝║хд▒
2025-05-21 18:02:14,995 - DEBUG - хо╜цЭ╛цибх╝Пш╖│ш┐Зя╝Ичмм42шбМя╝Йя╝МхЕищГих┐ЕхблхнЧцо╡ч╝║хд▒
2025-05-21 18:02:14,995 - DEBUG - хо╜цЭ╛цибх╝Пш╖│ш┐Зя╝Ичмм43шбМя╝Йя╝МхЕищГих┐ЕхблхнЧцо╡ч╝║хд▒
2025-05-21 18:02:14,995 - DEBUG - хо╜цЭ╛цибх╝Пш╖│ш┐Зя╝Ичмм44шбМя╝Йя╝МхЕищГих┐ЕхблхнЧцо╡ч╝║хд▒
2025-05-21 18:02:14,995 - DEBUG - хо╜цЭ╛цибх╝Пш╖│ш┐Зя╝Ичмм45шбМя╝Йя╝МхЕищГих┐ЕхблхнЧцо╡ч╝║хд▒
2025-05-21 18:02:14,995 - DEBUG - хо╜цЭ╛цибх╝Пш╖│ш┐Зя╝Ичмм46шбМя╝Йя╝МхЕищГих┐ЕхблхнЧцо╡ч╝║хд▒
2025-05-21 18:02:14,996 - DEBUG - хо╜цЭ╛цибх╝Пш╖│ш┐Зя╝Ичмм47шбМя╝Йя╝МхЕищГих┐ЕхблхнЧцо╡ч╝║хд▒
2025-05-21 18:02:14,996 - DEBUG - хо╜цЭ╛цибх╝Пш╖│ш┐Зя╝Ичмм48шбМя╝Йя╝МхЕищГих┐ЕхблхнЧцо╡ч╝║хд▒
2025-05-21 18:02:14,996 - DEBUG - хо╜цЭ╛цибх╝Пш╖│ш┐Зя╝Ичмм49шбМя╝Йя╝МхЕищГих┐ЕхблхнЧцо╡ч╝║хд▒
2025-05-21 18:02:14,996 - DEBUG - хо╜цЭ╛цибх╝Пш╖│ш┐Зя╝Ичмм50шбМя╝Йя╝МхЕищГих┐ЕхблхнЧцо╡ч╝║хд▒
2025-05-21 18:02:14,996 - DEBUG - хо╜цЭ╛цибх╝Пш╖│ш┐Зя╝Ичмм51шбМя╝Йя╝МхЕищГих┐ЕхблхнЧцо╡ч╝║хд▒
2025-05-21 18:02:14,996 - DEBUG - хо╜цЭ╛цибх╝Пш╖│ш┐Зя╝Ичмм52шбМя╝Йя╝МхЕищГих┐ЕхблхнЧцо╡ч╝║хд▒
2025-05-21 18:02:14,996 - DEBUG - хо╜цЭ╛цибх╝Пш╖│ш┐Зя╝Ичмм53шбМя╝Йя╝МхЕищГих┐ЕхблхнЧцо╡ч╝║хд▒
2025-05-21 18:02:14,996 - DEBUG - хо╜цЭ╛цибх╝Пш╖│ш┐Зя╝Ичмм54шбМя╝Йя╝МхЕищГих┐ЕхблхнЧцо╡ч╝║хд▒
2025-05-21 18:02:14,996 - DEBUG - хо╜цЭ╛цибх╝Пш╖│ш┐Зя╝Ичмм55шбМя╝Йя╝МхЕищГих┐ЕхблхнЧцо╡ч╝║хд▒
2025-05-21 18:02:14,996 - DEBUG - хо╜цЭ╛цибх╝Пш╖│ш┐Зя╝Ичмм56шбМя╝Йя╝МхЕищГих┐ЕхблхнЧцо╡ч╝║хд▒
2025-05-21 18:02:14,997 - DEBUG - хо╜цЭ╛цибх╝Пш╖│ш┐Зя╝Ичмм57шбМя╝Йя╝МхЕищГих┐ЕхблхнЧцо╡ч╝║хд▒
2025-05-21 18:02:14,997 - DEBUG - хо╜цЭ╛цибх╝Пш╖│ш┐Зя╝Ичмм58шбМя╝Йя╝МхЕищГих┐ЕхблхнЧцо╡ч╝║хд▒
2025-05-21 18:02:14,997 - DEBUG - хо╜цЭ╛цибх╝Пш╖│ш┐Зя╝Ичмм59шбМя╝Йя╝МхЕищГих┐ЕхблхнЧцо╡ч╝║хд▒
2025-05-21 18:02:14,997 - DEBUG - хо╜цЭ╛цибх╝Пш╖│ш┐Зя╝Ичмм60шбМя╝Йя╝МхЕищГих┐ЕхблхнЧцо╡ч╝║хд▒
2025-05-21 18:02:14,997 - DEBUG - хо╜цЭ╛цибх╝Пш╖│ш┐Зя╝Ичмм61шбМя╝Йя╝МхЕищГих┐ЕхблхнЧцо╡ч╝║хд▒
2025-05-21 18:02:14,997 - DEBUG - хо╜цЭ╛цибх╝Пш╖│ш┐Зя╝Ичмм62шбМя╝Йя╝МхЕищГих┐ЕхблхнЧцо╡ч╝║хд▒
2025-05-21 18:02:14,997 - DEBUG - хо╜цЭ╛цибх╝Пш╖│ш┐Зя╝Ичмм63шбМя╝Йя╝МхЕищГих┐ЕхблхнЧцо╡ч╝║хд▒
2025-05-21 18:02:14,997 - DEBUG - хо╜цЭ╛цибх╝Пш╖│ш┐Зя╝Ичмм64шбМя╝Йя╝МхЕищГих┐ЕхблхнЧцо╡ч╝║хд▒
2025-05-21 18:02:14,997 - DEBUG - хо╜цЭ╛цибх╝Пш╖│ш┐Зя╝Ичмм65шбМя╝Йя╝МхЕищГих┐ЕхблхнЧцо╡ч╝║хд▒
2025-05-21 18:02:14,998 - DEBUG - хо╜цЭ╛цибх╝Пш╖│ш┐Зя╝Ичмм66шбМя╝Йя╝МхЕищГих┐ЕхблхнЧцо╡ч╝║хд▒
2025-05-21 18:02:14,998 - DEBUG - хо╜цЭ╛цибх╝Пш╖│ш┐Зя╝Ичмм67шбМя╝Йя╝МхЕищГих┐ЕхблхнЧцо╡ч╝║хд▒
2025-05-21 18:02:14,998 - DEBUG - хо╜цЭ╛цибх╝Пш╖│ш┐Зя╝Ичмм68шбМя╝Йя╝МхЕищГих┐ЕхблхнЧцо╡ч╝║хд▒
2025-05-21 18:02:14,998 - DEBUG - хо╜цЭ╛цибх╝Пш╖│ш┐Зя╝Ичмм69шбМя╝Йя╝МхЕищГих┐ЕхблхнЧцо╡ч╝║хд▒
2025-05-21 18:02:14,998 - DEBUG - хо╜цЭ╛цибх╝Пш╖│ш┐Зя╝Ичмм70шбМя╝Йя╝МхЕищГих┐ЕхблхнЧцо╡ч╝║хд▒
2025-05-21 18:02:14,998 - DEBUG - хо╜цЭ╛цибх╝Пш╖│ш┐Зя╝Ичмм71шбМя╝Йя╝МхЕищГих┐ЕхблхнЧцо╡ч╝║хд▒
2025-05-21 18:02:14,998 - DEBUG - хо╜цЭ╛цибх╝Пш╖│ш┐Зя╝Ичмм72шбМя╝Йя╝МхЕищГих┐ЕхблхнЧцо╡ч╝║хд▒
2025-05-21 18:02:14,998 - DEBUG - хо╜цЭ╛цибх╝Пш╖│ш┐Зя╝Ичмм73шбМя╝Йя╝МхЕищГих┐ЕхблхнЧцо╡ч╝║хд▒
2025-05-21 18:02:14,999 - DEBUG - хо╜цЭ╛цибх╝Пш╖│ш┐Зя╝Ичмм74шбМя╝Йя╝МхЕищГих┐ЕхблхнЧцо╡ч╝║хд▒
2025-05-21 18:02:14,999 - DEBUG - хо╜цЭ╛цибх╝Пш╖│ш┐Зя╝Ичмм75шбМя╝Йя╝МхЕищГих┐ЕхблхнЧцо╡ч╝║хд▒
2025-05-21 18:02:14,999 - DEBUG - хо╜цЭ╛цибх╝Пш╖│ш┐Зя╝Ичмм76шбМя╝Йя╝МхЕищГих┐ЕхблхнЧцо╡ч╝║хд▒
2025-05-21 18:02:14,999 - DEBUG - хо╜цЭ╛цибх╝Пш╖│ш┐Зя╝Ичмм77шбМя╝Йя╝МхЕищГих┐ЕхблхнЧцо╡ч╝║хд▒
2025-05-21 18:02:15,000 - DEBUG - хо╜цЭ╛цибх╝Пш╖│ш┐Зя╝Ичмм78шбМя╝Йя╝МхЕищГих┐ЕхблхнЧцо╡ч╝║хд▒
2025-05-21 18:02:15,000 - DEBUG - хо╜цЭ╛цибх╝Пш╖│ш┐Зя╝Ичмм79шбМя╝Йя╝МхЕищГих┐ЕхблхнЧцо╡ч╝║хд▒
2025-05-21 18:02:15,000 - DEBUG - хо╜цЭ╛цибх╝Пш╖│ш┐Зя╝Ичмм80шбМя╝Йя╝МхЕищГих┐ЕхблхнЧцо╡ч╝║хд▒
2025-05-21 18:02:15,000 - DEBUG - хо╜цЭ╛цибх╝Пш╖│ш┐Зя╝Ичмм81шбМя╝Йя╝МхЕищГих┐ЕхблхнЧцо╡ч╝║хд▒
2025-05-21 18:02:15,000 - DEBUG - хо╜цЭ╛цибх╝Пш╖│ш┐Зя╝Ичмм82шбМя╝Йя╝МхЕищГих┐ЕхблхнЧцо╡ч╝║хд▒
2025-05-21 18:02:15,000 - DEBUG - хо╜цЭ╛цибх╝Пш╖│ш┐Зя╝Ичмм83шбМя╝Йя╝МхЕищГих┐ЕхблхнЧцо╡ч╝║хд▒
2025-05-21 18:02:15,000 - DEBUG - хо╜цЭ╛цибх╝Пш╖│ш┐Зя╝Ичмм84шбМя╝Йя╝МхЕищГих┐ЕхблхнЧцо╡ч╝║хд▒
2025-05-21 18:02:15,001 - DEBUG - хо╜цЭ╛цибх╝Пш╖│ш┐Зя╝Ичмм85шбМя╝Йя╝МхЕищГих┐ЕхблхнЧцо╡ч╝║хд▒
2025-05-21 18:02:15,001 - DEBUG - хо╜цЭ╛цибх╝Пш╖│ш┐Зя╝Ичмм86шбМя╝Йя╝МхЕищГих┐ЕхблхнЧцо╡ч╝║хд▒
2025-05-21 18:02:15,001 - DEBUG - хо╜цЭ╛цибх╝Пш╖│ш┐Зя╝Ичмм87шбМя╝Йя╝МхЕищГих┐ЕхблхнЧцо╡ч╝║хд▒
2025-05-21 18:02:15,001 - DEBUG - хо╜цЭ╛цибх╝Пш╖│ш┐Зя╝Ичмм88шбМя╝Йя╝МхЕищГих┐ЕхблхнЧцо╡ч╝║хд▒
2025-05-21 18:02:15,001 - DEBUG - хо╜цЭ╛цибх╝Пш╖│ш┐Зя╝Ичмм89шбМя╝Йя╝МхЕищГих┐ЕхблхнЧцо╡ч╝║хд▒
2025-05-21 18:02:15,001 - DEBUG - хо╜цЭ╛цибх╝Пш╖│ш┐Зя╝Ичмм90шбМя╝Йя╝МхЕищГих┐ЕхблхнЧцо╡ч╝║хд▒
2025-05-21 18:02:15,001 - DEBUG - хо╜цЭ╛цибх╝Пш╖│ш┐Зя╝Ичмм91шбМя╝Йя╝МхЕищГих┐ЕхблхнЧцо╡ч╝║хд▒
2025-05-21 18:02:15,001 - DEBUG - хо╜цЭ╛цибх╝Пш╖│ш┐Зя╝Ичмм92шбМя╝Йя╝МхЕищГих┐ЕхблхнЧцо╡ч╝║хд▒
2025-05-21 18:02:15,001 - DEBUG - хо╜цЭ╛цибх╝Пш╖│ш┐Зя╝Ичмм93шбМя╝Йя╝МхЕищГих┐ЕхблхнЧцо╡ч╝║хд▒
2025-05-21 18:02:15,002 - DEBUG - хо╜цЭ╛цибх╝Пш╖│ш┐Зя╝Ичмм94шбМя╝Йя╝МхЕищГих┐ЕхблхнЧцо╡ч╝║хд▒
2025-05-21 18:02:15,002 - DEBUG - хо╜цЭ╛цибх╝Пш╖│ш┐Зя╝Ичмм95шбМя╝Йя╝МхЕищГих┐ЕхблхнЧцо╡ч╝║хд▒
2025-05-21 18:02:15,002 - DEBUG - хо╜цЭ╛цибх╝Пш╖│ш┐Зя╝Ичмм96шбМя╝Йя╝МхЕищГих┐ЕхблхнЧцо╡ч╝║хд▒
2025-05-21 18:02:15,002 - DEBUG - хо╜цЭ╛цибх╝Пш╖│ш┐Зя╝Ичмм97шбМя╝Йя╝МхЕищГих┐ЕхблхнЧцо╡ч╝║хд▒
2025-05-21 18:02:15,002 - DEBUG - хо╜цЭ╛цибх╝Пш╖│ш┐Зя╝Ичмм98шбМя╝Йя╝МхЕищГих┐ЕхблхнЧцо╡ч╝║хд▒
2025-05-21 18:02:15,002 - DEBUG - хо╜цЭ╛цибх╝Пш╖│ш┐Зя╝Ичмм99шбМя╝Йя╝МхЕищГих┐ЕхблхнЧцо╡ч╝║хд▒
2025-05-21 18:02:15,002 - DEBUG - хо╜цЭ╛цибх╝Пш╖│ш┐Зя╝Ичмм100шбМя╝Йя╝МхЕищГих┐ЕхблхнЧцо╡ч╝║хд▒
2025-05-21 18:02:15,002 - DEBUG - хо╜цЭ╛цибх╝Пш╖│ш┐Зя╝Ичмм101шбМя╝Йя╝МхЕищГих┐ЕхблхнЧцо╡ч╝║хд▒
2025-05-21 18:02:15,002 - DEBUG - хо╜цЭ╛цибх╝Пш╖│ш┐Зя╝Ичмм102шбМя╝Йя╝МхЕищГих┐ЕхблхнЧцо╡ч╝║хд▒
2025-05-21 18:02:15,003 - DEBUG - хо╜цЭ╛цибх╝Пш╖│ш┐Зя╝Ичмм103шбМя╝Йя╝МхЕищГих┐ЕхблхнЧцо╡ч╝║хд▒
2025-05-21 18:02:15,003 - DEBUG - хо╜цЭ╛цибх╝Пш╖│ш┐Зя╝Ичмм104шбМя╝Йя╝МхЕищГих┐ЕхблхнЧцо╡ч╝║хд▒
2025-05-21 18:02:15,003 - DEBUG - хо╜цЭ╛цибх╝Пш╖│ш┐Зя╝Ичмм105шбМя╝Йя╝МхЕищГих┐ЕхблхнЧцо╡ч╝║хд▒
2025-05-21 18:02:15,003 - DEBUG - хо╜цЭ╛цибх╝Пш╖│ш┐Зя╝Ичмм106шбМя╝Йя╝МхЕищГих┐ЕхблхнЧцо╡ч╝║хд▒
2025-05-21 18:02:15,003 - DEBUG - хо╜цЭ╛цибх╝Пш╖│ш┐Зя╝Ичмм107шбМя╝Йя╝МхЕищГих┐ЕхблхнЧцо╡ч╝║хд▒
2025-05-21 18:02:15,003 - DEBUG - хо╜цЭ╛цибх╝Пш╖│ш┐Зя╝Ичмм108шбМя╝Йя╝МхЕищГих┐ЕхблхнЧцо╡ч╝║хд▒
2025-05-21 18:02:15,003 - DEBUG - хо╜цЭ╛цибх╝Пш╖│ш┐Зя╝Ичмм109шбМя╝Йя╝МхЕищГих┐ЕхблхнЧцо╡ч╝║хд▒
2025-05-21 18:02:15,003 - DEBUG - хо╜цЭ╛цибх╝Пш╖│ш┐Зя╝Ичмм110шбМя╝Йя╝МхЕищГих┐ЕхблхнЧцо╡ч╝║хд▒
2025-05-21 18:02:15,003 - DEBUG - хо╜цЭ╛цибх╝Пш╖│ш┐Зя╝Ичмм111шбМя╝Йя╝МхЕищГих┐ЕхблхнЧцо╡ч╝║хд▒
2025-05-21 18:02:15,004 - DEBUG - хо╜цЭ╛цибх╝Пш╖│ш┐Зя╝Ичмм112шбМя╝Йя╝МхЕищГих┐ЕхблхнЧцо╡ч╝║хд▒
2025-05-21 18:02:15,004 - DEBUG - хо╜цЭ╛цибх╝Пш╖│ш┐Зя╝Ичмм113шбМя╝Йя╝МхЕищГих┐ЕхблхнЧцо╡ч╝║хд▒
2025-05-21 18:02:15,004 - DEBUG - хо╜цЭ╛цибх╝Пш╖│ш┐Зя╝Ичмм114шбМя╝Йя╝МхЕищГих┐ЕхблхнЧцо╡ч╝║хд▒
2025-05-21 18:02:15,004 - DEBUG - хо╜цЭ╛цибх╝Пш╖│ш┐Зя╝Ичмм115шбМя╝Йя╝МхЕищГих┐ЕхблхнЧцо╡ч╝║хд▒
2025-05-21 18:02:15,004 - DEBUG - хо╜цЭ╛цибх╝Пш╖│ш┐Зя╝Ичмм116шбМя╝Йя╝МхЕищГих┐ЕхблхнЧцо╡ч╝║хд▒
2025-05-21 18:02:15,004 - DEBUG - хо╜цЭ╛цибх╝Пш╖│ш┐Зя╝Ичмм117шбМя╝Йя╝МхЕищГих┐ЕхблхнЧцо╡ч╝║хд▒
2025-05-21 18:02:15,004 - DEBUG - хо╜цЭ╛цибх╝Пш╖│ш┐Зя╝Ичмм118шбМя╝Йя╝МхЕищГих┐ЕхблхнЧцо╡ч╝║хд▒
2025-05-21 18:02:15,005 - DEBUG - хо╜цЭ╛цибх╝Пш╖│ш┐Зя╝Ичмм119шбМя╝Йя╝МхЕищГих┐ЕхблхнЧцо╡ч╝║хд▒
2025-05-21 18:02:15,005 - DEBUG - хо╜цЭ╛цибх╝Пш╖│ш┐Зя╝Ичмм120шбМя╝Йя╝МхЕищГих┐ЕхблхнЧцо╡ч╝║хд▒
2025-05-21 18:02:15,005 - DEBUG - хо╜цЭ╛цибх╝Пш╖│ш┐Зя╝Ичмм121шбМя╝Йя╝МхЕищГих┐ЕхблхнЧцо╡ч╝║хд▒
2025-05-21 18:02:15,005 - DEBUG - хо╜цЭ╛цибх╝Пш╖│ш┐Зя╝Ичмм122шбМя╝Йя╝МхЕищГих┐ЕхблхнЧцо╡ч╝║хд▒
2025-05-21 18:02:15,009 - INFO - тЬЕ х╖еф╜Ьшби [Sheet1] хдДчРЖхоМцИРя╝МхЕ▒цЫ┤цЦ░ 73 шбМцХ░цНо
2025-05-21 18:02:15,010 - INFO - ЁЯФи х╝АхзЛхдДчРЖх╖еф╜Ьшби [REQUESTED]
2025-05-21 18:02:15,010 - DEBUG - ЁЯУЛ х╝АхзЛшзгцЮРцЦЗф╗╢d:\pyscript\SNT\snt\250520_PendingPoSnt.xlsx
2025-05-21 18:02:15,015 - INFO - ЁЯУе х╖▓хКаш╜╜ 27 цЭбцЬЙцХИхЯ║хЗЖцХ░цНо
2025-05-21 18:02:15,015 - INFO - ЁЯФД цнгхЬихдДчРЖ [response] цЦЗф╗╢хд╣хЖЕцХ░цНо...
2025-05-21 18:02:15,015 - DEBUG - ЁЯУЛ х╝АхзЛшзгцЮРцЦЗф╗╢d:\pyscript\SNT\res\250520_PendingPoSnt Allen Yvie.xlsx
2025-05-21 18:02:15,020 - DEBUG - хо╜цЭ╛цибх╝Пш╖│ш┐Зя╝Ичмм26шбМя╝Йя╝МхЕищГих┐ЕхблхнЧцо╡ч╝║хд▒
2025-05-21 18:02:15,020 - DEBUG - хо╜цЭ╛цибх╝Пш╖│ш┐Зя╝Ичмм27шбМя╝Йя╝МхЕищГих┐ЕхблхнЧцо╡ч╝║хд▒
2025-05-21 18:02:15,020 - DEBUG - хо╜цЭ╛цибх╝Пш╖│ш┐Зя╝Ичмм28шбМя╝Йя╝МхЕищГих┐ЕхблхнЧцо╡ч╝║хд▒
2025-05-21 18:02:15,020 - DEBUG - ЁЯУЛ х╝АхзЛшзгцЮРцЦЗф╗╢d:\pyscript\SNT\res\250520_PendingPoSnt Sadie Eric.xlsx
2025-05-21 18:02:15,023 - DEBUG - хо╜цЭ╛цибх╝Пш╖│ш┐Зя╝Ичмм2шбМя╝Йя╝МхЕищГих┐ЕхблхнЧцо╡ч╝║хд▒
2025-05-21 18:02:15,023 - DEBUG - хо╜цЭ╛цибх╝Пш╖│ш┐Зя╝Ичмм3шбМя╝Йя╝МхЕищГих┐ЕхблхнЧцо╡ч╝║хд▒
2025-05-21 18:02:15,023 - DEBUG - хо╜цЭ╛цибх╝Пш╖│ш┐Зя╝Ичмм4шбМя╝Йя╝МхЕищГих┐ЕхблхнЧцо╡ч╝║хд▒
2025-05-21 18:02:15,023 - DEBUG - хо╜цЭ╛цибх╝Пш╖│ш┐Зя╝Ичмм5шбМя╝Йя╝МхЕищГих┐ЕхблхнЧцо╡ч╝║хд▒
2025-05-21 18:02:15,024 - DEBUG - хо╜цЭ╛цибх╝Пш╖│ш┐Зя╝Ичмм6шбМя╝Йя╝МхЕищГих┐ЕхблхнЧцо╡ч╝║хд▒
2025-05-21 18:02:15,024 - DEBUG - хо╜цЭ╛цибх╝Пш╖│ш┐Зя╝Ичмм7шбМя╝Йя╝МхЕищГих┐ЕхблхнЧцо╡ч╝║хд▒
2025-05-21 18:02:15,024 - DEBUG - хо╜цЭ╛цибх╝Пш╖│ш┐Зя╝Ичмм8шбМя╝Йя╝МхЕищГих┐ЕхблхнЧцо╡ч╝║хд▒
2025-05-21 18:02:15,024 - DEBUG - хо╜цЭ╛цибх╝Пш╖│ш┐Зя╝Ичмм9шбМя╝Йя╝МхЕищГих┐ЕхблхнЧцо╡ч╝║хд▒
2025-05-21 18:02:15,024 - DEBUG - хо╜цЭ╛цибх╝Пш╖│ш┐Зя╝Ичмм10шбМя╝Йя╝МхЕищГих┐ЕхблхнЧцо╡ч╝║хд▒
2025-05-21 18:02:15,024 - DEBUG - хо╜цЭ╛цибх╝Пш╖│ш┐Зя╝Ичмм11шбМя╝Йя╝МхЕищГих┐ЕхблхнЧцо╡ч╝║хд▒
2025-05-21 18:02:15,024 - DEBUG - хо╜цЭ╛цибх╝Пш╖│ш┐Зя╝Ичмм12шбМя╝Йя╝МхЕищГих┐ЕхблхнЧцо╡ч╝║хд▒
2025-05-21 18:02:15,025 - DEBUG - хо╜цЭ╛цибх╝Пш╖│ш┐Зя╝Ичмм13шбМя╝Йя╝МхЕищГих┐ЕхблхнЧцо╡ч╝║хд▒
2025-05-21 18:02:15,025 - DEBUG - хо╜цЭ╛цибх╝Пш╖│ш┐Зя╝Ичмм14шбМя╝Йя╝МхЕищГих┐ЕхблхнЧцо╡ч╝║хд▒
2025-05-21 18:02:15,025 - DEBUG - хо╜цЭ╛цибх╝Пш╖│ш┐Зя╝Ичмм15шбМя╝Йя╝МхЕищГих┐ЕхблхнЧцо╡ч╝║хд▒
2025-05-21 18:02:15,025 - DEBUG - хо╜цЭ╛цибх╝Пш╖│ш┐Зя╝Ичмм16шбМя╝Йя╝МхЕищГих┐ЕхблхнЧцо╡ч╝║хд▒
2025-05-21 18:02:15,025 - DEBUG - хо╜цЭ╛цибх╝Пш╖│ш┐Зя╝Ичмм17шбМя╝Йя╝МхЕищГих┐ЕхблхнЧцо╡ч╝║хд▒
2025-05-21 18:02:15,025 - DEBUG - хо╜цЭ╛цибх╝Пш╖│ш┐Зя╝Ичмм18шбМя╝Йя╝МхЕищГих┐ЕхблхнЧцо╡ч╝║хд▒
2025-05-21 18:02:15,025 - DEBUG - хо╜цЭ╛цибх╝Пш╖│ш┐Зя╝Ичмм19шбМя╝Йя╝МхЕищГих┐ЕхблхнЧцо╡ч╝║хд▒
2025-05-21 18:02:15,026 - DEBUG - хо╜цЭ╛цибх╝Пш╖│ш┐Зя╝Ичмм20шбМя╝Йя╝МхЕищГих┐ЕхблхнЧцо╡ч╝║хд▒
2025-05-21 18:02:15,026 - DEBUG - хо╜цЭ╛цибх╝Пш╖│ш┐Зя╝Ичмм21шбМя╝Йя╝МхЕищГих┐ЕхблхнЧцо╡ч╝║хд▒
2025-05-21 18:02:15,026 - DEBUG - хо╜цЭ╛цибх╝Пш╖│ш┐Зя╝Ичмм22шбМя╝Йя╝МхЕищГих┐ЕхблхнЧцо╡ч╝║хд▒
2025-05-21 18:02:15,026 - DEBUG - хо╜цЭ╛цибх╝Пш╖│ш┐Зя╝Ичмм23шбМя╝Йя╝МхЕищГих┐ЕхблхнЧцо╡ч╝║хд▒
2025-05-21 18:02:15,027 - DEBUG - хо╜цЭ╛цибх╝Пш╖│ш┐Зя╝Ичмм24шбМя╝Йя╝МхЕищГих┐ЕхблхнЧцо╡ч╝║хд▒
2025-05-21 18:02:15,027 - DEBUG - хо╜цЭ╛цибх╝Пш╖│ш┐Зя╝Ичмм25шбМя╝Йя╝МхЕищГих┐ЕхблхнЧцо╡ч╝║хд▒
2025-05-21 18:02:15,027 - DEBUG - хо╜цЭ╛цибх╝Пш╖│ш┐Зя╝Ичмм26шбМя╝Йя╝МхЕищГих┐ЕхблхнЧцо╡ч╝║хд▒
2025-05-21 18:02:15,027 - DEBUG - хо╜цЭ╛цибх╝Пш╖│ш┐Зя╝Ичмм27шбМя╝Йя╝МхЕищГих┐ЕхблхнЧцо╡ч╝║хд▒
2025-05-21 18:02:15,027 - DEBUG - хо╜цЭ╛цибх╝Пш╖│ш┐Зя╝Ичмм28шбМя╝Йя╝МхЕищГих┐ЕхблхнЧцо╡ч╝║хд▒
2025-05-21 18:02:15,027 - ERROR - ЁЯЫС цЦЗф╗╢ SDMC 250520_PendingPoSnt.xlsx цЧацЬЙцХИх╖еф╜Ьшби
2025-05-21 18:02:15,029 - INFO - тЬЕ х╖еф╜Ьшби [Sheet1] хдДчРЖхоМцИРя╝МхЕ▒цЫ┤цЦ░ 24 шбМцХ░цНо
2025-05-21 18:02:15,030 - INFO - ЁЯФи х╝АхзЛхдДчРЖх╖еф╜Ьшби [BOOKED]
2025-05-21 18:02:15,030 - DEBUG - ЁЯУЛ х╝АхзЛшзгцЮРцЦЗф╗╢d:\pyscript\SNT\snt\250520_PendingPoSnt.xlsx
2025-05-21 18:02:15,040 - INFO - ЁЯУе х╖▓хКаш╜╜ 61 цЭбцЬЙцХИхЯ║хЗЖцХ░цНо
2025-05-21 18:02:15,040 - INFO - ЁЯФД цнгхЬихдДчРЖ [response] цЦЗф╗╢хд╣хЖЕцХ░цНо...
2025-05-21 18:02:15,040 - DEBUG - ЁЯУЛ х╝АхзЛшзгцЮРцЦЗф╗╢d:\pyscript\SNT\res\250520_PendingPoSnt Allen Yvie.xlsx
2025-05-21 18:02:15,043 - DEBUG - хо╜цЭ╛цибх╝Пш╖│ш┐Зя╝Ичмм6шбМя╝Йя╝МхЕищГих┐ЕхблхнЧцо╡ч╝║хд▒
2025-05-21 18:02:15,044 - DEBUG - хо╜цЭ╛цибх╝Пш╖│ш┐Зя╝Ичмм11шбМя╝Йя╝МхЕищГих┐ЕхблхнЧцо╡ч╝║хд▒
2025-05-21 18:02:15,045 - DEBUG - хо╜цЭ╛цибх╝Пш╖│ш┐Зя╝Ичмм13шбМя╝Йя╝МхЕищГих┐ЕхблхнЧцо╡ч╝║хд▒
2025-05-21 18:02:15,045 - DEBUG - хо╜цЭ╛цибх╝Пш╖│ш┐Зя╝Ичмм14шбМя╝Йя╝МхЕищГих┐ЕхблхнЧцо╡ч╝║хд▒
2025-05-21 18:02:15,048 - DEBUG - хо╜цЭ╛цибх╝Пш╖│ш┐Зя╝Ичмм34шбМя╝Йя╝МхЕищГих┐ЕхблхнЧцо╡ч╝║хд▒
2025-05-21 18:02:15,048 - DEBUG - хо╜цЭ╛цибх╝Пш╖│ш┐Зя╝Ичмм35шбМя╝Йя╝МхЕищГих┐ЕхблхнЧцо╡ч╝║хд▒
2025-05-21 18:02:15,048 - DEBUG - хо╜цЭ╛цибх╝Пш╖│ш┐Зя╝Ичмм36шбМя╝Йя╝МхЕищГих┐ЕхблхнЧцо╡ч╝║хд▒
2025-05-21 18:02:15,048 - DEBUG - хо╜цЭ╛цибх╝Пш╖│ш┐Зя╝Ичмм37шбМя╝Йя╝МхЕищГих┐ЕхблхнЧцо╡ч╝║хд▒
2025-05-21 18:02:15,048 - DEBUG - хо╜цЭ╛цибх╝Пш╖│ш┐Зя╝Ичмм38шбМя╝Йя╝МхЕищГих┐ЕхблхнЧцо╡ч╝║хд▒
2025-05-21 18:02:15,048 - DEBUG - хо╜цЭ╛цибх╝Пш╖│ш┐Зя╝Ичмм39шбМя╝Йя╝МхЕищГих┐ЕхблхнЧцо╡ч╝║хд▒
2025-05-21 18:02:15,048 - DEBUG - хо╜цЭ╛цибх╝Пш╖│ш┐Зя╝Ичмм40шбМя╝Йя╝МхЕищГих┐ЕхблхнЧцо╡ч╝║хд▒
2025-05-21 18:02:15,048 - DEBUG - хо╜цЭ╛цибх╝Пш╖│ш┐Зя╝Ичмм41шбМя╝Йя╝МхЕищГих┐ЕхблхнЧцо╡ч╝║хд▒
2025-05-21 18:02:15,049 - DEBUG - хо╜цЭ╛цибх╝Пш╖│ш┐Зя╝Ичмм45шбМя╝Йя╝МхЕищГих┐ЕхблхнЧцо╡ч╝║хд▒
2025-05-21 18:02:15,049 - DEBUG - хо╜цЭ╛цибх╝Пш╖│ш┐Зя╝Ичмм47шбМя╝Йя╝МхЕищГих┐ЕхблхнЧцо╡ч╝║хд▒
2025-05-21 18:02:15,049 - DEBUG - хо╜цЭ╛цибх╝Пш╖│ш┐Зя╝Ичмм50шбМя╝Йя╝МхЕищГих┐ЕхблхнЧцо╡ч╝║хд▒
2025-05-21 18:02:15,050 - DEBUG - хо╜цЭ╛цибх╝Пш╖│ш┐Зя╝Ичмм61шбМя╝Йя╝МхЕищГих┐ЕхблхнЧцо╡ч╝║хд▒
2025-05-21 18:02:15,050 - DEBUG - хо╜цЭ╛цибх╝Пш╖│ш┐Зя╝Ичмм62шбМя╝Йя╝МхЕищГих┐ЕхблхнЧцо╡ч╝║хд▒
2025-05-21 18:02:15,050 - DEBUG - ЁЯУЛ х╝АхзЛшзгцЮРцЦЗф╗╢d:\pyscript\SNT\res\250520_PendingPoSnt Sadie Eric.xlsx
2025-05-21 18:02:15,053 - DEBUG - хо╜цЭ╛цибх╝Пш╖│ш┐Зя╝Ичмм2шбМя╝Йя╝МхЕищГих┐ЕхблхнЧцо╡ч╝║хд▒
2025-05-21 18:02:15,053 - DEBUG - хо╜цЭ╛цибх╝Пш╖│ш┐Зя╝Ичмм3шбМя╝Йя╝МхЕищГих┐ЕхблхнЧцо╡ч╝║хд▒
2025-05-21 18:02:15,053 - DEBUG - хо╜цЭ╛цибх╝Пш╖│ш┐Зя╝Ичмм4шбМя╝Йя╝МхЕищГих┐ЕхблхнЧцо╡ч╝║хд▒
2025-05-21 18:02:15,053 - DEBUG - хо╜цЭ╛цибх╝Пш╖│ш┐Зя╝Ичмм5шбМя╝Йя╝МхЕищГих┐ЕхблхнЧцо╡ч╝║хд▒
2025-05-21 18:02:15,053 - DEBUG - хо╜цЭ╛цибх╝Пш╖│ш┐Зя╝Ичмм6шбМя╝Йя╝МхЕищГих┐ЕхблхнЧцо╡ч╝║хд▒
2025-05-21 18:02:15,053 - DEBUG - хо╜цЭ╛цибх╝Пш╖│ш┐Зя╝Ичмм7шбМя╝Йя╝МхЕищГих┐ЕхблхнЧцо╡ч╝║хд▒
2025-05-21 18:02:15,053 - DEBUG - хо╜цЭ╛цибх╝Пш╖│ш┐Зя╝Ичмм8шбМя╝Йя╝МхЕищГих┐ЕхблхнЧцо╡ч╝║хд▒
2025-05-21 18:02:15,054 - DEBUG - хо╜цЭ╛цибх╝Пш╖│ш┐Зя╝Ичмм9шбМя╝Йя╝МхЕищГих┐ЕхблхнЧцо╡ч╝║хд▒
2025-05-21 18:02:15,054 - DEBUG - хо╜цЭ╛цибх╝Пш╖│ш┐Зя╝Ичмм10шбМя╝Йя╝МхЕищГих┐ЕхблхнЧцо╡ч╝║хд▒
2025-05-21 18:02:15,054 - DEBUG - хо╜цЭ╛цибх╝Пш╖│ш┐Зя╝Ичмм11шбМя╝Йя╝МхЕищГих┐ЕхблхнЧцо╡ч╝║хд▒
2025-05-21 18:02:15,054 - DEBUG - хо╜цЭ╛цибх╝Пш╖│ш┐Зя╝Ичмм12шбМя╝Йя╝МхЕищГих┐ЕхблхнЧцо╡ч╝║хд▒
2025-05-21 18:02:15,054 - DEBUG - хо╜цЭ╛цибх╝Пш╖│ш┐Зя╝Ичмм13шбМя╝Йя╝МхЕищГих┐ЕхблхнЧцо╡ч╝║хд▒
2025-05-21 18:02:15,054 - DEBUG - хо╜цЭ╛цибх╝Пш╖│ш┐Зя╝Ичмм14шбМя╝Йя╝МхЕищГих┐ЕхблхнЧцо╡ч╝║хд▒
2025-05-21 18:02:15,054 - DEBUG - хо╜цЭ╛цибх╝Пш╖│ш┐Зя╝Ичмм15шбМя╝Йя╝МхЕищГих┐ЕхблхнЧцо╡ч╝║хд▒
2025-05-21 18:02:15,054 - DEBUG - хо╜цЭ╛цибх╝Пш╖│ш┐Зя╝Ичмм16шбМя╝Йя╝МхЕищГих┐ЕхблхнЧцо╡ч╝║хд▒
2025-05-21 18:02:15,054 - DEBUG - хо╜цЭ╛цибх╝Пш╖│ш┐Зя╝Ичмм17шбМя╝Йя╝МхЕищГих┐ЕхблхнЧцо╡ч╝║хд▒
2025-05-21 18:02:15,055 - DEBUG - хо╜цЭ╛цибх╝Пш╖│ш┐Зя╝Ичмм18шбМя╝Йя╝МхЕищГих┐ЕхблхнЧцо╡ч╝║хд▒
2025-05-21 18:02:15,055 - DEBUG - хо╜цЭ╛цибх╝Пш╖│ш┐Зя╝Ичмм19шбМя╝Йя╝МхЕищГих┐ЕхблхнЧцо╡ч╝║хд▒
2025-05-21 18:02:15,055 - DEBUG - хо╜цЭ╛цибх╝Пш╖│ш┐Зя╝Ичмм20шбМя╝Йя╝МхЕищГих┐ЕхблхнЧцо╡ч╝║хд▒
2025-05-21 18:02:15,055 - DEBUG - хо╜цЭ╛цибх╝Пш╖│ш┐Зя╝Ичмм21шбМя╝Йя╝МхЕищГих┐ЕхблхнЧцо╡ч╝║хд▒
2025-05-21 18:02:15,055 - DEBUG - хо╜цЭ╛цибх╝Пш╖│ш┐Зя╝Ичмм22шбМя╝Йя╝МхЕищГих┐ЕхблхнЧцо╡ч╝║хд▒
2025-05-21 18:02:15,055 - DEBUG - хо╜цЭ╛цибх╝Пш╖│ш┐Зя╝Ичмм23шбМя╝Йя╝МхЕищГих┐ЕхблхнЧцо╡ч╝║хд▒
2025-05-21 18:02:15,055 - DEBUG - хо╜цЭ╛цибх╝Пш╖│ш┐Зя╝Ичмм24шбМя╝Йя╝МхЕищГих┐ЕхблхнЧцо╡ч╝║хд▒
2025-05-21 18:02:15,055 - DEBUG - хо╜цЭ╛цибх╝Пш╖│ш┐Зя╝Ичмм25шбМя╝Йя╝МхЕищГих┐ЕхблхнЧцо╡ч╝║хд▒
2025-05-21 18:02:15,055 - DEBUG - хо╜цЭ╛цибх╝Пш╖│ш┐Зя╝Ичмм26шбМя╝Йя╝МхЕищГих┐ЕхблхнЧцо╡ч╝║хд▒
2025-05-21 18:02:15,055 - DEBUG - хо╜цЭ╛цибх╝Пш╖│ш┐Зя╝Ичмм27шбМя╝Йя╝МхЕищГих┐ЕхблхнЧцо╡ч╝║хд▒
2025-05-21 18:02:15,056 - DEBUG - хо╜цЭ╛цибх╝Пш╖│ш┐Зя╝Ичмм28шбМя╝Йя╝МхЕищГих┐ЕхблхнЧцо╡ч╝║хд▒
2025-05-21 18:02:15,056 - DEBUG - хо╜цЭ╛цибх╝Пш╖│ш┐Зя╝Ичмм29шбМя╝Йя╝МхЕищГих┐ЕхблхнЧцо╡ч╝║хд▒
2025-05-21 18:02:15,056 - DEBUG - хо╜цЭ╛цибх╝Пш╖│ш┐Зя╝Ичмм30шбМя╝Йя╝МхЕищГих┐ЕхблхнЧцо╡ч╝║хд▒
2025-05-21 18:02:15,057 - DEBUG - хо╜цЭ╛цибх╝Пш╖│ш┐Зя╝Ичмм31шбМя╝Йя╝МхЕищГих┐ЕхблхнЧцо╡ч╝║хд▒
2025-05-21 18:02:15,057 - DEBUG - хо╜цЭ╛цибх╝Пш╖│ш┐Зя╝Ичмм32шбМя╝Йя╝МхЕищГих┐ЕхблхнЧцо╡ч╝║хд▒
2025-05-21 18:02:15,057 - DEBUG - хо╜цЭ╛цибх╝Пш╖│ш┐Зя╝Ичмм33шбМя╝Йя╝МхЕищГих┐ЕхблхнЧцо╡ч╝║хд▒
2025-05-21 18:02:15,057 - DEBUG - хо╜цЭ╛цибх╝Пш╖│ш┐Зя╝Ичмм34шбМя╝Йя╝МхЕищГих┐ЕхблхнЧцо╡ч╝║хд▒
2025-05-21 18:02:15,057 - DEBUG - хо╜цЭ╛цибх╝Пш╖│ш┐Зя╝Ичмм35шбМя╝Йя╝МхЕищГих┐ЕхблхнЧцо╡ч╝║хд▒
2025-05-21 18:02:15,057 - DEBUG - хо╜цЭ╛цибх╝Пш╖│ш┐Зя╝Ичмм39шбМя╝Йя╝МхЕищГих┐ЕхблхнЧцо╡ч╝║хд▒
2025-05-21 18:02:15,058 - DEBUG - хо╜цЭ╛цибх╝Пш╖│ш┐Зя╝Ичмм40шбМя╝Йя╝МхЕищГих┐ЕхблхнЧцо╡ч╝║хд▒
2025-05-21 18:02:15,058 - DEBUG - хо╜цЭ╛цибх╝Пш╖│ш┐Зя╝Ичмм41шбМя╝Йя╝МхЕищГих┐ЕхблхнЧцо╡ч╝║хд▒
2025-05-21 18:02:15,058 - DEBUG - хо╜цЭ╛цибх╝Пш╖│ш┐Зя╝Ичмм42шбМя╝Йя╝МхЕищГих┐ЕхблхнЧцо╡ч╝║хд▒
2025-05-21 18:02:15,058 - DEBUG - хо╜цЭ╛цибх╝Пш╖│ш┐Зя╝Ичмм43шбМя╝Йя╝МхЕищГих┐ЕхблхнЧцо╡ч╝║хд▒
2025-05-21 18:02:15,058 - DEBUG - хо╜цЭ╛цибх╝Пш╖│ш┐Зя╝Ичмм44шбМя╝Йя╝МхЕищГих┐ЕхблхнЧцо╡ч╝║хд▒
2025-05-21 18:02:15,058 - DEBUG - хо╜цЭ╛цибх╝Пш╖│ш┐Зя╝Ичмм45шбМя╝Йя╝МхЕищГих┐ЕхблхнЧцо╡ч╝║хд▒
2025-05-21 18:02:15,058 - DEBUG - хо╜цЭ╛цибх╝Пш╖│ш┐Зя╝Ичмм46шбМя╝Йя╝МхЕищГих┐ЕхблхнЧцо╡ч╝║хд▒
2025-05-21 18:02:15,058 - DEBUG - хо╜цЭ╛цибх╝Пш╖│ш┐Зя╝Ичмм47шбМя╝Йя╝МхЕищГих┐ЕхблхнЧцо╡ч╝║хд▒
2025-05-21 18:02:15,058 - DEBUG - хо╜цЭ╛цибх╝Пш╖│ш┐Зя╝Ичмм48шбМя╝Йя╝МхЕищГих┐ЕхблхнЧцо╡ч╝║хд▒
2025-05-21 18:02:15,059 - DEBUG - хо╜цЭ╛цибх╝Пш╖│ш┐Зя╝Ичмм49шбМя╝Йя╝МхЕищГих┐ЕхблхнЧцо╡ч╝║хд▒
2025-05-21 18:02:15,059 - DEBUG - хо╜цЭ╛цибх╝Пш╖│ш┐Зя╝Ичмм50шбМя╝Йя╝МхЕищГих┐ЕхблхнЧцо╡ч╝║хд▒
2025-05-21 18:02:15,059 - DEBUG - хо╜цЭ╛цибх╝Пш╖│ш┐Зя╝Ичмм51шбМя╝Йя╝МхЕищГих┐ЕхблхнЧцо╡ч╝║хд▒
2025-05-21 18:02:15,059 - DEBUG - хо╜цЭ╛цибх╝Пш╖│ш┐Зя╝Ичмм52шбМя╝Йя╝МхЕищГих┐ЕхблхнЧцо╡ч╝║хд▒
2025-05-21 18:02:15,059 - DEBUG - хо╜цЭ╛цибх╝Пш╖│ш┐Зя╝Ичмм53шбМя╝Йя╝МхЕищГих┐ЕхблхнЧцо╡ч╝║хд▒
2025-05-21 18:02:15,060 - DEBUG - хо╜цЭ╛цибх╝Пш╖│ш┐Зя╝Ичмм54шбМя╝Йя╝МхЕищГих┐ЕхблхнЧцо╡ч╝║хд▒
2025-05-21 18:02:15,060 - DEBUG - хо╜цЭ╛цибх╝Пш╖│ш┐Зя╝Ичмм55шбМя╝Йя╝МхЕищГих┐ЕхблхнЧцо╡ч╝║хд▒
2025-05-21 18:02:15,060 - DEBUG - хо╜цЭ╛цибх╝Пш╖│ш┐Зя╝Ичмм56шбМя╝Йя╝МхЕищГих┐ЕхблхнЧцо╡ч╝║хд▒
2025-05-21 18:02:15,060 - DEBUG - хо╜цЭ╛цибх╝Пш╖│ш┐Зя╝Ичмм57шбМя╝Йя╝МхЕищГих┐ЕхблхнЧцо╡ч╝║хд▒
2025-05-21 18:02:15,061 - DEBUG - хо╜цЭ╛цибх╝Пш╖│ш┐Зя╝Ичмм58шбМя╝Йя╝МхЕищГих┐ЕхблхнЧцо╡ч╝║хд▒
2025-05-21 18:02:15,061 - DEBUG - хо╜цЭ╛цибх╝Пш╖│ш┐Зя╝Ичмм59шбМя╝Йя╝МхЕищГих┐ЕхблхнЧцо╡ч╝║хд▒
2025-05-21 18:02:15,061 - DEBUG - хо╜цЭ╛цибх╝Пш╖│ш┐Зя╝Ичмм60шбМя╝Йя╝МхЕищГих┐ЕхблхнЧцо╡ч╝║хд▒
2025-05-21 18:02:15,061 - DEBUG - хо╜цЭ╛цибх╝Пш╖│ш┐Зя╝Ичмм61шбМя╝Йя╝МхЕищГих┐ЕхблхнЧцо╡ч╝║хд▒
2025-05-21 18:02:15,061 - DEBUG - хо╜цЭ╛цибх╝Пш╖│ш┐Зя╝Ичмм62шбМя╝Йя╝МхЕищГих┐ЕхблхнЧцо╡ч╝║хд▒
2025-05-21 18:02:15,062 - DEBUG - ЁЯУЛ х╝АхзЛшзгцЮРцЦЗф╗╢d:\pyscript\SNT\res\SDMC 250520_PendingPoSnt.xlsx
2025-05-21 18:02:15,065 - DEBUG - хо╜цЭ╛цибх╝Пш╖│ш┐Зя╝Ичмм2шбМя╝Йя╝МхЕищГих┐ЕхблхнЧцо╡ч╝║хд▒
2025-05-21 18:02:15,065 - DEBUG - хо╜цЭ╛цибх╝Пш╖│ш┐Зя╝Ичмм3шбМя╝Йя╝МхЕищГих┐ЕхблхнЧцо╡ч╝║хд▒
2025-05-21 18:02:15,065 - DEBUG - хо╜цЭ╛цибх╝Пш╖│ш┐Зя╝Ичмм4шбМя╝Йя╝МхЕищГих┐ЕхблхнЧцо╡ч╝║хд▒
2025-05-21 18:02:15,065 - DEBUG - хо╜цЭ╛цибх╝Пш╖│ш┐Зя╝Ичмм5шбМя╝Йя╝МхЕищГих┐ЕхблхнЧцо╡ч╝║хд▒
2025-05-21 18:02:15,065 - DEBUG - хо╜цЭ╛цибх╝Пш╖│ш┐Зя╝Ичмм6шбМя╝Йя╝МхЕищГих┐ЕхблхнЧцо╡ч╝║хд▒
2025-05-21 18:02:15,066 - DEBUG - хо╜цЭ╛цибх╝Пш╖│ш┐Зя╝Ичмм7шбМя╝Йя╝МхЕищГих┐ЕхблхнЧцо╡ч╝║хд▒
2025-05-21 18:02:15,066 - DEBUG - хо╜цЭ╛цибх╝Пш╖│ш┐Зя╝Ичмм8шбМя╝Йя╝МхЕищГих┐ЕхблхнЧцо╡ч╝║хд▒
2025-05-21 18:02:15,066 - DEBUG - хо╜цЭ╛цибх╝Пш╖│ш┐Зя╝Ичмм9шбМя╝Йя╝МхЕищГих┐ЕхблхнЧцо╡ч╝║хд▒
2025-05-21 18:02:15,066 - DEBUG - хо╜цЭ╛цибх╝Пш╖│ш┐Зя╝Ичмм10шбМя╝Йя╝МхЕищГих┐ЕхблхнЧцо╡ч╝║хд▒
2025-05-21 18:02:15,066 - DEBUG - хо╜цЭ╛цибх╝Пш╖│ш┐Зя╝Ичмм11шбМя╝Йя╝МхЕищГих┐ЕхблхнЧцо╡ч╝║хд▒
2025-05-21 18:02:15,066 - DEBUG - хо╜цЭ╛цибх╝Пш╖│ш┐Зя╝Ичмм12шбМя╝Йя╝МхЕищГих┐ЕхблхнЧцо╡ч╝║хд▒
2025-05-21 18:02:15,066 - DEBUG - хо╜цЭ╛цибх╝Пш╖│ш┐Зя╝Ичмм13шбМя╝Йя╝МхЕищГих┐ЕхблхнЧцо╡ч╝║хд▒
2025-05-21 18:02:15,066 - DEBUG - хо╜цЭ╛цибх╝Пш╖│ш┐Зя╝Ичмм14шбМя╝Йя╝МхЕищГих┐ЕхблхнЧцо╡ч╝║хд▒
2025-05-21 18:02:15,066 - DEBUG - хо╜цЭ╛цибх╝Пш╖│ш┐Зя╝Ичмм15шбМя╝Йя╝МхЕищГих┐ЕхблхнЧцо╡ч╝║хд▒
2025-05-21 18:02:15,067 - DEBUG - хо╜цЭ╛цибх╝Пш╖│ш┐Зя╝Ичмм16шбМя╝Йя╝МхЕищГих┐ЕхблхнЧцо╡ч╝║хд▒
2025-05-21 18:02:15,067 - DEBUG - хо╜цЭ╛цибх╝Пш╖│ш┐Зя╝Ичмм17шбМя╝Йя╝МхЕищГих┐ЕхблхнЧцо╡ч╝║хд▒
2025-05-21 18:02:15,067 - DEBUG - хо╜цЭ╛цибх╝Пш╖│ш┐Зя╝Ичмм18шбМя╝Йя╝МхЕищГих┐ЕхблхнЧцо╡ч╝║хд▒
2025-05-21 18:02:15,067 - DEBUG - хо╜цЭ╛цибх╝Пш╖│ш┐Зя╝Ичмм19шбМя╝Йя╝МхЕищГих┐ЕхблхнЧцо╡ч╝║хд▒
2025-05-21 18:02:15,067 - DEBUG - хо╜цЭ╛цибх╝Пш╖│ш┐Зя╝Ичмм20шбМя╝Йя╝МхЕищГих┐ЕхблхнЧцо╡ч╝║хд▒
2025-05-21 18:02:15,067 - DEBUG - хо╜цЭ╛цибх╝Пш╖│ш┐Зя╝Ичмм21шбМя╝Йя╝МхЕищГих┐ЕхблхнЧцо╡ч╝║хд▒
2025-05-21 18:02:15,067 - DEBUG - хо╜цЭ╛цибх╝Пш╖│ш┐Зя╝Ичмм22шбМя╝Йя╝МхЕищГих┐ЕхблхнЧцо╡ч╝║хд▒
2025-05-21 18:02:15,067 - DEBUG - хо╜цЭ╛цибх╝Пш╖│ш┐Зя╝Ичмм23шбМя╝Йя╝МхЕищГих┐ЕхблхнЧцо╡ч╝║хд▒
2025-05-21 18:02:15,067 - DEBUG - хо╜цЭ╛цибх╝Пш╖│ш┐Зя╝Ичмм24шбМя╝Йя╝МхЕищГих┐ЕхблхнЧцо╡ч╝║хд▒
2025-05-21 18:02:15,067 - DEBUG - хо╜цЭ╛цибх╝Пш╖│ш┐Зя╝Ичмм25шбМя╝Йя╝МхЕищГих┐ЕхблхнЧцо╡ч╝║хд▒
2025-05-21 18:02:15,068 - DEBUG - хо╜цЭ╛цибх╝Пш╖│ш┐Зя╝Ичмм26шбМя╝Йя╝МхЕищГих┐ЕхблхнЧцо╡ч╝║хд▒
2025-05-21 18:02:15,068 - DEBUG - хо╜цЭ╛цибх╝Пш╖│ш┐Зя╝Ичмм27шбМя╝Йя╝МхЕищГих┐ЕхблхнЧцо╡ч╝║хд▒
2025-05-21 18:02:15,068 - DEBUG - хо╜цЭ╛цибх╝Пш╖│ш┐Зя╝Ичмм28шбМя╝Йя╝МхЕищГих┐ЕхблхнЧцо╡ч╝║хд▒
2025-05-21 18:02:15,068 - DEBUG - хо╜цЭ╛цибх╝Пш╖│ш┐Зя╝Ичмм29шбМя╝Йя╝МхЕищГих┐ЕхблхнЧцо╡ч╝║хд▒
2025-05-21 18:02:15,068 - DEBUG - хо╜цЭ╛цибх╝Пш╖│ш┐Зя╝Ичмм30шбМя╝Йя╝МхЕищГих┐ЕхблхнЧцо╡ч╝║хд▒
2025-05-21 18:02:15,068 - DEBUG - хо╜цЭ╛цибх╝Пш╖│ш┐Зя╝Ичмм31шбМя╝Йя╝МхЕищГих┐ЕхблхнЧцо╡ч╝║хд▒
2025-05-21 18:02:15,068 - DEBUG - хо╜цЭ╛цибх╝Пш╖│ш┐Зя╝Ичмм32шбМя╝Йя╝МхЕищГих┐ЕхблхнЧцо╡ч╝║хд▒
2025-05-21 18:02:15,068 - DEBUG - хо╜цЭ╛цибх╝Пш╖│ш┐Зя╝Ичмм33шбМя╝Йя╝МхЕищГих┐ЕхблхнЧцо╡ч╝║хд▒
2025-05-21 18:02:15,069 - DEBUG - хо╜цЭ╛цибх╝Пш╖│ш┐Зя╝Ичмм34шбМя╝Йя╝МхЕищГих┐ЕхблхнЧцо╡ч╝║хд▒
2025-05-21 18:02:15,069 - DEBUG - хо╜цЭ╛цибх╝Пш╖│ш┐Зя╝Ичмм35шбМя╝Йя╝МхЕищГих┐ЕхблхнЧцо╡ч╝║хд▒
2025-05-21 18:02:15,069 - DEBUG - хо╜цЭ╛цибх╝Пш╖│ш┐Зя╝Ичмм36шбМя╝Йя╝МхЕищГих┐ЕхблхнЧцо╡ч╝║хд▒
2025-05-21 18:02:15,069 - DEBUG - хо╜цЭ╛цибх╝Пш╖│ш┐Зя╝Ичмм37шбМя╝Йя╝МхЕищГих┐ЕхблхнЧцо╡ч╝║хд▒
2025-05-21 18:02:15,070 - DEBUG - хо╜цЭ╛цибх╝Пш╖│ш┐Зя╝Ичмм38шбМя╝Йя╝МхЕищГих┐ЕхблхнЧцо╡ч╝║хд▒
2025-05-21 18:02:15,070 - DEBUG - хо╜цЭ╛цибх╝Пш╖│ш┐Зя╝Ичмм39шбМя╝Йя╝МхЕищГих┐ЕхблхнЧцо╡ч╝║хд▒
2025-05-21 18:02:15,070 - DEBUG - хо╜цЭ╛цибх╝Пш╖│ш┐Зя╝Ичмм40шбМя╝Йя╝МхЕищГих┐ЕхблхнЧцо╡ч╝║хд▒
2025-05-21 18:02:15,070 - DEBUG - хо╜цЭ╛цибх╝Пш╖│ш┐Зя╝Ичмм41шбМя╝Йя╝МхЕищГих┐ЕхблхнЧцо╡ч╝║хд▒
2025-05-21 18:02:15,070 - DEBUG - хо╜цЭ╛цибх╝Пш╖│ш┐Зя╝Ичмм42шбМя╝Йя╝МхЕищГих┐ЕхблхнЧцо╡ч╝║хд▒
2025-05-21 18:02:15,070 - DEBUG - хо╜цЭ╛цибх╝Пш╖│ш┐Зя╝Ичмм43шбМя╝Йя╝МхЕищГих┐ЕхблхнЧцо╡ч╝║хд▒
2025-05-21 18:02:15,070 - DEBUG - хо╜цЭ╛цибх╝Пш╖│ш┐Зя╝Ичмм44шбМя╝Йя╝МхЕищГих┐ЕхблхнЧцо╡ч╝║хд▒
2025-05-21 18:02:15,070 - DEBUG - хо╜цЭ╛цибх╝Пш╖│ш┐Зя╝Ичмм45шбМя╝Йя╝МхЕищГих┐ЕхблхнЧцо╡ч╝║хд▒
2025-05-21 18:02:15,070 - DEBUG - хо╜цЭ╛цибх╝Пш╖│ш┐Зя╝Ичмм46шбМя╝Йя╝МхЕищГих┐ЕхблхнЧцо╡ч╝║хд▒
2025-05-21 18:02:15,071 - DEBUG - хо╜цЭ╛цибх╝Пш╖│ш┐Зя╝Ичмм47шбМя╝Йя╝МхЕищГих┐ЕхблхнЧцо╡ч╝║хд▒
2025-05-21 18:02:15,071 - DEBUG - хо╜цЭ╛цибх╝Пш╖│ш┐Зя╝Ичмм48шбМя╝Йя╝МхЕищГих┐ЕхблхнЧцо╡ч╝║хд▒
2025-05-21 18:02:15,071 - DEBUG - хо╜цЭ╛цибх╝Пш╖│ш┐Зя╝Ичмм49шбМя╝Йя╝МхЕищГих┐ЕхблхнЧцо╡ч╝║хд▒
2025-05-21 18:02:15,071 - DEBUG - хо╜цЭ╛цибх╝Пш╖│ш┐Зя╝Ичмм50шбМя╝Йя╝МхЕищГих┐ЕхблхнЧцо╡ч╝║хд▒
2025-05-21 18:02:15,071 - DEBUG - хо╜цЭ╛цибх╝Пш╖│ш┐Зя╝Ичмм51шбМя╝Йя╝МхЕищГих┐ЕхблхнЧцо╡ч╝║хд▒
2025-05-21 18:02:15,071 - DEBUG - хо╜цЭ╛цибх╝Пш╖│ш┐Зя╝Ичмм52шбМя╝Йя╝МхЕищГих┐ЕхблхнЧцо╡ч╝║хд▒
2025-05-21 18:02:15,071 - DEBUG - хо╜цЭ╛цибх╝Пш╖│ш┐Зя╝Ичмм53шбМя╝Йя╝МхЕищГих┐ЕхблхнЧцо╡ч╝║хд▒
2025-05-21 18:02:15,071 - DEBUG - хо╜цЭ╛цибх╝Пш╖│ш┐Зя╝Ичмм54шбМя╝Йя╝МхЕищГих┐ЕхблхнЧцо╡ч╝║хд▒
2025-05-21 18:02:15,071 - DEBUG - хо╜цЭ╛цибх╝Пш╖│ш┐Зя╝Ичмм55шбМя╝Йя╝МхЕищГих┐ЕхблхнЧцо╡ч╝║хд▒
2025-05-21 18:02:15,071 - DEBUG - хо╜цЭ╛цибх╝Пш╖│ш┐Зя╝Ичмм56шбМя╝Йя╝МхЕищГих┐ЕхблхнЧцо╡ч╝║хд▒
2025-05-21 18:02:15,072 - DEBUG - хо╜цЭ╛цибх╝Пш╖│ш┐Зя╝Ичмм57шбМя╝Йя╝МхЕищГих┐ЕхблхнЧцо╡ч╝║хд▒
2025-05-21 18:02:15,072 - DEBUG - хо╜цЭ╛цибх╝Пш╖│ш┐Зя╝Ичмм58шбМя╝Йя╝МхЕищГих┐ЕхблхнЧцо╡ч╝║хд▒
2025-05-21 18:02:15,072 - DEBUG - хо╜цЭ╛цибх╝Пш╖│ш┐Зя╝Ичмм59шбМя╝Йя╝МхЕищГих┐ЕхблхнЧцо╡ч╝║хд▒
2025-05-21 18:02:15,072 - DEBUG - хо╜цЭ╛цибх╝Пш╖│ш┐Зя╝Ичмм60шбМя╝Йя╝МхЕищГих┐ЕхблхнЧцо╡ч╝║хд▒
2025-05-21 18:02:15,072 - DEBUG - хо╜цЭ╛цибх╝Пш╖│ш┐Зя╝Ичмм61шбМя╝Йя╝МхЕищГих┐ЕхблхнЧцо╡ч╝║хд▒
2025-05-21 18:02:15,072 - DEBUG - хо╜цЭ╛цибх╝Пш╖│ш┐Зя╝Ичмм62шбМя╝Йя╝МхЕищГих┐ЕхблхнЧцо╡ч╝║хд▒
2025-05-21 18:02:15,075 - INFO - тЬЕ х╖еф╜Ьшби [Sheet1] хдДчРЖхоМцИРя╝МхЕ▒цЫ┤цЦ░ 47 шбМцХ░цНо
2025-05-21 18:02:15,185 - INFO - ЁЯТ╛ ч╗УцЮЬцЦЗф╗╢ф┐ЭхнШцИРхКЯ: d:\pyscript\SNT\target\output_20250521_180214.xlsx
2025-05-21 18:02:15,186 - INFO - ЁЯОЙ шЗкхКихМЦхдДчРЖхоМцИРя╝Б
